[1.898s] Invoking command in '/home/loye/Desktop/Projects/ROS-100-Days-Coding-Challenge/Week 3/05. Single Node Topic/ros2_ws/src/pkg_py': PYTHONPATH=/home/loye/Desktop/Projects/ROS-100-Days-Coding-Challenge/Week 3/05. Single Node Topic/ros2_ws/install/pkg_py/lib/python3.8/site-packages:${PYTHONPATH} /usr/bin/python3 setup.py egg_info --egg-base ../../build/pkg_py build --build-base /home/loye/Desktop/Projects/ROS-100-Days-Coding-Challenge/Week 3/05. Single Node Topic/ros2_ws/build/pkg_py/build install --prefix /home/loye/Desktop/Projects/ROS-100-Days-Coding-Challenge/Week 3/05. Single Node Topic/ros2_ws/install/pkg_py --record /home/loye/Desktop/Projects/ROS-100-Days-Coding-Challenge/Week 3/05. Single Node Topic/ros2_ws/build/pkg_py/install.log --single-version-externally-managed
[2.404s] running egg_info
[2.406s] writing ../../build/pkg_py/pkg_py.egg-info/PKG-INFO
[2.407s] writing dependency_links to ../../build/pkg_py/pkg_py.egg-info/dependency_links.txt
[2.408s] writing entry points to ../../build/pkg_py/pkg_py.egg-info/entry_points.txt
[2.408s] writing requirements to ../../build/pkg_py/pkg_py.egg-info/requires.txt
[2.409s] writing top-level names to ../../build/pkg_py/pkg_py.egg-info/top_level.txt
[2.522s] reading manifest file '../../build/pkg_py/pkg_py.egg-info/SOURCES.txt'
[2.526s] writing manifest file '../../build/pkg_py/pkg_py.egg-info/SOURCES.txt'
[2.526s] running build
[2.527s] running build_py
[2.528s] running install
[2.530s] running install_lib
[2.534s] running install_data
[2.534s] running install_egg_info
[2.538s] removing '/home/loye/Desktop/Projects/ROS-100-Days-Coding-Challenge/Week 3/05. Single Node Topic/ros2_ws/install/pkg_py/lib/python3.8/site-packages/pkg_py-0.0.0-py3.8.egg-info' (and everything under it)
[2.540s] Copying ../../build/pkg_py/pkg_py.egg-info to /home/loye/Desktop/Projects/ROS-100-Days-Coding-Challenge/Week 3/05. Single Node Topic/ros2_ws/install/pkg_py/lib/python3.8/site-packages/pkg_py-0.0.0-py3.8.egg-info
[2.547s] running install_scripts
[2.586s] Installing talker script to /home/loye/Desktop/Projects/ROS-100-Days-Coding-Challenge/Week 3/05. Single Node Topic/ros2_ws/install/pkg_py/lib/pkg_py
[2.587s] writing list of installed files to '/home/loye/Desktop/Projects/ROS-100-Days-Coding-Challenge/Week 3/05. Single Node Topic/ros2_ws/build/pkg_py/install.log'
[2.644s] Invoked command in '/home/loye/Desktop/Projects/ROS-100-Days-Coding-Challenge/Week 3/05. Single Node Topic/ros2_ws/src/pkg_py' returned '0': PYTHONPATH=/home/loye/Desktop/Projects/ROS-100-Days-Coding-Challenge/Week 3/05. Single Node Topic/ros2_ws/install/pkg_py/lib/python3.8/site-packages:${PYTHONPATH} /usr/bin/python3 setup.py egg_info --egg-base ../../build/pkg_py build --build-base /home/loye/Desktop/Projects/ROS-100-Days-Coding-Challenge/Week 3/05. Single Node Topic/ros2_ws/build/pkg_py/build install --prefix /home/loye/Desktop/Projects/ROS-100-Days-Coding-Challenge/Week 3/05. Single Node Topic/ros2_ws/install/pkg_py --record /home/loye/Desktop/Projects/ROS-100-Days-Coding-Challenge/Week 3/05. Single Node Topic/ros2_ws/build/pkg_py/install.log --single-version-externally-managed
