[0.396s] DEBUG:colcon:Command line arguments: ['/usr/bin/colcon', 'build', '--packages-select', 'pkg_cpp_py']
[0.396s] DEBUG:colcon:Parsed command line arguments: Namespace(allow_overriding=[], ament_cmake_args=None, base_paths=['.'], build_base='build', catkin_cmake_args=None, catkin_skip_building_tests=False, cmake_args=None, cmake_clean_cache=False, cmake_clean_first=False, cmake_force_configure=False, cmake_target=None, cmake_target_skip_unavailable=False, continue_on_error=False, event_handlers=None, executor='parallel', ignore_user_meta=False, install_base='install', log_base=None, log_level=None, main=<bound method BuildVerb.main of <colcon_core.verb.build.BuildVerb object at 0x7f30a435a7f0>>, merge_install=False, metas=['./colcon.meta'], packages_above=None, packages_above_and_dependencies=None, packages_above_depth=None, packages_end=None, packages_ignore=None, packages_ignore_regex=None, packages_select=['pkg_cpp_py'], packages_select_build_failed=False, packages_select_by_dep=None, packages_select_regex=None, packages_select_test_failures=False, packages_skip=None, packages_skip_build_finished=False, packages_skip_by_dep=None, packages_skip_regex=None, packages_skip_test_passed=False, packages_skip_up_to=None, packages_start=None, packages_up_to=None, packages_up_to_regex=None, parallel_workers=4, paths=None, symlink_install=False, test_result_base=None, verb_extension=<colcon_core.verb.build.BuildVerb object at 0x7f30a435a7f0>, verb_name='build', verb_parser=<colcon_defaults.argument_parser.defaults.DefaultArgumentsDecorator object at 0x7f30a435ad60>)
[0.458s] Level 1:colcon.colcon_core.package_discovery:discover_packages(colcon_meta) check parameters
[0.458s] Level 1:colcon.colcon_core.package_discovery:discover_packages(recursive) check parameters
[0.458s] Level 1:colcon.colcon_core.package_discovery:discover_packages(ignore) check parameters
[0.458s] Level 1:colcon.colcon_core.package_discovery:discover_packages(path) check parameters
[0.458s] Level 1:colcon.colcon_core.package_discovery:discover_packages(colcon_meta) discover
[0.459s] Level 1:colcon.colcon_core.package_discovery:discover_packages(recursive) discover
[0.459s] INFO:colcon.colcon_core.package_discovery:Crawling recursively for packages in '/home/loye/Desktop/Projects/ROS-100-Days-Coding-Challenge/Week 5/3. Custom Interface/ros2_ws'
[0.459s] Level 1:colcon.colcon_core.package_identification:_identify(.) by extensions ['ignore', 'ignore_ament_install']
[0.459s] Level 1:colcon.colcon_core.package_identification:_identify(.) by extension 'ignore'
[0.459s] Level 1:colcon.colcon_core.package_identification:_identify(.) by extension 'ignore_ament_install'
[0.460s] Level 1:colcon.colcon_core.package_identification:_identify(.) by extensions ['colcon_pkg']
[0.460s] Level 1:colcon.colcon_core.package_identification:_identify(.) by extension 'colcon_pkg'
[0.460s] Level 1:colcon.colcon_core.package_identification:_identify(.) by extensions ['colcon_meta']
[0.460s] Level 1:colcon.colcon_core.package_identification:_identify(.) by extension 'colcon_meta'
[0.460s] Level 1:colcon.colcon_core.package_identification:_identify(.) by extensions ['ros']
[0.460s] Level 1:colcon.colcon_core.package_identification:_identify(.) by extension 'ros'
[0.491s] Level 1:colcon.colcon_core.package_identification:_identify(.) by extensions ['cmake', 'python']
[0.491s] Level 1:colcon.colcon_core.package_identification:_identify(.) by extension 'cmake'
[0.492s] Level 1:colcon.colcon_core.package_identification:_identify(.) by extension 'python'
[0.492s] Level 1:colcon.colcon_core.package_identification:_identify(.) by extensions ['python_setup_py']
[0.492s] Level 1:colcon.colcon_core.package_identification:_identify(.) by extension 'python_setup_py'
[0.492s] Level 1:colcon.colcon_core.package_identification:_identify(build) by extensions ['ignore', 'ignore_ament_install']
[0.492s] Level 1:colcon.colcon_core.package_identification:_identify(build) by extension 'ignore'
[0.492s] Level 1:colcon.colcon_core.package_identification:_identify(build) ignored
[0.493s] Level 1:colcon.colcon_core.package_identification:_identify(install) by extensions ['ignore', 'ignore_ament_install']
[0.493s] Level 1:colcon.colcon_core.package_identification:_identify(install) by extension 'ignore'
[0.493s] Level 1:colcon.colcon_core.package_identification:_identify(install) ignored
[0.494s] Level 1:colcon.colcon_core.package_identification:_identify(log) by extensions ['ignore', 'ignore_ament_install']
[0.494s] Level 1:colcon.colcon_core.package_identification:_identify(log) by extension 'ignore'
[0.494s] Level 1:colcon.colcon_core.package_identification:_identify(log) ignored
[0.494s] Level 1:colcon.colcon_core.package_identification:_identify(src) by extensions ['ignore', 'ignore_ament_install']
[0.494s] Level 1:colcon.colcon_core.package_identification:_identify(src) by extension 'ignore'
[0.495s] Level 1:colcon.colcon_core.package_identification:_identify(src) by extension 'ignore_ament_install'
[0.495s] Level 1:colcon.colcon_core.package_identification:_identify(src) by extensions ['colcon_pkg']
[0.495s] Level 1:colcon.colcon_core.package_identification:_identify(src) by extension 'colcon_pkg'
[0.495s] Level 1:colcon.colcon_core.package_identification:_identify(src) by extensions ['colcon_meta']
[0.495s] Level 1:colcon.colcon_core.package_identification:_identify(src) by extension 'colcon_meta'
[0.495s] Level 1:colcon.colcon_core.package_identification:_identify(src) by extensions ['ros']
[0.495s] Level 1:colcon.colcon_core.package_identification:_identify(src) by extension 'ros'
[0.495s] Level 1:colcon.colcon_core.package_identification:_identify(src) by extensions ['cmake', 'python']
[0.496s] Level 1:colcon.colcon_core.package_identification:_identify(src) by extension 'cmake'
[0.496s] Level 1:colcon.colcon_core.package_identification:_identify(src) by extension 'python'
[0.496s] Level 1:colcon.colcon_core.package_identification:_identify(src) by extensions ['python_setup_py']
[0.496s] Level 1:colcon.colcon_core.package_identification:_identify(src) by extension 'python_setup_py'
[0.496s] Level 1:colcon.colcon_core.package_identification:_identify(src/custom_interfaces) by extensions ['ignore', 'ignore_ament_install']
[0.496s] Level 1:colcon.colcon_core.package_identification:_identify(src/custom_interfaces) by extension 'ignore'
[0.497s] Level 1:colcon.colcon_core.package_identification:_identify(src/custom_interfaces) by extension 'ignore_ament_install'
[0.497s] Level 1:colcon.colcon_core.package_identification:_identify(src/custom_interfaces) by extensions ['colcon_pkg']
[0.497s] Level 1:colcon.colcon_core.package_identification:_identify(src/custom_interfaces) by extension 'colcon_pkg'
[0.497s] Level 1:colcon.colcon_core.package_identification:_identify(src/custom_interfaces) by extensions ['colcon_meta']
[0.497s] Level 1:colcon.colcon_core.package_identification:_identify(src/custom_interfaces) by extension 'colcon_meta'
[0.497s] Level 1:colcon.colcon_core.package_identification:_identify(src/custom_interfaces) by extensions ['ros']
[0.497s] Level 1:colcon.colcon_core.package_identification:_identify(src/custom_interfaces) by extension 'ros'
[0.502s] DEBUG:colcon.colcon_core.package_identification:Package 'src/custom_interfaces' with type 'ros.ament_cmake' and name 'custom_interfaces'
[0.502s] Level 1:colcon.colcon_core.package_identification:_identify(src/pkg_cpp_py) by extensions ['ignore', 'ignore_ament_install']
[0.503s] Level 1:colcon.colcon_core.package_identification:_identify(src/pkg_cpp_py) by extension 'ignore'
[0.503s] Level 1:colcon.colcon_core.package_identification:_identify(src/pkg_cpp_py) by extension 'ignore_ament_install'
[0.503s] Level 1:colcon.colcon_core.package_identification:_identify(src/pkg_cpp_py) by extensions ['colcon_pkg']
[0.503s] Level 1:colcon.colcon_core.package_identification:_identify(src/pkg_cpp_py) by extension 'colcon_pkg'
[0.503s] Level 1:colcon.colcon_core.package_identification:_identify(src/pkg_cpp_py) by extensions ['colcon_meta']
[0.503s] Level 1:colcon.colcon_core.package_identification:_identify(src/pkg_cpp_py) by extension 'colcon_meta'
[0.503s] Level 1:colcon.colcon_core.package_identification:_identify(src/pkg_cpp_py) by extensions ['ros']
[0.504s] Level 1:colcon.colcon_core.package_identification:_identify(src/pkg_cpp_py) by extension 'ros'
[0.505s] DEBUG:colcon.colcon_core.package_identification:Package 'src/pkg_cpp_py' with type 'ros.ament_cmake' and name 'pkg_cpp_py'
[0.505s] Level 1:colcon.colcon_core.package_identification:_identify(src/pkg_py) by extensions ['ignore', 'ignore_ament_install']
[0.506s] Level 1:colcon.colcon_core.package_identification:_identify(src/pkg_py) by extension 'ignore'
[0.506s] Level 1:colcon.colcon_core.package_identification:_identify(src/pkg_py) by extension 'ignore_ament_install'
[0.506s] Level 1:colcon.colcon_core.package_identification:_identify(src/pkg_py) by extensions ['colcon_pkg']
[0.506s] Level 1:colcon.colcon_core.package_identification:_identify(src/pkg_py) by extension 'colcon_pkg'
[0.506s] Level 1:colcon.colcon_core.package_identification:_identify(src/pkg_py) by extensions ['colcon_meta']
[0.506s] Level 1:colcon.colcon_core.package_identification:_identify(src/pkg_py) by extension 'colcon_meta'
[0.506s] Level 1:colcon.colcon_core.package_identification:_identify(src/pkg_py) by extensions ['ros']
[0.506s] Level 1:colcon.colcon_core.package_identification:_identify(src/pkg_py) by extension 'ros'
[0.508s] DEBUG:colcon.colcon_core.package_identification:Package 'src/pkg_py' with type 'ros.ament_python' and name 'pkg_py'
[0.508s] Level 1:colcon.colcon_core.package_discovery:discover_packages(recursive) using defaults
[0.508s] Level 1:colcon.colcon_core.package_discovery:discover_packages(ignore) discover
[0.508s] Level 1:colcon.colcon_core.package_discovery:discover_packages(ignore) using defaults
[0.509s] Level 1:colcon.colcon_core.package_discovery:discover_packages(path) discover
[0.509s] Level 1:colcon.colcon_core.package_discovery:discover_packages(path) using defaults
[0.581s] INFO:colcon.colcon_core.package_selection:Skipping not selected package 'custom_interfaces' in 'src/custom_interfaces'
[0.582s] INFO:colcon.colcon_core.package_selection:Skipping not selected package 'pkg_py' in 'src/pkg_py'
[0.584s] Level 1:colcon.colcon_core.package_discovery:discover_packages(prefix_path) check parameters
[0.584s] Level 1:colcon.colcon_core.package_discovery:discover_packages(prefix_path) discover
[0.592s] DEBUG:colcon.colcon_installed_package_information.package_discovery:Found 263 installed packages in /opt/ros/foxy
[0.598s] Level 1:colcon.colcon_core.package_discovery:discover_packages(prefix_path) using defaults
[0.782s] Level 5:colcon.colcon_core.verb:set package 'pkg_cpp_py' build argument 'cmake_args' from command line to 'None'
[0.783s] Level 5:colcon.colcon_core.verb:set package 'pkg_cpp_py' build argument 'cmake_target' from command line to 'None'
[0.783s] Level 5:colcon.colcon_core.verb:set package 'pkg_cpp_py' build argument 'cmake_target_skip_unavailable' from command line to 'False'
[0.783s] Level 5:colcon.colcon_core.verb:set package 'pkg_cpp_py' build argument 'cmake_clean_cache' from command line to 'False'
[0.783s] Level 5:colcon.colcon_core.verb:set package 'pkg_cpp_py' build argument 'cmake_clean_first' from command line to 'False'
[0.783s] Level 5:colcon.colcon_core.verb:set package 'pkg_cpp_py' build argument 'cmake_force_configure' from command line to 'False'
[0.783s] Level 5:colcon.colcon_core.verb:set package 'pkg_cpp_py' build argument 'ament_cmake_args' from command line to 'None'
[0.783s] Level 5:colcon.colcon_core.verb:set package 'pkg_cpp_py' build argument 'catkin_cmake_args' from command line to 'None'
[0.783s] Level 5:colcon.colcon_core.verb:set package 'pkg_cpp_py' build argument 'catkin_skip_building_tests' from command line to 'False'
[0.783s] DEBUG:colcon.colcon_core.verb:Building package 'pkg_cpp_py' with the following arguments: {'ament_cmake_args': None, 'build_base': '/home/loye/Desktop/Projects/ROS-100-Days-Coding-Challenge/Week 5/3. Custom Interface/ros2_ws/build/pkg_cpp_py', 'catkin_cmake_args': None, 'catkin_skip_building_tests': False, 'cmake_args': None, 'cmake_clean_cache': False, 'cmake_clean_first': False, 'cmake_force_configure': False, 'cmake_target': None, 'cmake_target_skip_unavailable': False, 'install_base': '/home/loye/Desktop/Projects/ROS-100-Days-Coding-Challenge/Week 5/3. Custom Interface/ros2_ws/install/pkg_cpp_py', 'merge_install': False, 'path': '/home/loye/Desktop/Projects/ROS-100-Days-Coding-Challenge/Week 5/3. Custom Interface/ros2_ws/src/pkg_cpp_py', 'symlink_install': False, 'test_result_base': None}
[0.785s] INFO:colcon.colcon_core.executor:Executing jobs using 'parallel' executor
[0.796s] DEBUG:colcon.colcon_parallel_executor.executor.parallel:run_until_complete
[0.797s] INFO:colcon.colcon_ros.task.ament_cmake.build:Building ROS package in '/home/loye/Desktop/Projects/ROS-100-Days-Coding-Challenge/Week 5/3. Custom Interface/ros2_ws/src/pkg_cpp_py' with build type 'ament_cmake'
[0.797s] INFO:colcon.colcon_cmake.task.cmake.build:Building CMake package in '/home/loye/Desktop/Projects/ROS-100-Days-Coding-Challenge/Week 5/3. Custom Interface/ros2_ws/src/pkg_cpp_py'
[0.807s] INFO:colcon.colcon_core.plugin_system:Skipping extension 'colcon_core.shell.bat': Not used on non-Windows systems
[0.807s] INFO:colcon.colcon_core.shell:Skip shell extension 'powershell' for command environment: Not usable outside of PowerShell
[0.807s] DEBUG:colcon.colcon_core.shell:Skip shell extension 'dsv' for command environment
[0.845s] DEBUG:colcon.colcon_core.event_handler.log_command:Invoking command in '/home/loye/Desktop/Projects/ROS-100-Days-Coding-Challenge/Week 5/3. Custom Interface/ros2_ws/build/pkg_cpp_py': AMENT_PREFIX_PATH=/home/loye/Desktop/Projects/ROS-100-Days-Coding-Challenge/Week 5/3. Custom Interface/ros2_ws/install/custom_interfaces:${AMENT_PREFIX_PATH} CMAKE_PREFIX_PATH=/home/loye/Desktop/Projects/ROS-100-Days-Coding-Challenge/Week 5/3. Custom Interface/ros2_ws/install/custom_interfaces:/opt/ros/foxy LD_LIBRARY_PATH=/home/loye/Desktop/Projects/ROS-100-Days-Coding-Challenge/Week 5/3. Custom Interface/ros2_ws/install/custom_interfaces/lib:${LD_LIBRARY_PATH} PYTHONPATH=/home/loye/Desktop/Projects/ROS-100-Days-Coding-Challenge/Week 5/3. Custom Interface/ros2_ws/install/custom_interfaces/lib/python3.8/site-packages:${PYTHONPATH} /usr/bin/cmake --build /home/loye/Desktop/Projects/ROS-100-Days-Coding-Challenge/Week 5/3. Custom Interface/ros2_ws/build/pkg_cpp_py -- -j4 -l4
[8.196s] DEBUG:colcon.colcon_core.event_handler.log_command:Invoked command in '/home/loye/Desktop/Projects/ROS-100-Days-Coding-Challenge/Week 5/3. Custom Interface/ros2_ws/build/pkg_cpp_py' returned '2': AMENT_PREFIX_PATH=/home/loye/Desktop/Projects/ROS-100-Days-Coding-Challenge/Week 5/3. Custom Interface/ros2_ws/install/custom_interfaces:${AMENT_PREFIX_PATH} CMAKE_PREFIX_PATH=/home/loye/Desktop/Projects/ROS-100-Days-Coding-Challenge/Week 5/3. Custom Interface/ros2_ws/install/custom_interfaces:/opt/ros/foxy LD_LIBRARY_PATH=/home/loye/Desktop/Projects/ROS-100-Days-Coding-Challenge/Week 5/3. Custom Interface/ros2_ws/install/custom_interfaces/lib:${LD_LIBRARY_PATH} PYTHONPATH=/home/loye/Desktop/Projects/ROS-100-Days-Coding-Challenge/Week 5/3. Custom Interface/ros2_ws/install/custom_interfaces/lib/python3.8/site-packages:${PYTHONPATH} /usr/bin/cmake --build /home/loye/Desktop/Projects/ROS-100-Days-Coding-Challenge/Week 5/3. Custom Interface/ros2_ws/build/pkg_cpp_py -- -j4 -l4
[8.258s] Level 1:colcon.colcon_core.environment:create_environment_scripts_only(pkg_cpp_py)
[8.271s] Level 1:colcon.colcon_core.environment:checking '/home/loye/Desktop/Projects/ROS-100-Days-Coding-Challenge/Week 5/3. Custom Interface/ros2_ws/install/pkg_cpp_py' for CMake module files
[8.272s] Level 1:colcon.colcon_core.environment:checking '/home/loye/Desktop/Projects/ROS-100-Days-Coding-Challenge/Week 5/3. Custom Interface/ros2_ws/install/pkg_cpp_py' for CMake config files
[8.273s] Level 1:colcon.colcon_core.shell:create_environment_hook('pkg_cpp_py', 'cmake_prefix_path')
[8.277s] INFO:colcon.colcon_core.shell:Creating environment hook '/home/loye/Desktop/Projects/ROS-100-Days-Coding-Challenge/Week 5/3. Custom Interface/ros2_ws/install/pkg_cpp_py/share/pkg_cpp_py/hook/cmake_prefix_path.ps1'
[8.279s] INFO:colcon.colcon_core.shell:Creating environment descriptor '/home/loye/Desktop/Projects/ROS-100-Days-Coding-Challenge/Week 5/3. Custom Interface/ros2_ws/install/pkg_cpp_py/share/pkg_cpp_py/hook/cmake_prefix_path.dsv'
[8.280s] INFO:colcon.colcon_core.shell:Creating environment hook '/home/loye/Desktop/Projects/ROS-100-Days-Coding-Challenge/Week 5/3. Custom Interface/ros2_ws/install/pkg_cpp_py/share/pkg_cpp_py/hook/cmake_prefix_path.sh'
[8.283s] Level 1:colcon.colcon_core.environment:checking '/home/loye/Desktop/Projects/ROS-100-Days-Coding-Challenge/Week 5/3. Custom Interface/ros2_ws/install/pkg_cpp_py/lib'
[8.283s] Level 1:colcon.colcon_core.environment:checking '/home/loye/Desktop/Projects/ROS-100-Days-Coding-Challenge/Week 5/3. Custom Interface/ros2_ws/install/pkg_cpp_py/bin'
[8.283s] Level 1:colcon.colcon_core.environment:checking '/home/loye/Desktop/Projects/ROS-100-Days-Coding-Challenge/Week 5/3. Custom Interface/ros2_ws/install/pkg_cpp_py/lib/pkgconfig/pkg_cpp_py.pc'
[8.284s] Level 1:colcon.colcon_core.environment:checking '/home/loye/Desktop/Projects/ROS-100-Days-Coding-Challenge/Week 5/3. Custom Interface/ros2_ws/install/pkg_cpp_py/lib/python3.8/site-packages'
[8.284s] Level 1:colcon.colcon_core.environment:checking '/home/loye/Desktop/Projects/ROS-100-Days-Coding-Challenge/Week 5/3. Custom Interface/ros2_ws/install/pkg_cpp_py/bin'
[8.288s] INFO:colcon.colcon_core.shell:Creating package script '/home/loye/Desktop/Projects/ROS-100-Days-Coding-Challenge/Week 5/3. Custom Interface/ros2_ws/install/pkg_cpp_py/share/pkg_cpp_py/package.ps1'
[8.290s] INFO:colcon.colcon_core.shell:Creating package descriptor '/home/loye/Desktop/Projects/ROS-100-Days-Coding-Challenge/Week 5/3. Custom Interface/ros2_ws/install/pkg_cpp_py/share/pkg_cpp_py/package.dsv'
[8.291s] INFO:colcon.colcon_core.shell:Creating package script '/home/loye/Desktop/Projects/ROS-100-Days-Coding-Challenge/Week 5/3. Custom Interface/ros2_ws/install/pkg_cpp_py/share/pkg_cpp_py/package.sh'
[8.293s] INFO:colcon.colcon_core.shell:Creating package script '/home/loye/Desktop/Projects/ROS-100-Days-Coding-Challenge/Week 5/3. Custom Interface/ros2_ws/install/pkg_cpp_py/share/pkg_cpp_py/package.bash'
[8.296s] INFO:colcon.colcon_core.shell:Creating package script '/home/loye/Desktop/Projects/ROS-100-Days-Coding-Challenge/Week 5/3. Custom Interface/ros2_ws/install/pkg_cpp_py/share/pkg_cpp_py/package.zsh'
[8.298s] Level 1:colcon.colcon_core.environment:create_file_with_runtime_dependencies(/home/loye/Desktop/Projects/ROS-100-Days-Coding-Challenge/Week 5/3. Custom Interface/ros2_ws/install/pkg_cpp_py/share/colcon-core/packages/pkg_cpp_py)
[8.299s] DEBUG:colcon.colcon_parallel_executor.executor.parallel:closing loop
[8.299s] DEBUG:colcon.colcon_parallel_executor.executor.parallel:loop closed
[8.299s] DEBUG:colcon.colcon_parallel_executor.executor.parallel:run_until_complete finished with '2'
[8.300s] DEBUG:colcon.colcon_core.event_reactor:joining thread
[8.315s] INFO:colcon.colcon_core.plugin_system:Skipping extension 'colcon_notification.desktop_notification.terminal_notifier': Not used on non-Darwin systems
[8.316s] INFO:colcon.colcon_core.plugin_system:Skipping extension 'colcon_notification.desktop_notification.win32': Not used on non-Windows systems
[8.316s] INFO:colcon.colcon_notification.desktop_notification:Sending desktop notification using 'notify2'
[8.359s] DEBUG:colcon.colcon_core.event_reactor:joined thread
[8.364s] INFO:colcon.colcon_core.shell:Creating prefix script '/home/loye/Desktop/Projects/ROS-100-Days-Coding-Challenge/Week 5/3. Custom Interface/ros2_ws/install/local_setup.ps1'
[8.366s] INFO:colcon.colcon_core.shell:Creating prefix util module '/home/loye/Desktop/Projects/ROS-100-Days-Coding-Challenge/Week 5/3. Custom Interface/ros2_ws/install/_local_setup_util_ps1.py'
[8.370s] INFO:colcon.colcon_core.shell:Creating prefix chain script '/home/loye/Desktop/Projects/ROS-100-Days-Coding-Challenge/Week 5/3. Custom Interface/ros2_ws/install/setup.ps1'
[8.373s] INFO:colcon.colcon_core.shell:Creating prefix script '/home/loye/Desktop/Projects/ROS-100-Days-Coding-Challenge/Week 5/3. Custom Interface/ros2_ws/install/local_setup.sh'
[8.374s] INFO:colcon.colcon_core.shell:Creating prefix util module '/home/loye/Desktop/Projects/ROS-100-Days-Coding-Challenge/Week 5/3. Custom Interface/ros2_ws/install/_local_setup_util_sh.py'
[8.375s] INFO:colcon.colcon_core.shell:Creating prefix chain script '/home/loye/Desktop/Projects/ROS-100-Days-Coding-Challenge/Week 5/3. Custom Interface/ros2_ws/install/setup.sh'
[8.379s] INFO:colcon.colcon_core.shell:Creating prefix script '/home/loye/Desktop/Projects/ROS-100-Days-Coding-Challenge/Week 5/3. Custom Interface/ros2_ws/install/local_setup.bash'
[8.381s] INFO:colcon.colcon_core.shell:Creating prefix chain script '/home/loye/Desktop/Projects/ROS-100-Days-Coding-Challenge/Week 5/3. Custom Interface/ros2_ws/install/setup.bash'
[8.384s] INFO:colcon.colcon_core.shell:Creating prefix script '/home/loye/Desktop/Projects/ROS-100-Days-Coding-Challenge/Week 5/3. Custom Interface/ros2_ws/install/local_setup.zsh'
[8.385s] INFO:colcon.colcon_core.shell:Creating prefix chain script '/home/loye/Desktop/Projects/ROS-100-Days-Coding-Challenge/Week 5/3. Custom Interface/ros2_ws/install/setup.zsh'
