[0.040s] Invoking command in '/home/loye/Desktop/Projects/ROS-100-Days-Coding-Challenge/Week 5/4. LED indicator/ros2_ws/build/battery_interface': CMAKE_PREFIX_PATH=/opt/ros/foxy /usr/bin/cmake /home/loye/Desktop/Projects/ROS-100-Days-Coding-Challenge/Week 5/4. LED indicator/ros2_ws/src/battery_interface -DCMAKE_INSTALL_PREFIX=/home/loye/Desktop/Projects/ROS-100-Days-Coding-Challenge/Week 5/4. LED indicator/ros2_ws/install/battery_interface
[0.205s] -- The C compiler identification is GNU 10.3.0
[0.398s] -- The CXX compiler identification is GNU 10.3.0
[0.416s] -- Check for working C compiler: /usr/bin/cc
[0.647s] -- Check for working C compiler: /usr/bin/cc -- works
[0.651s] -- Detecting C compiler ABI info
[0.839s] -- Detecting C compiler ABI info - done
[0.893s] -- Detecting C compile features
[0.894s] -- Detecting C compile features - done
[0.903s] -- Check for working CXX compiler: /usr/bin/c++
[1.129s] -- Check for working CXX compiler: /usr/bin/c++ -- works
[1.132s] -- Detecting CXX compiler ABI info
[1.391s] -- Detecting CXX compiler ABI info - done
[1.452s] -- Detecting CXX compile features
[1.454s] -- Detecting CXX compile features - done
[1.461s] -- Found ament_cmake: 0.9.9 (/opt/ros/foxy/share/ament_cmake/cmake)
[1.518s] -- Found PythonInterp: /usr/bin/python3 (found suitable version "3.8.10", minimum required is "3") 
[1.519s] -- Using PYTHON_EXECUTABLE: /usr/bin/python3
[2.018s] -- Found rosidl_default_generators: 1.0.1 (/opt/ros/foxy/share/rosidl_default_generators/cmake)
[2.027s] -- Using all available rosidl_typesupport_c: rosidl_typesupport_fastrtps_c;rosidl_typesupport_introspection_c
[2.062s] -- Found rosidl_adapter: 1.2.1 (/opt/ros/foxy/share/rosidl_adapter/cmake)
[2.351s] -- Found OpenSSL: /usr/lib/x86_64-linux-gnu/libcrypto.so (found version "1.1.1f")  
[2.455s] -- Found FastRTPS: /opt/ros/foxy/include  
[2.736s] -- Using all available rosidl_typesupport_cpp: rosidl_typesupport_fastrtps_cpp;rosidl_typesupport_introspection_cpp
[2.905s] -- Found PythonInterp: /usr/bin/python3 (found version "3.8.10") 
[3.253s] -- Found ament_cmake_ros: 0.9.2 (/opt/ros/foxy/share/ament_cmake_ros/cmake)
[3.594s] -- Using all available rosidl_typesupport_c: rosidl_typesupport_fastrtps_c;rosidl_typesupport_introspection_c
[3.624s] -- Using all available rosidl_typesupport_cpp: rosidl_typesupport_fastrtps_cpp;rosidl_typesupport_introspection_cpp
[3.694s] -- Found PythonInterp: /usr/bin/python3 (found suitable version "3.8.10", minimum required is "3.5") 
[3.697s] -- Found python_cmake_module: 0.8.1 (/opt/ros/foxy/share/python_cmake_module/cmake)
[3.785s] -- Found PythonLibs: /usr/lib/x86_64-linux-gnu/libpython3.8.so (found suitable version "3.8.10", minimum required is "3.5") 
[3.786s] -- Using PYTHON_EXECUTABLE: /usr/bin/python3
[3.786s] -- Using PYTHON_INCLUDE_DIRS: /usr/include/python3.8
[3.786s] -- Using PYTHON_LIBRARIES: /usr/lib/x86_64-linux-gnu/libpython3.8.so
[3.838s] -- Found PythonExtra: .so  
[3.989s] -- Configuring done
[4.122s] -- Generating done
[4.137s] -- Build files have been written to: /home/loye/Desktop/Projects/ROS-100-Days-Coding-Challenge/Week 5/4. LED indicator/ros2_ws/build/battery_interface
[4.158s] Invoked command in '/home/loye/Desktop/Projects/ROS-100-Days-Coding-Challenge/Week 5/4. LED indicator/ros2_ws/build/battery_interface' returned '0': CMAKE_PREFIX_PATH=/opt/ros/foxy /usr/bin/cmake /home/loye/Desktop/Projects/ROS-100-Days-Coding-Challenge/Week 5/4. LED indicator/ros2_ws/src/battery_interface -DCMAKE_INSTALL_PREFIX=/home/loye/Desktop/Projects/ROS-100-Days-Coding-Challenge/Week 5/4. LED indicator/ros2_ws/install/battery_interface
[4.165s] Invoking command in '/home/loye/Desktop/Projects/ROS-100-Days-Coding-Challenge/Week 5/4. LED indicator/ros2_ws/build/battery_interface': CMAKE_PREFIX_PATH=/opt/ros/foxy /usr/bin/cmake --build /home/loye/Desktop/Projects/ROS-100-Days-Coding-Challenge/Week 5/4. LED indicator/ros2_ws/build/battery_interface -- -j4 -l4
[4.293s] [35m[1mScanning dependencies of target battery_interface__cpp[0m
[4.293s] [  2%] [34m[1mGenerating C code for ROS interfaces[0m
[4.315s] [  5%] [34m[1mGenerating C++ code for ROS interfaces[0m
[5.396s] [  5%] Built target battery_interface__cpp
[5.437s] [  7%] [34m[1mGenerating C++ introspection for ROS interfaces[0m
[5.466s] [ 10%] [34m[1mGenerating C++ type support for eProsima Fast-RTPS[0m
[5.482s] [35m[1mScanning dependencies of target battery_interface__rosidl_generator_c[0m
[5.496s] [ 12%] [34m[1mGenerating C++ type support dispatch for ROS interfaces[0m
[5.529s] [ 15%] [32mBuilding C object CMakeFiles/battery_interface__rosidl_generator_c.dir/rosidl_generator_c/battery_interface/msg/detail/battery_state__functions.c.o[0m
[5.680s] [ 17%] [32mBuilding C object CMakeFiles/battery_interface__rosidl_generator_c.dir/rosidl_generator_c/battery_interface/srv/detail/set_led__functions.c.o[0m
[5.804s] [ 20%] [32m[1mLinking C shared library libbattery_interface__rosidl_generator_c.so[0m
[5.904s] [ 20%] Built target battery_interface__rosidl_generator_c
[5.930s] [ 23%] [34m[1mGenerating C introspection for ROS interfaces[0m
[6.437s] [35m[1mScanning dependencies of target battery_interface__rosidl_typesupport_cpp[0m
[6.471s] [35m[1mScanning dependencies of target battery_interface__rosidl_typesupport_introspection_cpp[0m
[6.475s] [ 25%] [32mBuilding CXX object CMakeFiles/battery_interface__rosidl_typesupport_cpp.dir/rosidl_typesupport_cpp/battery_interface/msg/battery_state__type_support.cpp.o[0m
[6.516s] [ 28%] [32mBuilding CXX object CMakeFiles/battery_interface__rosidl_typesupport_introspection_cpp.dir/rosidl_typesupport_introspection_cpp/battery_interface/msg/detail/battery_state__type_support.cpp.o[0m
[6.539s] [35m[1mScanning dependencies of target battery_interface__rosidl_typesupport_fastrtps_cpp[0m
[6.601s] [ 30%] [32mBuilding CXX object CMakeFiles/battery_interface__rosidl_typesupport_fastrtps_cpp.dir/rosidl_typesupport_fastrtps_cpp/battery_interface/msg/detail/dds_fastrtps/battery_state__type_support.cpp.o[0m
[7.117s] [35m[1mScanning dependencies of target battery_interface__rosidl_typesupport_introspection_c[0m
[7.229s] [ 33%] [32mBuilding C object CMakeFiles/battery_interface__rosidl_typesupport_introspection_c.dir/rosidl_typesupport_introspection_c/battery_interface/msg/detail/battery_state__type_support.c.o[0m
[7.441s] [ 35%] [32mBuilding C object CMakeFiles/battery_interface__rosidl_typesupport_introspection_c.dir/rosidl_typesupport_introspection_c/battery_interface/srv/detail/set_led__type_support.c.o[0m
[7.481s] [ 38%] [32mBuilding CXX object CMakeFiles/battery_interface__rosidl_typesupport_cpp.dir/rosidl_typesupport_cpp/battery_interface/srv/set_led__type_support.cpp.o[0m
[7.513s] [ 41%] [32mBuilding CXX object CMakeFiles/battery_interface__rosidl_typesupport_introspection_cpp.dir/rosidl_typesupport_introspection_cpp/battery_interface/srv/detail/set_led__type_support.cpp.o[0m
[7.648s] [ 43%] [32m[1mLinking C shared library libbattery_interface__rosidl_typesupport_introspection_c.so[0m
[7.866s] [ 43%] Built target battery_interface__rosidl_typesupport_introspection_c
[7.926s] [ 46%] [34m[1mGenerating C type support dispatch for ROS interfaces[0m
[8.175s] [ 48%] [32mBuilding CXX object CMakeFiles/battery_interface__rosidl_typesupport_fastrtps_cpp.dir/rosidl_typesupport_fastrtps_cpp/battery_interface/srv/detail/dds_fastrtps/set_led__type_support.cpp.o[0m
[8.446s] [ 51%] [32m[1mLinking CXX shared library libbattery_interface__rosidl_typesupport_cpp.so[0m
[8.685s] [ 53%] [32m[1mLinking CXX shared library libbattery_interface__rosidl_typesupport_introspection_cpp.so[0m
[8.685s] [ 53%] Built target battery_interface__rosidl_typesupport_cpp
[8.904s] [ 53%] Built target battery_interface__rosidl_typesupport_introspection_cpp
[9.016s] [35m[1mScanning dependencies of target battery_interface__rosidl_typesupport_c[0m
[9.058s] [ 56%] [32mBuilding CXX object CMakeFiles/battery_interface__rosidl_typesupport_c.dir/rosidl_typesupport_c/battery_interface/msg/battery_state__type_support.cpp.o[0m
[9.059s] [ 58%] [32mBuilding CXX object CMakeFiles/battery_interface__rosidl_typesupport_c.dir/rosidl_typesupport_c/battery_interface/srv/set_led__type_support.cpp.o[0m
[9.153s] [ 61%] [32m[1mLinking CXX shared library libbattery_interface__rosidl_typesupport_c.so[0m
[9.277s] [ 61%] Built target battery_interface__rosidl_typesupport_c
[9.445s] [ 64%] [32m[1mLinking CXX shared library libbattery_interface__rosidl_typesupport_fastrtps_cpp.so[0m
[9.702s] [ 64%] Built target battery_interface__rosidl_typesupport_fastrtps_cpp
[9.729s] [ 66%] [34m[1mGenerating C type support for eProsima Fast-RTPS[0m
[10.647s] [35m[1mScanning dependencies of target battery_interface__rosidl_typesupport_fastrtps_c[0m
[10.700s] [ 71%] [32mBuilding CXX object CMakeFiles/battery_interface__rosidl_typesupport_fastrtps_c.dir/rosidl_typesupport_fastrtps_c/battery_interface/srv/detail/set_led__type_support_c.cpp.o[0m
[10.701s] [ 71%] [32mBuilding CXX object CMakeFiles/battery_interface__rosidl_typesupport_fastrtps_c.dir/rosidl_typesupport_fastrtps_c/battery_interface/msg/detail/battery_state__type_support_c.cpp.o[0m
[11.548s] [ 74%] [32m[1mLinking CXX shared library libbattery_interface__rosidl_typesupport_fastrtps_c.so[0m
[11.798s] [ 74%] Built target battery_interface__rosidl_typesupport_fastrtps_c
[11.824s] [35m[1mScanning dependencies of target battery_interface[0m
[11.854s] [ 74%] Built target battery_interface
[11.880s] [35m[1mScanning dependencies of target battery_interface__py[0m
[11.908s] [ 76%] [34m[1mGenerating Python code for ROS interfaces[0m
[13.724s] [ 76%] Built target battery_interface__py
[13.751s] [35m[1mScanning dependencies of target battery_interface__python[0m
[13.834s] [ 79%] [32mBuilding C object CMakeFiles/battery_interface__python.dir/rosidl_generator_py/battery_interface/srv/_set_led_s.c.o[0m
[13.847s] [ 82%] [32mBuilding C object CMakeFiles/battery_interface__python.dir/rosidl_generator_py/battery_interface/msg/_battery_state_s.c.o[0m
[14.130s] [ 84%] [32m[1mLinking C shared library rosidl_generator_py/battery_interface/libbattery_interface__python.so[0m
[14.247s] [ 84%] Built target battery_interface__python
[14.271s] [35m[1mScanning dependencies of target battery_interface__rosidl_typesupport_c__pyext[0m
[14.271s] [35m[1mScanning dependencies of target battery_interface__rosidl_typesupport_fastrtps_c__pyext[0m
[14.278s] [35m[1mScanning dependencies of target battery_interface__rosidl_typesupport_introspection_c__pyext[0m
[14.347s] [ 87%] [32mBuilding C object CMakeFiles/battery_interface__rosidl_typesupport_fastrtps_c__pyext.dir/rosidl_generator_py/battery_interface/_battery_interface_s.ep.rosidl_typesupport_fastrtps_c.c.o[0m
[14.349s] [ 89%] [32mBuilding C object CMakeFiles/battery_interface__rosidl_typesupport_introspection_c__pyext.dir/rosidl_generator_py/battery_interface/_battery_interface_s.ep.rosidl_typesupport_introspection_c.c.o[0m
[14.358s] [ 92%] [32mBuilding C object CMakeFiles/battery_interface__rosidl_typesupport_c__pyext.dir/rosidl_generator_py/battery_interface/_battery_interface_s.ep.rosidl_typesupport_c.c.o[0m
[14.598s] [ 94%] [32m[1mLinking CXX shared library rosidl_generator_py/battery_interface/battery_interface_s__rosidl_typesupport_fastrtps_c.cpython-38-x86_64-linux-gnu.so[0m
[14.610s] [ 97%] [32m[1mLinking C shared library rosidl_generator_py/battery_interface/battery_interface_s__rosidl_typesupport_c.cpython-38-x86_64-linux-gnu.so[0m
[14.633s] [100%] [32m[1mLinking C shared library rosidl_generator_py/battery_interface/battery_interface_s__rosidl_typesupport_introspection_c.cpython-38-x86_64-linux-gnu.so[0m
[14.732s] [100%] Built target battery_interface__rosidl_typesupport_c__pyext
[14.744s] [100%] Built target battery_interface__rosidl_typesupport_introspection_c__pyext
[14.807s] [100%] Built target battery_interface__rosidl_typesupport_fastrtps_c__pyext
[14.840s] Invoked command in '/home/loye/Desktop/Projects/ROS-100-Days-Coding-Challenge/Week 5/4. LED indicator/ros2_ws/build/battery_interface' returned '0': CMAKE_PREFIX_PATH=/opt/ros/foxy /usr/bin/cmake --build /home/loye/Desktop/Projects/ROS-100-Days-Coding-Challenge/Week 5/4. LED indicator/ros2_ws/build/battery_interface -- -j4 -l4
[15.034s] Invoking command in '/home/loye/Desktop/Projects/ROS-100-Days-Coding-Challenge/Week 5/4. LED indicator/ros2_ws/build/battery_interface': CMAKE_PREFIX_PATH=/opt/ros/foxy /usr/bin/cmake --install /home/loye/Desktop/Projects/ROS-100-Days-Coding-Challenge/Week 5/4. LED indicator/ros2_ws/build/battery_interface
[15.061s] -- Install configuration: ""
[15.061s] -- Installing: /home/loye/Desktop/Projects/ROS-100-Days-Coding-Challenge/Week 5/4. LED indicator/ros2_ws/install/battery_interface/share/ament_index/resource_index/rosidl_interfaces/battery_interface
[15.062s] -- Installing: /home/loye/Desktop/Projects/ROS-100-Days-Coding-Challenge/Week 5/4. LED indicator/ros2_ws/install/battery_interface/include/battery_interface
[15.062s] -- Installing: /home/loye/Desktop/Projects/ROS-100-Days-Coding-Challenge/Week 5/4. LED indicator/ros2_ws/install/battery_interface/include/battery_interface/srv
[15.062s] -- Installing: /home/loye/Desktop/Projects/ROS-100-Days-Coding-Challenge/Week 5/4. LED indicator/ros2_ws/install/battery_interface/include/battery_interface/srv/detail
[15.062s] -- Installing: /home/loye/Desktop/Projects/ROS-100-Days-Coding-Challenge/Week 5/4. LED indicator/ros2_ws/install/battery_interface/include/battery_interface/srv/detail/set_led__type_support.h
[15.063s] -- Installing: /home/loye/Desktop/Projects/ROS-100-Days-Coding-Challenge/Week 5/4. LED indicator/ros2_ws/install/battery_interface/include/battery_interface/srv/detail/set_led__functions.h
[15.063s] -- Installing: /home/loye/Desktop/Projects/ROS-100-Days-Coding-Challenge/Week 5/4. LED indicator/ros2_ws/install/battery_interface/include/battery_interface/srv/detail/set_led__functions.c
[15.064s] -- Installing: /home/loye/Desktop/Projects/ROS-100-Days-Coding-Challenge/Week 5/4. LED indicator/ros2_ws/install/battery_interface/include/battery_interface/srv/detail/set_led__struct.h
[15.065s] -- Installing: /home/loye/Desktop/Projects/ROS-100-Days-Coding-Challenge/Week 5/4. LED indicator/ros2_ws/install/battery_interface/include/battery_interface/srv/set_led.h
[15.065s] -- Installing: /home/loye/Desktop/Projects/ROS-100-Days-Coding-Challenge/Week 5/4. LED indicator/ros2_ws/install/battery_interface/include/battery_interface/msg
[15.066s] -- Installing: /home/loye/Desktop/Projects/ROS-100-Days-Coding-Challenge/Week 5/4. LED indicator/ros2_ws/install/battery_interface/include/battery_interface/msg/rosidl_generator_c__visibility_control.h
[15.067s] -- Installing: /home/loye/Desktop/Projects/ROS-100-Days-Coding-Challenge/Week 5/4. LED indicator/ros2_ws/install/battery_interface/include/battery_interface/msg/battery_state.h
[15.068s] -- Installing: /home/loye/Desktop/Projects/ROS-100-Days-Coding-Challenge/Week 5/4. LED indicator/ros2_ws/install/battery_interface/include/battery_interface/msg/detail
[15.068s] -- Installing: /home/loye/Desktop/Projects/ROS-100-Days-Coding-Challenge/Week 5/4. LED indicator/ros2_ws/install/battery_interface/include/battery_interface/msg/detail/battery_state__type_support.h
[15.069s] -- Installing: /home/loye/Desktop/Projects/ROS-100-Days-Coding-Challenge/Week 5/4. LED indicator/ros2_ws/install/battery_interface/include/battery_interface/msg/detail/battery_state__functions.c
[15.070s] -- Installing: /home/loye/Desktop/Projects/ROS-100-Days-Coding-Challenge/Week 5/4. LED indicator/ros2_ws/install/battery_interface/include/battery_interface/msg/detail/battery_state__struct.h
[15.071s] -- Installing: /home/loye/Desktop/Projects/ROS-100-Days-Coding-Challenge/Week 5/4. LED indicator/ros2_ws/install/battery_interface/include/battery_interface/msg/detail/battery_state__functions.h
[15.072s] -- Installing: /home/loye/Desktop/Projects/ROS-100-Days-Coding-Challenge/Week 5/4. LED indicator/ros2_ws/install/battery_interface/share/battery_interface/environment/library_path.sh
[15.072s] -- Installing: /home/loye/Desktop/Projects/ROS-100-Days-Coding-Challenge/Week 5/4. LED indicator/ros2_ws/install/battery_interface/share/battery_interface/environment/library_path.dsv
[15.073s] -- Installing: /home/loye/Desktop/Projects/ROS-100-Days-Coding-Challenge/Week 5/4. LED indicator/ros2_ws/install/battery_interface/lib/libbattery_interface__rosidl_generator_c.so
[15.074s] -- Set runtime path of "/home/loye/Desktop/Projects/ROS-100-Days-Coding-Challenge/Week 5/4. LED indicator/ros2_ws/install/battery_interface/lib/libbattery_interface__rosidl_generator_c.so" to ""
[15.074s] -- Up-to-date: /home/loye/Desktop/Projects/ROS-100-Days-Coding-Challenge/Week 5/4. LED indicator/ros2_ws/install/battery_interface/include/battery_interface
[15.074s] -- Up-to-date: /home/loye/Desktop/Projects/ROS-100-Days-Coding-Challenge/Week 5/4. LED indicator/ros2_ws/install/battery_interface/include/battery_interface/srv
[15.075s] -- Up-to-date: /home/loye/Desktop/Projects/ROS-100-Days-Coding-Challenge/Week 5/4. LED indicator/ros2_ws/install/battery_interface/include/battery_interface/srv/detail
[15.075s] -- Installing: /home/loye/Desktop/Projects/ROS-100-Days-Coding-Challenge/Week 5/4. LED indicator/ros2_ws/install/battery_interface/include/battery_interface/srv/detail/set_led__rosidl_typesupport_fastrtps_c.h
[15.076s] -- Up-to-date: /home/loye/Desktop/Projects/ROS-100-Days-Coding-Challenge/Week 5/4. LED indicator/ros2_ws/install/battery_interface/include/battery_interface/msg
[15.076s] -- Up-to-date: /home/loye/Desktop/Projects/ROS-100-Days-Coding-Challenge/Week 5/4. LED indicator/ros2_ws/install/battery_interface/include/battery_interface/msg/detail
[15.076s] -- Installing: /home/loye/Desktop/Projects/ROS-100-Days-Coding-Challenge/Week 5/4. LED indicator/ros2_ws/install/battery_interface/include/battery_interface/msg/detail/battery_state__rosidl_typesupport_fastrtps_c.h
[15.077s] -- Installing: /home/loye/Desktop/Projects/ROS-100-Days-Coding-Challenge/Week 5/4. LED indicator/ros2_ws/install/battery_interface/include/battery_interface/msg/rosidl_typesupport_fastrtps_c__visibility_control.h
[15.078s] -- Installing: /home/loye/Desktop/Projects/ROS-100-Days-Coding-Challenge/Week 5/4. LED indicator/ros2_ws/install/battery_interface/lib/libbattery_interface__rosidl_typesupport_fastrtps_c.so
[15.080s] -- Set runtime path of "/home/loye/Desktop/Projects/ROS-100-Days-Coding-Challenge/Week 5/4. LED indicator/ros2_ws/install/battery_interface/lib/libbattery_interface__rosidl_typesupport_fastrtps_c.so" to ""
[15.081s] -- Up-to-date: /home/loye/Desktop/Projects/ROS-100-Days-Coding-Challenge/Week 5/4. LED indicator/ros2_ws/install/battery_interface/include/battery_interface
[15.081s] -- Up-to-date: /home/loye/Desktop/Projects/ROS-100-Days-Coding-Challenge/Week 5/4. LED indicator/ros2_ws/install/battery_interface/include/battery_interface/srv
[15.081s] -- Up-to-date: /home/loye/Desktop/Projects/ROS-100-Days-Coding-Challenge/Week 5/4. LED indicator/ros2_ws/install/battery_interface/include/battery_interface/srv/detail
[15.082s] -- Installing: /home/loye/Desktop/Projects/ROS-100-Days-Coding-Challenge/Week 5/4. LED indicator/ros2_ws/install/battery_interface/include/battery_interface/srv/detail/dds_fastrtps
[15.082s] -- Installing: /home/loye/Desktop/Projects/ROS-100-Days-Coding-Challenge/Week 5/4. LED indicator/ros2_ws/install/battery_interface/include/battery_interface/srv/detail/set_led__rosidl_typesupport_fastrtps_cpp.hpp
[15.083s] -- Up-to-date: /home/loye/Desktop/Projects/ROS-100-Days-Coding-Challenge/Week 5/4. LED indicator/ros2_ws/install/battery_interface/include/battery_interface/msg
[15.083s] -- Installing: /home/loye/Desktop/Projects/ROS-100-Days-Coding-Challenge/Week 5/4. LED indicator/ros2_ws/install/battery_interface/include/battery_interface/msg/rosidl_typesupport_fastrtps_cpp__visibility_control.h
[15.084s] -- Up-to-date: /home/loye/Desktop/Projects/ROS-100-Days-Coding-Challenge/Week 5/4. LED indicator/ros2_ws/install/battery_interface/include/battery_interface/msg/detail
[15.085s] -- Installing: /home/loye/Desktop/Projects/ROS-100-Days-Coding-Challenge/Week 5/4. LED indicator/ros2_ws/install/battery_interface/include/battery_interface/msg/detail/dds_fastrtps
[15.085s] -- Installing: /home/loye/Desktop/Projects/ROS-100-Days-Coding-Challenge/Week 5/4. LED indicator/ros2_ws/install/battery_interface/include/battery_interface/msg/detail/battery_state__rosidl_typesupport_fastrtps_cpp.hpp
[15.086s] -- Installing: /home/loye/Desktop/Projects/ROS-100-Days-Coding-Challenge/Week 5/4. LED indicator/ros2_ws/install/battery_interface/lib/libbattery_interface__rosidl_typesupport_fastrtps_cpp.so
[15.089s] -- Set runtime path of "/home/loye/Desktop/Projects/ROS-100-Days-Coding-Challenge/Week 5/4. LED indicator/ros2_ws/install/battery_interface/lib/libbattery_interface__rosidl_typesupport_fastrtps_cpp.so" to ""
[15.089s] -- Up-to-date: /home/loye/Desktop/Projects/ROS-100-Days-Coding-Challenge/Week 5/4. LED indicator/ros2_ws/install/battery_interface/include/battery_interface
[15.090s] -- Up-to-date: /home/loye/Desktop/Projects/ROS-100-Days-Coding-Challenge/Week 5/4. LED indicator/ros2_ws/install/battery_interface/include/battery_interface/srv
[15.090s] -- Up-to-date: /home/loye/Desktop/Projects/ROS-100-Days-Coding-Challenge/Week 5/4. LED indicator/ros2_ws/install/battery_interface/include/battery_interface/srv/detail
[15.090s] -- Installing: /home/loye/Desktop/Projects/ROS-100-Days-Coding-Challenge/Week 5/4. LED indicator/ros2_ws/install/battery_interface/include/battery_interface/srv/detail/set_led__type_support.c
[15.091s] -- Installing: /home/loye/Desktop/Projects/ROS-100-Days-Coding-Challenge/Week 5/4. LED indicator/ros2_ws/install/battery_interface/include/battery_interface/srv/detail/set_led__rosidl_typesupport_introspection_c.h
[15.092s] -- Up-to-date: /home/loye/Desktop/Projects/ROS-100-Days-Coding-Challenge/Week 5/4. LED indicator/ros2_ws/install/battery_interface/include/battery_interface/msg
[15.092s] -- Installing: /home/loye/Desktop/Projects/ROS-100-Days-Coding-Challenge/Week 5/4. LED indicator/ros2_ws/install/battery_interface/include/battery_interface/msg/rosidl_typesupport_introspection_c__visibility_control.h
[15.093s] -- Up-to-date: /home/loye/Desktop/Projects/ROS-100-Days-Coding-Challenge/Week 5/4. LED indicator/ros2_ws/install/battery_interface/include/battery_interface/msg/detail
[15.093s] -- Installing: /home/loye/Desktop/Projects/ROS-100-Days-Coding-Challenge/Week 5/4. LED indicator/ros2_ws/install/battery_interface/include/battery_interface/msg/detail/battery_state__type_support.c
[15.094s] -- Installing: /home/loye/Desktop/Projects/ROS-100-Days-Coding-Challenge/Week 5/4. LED indicator/ros2_ws/install/battery_interface/include/battery_interface/msg/detail/battery_state__rosidl_typesupport_introspection_c.h
[15.095s] -- Installing: /home/loye/Desktop/Projects/ROS-100-Days-Coding-Challenge/Week 5/4. LED indicator/ros2_ws/install/battery_interface/lib/libbattery_interface__rosidl_typesupport_introspection_c.so
[15.097s] -- Set runtime path of "/home/loye/Desktop/Projects/ROS-100-Days-Coding-Challenge/Week 5/4. LED indicator/ros2_ws/install/battery_interface/lib/libbattery_interface__rosidl_typesupport_introspection_c.so" to ""
[15.098s] -- Installing: /home/loye/Desktop/Projects/ROS-100-Days-Coding-Challenge/Week 5/4. LED indicator/ros2_ws/install/battery_interface/lib/libbattery_interface__rosidl_typesupport_c.so
[15.099s] -- Set runtime path of "/home/loye/Desktop/Projects/ROS-100-Days-Coding-Challenge/Week 5/4. LED indicator/ros2_ws/install/battery_interface/lib/libbattery_interface__rosidl_typesupport_c.so" to ""
[15.102s] -- Up-to-date: /home/loye/Desktop/Projects/ROS-100-Days-Coding-Challenge/Week 5/4. LED indicator/ros2_ws/install/battery_interface/include/battery_interface
[15.103s] -- Up-to-date: /home/loye/Desktop/Projects/ROS-100-Days-Coding-Challenge/Week 5/4. LED indicator/ros2_ws/install/battery_interface/include/battery_interface/srv
[15.104s] -- Installing: /home/loye/Desktop/Projects/ROS-100-Days-Coding-Challenge/Week 5/4. LED indicator/ros2_ws/install/battery_interface/include/battery_interface/srv/set_led.hpp
[15.105s] -- Up-to-date: /home/loye/Desktop/Projects/ROS-100-Days-Coding-Challenge/Week 5/4. LED indicator/ros2_ws/install/battery_interface/include/battery_interface/srv/detail
[15.106s] -- Installing: /home/loye/Desktop/Projects/ROS-100-Days-Coding-Challenge/Week 5/4. LED indicator/ros2_ws/install/battery_interface/include/battery_interface/srv/detail/set_led__traits.hpp
[15.107s] -- Installing: /home/loye/Desktop/Projects/ROS-100-Days-Coding-Challenge/Week 5/4. LED indicator/ros2_ws/install/battery_interface/include/battery_interface/srv/detail/set_led__struct.hpp
[15.107s] -- Installing: /home/loye/Desktop/Projects/ROS-100-Days-Coding-Challenge/Week 5/4. LED indicator/ros2_ws/install/battery_interface/include/battery_interface/srv/detail/set_led__builder.hpp
[15.107s] -- Up-to-date: /home/loye/Desktop/Projects/ROS-100-Days-Coding-Challenge/Week 5/4. LED indicator/ros2_ws/install/battery_interface/include/battery_interface/msg
[15.108s] -- Installing: /home/loye/Desktop/Projects/ROS-100-Days-Coding-Challenge/Week 5/4. LED indicator/ros2_ws/install/battery_interface/include/battery_interface/msg/battery_state.hpp
[15.108s] -- Up-to-date: /home/loye/Desktop/Projects/ROS-100-Days-Coding-Challenge/Week 5/4. LED indicator/ros2_ws/install/battery_interface/include/battery_interface/msg/detail
[15.109s] -- Installing: /home/loye/Desktop/Projects/ROS-100-Days-Coding-Challenge/Week 5/4. LED indicator/ros2_ws/install/battery_interface/include/battery_interface/msg/detail/battery_state__traits.hpp
[15.110s] -- Installing: /home/loye/Desktop/Projects/ROS-100-Days-Coding-Challenge/Week 5/4. LED indicator/ros2_ws/install/battery_interface/include/battery_interface/msg/detail/battery_state__struct.hpp
[15.110s] -- Installing: /home/loye/Desktop/Projects/ROS-100-Days-Coding-Challenge/Week 5/4. LED indicator/ros2_ws/install/battery_interface/include/battery_interface/msg/detail/battery_state__builder.hpp
[15.110s] -- Up-to-date: /home/loye/Desktop/Projects/ROS-100-Days-Coding-Challenge/Week 5/4. LED indicator/ros2_ws/install/battery_interface/include/battery_interface
[15.111s] -- Up-to-date: /home/loye/Desktop/Projects/ROS-100-Days-Coding-Challenge/Week 5/4. LED indicator/ros2_ws/install/battery_interface/include/battery_interface/srv
[15.111s] -- Up-to-date: /home/loye/Desktop/Projects/ROS-100-Days-Coding-Challenge/Week 5/4. LED indicator/ros2_ws/install/battery_interface/include/battery_interface/srv/detail
[15.112s] -- Installing: /home/loye/Desktop/Projects/ROS-100-Days-Coding-Challenge/Week 5/4. LED indicator/ros2_ws/install/battery_interface/include/battery_interface/srv/detail/set_led__rosidl_typesupport_introspection_cpp.hpp
[15.112s] -- Installing: /home/loye/Desktop/Projects/ROS-100-Days-Coding-Challenge/Week 5/4. LED indicator/ros2_ws/install/battery_interface/include/battery_interface/srv/detail/set_led__type_support.cpp
[15.113s] -- Up-to-date: /home/loye/Desktop/Projects/ROS-100-Days-Coding-Challenge/Week 5/4. LED indicator/ros2_ws/install/battery_interface/include/battery_interface/msg
[15.113s] -- Up-to-date: /home/loye/Desktop/Projects/ROS-100-Days-Coding-Challenge/Week 5/4. LED indicator/ros2_ws/install/battery_interface/include/battery_interface/msg/detail
[15.113s] -- Installing: /home/loye/Desktop/Projects/ROS-100-Days-Coding-Challenge/Week 5/4. LED indicator/ros2_ws/install/battery_interface/include/battery_interface/msg/detail/battery_state__type_support.cpp
[15.114s] -- Installing: /home/loye/Desktop/Projects/ROS-100-Days-Coding-Challenge/Week 5/4. LED indicator/ros2_ws/install/battery_interface/include/battery_interface/msg/detail/battery_state__rosidl_typesupport_introspection_cpp.hpp
[15.114s] -- Installing: /home/loye/Desktop/Projects/ROS-100-Days-Coding-Challenge/Week 5/4. LED indicator/ros2_ws/install/battery_interface/lib/libbattery_interface__rosidl_typesupport_introspection_cpp.so
[15.115s] -- Set runtime path of "/home/loye/Desktop/Projects/ROS-100-Days-Coding-Challenge/Week 5/4. LED indicator/ros2_ws/install/battery_interface/lib/libbattery_interface__rosidl_typesupport_introspection_cpp.so" to ""
[15.115s] -- Installing: /home/loye/Desktop/Projects/ROS-100-Days-Coding-Challenge/Week 5/4. LED indicator/ros2_ws/install/battery_interface/lib/libbattery_interface__rosidl_typesupport_cpp.so
[15.115s] -- Set runtime path of "/home/loye/Desktop/Projects/ROS-100-Days-Coding-Challenge/Week 5/4. LED indicator/ros2_ws/install/battery_interface/lib/libbattery_interface__rosidl_typesupport_cpp.so" to ""
[15.116s] -- Installing: /home/loye/Desktop/Projects/ROS-100-Days-Coding-Challenge/Week 5/4. LED indicator/ros2_ws/install/battery_interface/share/battery_interface/environment/pythonpath.sh
[15.116s] -- Installing: /home/loye/Desktop/Projects/ROS-100-Days-Coding-Challenge/Week 5/4. LED indicator/ros2_ws/install/battery_interface/share/battery_interface/environment/pythonpath.dsv
[15.117s] -- Installing: /home/loye/Desktop/Projects/ROS-100-Days-Coding-Challenge/Week 5/4. LED indicator/ros2_ws/install/battery_interface/lib/python3.8/site-packages/battery_interface/__init__.py
[15.193s] Compiling '/home/loye/Desktop/Projects/ROS-100-Days-Coding-Challenge/Week 5/4. LED indicator/ros2_ws/install/battery_interface/lib/python3.8/site-packages/battery_interface/__init__.py'...
[15.205s] -- Installing: /home/loye/Desktop/Projects/ROS-100-Days-Coding-Challenge/Week 5/4. LED indicator/ros2_ws/install/battery_interface/lib/python3.8/site-packages/battery_interface/msg
[15.205s] -- Installing: /home/loye/Desktop/Projects/ROS-100-Days-Coding-Challenge/Week 5/4. LED indicator/ros2_ws/install/battery_interface/lib/python3.8/site-packages/battery_interface/msg/_battery_state.py
[15.205s] -- Installing: /home/loye/Desktop/Projects/ROS-100-Days-Coding-Challenge/Week 5/4. LED indicator/ros2_ws/install/battery_interface/lib/python3.8/site-packages/battery_interface/msg/_battery_state_s.c
[15.206s] -- Installing: /home/loye/Desktop/Projects/ROS-100-Days-Coding-Challenge/Week 5/4. LED indicator/ros2_ws/install/battery_interface/lib/python3.8/site-packages/battery_interface/msg/__init__.py
[15.206s] -- Installing: /home/loye/Desktop/Projects/ROS-100-Days-Coding-Challenge/Week 5/4. LED indicator/ros2_ws/install/battery_interface/lib/python3.8/site-packages/battery_interface/srv
[15.206s] -- Installing: /home/loye/Desktop/Projects/ROS-100-Days-Coding-Challenge/Week 5/4. LED indicator/ros2_ws/install/battery_interface/lib/python3.8/site-packages/battery_interface/srv/_set_led_s.c
[15.206s] -- Installing: /home/loye/Desktop/Projects/ROS-100-Days-Coding-Challenge/Week 5/4. LED indicator/ros2_ws/install/battery_interface/lib/python3.8/site-packages/battery_interface/srv/__init__.py
[15.207s] -- Installing: /home/loye/Desktop/Projects/ROS-100-Days-Coding-Challenge/Week 5/4. LED indicator/ros2_ws/install/battery_interface/lib/python3.8/site-packages/battery_interface/srv/_set_led.py
[15.207s] -- Installing: /home/loye/Desktop/Projects/ROS-100-Days-Coding-Challenge/Week 5/4. LED indicator/ros2_ws/install/battery_interface/lib/python3.8/site-packages/battery_interface/battery_interface_s__rosidl_typesupport_fastrtps_c.cpython-38-x86_64-linux-gnu.so
[15.209s] -- Set runtime path of "/home/loye/Desktop/Projects/ROS-100-Days-Coding-Challenge/Week 5/4. LED indicator/ros2_ws/install/battery_interface/lib/python3.8/site-packages/battery_interface/battery_interface_s__rosidl_typesupport_fastrtps_c.cpython-38-x86_64-linux-gnu.so" to ""
[15.209s] -- Installing: /home/loye/Desktop/Projects/ROS-100-Days-Coding-Challenge/Week 5/4. LED indicator/ros2_ws/install/battery_interface/lib/python3.8/site-packages/battery_interface/battery_interface_s__rosidl_typesupport_introspection_c.cpython-38-x86_64-linux-gnu.so
[15.211s] -- Set runtime path of "/home/loye/Desktop/Projects/ROS-100-Days-Coding-Challenge/Week 5/4. LED indicator/ros2_ws/install/battery_interface/lib/python3.8/site-packages/battery_interface/battery_interface_s__rosidl_typesupport_introspection_c.cpython-38-x86_64-linux-gnu.so" to ""
[15.211s] -- Installing: /home/loye/Desktop/Projects/ROS-100-Days-Coding-Challenge/Week 5/4. LED indicator/ros2_ws/install/battery_interface/lib/python3.8/site-packages/battery_interface/battery_interface_s__rosidl_typesupport_c.cpython-38-x86_64-linux-gnu.so
[15.212s] -- Set runtime path of "/home/loye/Desktop/Projects/ROS-100-Days-Coding-Challenge/Week 5/4. LED indicator/ros2_ws/install/battery_interface/lib/python3.8/site-packages/battery_interface/battery_interface_s__rosidl_typesupport_c.cpython-38-x86_64-linux-gnu.so" to ""
[15.213s] -- Installing: /home/loye/Desktop/Projects/ROS-100-Days-Coding-Challenge/Week 5/4. LED indicator/ros2_ws/install/battery_interface/lib/libbattery_interface__python.so
[15.214s] -- Set runtime path of "/home/loye/Desktop/Projects/ROS-100-Days-Coding-Challenge/Week 5/4. LED indicator/ros2_ws/install/battery_interface/lib/libbattery_interface__python.so" to ""
[15.215s] -- Installing: /home/loye/Desktop/Projects/ROS-100-Days-Coding-Challenge/Week 5/4. LED indicator/ros2_ws/install/battery_interface/share/battery_interface/msg/BatteryState.idl
[15.215s] -- Installing: /home/loye/Desktop/Projects/ROS-100-Days-Coding-Challenge/Week 5/4. LED indicator/ros2_ws/install/battery_interface/share/battery_interface/srv/SetLed.idl
[15.215s] -- Installing: /home/loye/Desktop/Projects/ROS-100-Days-Coding-Challenge/Week 5/4. LED indicator/ros2_ws/install/battery_interface/share/battery_interface/msg/BatteryState.msg
[15.216s] -- Installing: /home/loye/Desktop/Projects/ROS-100-Days-Coding-Challenge/Week 5/4. LED indicator/ros2_ws/install/battery_interface/share/battery_interface/srv/SetLed.srv
[15.216s] -- Installing: /home/loye/Desktop/Projects/ROS-100-Days-Coding-Challenge/Week 5/4. LED indicator/ros2_ws/install/battery_interface/share/battery_interface/srv/SetLed_Request.msg
[15.216s] -- Installing: /home/loye/Desktop/Projects/ROS-100-Days-Coding-Challenge/Week 5/4. LED indicator/ros2_ws/install/battery_interface/share/battery_interface/srv/SetLed_Response.msg
[15.217s] -- Installing: /home/loye/Desktop/Projects/ROS-100-Days-Coding-Challenge/Week 5/4. LED indicator/ros2_ws/install/battery_interface/share/ament_index/resource_index/package_run_dependencies/battery_interface
[15.218s] -- Installing: /home/loye/Desktop/Projects/ROS-100-Days-Coding-Challenge/Week 5/4. LED indicator/ros2_ws/install/battery_interface/share/ament_index/resource_index/parent_prefix_path/battery_interface
[15.218s] -- Installing: /home/loye/Desktop/Projects/ROS-100-Days-Coding-Challenge/Week 5/4. LED indicator/ros2_ws/install/battery_interface/share/battery_interface/environment/ament_prefix_path.sh
[15.218s] -- Installing: /home/loye/Desktop/Projects/ROS-100-Days-Coding-Challenge/Week 5/4. LED indicator/ros2_ws/install/battery_interface/share/battery_interface/environment/ament_prefix_path.dsv
[15.219s] -- Installing: /home/loye/Desktop/Projects/ROS-100-Days-Coding-Challenge/Week 5/4. LED indicator/ros2_ws/install/battery_interface/share/battery_interface/environment/path.sh
[15.219s] -- Installing: /home/loye/Desktop/Projects/ROS-100-Days-Coding-Challenge/Week 5/4. LED indicator/ros2_ws/install/battery_interface/share/battery_interface/environment/path.dsv
[15.220s] -- Installing: /home/loye/Desktop/Projects/ROS-100-Days-Coding-Challenge/Week 5/4. LED indicator/ros2_ws/install/battery_interface/share/battery_interface/local_setup.bash
[15.220s] -- Installing: /home/loye/Desktop/Projects/ROS-100-Days-Coding-Challenge/Week 5/4. LED indicator/ros2_ws/install/battery_interface/share/battery_interface/local_setup.sh
[15.220s] -- Installing: /home/loye/Desktop/Projects/ROS-100-Days-Coding-Challenge/Week 5/4. LED indicator/ros2_ws/install/battery_interface/share/battery_interface/local_setup.zsh
[15.221s] -- Installing: /home/loye/Desktop/Projects/ROS-100-Days-Coding-Challenge/Week 5/4. LED indicator/ros2_ws/install/battery_interface/share/battery_interface/local_setup.dsv
[15.221s] -- Installing: /home/loye/Desktop/Projects/ROS-100-Days-Coding-Challenge/Week 5/4. LED indicator/ros2_ws/install/battery_interface/share/battery_interface/package.dsv
[15.222s] -- Installing: /home/loye/Desktop/Projects/ROS-100-Days-Coding-Challenge/Week 5/4. LED indicator/ros2_ws/install/battery_interface/share/ament_index/resource_index/packages/battery_interface
[15.222s] -- Installing: /home/loye/Desktop/Projects/ROS-100-Days-Coding-Challenge/Week 5/4. LED indicator/ros2_ws/install/battery_interface/share/battery_interface/cmake/battery_interface__rosidl_generator_cExport.cmake
[15.223s] -- Installing: /home/loye/Desktop/Projects/ROS-100-Days-Coding-Challenge/Week 5/4. LED indicator/ros2_ws/install/battery_interface/share/battery_interface/cmake/battery_interface__rosidl_generator_cExport-noconfig.cmake
[15.223s] -- Installing: /home/loye/Desktop/Projects/ROS-100-Days-Coding-Challenge/Week 5/4. LED indicator/ros2_ws/install/battery_interface/share/battery_interface/cmake/battery_interface__rosidl_typesupport_introspection_cExport.cmake
[15.224s] -- Installing: /home/loye/Desktop/Projects/ROS-100-Days-Coding-Challenge/Week 5/4. LED indicator/ros2_ws/install/battery_interface/share/battery_interface/cmake/battery_interface__rosidl_typesupport_introspection_cExport-noconfig.cmake
[15.224s] -- Installing: /home/loye/Desktop/Projects/ROS-100-Days-Coding-Challenge/Week 5/4. LED indicator/ros2_ws/install/battery_interface/share/battery_interface/cmake/battery_interface__rosidl_typesupport_cExport.cmake
[15.225s] -- Installing: /home/loye/Desktop/Projects/ROS-100-Days-Coding-Challenge/Week 5/4. LED indicator/ros2_ws/install/battery_interface/share/battery_interface/cmake/battery_interface__rosidl_typesupport_cExport-noconfig.cmake
[15.225s] -- Installing: /home/loye/Desktop/Projects/ROS-100-Days-Coding-Challenge/Week 5/4. LED indicator/ros2_ws/install/battery_interface/share/battery_interface/cmake/battery_interface__rosidl_generator_cppExport.cmake
[15.226s] -- Installing: /home/loye/Desktop/Projects/ROS-100-Days-Coding-Challenge/Week 5/4. LED indicator/ros2_ws/install/battery_interface/share/battery_interface/cmake/battery_interface__rosidl_typesupport_introspection_cppExport.cmake
[15.226s] -- Installing: /home/loye/Desktop/Projects/ROS-100-Days-Coding-Challenge/Week 5/4. LED indicator/ros2_ws/install/battery_interface/share/battery_interface/cmake/battery_interface__rosidl_typesupport_introspection_cppExport-noconfig.cmake
[15.227s] -- Installing: /home/loye/Desktop/Projects/ROS-100-Days-Coding-Challenge/Week 5/4. LED indicator/ros2_ws/install/battery_interface/share/battery_interface/cmake/battery_interface__rosidl_typesupport_cppExport.cmake
[15.227s] -- Installing: /home/loye/Desktop/Projects/ROS-100-Days-Coding-Challenge/Week 5/4. LED indicator/ros2_ws/install/battery_interface/share/battery_interface/cmake/battery_interface__rosidl_typesupport_cppExport-noconfig.cmake
[15.228s] -- Installing: /home/loye/Desktop/Projects/ROS-100-Days-Coding-Challenge/Week 5/4. LED indicator/ros2_ws/install/battery_interface/share/battery_interface/cmake/rosidl_cmake-extras.cmake
[15.228s] -- Installing: /home/loye/Desktop/Projects/ROS-100-Days-Coding-Challenge/Week 5/4. LED indicator/ros2_ws/install/battery_interface/share/battery_interface/cmake/ament_cmake_export_dependencies-extras.cmake
[15.229s] -- Installing: /home/loye/Desktop/Projects/ROS-100-Days-Coding-Challenge/Week 5/4. LED indicator/ros2_ws/install/battery_interface/share/battery_interface/cmake/ament_cmake_export_libraries-extras.cmake
[15.229s] -- Installing: /home/loye/Desktop/Projects/ROS-100-Days-Coding-Challenge/Week 5/4. LED indicator/ros2_ws/install/battery_interface/share/battery_interface/cmake/ament_cmake_export_targets-extras.cmake
[15.230s] -- Installing: /home/loye/Desktop/Projects/ROS-100-Days-Coding-Challenge/Week 5/4. LED indicator/ros2_ws/install/battery_interface/share/battery_interface/cmake/ament_cmake_export_include_directories-extras.cmake
[15.230s] -- Installing: /home/loye/Desktop/Projects/ROS-100-Days-Coding-Challenge/Week 5/4. LED indicator/ros2_ws/install/battery_interface/share/battery_interface/cmake/rosidl_cmake_export_typesupport_libraries-extras.cmake
[15.230s] -- Installing: /home/loye/Desktop/Projects/ROS-100-Days-Coding-Challenge/Week 5/4. LED indicator/ros2_ws/install/battery_interface/share/battery_interface/cmake/rosidl_cmake_export_typesupport_targets-extras.cmake
[15.231s] -- Installing: /home/loye/Desktop/Projects/ROS-100-Days-Coding-Challenge/Week 5/4. LED indicator/ros2_ws/install/battery_interface/share/battery_interface/cmake/battery_interfaceConfig.cmake
[15.231s] -- Installing: /home/loye/Desktop/Projects/ROS-100-Days-Coding-Challenge/Week 5/4. LED indicator/ros2_ws/install/battery_interface/share/battery_interface/cmake/battery_interfaceConfig-version.cmake
[15.232s] -- Installing: /home/loye/Desktop/Projects/ROS-100-Days-Coding-Challenge/Week 5/4. LED indicator/ros2_ws/install/battery_interface/share/battery_interface/package.xml
[15.240s] Invoked command in '/home/loye/Desktop/Projects/ROS-100-Days-Coding-Challenge/Week 5/4. LED indicator/ros2_ws/build/battery_interface' returned '0': CMAKE_PREFIX_PATH=/opt/ros/foxy /usr/bin/cmake --install /home/loye/Desktop/Projects/ROS-100-Days-Coding-Challenge/Week 5/4. LED indicator/ros2_ws/build/battery_interface
