[0.045s] Invoking command in '/home/loye/Desktop/Projects/ROS-100-Days-Coding-Challenge/Week 6/2. Actions/ros2_ws/build/action_pkg': CMAKE_PREFIX_PATH=${CMAKE_PREFIX_PATH}:/home/loye/turtlebot3_ws/install/turtlebot3_teleop:/home/loye/turtlebot3_ws/install/turtlebot3_example:/opt/ros/foxy /usr/bin/cmake --build /home/loye/Desktop/Projects/ROS-100-Days-Coding-Challenge/Week 6/2. Actions/ros2_ws/build/action_pkg -- -j4 -l4
[0.216s] [35m[1mScanning dependencies of target move_action_server[0m
[0.220s] [35m[1mScanning dependencies of target move_action_client[0m
[0.255s] [  8%] Built target action_pkg__rosidl_generator_c
[0.291s] [ 11%] Built target action_pkg__cpp
[0.354s] [ 20%] Built target action_pkg__rosidl_typesupport_c
[0.385s] [ 22%] [32mBuilding CXX object CMakeFiles/move_action_server.dir/src/move_action_server.cpp.o[0m
[0.386s] [ 25%] [32mBuilding CXX object CMakeFiles/move_action_client.dir/src/move_action_client.cpp.o[0m
[0.429s] [ 34%] Built target action_pkg__rosidl_typesupport_introspection_c
[0.533s] [ 42%] Built target action_pkg__rosidl_typesupport_fastrtps_cpp
[0.619s] [ 51%] Built target action_pkg__rosidl_typesupport_cpp
[0.675s] [ 60%] Built target action_pkg__rosidl_typesupport_introspection_cpp
[0.719s] [ 68%] Built target action_pkg__rosidl_typesupport_fastrtps_c
[0.787s] [ 68%] Built target action_pkg
[0.851s] [ 71%] Built target action_pkg__py
[0.937s] [ 77%] Built target action_pkg__python
[1.058s] [ 82%] Built target action_pkg__rosidl_typesupport_c__pyext
[1.153s] [ 88%] Built target action_pkg__rosidl_typesupport_introspection_c__pyext
[1.153s] [ 94%] Built target action_pkg__rosidl_typesupport_fastrtps_c__pyext
[9.112s] [ 97%] [32m[1mLinking CXX executable move_action_client[0m
[9.686s] [ 97%] Built target move_action_client
[10.730s] [100%] [32m[1mLinking CXX executable move_action_server[0m
[11.390s] [100%] Built target move_action_server
[11.426s] Invoked command in '/home/loye/Desktop/Projects/ROS-100-Days-Coding-Challenge/Week 6/2. Actions/ros2_ws/build/action_pkg' returned '0': CMAKE_PREFIX_PATH=${CMAKE_PREFIX_PATH}:/home/loye/turtlebot3_ws/install/turtlebot3_teleop:/home/loye/turtlebot3_ws/install/turtlebot3_example:/opt/ros/foxy /usr/bin/cmake --build /home/loye/Desktop/Projects/ROS-100-Days-Coding-Challenge/Week 6/2. Actions/ros2_ws/build/action_pkg -- -j4 -l4
[11.582s] Invoking command in '/home/loye/Desktop/Projects/ROS-100-Days-Coding-Challenge/Week 6/2. Actions/ros2_ws/build/action_pkg': CMAKE_PREFIX_PATH=${CMAKE_PREFIX_PATH}:/home/loye/turtlebot3_ws/install/turtlebot3_teleop:/home/loye/turtlebot3_ws/install/turtlebot3_example:/opt/ros/foxy /usr/bin/cmake --install /home/loye/Desktop/Projects/ROS-100-Days-Coding-Challenge/Week 6/2. Actions/ros2_ws/build/action_pkg
[11.604s] -- Install configuration: ""
[11.605s] -- Up-to-date: /home/loye/Desktop/Projects/ROS-100-Days-Coding-Challenge/Week 6/2. Actions/ros2_ws/install/action_pkg/share/ament_index/resource_index/rosidl_interfaces/action_pkg
[11.605s] -- Up-to-date: /home/loye/Desktop/Projects/ROS-100-Days-Coding-Challenge/Week 6/2. Actions/ros2_ws/install/action_pkg/include/action_pkg
[11.605s] -- Up-to-date: /home/loye/Desktop/Projects/ROS-100-Days-Coding-Challenge/Week 6/2. Actions/ros2_ws/install/action_pkg/include/action_pkg/action
[11.605s] -- Up-to-date: /home/loye/Desktop/Projects/ROS-100-Days-Coding-Challenge/Week 6/2. Actions/ros2_ws/install/action_pkg/include/action_pkg/action/move.h
[11.606s] -- Up-to-date: /home/loye/Desktop/Projects/ROS-100-Days-Coding-Challenge/Week 6/2. Actions/ros2_ws/install/action_pkg/include/action_pkg/action/detail
[11.606s] -- Up-to-date: /home/loye/Desktop/Projects/ROS-100-Days-Coding-Challenge/Week 6/2. Actions/ros2_ws/install/action_pkg/include/action_pkg/action/detail/move__type_support.h
[11.606s] -- Up-to-date: /home/loye/Desktop/Projects/ROS-100-Days-Coding-Challenge/Week 6/2. Actions/ros2_ws/install/action_pkg/include/action_pkg/action/detail/move__functions.c
[11.606s] -- Up-to-date: /home/loye/Desktop/Projects/ROS-100-Days-Coding-Challenge/Week 6/2. Actions/ros2_ws/install/action_pkg/include/action_pkg/action/detail/move__struct.h
[11.606s] -- Up-to-date: /home/loye/Desktop/Projects/ROS-100-Days-Coding-Challenge/Week 6/2. Actions/ros2_ws/install/action_pkg/include/action_pkg/action/detail/move__functions.h
[11.607s] -- Up-to-date: /home/loye/Desktop/Projects/ROS-100-Days-Coding-Challenge/Week 6/2. Actions/ros2_ws/install/action_pkg/include/action_pkg/msg
[11.607s] -- Up-to-date: /home/loye/Desktop/Projects/ROS-100-Days-Coding-Challenge/Week 6/2. Actions/ros2_ws/install/action_pkg/include/action_pkg/msg/rosidl_generator_c__visibility_control.h
[11.607s] -- Up-to-date: /home/loye/Desktop/Projects/ROS-100-Days-Coding-Challenge/Week 6/2. Actions/ros2_ws/install/action_pkg/share/action_pkg/environment/library_path.sh
[11.607s] -- Up-to-date: /home/loye/Desktop/Projects/ROS-100-Days-Coding-Challenge/Week 6/2. Actions/ros2_ws/install/action_pkg/share/action_pkg/environment/library_path.dsv
[11.608s] -- Up-to-date: /home/loye/Desktop/Projects/ROS-100-Days-Coding-Challenge/Week 6/2. Actions/ros2_ws/install/action_pkg/lib/libaction_pkg__rosidl_generator_c.so
[11.608s] -- Up-to-date: /home/loye/Desktop/Projects/ROS-100-Days-Coding-Challenge/Week 6/2. Actions/ros2_ws/install/action_pkg/include/action_pkg
[11.608s] -- Up-to-date: /home/loye/Desktop/Projects/ROS-100-Days-Coding-Challenge/Week 6/2. Actions/ros2_ws/install/action_pkg/include/action_pkg/action
[11.608s] -- Up-to-date: /home/loye/Desktop/Projects/ROS-100-Days-Coding-Challenge/Week 6/2. Actions/ros2_ws/install/action_pkg/include/action_pkg/action/detail
[11.609s] -- Up-to-date: /home/loye/Desktop/Projects/ROS-100-Days-Coding-Challenge/Week 6/2. Actions/ros2_ws/install/action_pkg/include/action_pkg/action/detail/move__rosidl_typesupport_fastrtps_c.h
[11.609s] -- Up-to-date: /home/loye/Desktop/Projects/ROS-100-Days-Coding-Challenge/Week 6/2. Actions/ros2_ws/install/action_pkg/include/action_pkg/msg
[11.609s] -- Up-to-date: /home/loye/Desktop/Projects/ROS-100-Days-Coding-Challenge/Week 6/2. Actions/ros2_ws/install/action_pkg/include/action_pkg/msg/rosidl_typesupport_fastrtps_c__visibility_control.h
[11.609s] -- Up-to-date: /home/loye/Desktop/Projects/ROS-100-Days-Coding-Challenge/Week 6/2. Actions/ros2_ws/install/action_pkg/lib/libaction_pkg__rosidl_typesupport_fastrtps_c.so
[11.610s] -- Up-to-date: /home/loye/Desktop/Projects/ROS-100-Days-Coding-Challenge/Week 6/2. Actions/ros2_ws/install/action_pkg/include/action_pkg
[11.610s] -- Up-to-date: /home/loye/Desktop/Projects/ROS-100-Days-Coding-Challenge/Week 6/2. Actions/ros2_ws/install/action_pkg/include/action_pkg/action
[11.610s] -- Up-to-date: /home/loye/Desktop/Projects/ROS-100-Days-Coding-Challenge/Week 6/2. Actions/ros2_ws/install/action_pkg/include/action_pkg/action/detail
[11.610s] -- Up-to-date: /home/loye/Desktop/Projects/ROS-100-Days-Coding-Challenge/Week 6/2. Actions/ros2_ws/install/action_pkg/include/action_pkg/action/detail/dds_fastrtps
[11.610s] -- Up-to-date: /home/loye/Desktop/Projects/ROS-100-Days-Coding-Challenge/Week 6/2. Actions/ros2_ws/install/action_pkg/include/action_pkg/action/detail/move__rosidl_typesupport_fastrtps_cpp.hpp
[11.611s] -- Up-to-date: /home/loye/Desktop/Projects/ROS-100-Days-Coding-Challenge/Week 6/2. Actions/ros2_ws/install/action_pkg/include/action_pkg/msg
[11.611s] -- Up-to-date: /home/loye/Desktop/Projects/ROS-100-Days-Coding-Challenge/Week 6/2. Actions/ros2_ws/install/action_pkg/include/action_pkg/msg/rosidl_typesupport_fastrtps_cpp__visibility_control.h
[11.611s] -- Up-to-date: /home/loye/Desktop/Projects/ROS-100-Days-Coding-Challenge/Week 6/2. Actions/ros2_ws/install/action_pkg/lib/libaction_pkg__rosidl_typesupport_fastrtps_cpp.so
[11.611s] -- Up-to-date: /home/loye/Desktop/Projects/ROS-100-Days-Coding-Challenge/Week 6/2. Actions/ros2_ws/install/action_pkg/include/action_pkg
[11.612s] -- Up-to-date: /home/loye/Desktop/Projects/ROS-100-Days-Coding-Challenge/Week 6/2. Actions/ros2_ws/install/action_pkg/include/action_pkg/action
[11.612s] -- Up-to-date: /home/loye/Desktop/Projects/ROS-100-Days-Coding-Challenge/Week 6/2. Actions/ros2_ws/install/action_pkg/include/action_pkg/action/detail
[11.612s] -- Up-to-date: /home/loye/Desktop/Projects/ROS-100-Days-Coding-Challenge/Week 6/2. Actions/ros2_ws/install/action_pkg/include/action_pkg/action/detail/move__type_support.c
[11.613s] -- Up-to-date: /home/loye/Desktop/Projects/ROS-100-Days-Coding-Challenge/Week 6/2. Actions/ros2_ws/install/action_pkg/include/action_pkg/action/detail/move__rosidl_typesupport_introspection_c.h
[11.613s] -- Up-to-date: /home/loye/Desktop/Projects/ROS-100-Days-Coding-Challenge/Week 6/2. Actions/ros2_ws/install/action_pkg/include/action_pkg/msg
[11.613s] -- Up-to-date: /home/loye/Desktop/Projects/ROS-100-Days-Coding-Challenge/Week 6/2. Actions/ros2_ws/install/action_pkg/include/action_pkg/msg/rosidl_typesupport_introspection_c__visibility_control.h
[11.614s] -- Up-to-date: /home/loye/Desktop/Projects/ROS-100-Days-Coding-Challenge/Week 6/2. Actions/ros2_ws/install/action_pkg/lib/libaction_pkg__rosidl_typesupport_introspection_c.so
[11.614s] -- Up-to-date: /home/loye/Desktop/Projects/ROS-100-Days-Coding-Challenge/Week 6/2. Actions/ros2_ws/install/action_pkg/lib/libaction_pkg__rosidl_typesupport_c.so
[11.614s] -- Up-to-date: /home/loye/Desktop/Projects/ROS-100-Days-Coding-Challenge/Week 6/2. Actions/ros2_ws/install/action_pkg/include/action_pkg
[11.614s] -- Up-to-date: /home/loye/Desktop/Projects/ROS-100-Days-Coding-Challenge/Week 6/2. Actions/ros2_ws/install/action_pkg/include/action_pkg/action
[11.615s] -- Up-to-date: /home/loye/Desktop/Projects/ROS-100-Days-Coding-Challenge/Week 6/2. Actions/ros2_ws/install/action_pkg/include/action_pkg/action/move.hpp
[11.615s] -- Up-to-date: /home/loye/Desktop/Projects/ROS-100-Days-Coding-Challenge/Week 6/2. Actions/ros2_ws/install/action_pkg/include/action_pkg/action/detail
[11.615s] -- Up-to-date: /home/loye/Desktop/Projects/ROS-100-Days-Coding-Challenge/Week 6/2. Actions/ros2_ws/install/action_pkg/include/action_pkg/action/detail/move__struct.hpp
[11.615s] -- Up-to-date: /home/loye/Desktop/Projects/ROS-100-Days-Coding-Challenge/Week 6/2. Actions/ros2_ws/install/action_pkg/include/action_pkg/action/detail/move__traits.hpp
[11.615s] -- Up-to-date: /home/loye/Desktop/Projects/ROS-100-Days-Coding-Challenge/Week 6/2. Actions/ros2_ws/install/action_pkg/include/action_pkg/action/detail/move__builder.hpp
[11.616s] -- Up-to-date: /home/loye/Desktop/Projects/ROS-100-Days-Coding-Challenge/Week 6/2. Actions/ros2_ws/install/action_pkg/include/action_pkg
[11.616s] -- Up-to-date: /home/loye/Desktop/Projects/ROS-100-Days-Coding-Challenge/Week 6/2. Actions/ros2_ws/install/action_pkg/include/action_pkg/action
[11.616s] -- Up-to-date: /home/loye/Desktop/Projects/ROS-100-Days-Coding-Challenge/Week 6/2. Actions/ros2_ws/install/action_pkg/include/action_pkg/action/detail
[11.616s] -- Up-to-date: /home/loye/Desktop/Projects/ROS-100-Days-Coding-Challenge/Week 6/2. Actions/ros2_ws/install/action_pkg/include/action_pkg/action/detail/move__rosidl_typesupport_introspection_cpp.hpp
[11.617s] -- Up-to-date: /home/loye/Desktop/Projects/ROS-100-Days-Coding-Challenge/Week 6/2. Actions/ros2_ws/install/action_pkg/include/action_pkg/action/detail/move__type_support.cpp
[11.617s] -- Up-to-date: /home/loye/Desktop/Projects/ROS-100-Days-Coding-Challenge/Week 6/2. Actions/ros2_ws/install/action_pkg/lib/libaction_pkg__rosidl_typesupport_introspection_cpp.so
[11.617s] -- Up-to-date: /home/loye/Desktop/Projects/ROS-100-Days-Coding-Challenge/Week 6/2. Actions/ros2_ws/install/action_pkg/lib/libaction_pkg__rosidl_typesupport_cpp.so
[11.617s] -- Up-to-date: /home/loye/Desktop/Projects/ROS-100-Days-Coding-Challenge/Week 6/2. Actions/ros2_ws/install/action_pkg/share/action_pkg/environment/pythonpath.sh
[11.618s] -- Up-to-date: /home/loye/Desktop/Projects/ROS-100-Days-Coding-Challenge/Week 6/2. Actions/ros2_ws/install/action_pkg/share/action_pkg/environment/pythonpath.dsv
[11.618s] -- Installing: /home/loye/Desktop/Projects/ROS-100-Days-Coding-Challenge/Week 6/2. Actions/ros2_ws/install/action_pkg/lib/python3.8/site-packages/action_pkg/__init__.py
[11.692s] Compiling '/home/loye/Desktop/Projects/ROS-100-Days-Coding-Challenge/Week 6/2. Actions/ros2_ws/install/action_pkg/lib/python3.8/site-packages/action_pkg/__init__.py'...
[11.706s] -- Up-to-date: /home/loye/Desktop/Projects/ROS-100-Days-Coding-Challenge/Week 6/2. Actions/ros2_ws/install/action_pkg/lib/python3.8/site-packages/action_pkg/action
[11.706s] -- Up-to-date: /home/loye/Desktop/Projects/ROS-100-Days-Coding-Challenge/Week 6/2. Actions/ros2_ws/install/action_pkg/lib/python3.8/site-packages/action_pkg/action/_move_s.c
[11.706s] -- Up-to-date: /home/loye/Desktop/Projects/ROS-100-Days-Coding-Challenge/Week 6/2. Actions/ros2_ws/install/action_pkg/lib/python3.8/site-packages/action_pkg/action/__init__.py
[11.707s] -- Up-to-date: /home/loye/Desktop/Projects/ROS-100-Days-Coding-Challenge/Week 6/2. Actions/ros2_ws/install/action_pkg/lib/python3.8/site-packages/action_pkg/action/_move.py
[11.707s] -- Up-to-date: /home/loye/Desktop/Projects/ROS-100-Days-Coding-Challenge/Week 6/2. Actions/ros2_ws/install/action_pkg/lib/python3.8/site-packages/action_pkg/action_pkg_s__rosidl_typesupport_fastrtps_c.cpython-38-x86_64-linux-gnu.so
[11.708s] -- Up-to-date: /home/loye/Desktop/Projects/ROS-100-Days-Coding-Challenge/Week 6/2. Actions/ros2_ws/install/action_pkg/lib/python3.8/site-packages/action_pkg/action_pkg_s__rosidl_typesupport_introspection_c.cpython-38-x86_64-linux-gnu.so
[11.710s] -- Up-to-date: /home/loye/Desktop/Projects/ROS-100-Days-Coding-Challenge/Week 6/2. Actions/ros2_ws/install/action_pkg/lib/python3.8/site-packages/action_pkg/action_pkg_s__rosidl_typesupport_c.cpython-38-x86_64-linux-gnu.so
[11.711s] -- Up-to-date: /home/loye/Desktop/Projects/ROS-100-Days-Coding-Challenge/Week 6/2. Actions/ros2_ws/install/action_pkg/lib/libaction_pkg__python.so
[11.712s] -- Up-to-date: /home/loye/Desktop/Projects/ROS-100-Days-Coding-Challenge/Week 6/2. Actions/ros2_ws/install/action_pkg/share/action_pkg/action/Move.idl
[11.712s] -- Up-to-date: /home/loye/Desktop/Projects/ROS-100-Days-Coding-Challenge/Week 6/2. Actions/ros2_ws/install/action_pkg/share/action_pkg/action/Move.action
[11.712s] -- Up-to-date: /home/loye/Desktop/Projects/ROS-100-Days-Coding-Challenge/Week 6/2. Actions/ros2_ws/install/action_pkg/lib/python3.8/site-packages/action_pkg
[11.712s] -- Up-to-date: /home/loye/Desktop/Projects/ROS-100-Days-Coding-Challenge/Week 6/2. Actions/ros2_ws/install/action_pkg/lib/python3.8/site-packages/action_pkg/module_to_import.py
[11.713s] -- Installing: /home/loye/Desktop/Projects/ROS-100-Days-Coding-Challenge/Week 6/2. Actions/ros2_ws/install/action_pkg/lib/python3.8/site-packages/action_pkg/__init__.py
[11.789s] Listing '/home/loye/Desktop/Projects/ROS-100-Days-Coding-Challenge/Week 6/2. Actions/ros2_ws/install/action_pkg/lib/python3.8/site-packages/action_pkg'...
[11.790s] Compiling '/home/loye/Desktop/Projects/ROS-100-Days-Coding-Challenge/Week 6/2. Actions/ros2_ws/install/action_pkg/lib/python3.8/site-packages/action_pkg/__init__.py'...
[11.790s] Listing '/home/loye/Desktop/Projects/ROS-100-Days-Coding-Challenge/Week 6/2. Actions/ros2_ws/install/action_pkg/lib/python3.8/site-packages/action_pkg/action'...
[11.803s] -- Up-to-date: /home/loye/Desktop/Projects/ROS-100-Days-Coding-Challenge/Week 6/2. Actions/ros2_ws/install/action_pkg/lib/action_pkg/move_action.py
[11.805s] -- Up-to-date: /home/loye/Desktop/Projects/ROS-100-Days-Coding-Challenge/Week 6/2. Actions/ros2_ws/install/action_pkg/lib/action_pkg/move_action_cli.py
[11.806s] -- Installing: /home/loye/Desktop/Projects/ROS-100-Days-Coding-Challenge/Week 6/2. Actions/ros2_ws/install/action_pkg/lib/action_pkg/move_action_server
[11.807s] -- Set runtime path of "/home/loye/Desktop/Projects/ROS-100-Days-Coding-Challenge/Week 6/2. Actions/ros2_ws/install/action_pkg/lib/action_pkg/move_action_server" to ""
[11.808s] -- Installing: /home/loye/Desktop/Projects/ROS-100-Days-Coding-Challenge/Week 6/2. Actions/ros2_ws/install/action_pkg/lib/action_pkg/move_action_client
[11.811s] -- Set runtime path of "/home/loye/Desktop/Projects/ROS-100-Days-Coding-Challenge/Week 6/2. Actions/ros2_ws/install/action_pkg/lib/action_pkg/move_action_client" to ""
[11.811s] -- Up-to-date: /home/loye/Desktop/Projects/ROS-100-Days-Coding-Challenge/Week 6/2. Actions/ros2_ws/install/action_pkg/share/ament_index/resource_index/package_run_dependencies/action_pkg
[11.812s] -- Up-to-date: /home/loye/Desktop/Projects/ROS-100-Days-Coding-Challenge/Week 6/2. Actions/ros2_ws/install/action_pkg/share/ament_index/resource_index/parent_prefix_path/action_pkg
[11.812s] -- Up-to-date: /home/loye/Desktop/Projects/ROS-100-Days-Coding-Challenge/Week 6/2. Actions/ros2_ws/install/action_pkg/share/action_pkg/environment/ament_prefix_path.sh
[11.813s] -- Up-to-date: /home/loye/Desktop/Projects/ROS-100-Days-Coding-Challenge/Week 6/2. Actions/ros2_ws/install/action_pkg/share/action_pkg/environment/ament_prefix_path.dsv
[11.813s] -- Up-to-date: /home/loye/Desktop/Projects/ROS-100-Days-Coding-Challenge/Week 6/2. Actions/ros2_ws/install/action_pkg/share/action_pkg/environment/path.sh
[11.813s] -- Up-to-date: /home/loye/Desktop/Projects/ROS-100-Days-Coding-Challenge/Week 6/2. Actions/ros2_ws/install/action_pkg/share/action_pkg/environment/path.dsv
[11.814s] -- Up-to-date: /home/loye/Desktop/Projects/ROS-100-Days-Coding-Challenge/Week 6/2. Actions/ros2_ws/install/action_pkg/share/action_pkg/local_setup.bash
[11.814s] -- Up-to-date: /home/loye/Desktop/Projects/ROS-100-Days-Coding-Challenge/Week 6/2. Actions/ros2_ws/install/action_pkg/share/action_pkg/local_setup.sh
[11.815s] -- Up-to-date: /home/loye/Desktop/Projects/ROS-100-Days-Coding-Challenge/Week 6/2. Actions/ros2_ws/install/action_pkg/share/action_pkg/local_setup.zsh
[11.815s] -- Up-to-date: /home/loye/Desktop/Projects/ROS-100-Days-Coding-Challenge/Week 6/2. Actions/ros2_ws/install/action_pkg/share/action_pkg/local_setup.dsv
[11.815s] -- Installing: /home/loye/Desktop/Projects/ROS-100-Days-Coding-Challenge/Week 6/2. Actions/ros2_ws/install/action_pkg/share/action_pkg/package.dsv
[11.816s] -- Up-to-date: /home/loye/Desktop/Projects/ROS-100-Days-Coding-Challenge/Week 6/2. Actions/ros2_ws/install/action_pkg/share/ament_index/resource_index/packages/action_pkg
[11.816s] -- Up-to-date: /home/loye/Desktop/Projects/ROS-100-Days-Coding-Challenge/Week 6/2. Actions/ros2_ws/install/action_pkg/share/action_pkg/cmake/action_pkg__rosidl_generator_cExport.cmake
[11.817s] -- Up-to-date: /home/loye/Desktop/Projects/ROS-100-Days-Coding-Challenge/Week 6/2. Actions/ros2_ws/install/action_pkg/share/action_pkg/cmake/action_pkg__rosidl_generator_cExport-noconfig.cmake
[11.817s] -- Up-to-date: /home/loye/Desktop/Projects/ROS-100-Days-Coding-Challenge/Week 6/2. Actions/ros2_ws/install/action_pkg/share/action_pkg/cmake/action_pkg__rosidl_typesupport_introspection_cExport.cmake
[11.817s] -- Up-to-date: /home/loye/Desktop/Projects/ROS-100-Days-Coding-Challenge/Week 6/2. Actions/ros2_ws/install/action_pkg/share/action_pkg/cmake/action_pkg__rosidl_typesupport_introspection_cExport-noconfig.cmake
[11.818s] -- Up-to-date: /home/loye/Desktop/Projects/ROS-100-Days-Coding-Challenge/Week 6/2. Actions/ros2_ws/install/action_pkg/share/action_pkg/cmake/action_pkg__rosidl_typesupport_cExport.cmake
[11.818s] -- Up-to-date: /home/loye/Desktop/Projects/ROS-100-Days-Coding-Challenge/Week 6/2. Actions/ros2_ws/install/action_pkg/share/action_pkg/cmake/action_pkg__rosidl_typesupport_cExport-noconfig.cmake
[11.819s] -- Up-to-date: /home/loye/Desktop/Projects/ROS-100-Days-Coding-Challenge/Week 6/2. Actions/ros2_ws/install/action_pkg/share/action_pkg/cmake/action_pkg__rosidl_generator_cppExport.cmake
[11.819s] -- Up-to-date: /home/loye/Desktop/Projects/ROS-100-Days-Coding-Challenge/Week 6/2. Actions/ros2_ws/install/action_pkg/share/action_pkg/cmake/action_pkg__rosidl_typesupport_introspection_cppExport.cmake
[11.819s] -- Up-to-date: /home/loye/Desktop/Projects/ROS-100-Days-Coding-Challenge/Week 6/2. Actions/ros2_ws/install/action_pkg/share/action_pkg/cmake/action_pkg__rosidl_typesupport_introspection_cppExport-noconfig.cmake
[11.820s] -- Up-to-date: /home/loye/Desktop/Projects/ROS-100-Days-Coding-Challenge/Week 6/2. Actions/ros2_ws/install/action_pkg/share/action_pkg/cmake/action_pkg__rosidl_typesupport_cppExport.cmake
[11.820s] -- Up-to-date: /home/loye/Desktop/Projects/ROS-100-Days-Coding-Challenge/Week 6/2. Actions/ros2_ws/install/action_pkg/share/action_pkg/cmake/action_pkg__rosidl_typesupport_cppExport-noconfig.cmake
[11.821s] -- Up-to-date: /home/loye/Desktop/Projects/ROS-100-Days-Coding-Challenge/Week 6/2. Actions/ros2_ws/install/action_pkg/share/action_pkg/cmake/rosidl_cmake-extras.cmake
[11.821s] -- Up-to-date: /home/loye/Desktop/Projects/ROS-100-Days-Coding-Challenge/Week 6/2. Actions/ros2_ws/install/action_pkg/share/action_pkg/cmake/ament_cmake_export_dependencies-extras.cmake
[11.821s] -- Up-to-date: /home/loye/Desktop/Projects/ROS-100-Days-Coding-Challenge/Week 6/2. Actions/ros2_ws/install/action_pkg/share/action_pkg/cmake/ament_cmake_export_libraries-extras.cmake
[11.822s] -- Up-to-date: /home/loye/Desktop/Projects/ROS-100-Days-Coding-Challenge/Week 6/2. Actions/ros2_ws/install/action_pkg/share/action_pkg/cmake/ament_cmake_export_targets-extras.cmake
[11.822s] -- Up-to-date: /home/loye/Desktop/Projects/ROS-100-Days-Coding-Challenge/Week 6/2. Actions/ros2_ws/install/action_pkg/share/action_pkg/cmake/ament_cmake_export_include_directories-extras.cmake
[11.822s] -- Up-to-date: /home/loye/Desktop/Projects/ROS-100-Days-Coding-Challenge/Week 6/2. Actions/ros2_ws/install/action_pkg/share/action_pkg/cmake/rosidl_cmake_export_typesupport_libraries-extras.cmake
[11.823s] -- Up-to-date: /home/loye/Desktop/Projects/ROS-100-Days-Coding-Challenge/Week 6/2. Actions/ros2_ws/install/action_pkg/share/action_pkg/cmake/rosidl_cmake_export_typesupport_targets-extras.cmake
[11.823s] -- Up-to-date: /home/loye/Desktop/Projects/ROS-100-Days-Coding-Challenge/Week 6/2. Actions/ros2_ws/install/action_pkg/share/action_pkg/cmake/action_pkgConfig.cmake
[11.824s] -- Up-to-date: /home/loye/Desktop/Projects/ROS-100-Days-Coding-Challenge/Week 6/2. Actions/ros2_ws/install/action_pkg/share/action_pkg/cmake/action_pkgConfig-version.cmake
[11.826s] -- Up-to-date: /home/loye/Desktop/Projects/ROS-100-Days-Coding-Challenge/Week 6/2. Actions/ros2_ws/install/action_pkg/share/action_pkg/package.xml
[11.827s] Invoked command in '/home/loye/Desktop/Projects/ROS-100-Days-Coding-Challenge/Week 6/2. Actions/ros2_ws/build/action_pkg' returned '0': CMAKE_PREFIX_PATH=${CMAKE_PREFIX_PATH}:/home/loye/turtlebot3_ws/install/turtlebot3_teleop:/home/loye/turtlebot3_ws/install/turtlebot3_example:/opt/ros/foxy /usr/bin/cmake --install /home/loye/Desktop/Projects/ROS-100-Days-Coding-Challenge/Week 6/2. Actions/ros2_ws/build/action_pkg
