[0.053s] Invoking command in '/home/loye/Desktop/Projects/ROS-100-Days-Coding-Challenge/Week 6/2. Actions/ros2_ws/build/action_pkg': CMAKE_PREFIX_PATH=${CMAKE_PREFIX_PATH}:/home/loye/turtlebot3_ws/install/turtlebot3_teleop:/home/loye/turtlebot3_ws/install/turtlebot3_example:/opt/ros/foxy /usr/bin/cmake --build /home/loye/Desktop/Projects/ROS-100-Days-Coding-Challenge/Week 6/2. Actions/ros2_ws/build/action_pkg -- -j4 -l4
[0.235s] [  3%] Built target action_pkg__cpp
[0.239s] [ 12%] Built target action_pkg__rosidl_generator_c
[0.319s] [ 22%] Built target action_pkg__rosidl_typesupport_cpp
[0.352s] [ 32%] Built target action_pkg__rosidl_typesupport_introspection_cpp
[0.364s] [ 41%] Built target action_pkg__rosidl_typesupport_fastrtps_cpp
[0.427s] [ 51%] Built target action_pkg__rosidl_typesupport_c
[0.430s] [ 61%] Built target action_pkg__rosidl_typesupport_introspection_c
[0.461s] [ 70%] Built target action_pkg__rosidl_typesupport_fastrtps_c
[0.518s] [ 70%] Built target action_pkg
[0.579s] [ 74%] Built target action_pkg__py
[0.659s] [ 80%] Built target action_pkg__python
[0.757s] [ 90%] Built target action_pkg__rosidl_typesupport_introspection_c__pyext
[0.757s] [ 93%] Built target action_pkg__rosidl_typesupport_c__pyext
[0.779s] [100%] Built target action_pkg__rosidl_typesupport_fastrtps_c__pyext
[0.816s] Invoked command in '/home/loye/Desktop/Projects/ROS-100-Days-Coding-Challenge/Week 6/2. Actions/ros2_ws/build/action_pkg' returned '0': CMAKE_PREFIX_PATH=${CMAKE_PREFIX_PATH}:/home/loye/turtlebot3_ws/install/turtlebot3_teleop:/home/loye/turtlebot3_ws/install/turtlebot3_example:/opt/ros/foxy /usr/bin/cmake --build /home/loye/Desktop/Projects/ROS-100-Days-Coding-Challenge/Week 6/2. Actions/ros2_ws/build/action_pkg -- -j4 -l4
[1.075s] Invoking command in '/home/loye/Desktop/Projects/ROS-100-Days-Coding-Challenge/Week 6/2. Actions/ros2_ws/build/action_pkg': CMAKE_PREFIX_PATH=${CMAKE_PREFIX_PATH}:/home/loye/turtlebot3_ws/install/turtlebot3_teleop:/home/loye/turtlebot3_ws/install/turtlebot3_example:/opt/ros/foxy /usr/bin/cmake --install /home/loye/Desktop/Projects/ROS-100-Days-Coding-Challenge/Week 6/2. Actions/ros2_ws/build/action_pkg
[1.097s] -- Install configuration: ""
[1.098s] -- Up-to-date: /home/loye/Desktop/Projects/ROS-100-Days-Coding-Challenge/Week 6/2. Actions/ros2_ws/install/action_pkg/share/ament_index/resource_index/rosidl_interfaces/action_pkg
[1.098s] -- Up-to-date: /home/loye/Desktop/Projects/ROS-100-Days-Coding-Challenge/Week 6/2. Actions/ros2_ws/install/action_pkg/include/action_pkg
[1.098s] -- Up-to-date: /home/loye/Desktop/Projects/ROS-100-Days-Coding-Challenge/Week 6/2. Actions/ros2_ws/install/action_pkg/include/action_pkg/action
[1.099s] -- Up-to-date: /home/loye/Desktop/Projects/ROS-100-Days-Coding-Challenge/Week 6/2. Actions/ros2_ws/install/action_pkg/include/action_pkg/action/move.h
[1.099s] -- Up-to-date: /home/loye/Desktop/Projects/ROS-100-Days-Coding-Challenge/Week 6/2. Actions/ros2_ws/install/action_pkg/include/action_pkg/action/detail
[1.099s] -- Up-to-date: /home/loye/Desktop/Projects/ROS-100-Days-Coding-Challenge/Week 6/2. Actions/ros2_ws/install/action_pkg/include/action_pkg/action/detail/move__type_support.h
[1.100s] -- Up-to-date: /home/loye/Desktop/Projects/ROS-100-Days-Coding-Challenge/Week 6/2. Actions/ros2_ws/install/action_pkg/include/action_pkg/action/detail/move__functions.c
[1.100s] -- Up-to-date: /home/loye/Desktop/Projects/ROS-100-Days-Coding-Challenge/Week 6/2. Actions/ros2_ws/install/action_pkg/include/action_pkg/action/detail/move__struct.h
[1.101s] -- Up-to-date: /home/loye/Desktop/Projects/ROS-100-Days-Coding-Challenge/Week 6/2. Actions/ros2_ws/install/action_pkg/include/action_pkg/action/detail/move__functions.h
[1.101s] -- Up-to-date: /home/loye/Desktop/Projects/ROS-100-Days-Coding-Challenge/Week 6/2. Actions/ros2_ws/install/action_pkg/include/action_pkg/msg
[1.101s] -- Up-to-date: /home/loye/Desktop/Projects/ROS-100-Days-Coding-Challenge/Week 6/2. Actions/ros2_ws/install/action_pkg/include/action_pkg/msg/rosidl_generator_c__visibility_control.h
[1.102s] -- Up-to-date: /home/loye/Desktop/Projects/ROS-100-Days-Coding-Challenge/Week 6/2. Actions/ros2_ws/install/action_pkg/share/action_pkg/environment/library_path.sh
[1.102s] -- Up-to-date: /home/loye/Desktop/Projects/ROS-100-Days-Coding-Challenge/Week 6/2. Actions/ros2_ws/install/action_pkg/share/action_pkg/environment/library_path.dsv
[1.102s] -- Up-to-date: /home/loye/Desktop/Projects/ROS-100-Days-Coding-Challenge/Week 6/2. Actions/ros2_ws/install/action_pkg/lib/libaction_pkg__rosidl_generator_c.so
[1.103s] -- Up-to-date: /home/loye/Desktop/Projects/ROS-100-Days-Coding-Challenge/Week 6/2. Actions/ros2_ws/install/action_pkg/include/action_pkg
[1.103s] -- Up-to-date: /home/loye/Desktop/Projects/ROS-100-Days-Coding-Challenge/Week 6/2. Actions/ros2_ws/install/action_pkg/include/action_pkg/action
[1.110s] -- Up-to-date: /home/loye/Desktop/Projects/ROS-100-Days-Coding-Challenge/Week 6/2. Actions/ros2_ws/install/action_pkg/include/action_pkg/action/detail
[1.111s] -- Up-to-date: /home/loye/Desktop/Projects/ROS-100-Days-Coding-Challenge/Week 6/2. Actions/ros2_ws/install/action_pkg/include/action_pkg/action/detail/move__rosidl_typesupport_fastrtps_c.h
[1.111s] -- Up-to-date: /home/loye/Desktop/Projects/ROS-100-Days-Coding-Challenge/Week 6/2. Actions/ros2_ws/install/action_pkg/include/action_pkg/msg
[1.112s] -- Up-to-date: /home/loye/Desktop/Projects/ROS-100-Days-Coding-Challenge/Week 6/2. Actions/ros2_ws/install/action_pkg/include/action_pkg/msg/rosidl_typesupport_fastrtps_c__visibility_control.h
[1.112s] -- Up-to-date: /home/loye/Desktop/Projects/ROS-100-Days-Coding-Challenge/Week 6/2. Actions/ros2_ws/install/action_pkg/lib/libaction_pkg__rosidl_typesupport_fastrtps_c.so
[1.112s] -- Up-to-date: /home/loye/Desktop/Projects/ROS-100-Days-Coding-Challenge/Week 6/2. Actions/ros2_ws/install/action_pkg/include/action_pkg
[1.113s] -- Up-to-date: /home/loye/Desktop/Projects/ROS-100-Days-Coding-Challenge/Week 6/2. Actions/ros2_ws/install/action_pkg/include/action_pkg/action
[1.113s] -- Up-to-date: /home/loye/Desktop/Projects/ROS-100-Days-Coding-Challenge/Week 6/2. Actions/ros2_ws/install/action_pkg/include/action_pkg/action/detail
[1.113s] -- Up-to-date: /home/loye/Desktop/Projects/ROS-100-Days-Coding-Challenge/Week 6/2. Actions/ros2_ws/install/action_pkg/include/action_pkg/action/detail/dds_fastrtps
[1.114s] -- Up-to-date: /home/loye/Desktop/Projects/ROS-100-Days-Coding-Challenge/Week 6/2. Actions/ros2_ws/install/action_pkg/include/action_pkg/action/detail/move__rosidl_typesupport_fastrtps_cpp.hpp
[1.115s] -- Up-to-date: /home/loye/Desktop/Projects/ROS-100-Days-Coding-Challenge/Week 6/2. Actions/ros2_ws/install/action_pkg/include/action_pkg/msg
[1.115s] -- Up-to-date: /home/loye/Desktop/Projects/ROS-100-Days-Coding-Challenge/Week 6/2. Actions/ros2_ws/install/action_pkg/include/action_pkg/msg/rosidl_typesupport_fastrtps_cpp__visibility_control.h
[1.115s] -- Up-to-date: /home/loye/Desktop/Projects/ROS-100-Days-Coding-Challenge/Week 6/2. Actions/ros2_ws/install/action_pkg/lib/libaction_pkg__rosidl_typesupport_fastrtps_cpp.so
[1.115s] -- Up-to-date: /home/loye/Desktop/Projects/ROS-100-Days-Coding-Challenge/Week 6/2. Actions/ros2_ws/install/action_pkg/include/action_pkg
[1.116s] -- Up-to-date: /home/loye/Desktop/Projects/ROS-100-Days-Coding-Challenge/Week 6/2. Actions/ros2_ws/install/action_pkg/include/action_pkg/action
[1.116s] -- Up-to-date: /home/loye/Desktop/Projects/ROS-100-Days-Coding-Challenge/Week 6/2. Actions/ros2_ws/install/action_pkg/include/action_pkg/action/detail
[1.116s] -- Up-to-date: /home/loye/Desktop/Projects/ROS-100-Days-Coding-Challenge/Week 6/2. Actions/ros2_ws/install/action_pkg/include/action_pkg/action/detail/move__type_support.c
[1.116s] -- Up-to-date: /home/loye/Desktop/Projects/ROS-100-Days-Coding-Challenge/Week 6/2. Actions/ros2_ws/install/action_pkg/include/action_pkg/action/detail/move__rosidl_typesupport_introspection_c.h
[1.117s] -- Up-to-date: /home/loye/Desktop/Projects/ROS-100-Days-Coding-Challenge/Week 6/2. Actions/ros2_ws/install/action_pkg/include/action_pkg/msg
[1.117s] -- Up-to-date: /home/loye/Desktop/Projects/ROS-100-Days-Coding-Challenge/Week 6/2. Actions/ros2_ws/install/action_pkg/include/action_pkg/msg/rosidl_typesupport_introspection_c__visibility_control.h
[1.118s] -- Up-to-date: /home/loye/Desktop/Projects/ROS-100-Days-Coding-Challenge/Week 6/2. Actions/ros2_ws/install/action_pkg/lib/libaction_pkg__rosidl_typesupport_introspection_c.so
[1.118s] -- Up-to-date: /home/loye/Desktop/Projects/ROS-100-Days-Coding-Challenge/Week 6/2. Actions/ros2_ws/install/action_pkg/lib/libaction_pkg__rosidl_typesupport_c.so
[1.119s] -- Up-to-date: /home/loye/Desktop/Projects/ROS-100-Days-Coding-Challenge/Week 6/2. Actions/ros2_ws/install/action_pkg/include/action_pkg
[1.119s] -- Up-to-date: /home/loye/Desktop/Projects/ROS-100-Days-Coding-Challenge/Week 6/2. Actions/ros2_ws/install/action_pkg/include/action_pkg/action
[1.120s] -- Up-to-date: /home/loye/Desktop/Projects/ROS-100-Days-Coding-Challenge/Week 6/2. Actions/ros2_ws/install/action_pkg/include/action_pkg/action/move.hpp
[1.123s] -- Up-to-date: /home/loye/Desktop/Projects/ROS-100-Days-Coding-Challenge/Week 6/2. Actions/ros2_ws/install/action_pkg/include/action_pkg/action/detail
[1.123s] -- Up-to-date: /home/loye/Desktop/Projects/ROS-100-Days-Coding-Challenge/Week 6/2. Actions/ros2_ws/install/action_pkg/include/action_pkg/action/detail/move__struct.hpp
[1.128s] -- Up-to-date: /home/loye/Desktop/Projects/ROS-100-Days-Coding-Challenge/Week 6/2. Actions/ros2_ws/install/action_pkg/include/action_pkg/action/detail/move__traits.hpp
[1.128s] -- Up-to-date: /home/loye/Desktop/Projects/ROS-100-Days-Coding-Challenge/Week 6/2. Actions/ros2_ws/install/action_pkg/include/action_pkg/action/detail/move__builder.hpp
[1.129s] -- Up-to-date: /home/loye/Desktop/Projects/ROS-100-Days-Coding-Challenge/Week 6/2. Actions/ros2_ws/install/action_pkg/include/action_pkg
[1.129s] -- Up-to-date: /home/loye/Desktop/Projects/ROS-100-Days-Coding-Challenge/Week 6/2. Actions/ros2_ws/install/action_pkg/include/action_pkg/action
[1.129s] -- Up-to-date: /home/loye/Desktop/Projects/ROS-100-Days-Coding-Challenge/Week 6/2. Actions/ros2_ws/install/action_pkg/include/action_pkg/action/detail
[1.129s] -- Up-to-date: /home/loye/Desktop/Projects/ROS-100-Days-Coding-Challenge/Week 6/2. Actions/ros2_ws/install/action_pkg/include/action_pkg/action/detail/move__rosidl_typesupport_introspection_cpp.hpp
[1.129s] -- Up-to-date: /home/loye/Desktop/Projects/ROS-100-Days-Coding-Challenge/Week 6/2. Actions/ros2_ws/install/action_pkg/include/action_pkg/action/detail/move__type_support.cpp
[1.130s] -- Up-to-date: /home/loye/Desktop/Projects/ROS-100-Days-Coding-Challenge/Week 6/2. Actions/ros2_ws/install/action_pkg/lib/libaction_pkg__rosidl_typesupport_introspection_cpp.so
[1.130s] -- Up-to-date: /home/loye/Desktop/Projects/ROS-100-Days-Coding-Challenge/Week 6/2. Actions/ros2_ws/install/action_pkg/lib/libaction_pkg__rosidl_typesupport_cpp.so
[1.130s] -- Up-to-date: /home/loye/Desktop/Projects/ROS-100-Days-Coding-Challenge/Week 6/2. Actions/ros2_ws/install/action_pkg/share/action_pkg/environment/pythonpath.sh
[1.130s] -- Up-to-date: /home/loye/Desktop/Projects/ROS-100-Days-Coding-Challenge/Week 6/2. Actions/ros2_ws/install/action_pkg/share/action_pkg/environment/pythonpath.dsv
[1.130s] -- Installing: /home/loye/Desktop/Projects/ROS-100-Days-Coding-Challenge/Week 6/2. Actions/ros2_ws/install/action_pkg/lib/python3.8/site-packages/action_pkg/__init__.py
[1.241s] Compiling '/home/loye/Desktop/Projects/ROS-100-Days-Coding-Challenge/Week 6/2. Actions/ros2_ws/install/action_pkg/lib/python3.8/site-packages/action_pkg/__init__.py'...
[1.255s] -- Up-to-date: /home/loye/Desktop/Projects/ROS-100-Days-Coding-Challenge/Week 6/2. Actions/ros2_ws/install/action_pkg/lib/python3.8/site-packages/action_pkg/action
[1.256s] -- Up-to-date: /home/loye/Desktop/Projects/ROS-100-Days-Coding-Challenge/Week 6/2. Actions/ros2_ws/install/action_pkg/lib/python3.8/site-packages/action_pkg/action/_move_s.c
[1.257s] -- Up-to-date: /home/loye/Desktop/Projects/ROS-100-Days-Coding-Challenge/Week 6/2. Actions/ros2_ws/install/action_pkg/lib/python3.8/site-packages/action_pkg/action/__init__.py
[1.257s] -- Up-to-date: /home/loye/Desktop/Projects/ROS-100-Days-Coding-Challenge/Week 6/2. Actions/ros2_ws/install/action_pkg/lib/python3.8/site-packages/action_pkg/action/_move.py
[1.258s] -- Up-to-date: /home/loye/Desktop/Projects/ROS-100-Days-Coding-Challenge/Week 6/2. Actions/ros2_ws/install/action_pkg/lib/python3.8/site-packages/action_pkg/action_pkg_s__rosidl_typesupport_fastrtps_c.cpython-38-x86_64-linux-gnu.so
[1.260s] -- Up-to-date: /home/loye/Desktop/Projects/ROS-100-Days-Coding-Challenge/Week 6/2. Actions/ros2_ws/install/action_pkg/lib/python3.8/site-packages/action_pkg/action_pkg_s__rosidl_typesupport_introspection_c.cpython-38-x86_64-linux-gnu.so
[1.261s] -- Up-to-date: /home/loye/Desktop/Projects/ROS-100-Days-Coding-Challenge/Week 6/2. Actions/ros2_ws/install/action_pkg/lib/python3.8/site-packages/action_pkg/action_pkg_s__rosidl_typesupport_c.cpython-38-x86_64-linux-gnu.so
[1.263s] -- Up-to-date: /home/loye/Desktop/Projects/ROS-100-Days-Coding-Challenge/Week 6/2. Actions/ros2_ws/install/action_pkg/lib/libaction_pkg__python.so
[1.265s] -- Up-to-date: /home/loye/Desktop/Projects/ROS-100-Days-Coding-Challenge/Week 6/2. Actions/ros2_ws/install/action_pkg/share/action_pkg/action/Move.idl
[1.265s] -- Up-to-date: /home/loye/Desktop/Projects/ROS-100-Days-Coding-Challenge/Week 6/2. Actions/ros2_ws/install/action_pkg/share/action_pkg/action/Move.action
[1.266s] -- Up-to-date: /home/loye/Desktop/Projects/ROS-100-Days-Coding-Challenge/Week 6/2. Actions/ros2_ws/install/action_pkg/lib/python3.8/site-packages/action_pkg
[1.267s] -- Up-to-date: /home/loye/Desktop/Projects/ROS-100-Days-Coding-Challenge/Week 6/2. Actions/ros2_ws/install/action_pkg/lib/python3.8/site-packages/action_pkg/module_to_import.py
[1.268s] -- Installing: /home/loye/Desktop/Projects/ROS-100-Days-Coding-Challenge/Week 6/2. Actions/ros2_ws/install/action_pkg/lib/python3.8/site-packages/action_pkg/__init__.py
[1.359s] Listing '/home/loye/Desktop/Projects/ROS-100-Days-Coding-Challenge/Week 6/2. Actions/ros2_ws/install/action_pkg/lib/python3.8/site-packages/action_pkg'...
[1.360s] Compiling '/home/loye/Desktop/Projects/ROS-100-Days-Coding-Challenge/Week 6/2. Actions/ros2_ws/install/action_pkg/lib/python3.8/site-packages/action_pkg/__init__.py'...
[1.360s] Listing '/home/loye/Desktop/Projects/ROS-100-Days-Coding-Challenge/Week 6/2. Actions/ros2_ws/install/action_pkg/lib/python3.8/site-packages/action_pkg/action'...
[1.373s] -- Up-to-date: /home/loye/Desktop/Projects/ROS-100-Days-Coding-Challenge/Week 6/2. Actions/ros2_ws/install/action_pkg/lib/action_pkg/move_action.py
[1.373s] -- Installing: /home/loye/Desktop/Projects/ROS-100-Days-Coding-Challenge/Week 6/2. Actions/ros2_ws/install/action_pkg/lib/action_pkg/move_action_cli.py
[1.374s] -- Up-to-date: /home/loye/Desktop/Projects/ROS-100-Days-Coding-Challenge/Week 6/2. Actions/ros2_ws/install/action_pkg/share/ament_index/resource_index/package_run_dependencies/action_pkg
[1.375s] -- Up-to-date: /home/loye/Desktop/Projects/ROS-100-Days-Coding-Challenge/Week 6/2. Actions/ros2_ws/install/action_pkg/share/ament_index/resource_index/parent_prefix_path/action_pkg
[1.375s] -- Up-to-date: /home/loye/Desktop/Projects/ROS-100-Days-Coding-Challenge/Week 6/2. Actions/ros2_ws/install/action_pkg/share/action_pkg/environment/ament_prefix_path.sh
[1.376s] -- Up-to-date: /home/loye/Desktop/Projects/ROS-100-Days-Coding-Challenge/Week 6/2. Actions/ros2_ws/install/action_pkg/share/action_pkg/environment/ament_prefix_path.dsv
[1.376s] -- Up-to-date: /home/loye/Desktop/Projects/ROS-100-Days-Coding-Challenge/Week 6/2. Actions/ros2_ws/install/action_pkg/share/action_pkg/environment/path.sh
[1.376s] -- Up-to-date: /home/loye/Desktop/Projects/ROS-100-Days-Coding-Challenge/Week 6/2. Actions/ros2_ws/install/action_pkg/share/action_pkg/environment/path.dsv
[1.377s] -- Up-to-date: /home/loye/Desktop/Projects/ROS-100-Days-Coding-Challenge/Week 6/2. Actions/ros2_ws/install/action_pkg/share/action_pkg/local_setup.bash
[1.377s] -- Up-to-date: /home/loye/Desktop/Projects/ROS-100-Days-Coding-Challenge/Week 6/2. Actions/ros2_ws/install/action_pkg/share/action_pkg/local_setup.sh
[1.378s] -- Up-to-date: /home/loye/Desktop/Projects/ROS-100-Days-Coding-Challenge/Week 6/2. Actions/ros2_ws/install/action_pkg/share/action_pkg/local_setup.zsh
[1.378s] -- Up-to-date: /home/loye/Desktop/Projects/ROS-100-Days-Coding-Challenge/Week 6/2. Actions/ros2_ws/install/action_pkg/share/action_pkg/local_setup.dsv
[1.379s] -- Installing: /home/loye/Desktop/Projects/ROS-100-Days-Coding-Challenge/Week 6/2. Actions/ros2_ws/install/action_pkg/share/action_pkg/package.dsv
[1.380s] -- Up-to-date: /home/loye/Desktop/Projects/ROS-100-Days-Coding-Challenge/Week 6/2. Actions/ros2_ws/install/action_pkg/share/ament_index/resource_index/packages/action_pkg
[1.381s] -- Up-to-date: /home/loye/Desktop/Projects/ROS-100-Days-Coding-Challenge/Week 6/2. Actions/ros2_ws/install/action_pkg/share/action_pkg/cmake/action_pkg__rosidl_generator_cExport.cmake
[1.381s] -- Up-to-date: /home/loye/Desktop/Projects/ROS-100-Days-Coding-Challenge/Week 6/2. Actions/ros2_ws/install/action_pkg/share/action_pkg/cmake/action_pkg__rosidl_generator_cExport-noconfig.cmake
[1.382s] -- Up-to-date: /home/loye/Desktop/Projects/ROS-100-Days-Coding-Challenge/Week 6/2. Actions/ros2_ws/install/action_pkg/share/action_pkg/cmake/action_pkg__rosidl_typesupport_introspection_cExport.cmake
[1.382s] -- Up-to-date: /home/loye/Desktop/Projects/ROS-100-Days-Coding-Challenge/Week 6/2. Actions/ros2_ws/install/action_pkg/share/action_pkg/cmake/action_pkg__rosidl_typesupport_introspection_cExport-noconfig.cmake
[1.383s] -- Up-to-date: /home/loye/Desktop/Projects/ROS-100-Days-Coding-Challenge/Week 6/2. Actions/ros2_ws/install/action_pkg/share/action_pkg/cmake/action_pkg__rosidl_typesupport_cExport.cmake
[1.384s] -- Up-to-date: /home/loye/Desktop/Projects/ROS-100-Days-Coding-Challenge/Week 6/2. Actions/ros2_ws/install/action_pkg/share/action_pkg/cmake/action_pkg__rosidl_typesupport_cExport-noconfig.cmake
[1.384s] -- Up-to-date: /home/loye/Desktop/Projects/ROS-100-Days-Coding-Challenge/Week 6/2. Actions/ros2_ws/install/action_pkg/share/action_pkg/cmake/action_pkg__rosidl_generator_cppExport.cmake
[1.385s] -- Up-to-date: /home/loye/Desktop/Projects/ROS-100-Days-Coding-Challenge/Week 6/2. Actions/ros2_ws/install/action_pkg/share/action_pkg/cmake/action_pkg__rosidl_typesupport_introspection_cppExport.cmake
[1.385s] -- Up-to-date: /home/loye/Desktop/Projects/ROS-100-Days-Coding-Challenge/Week 6/2. Actions/ros2_ws/install/action_pkg/share/action_pkg/cmake/action_pkg__rosidl_typesupport_introspection_cppExport-noconfig.cmake
[1.386s] -- Up-to-date: /home/loye/Desktop/Projects/ROS-100-Days-Coding-Challenge/Week 6/2. Actions/ros2_ws/install/action_pkg/share/action_pkg/cmake/action_pkg__rosidl_typesupport_cppExport.cmake
[1.386s] -- Up-to-date: /home/loye/Desktop/Projects/ROS-100-Days-Coding-Challenge/Week 6/2. Actions/ros2_ws/install/action_pkg/share/action_pkg/cmake/action_pkg__rosidl_typesupport_cppExport-noconfig.cmake
[1.387s] -- Up-to-date: /home/loye/Desktop/Projects/ROS-100-Days-Coding-Challenge/Week 6/2. Actions/ros2_ws/install/action_pkg/share/action_pkg/cmake/rosidl_cmake-extras.cmake
[1.387s] -- Up-to-date: /home/loye/Desktop/Projects/ROS-100-Days-Coding-Challenge/Week 6/2. Actions/ros2_ws/install/action_pkg/share/action_pkg/cmake/ament_cmake_export_dependencies-extras.cmake
[1.387s] -- Up-to-date: /home/loye/Desktop/Projects/ROS-100-Days-Coding-Challenge/Week 6/2. Actions/ros2_ws/install/action_pkg/share/action_pkg/cmake/ament_cmake_export_libraries-extras.cmake
[1.388s] -- Up-to-date: /home/loye/Desktop/Projects/ROS-100-Days-Coding-Challenge/Week 6/2. Actions/ros2_ws/install/action_pkg/share/action_pkg/cmake/ament_cmake_export_targets-extras.cmake
[1.388s] -- Up-to-date: /home/loye/Desktop/Projects/ROS-100-Days-Coding-Challenge/Week 6/2. Actions/ros2_ws/install/action_pkg/share/action_pkg/cmake/ament_cmake_export_include_directories-extras.cmake
[1.389s] -- Up-to-date: /home/loye/Desktop/Projects/ROS-100-Days-Coding-Challenge/Week 6/2. Actions/ros2_ws/install/action_pkg/share/action_pkg/cmake/rosidl_cmake_export_typesupport_libraries-extras.cmake
[1.389s] -- Up-to-date: /home/loye/Desktop/Projects/ROS-100-Days-Coding-Challenge/Week 6/2. Actions/ros2_ws/install/action_pkg/share/action_pkg/cmake/rosidl_cmake_export_typesupport_targets-extras.cmake
[1.389s] -- Up-to-date: /home/loye/Desktop/Projects/ROS-100-Days-Coding-Challenge/Week 6/2. Actions/ros2_ws/install/action_pkg/share/action_pkg/cmake/action_pkgConfig.cmake
[1.390s] -- Up-to-date: /home/loye/Desktop/Projects/ROS-100-Days-Coding-Challenge/Week 6/2. Actions/ros2_ws/install/action_pkg/share/action_pkg/cmake/action_pkgConfig-version.cmake
[1.390s] -- Up-to-date: /home/loye/Desktop/Projects/ROS-100-Days-Coding-Challenge/Week 6/2. Actions/ros2_ws/install/action_pkg/share/action_pkg/package.xml
[1.403s] Invoked command in '/home/loye/Desktop/Projects/ROS-100-Days-Coding-Challenge/Week 6/2. Actions/ros2_ws/build/action_pkg' returned '0': CMAKE_PREFIX_PATH=${CMAKE_PREFIX_PATH}:/home/loye/turtlebot3_ws/install/turtlebot3_teleop:/home/loye/turtlebot3_ws/install/turtlebot3_example:/opt/ros/foxy /usr/bin/cmake --install /home/loye/Desktop/Projects/ROS-100-Days-Coding-Challenge/Week 6/2. Actions/ros2_ws/build/action_pkg
