[0.044s] Invoking command in '/home/loye/Desktop/Projects/ROS-100-Days-Coding-Challenge/Week 6/1. ROS Launch/ros2_ws/build/turtle_controller': CMAKE_PREFIX_PATH=/opt/ros/foxy /usr/bin/cmake --build /home/loye/Desktop/Projects/ROS-100-Days-Coding-Challenge/Week 6/1. ROS Launch/ros2_ws/build/turtle_controller -- -j4 -l4
[0.284s] [35m[1mScanning dependencies of target move_turtle[0m
[0.438s] [ 50%] Built target avoid_wall
[0.440s] [ 75%] [32mBuilding CXX object CMakeFiles/move_turtle.dir/src/move_turtle.cpp.o[0m
[14.588s] [100%] [32m[1mLinking CXX executable move_turtle[0m
[15.572s] [100%] Built target move_turtle
[15.604s] Invoked command in '/home/loye/Desktop/Projects/ROS-100-Days-Coding-Challenge/Week 6/1. ROS Launch/ros2_ws/build/turtle_controller' returned '0': CMAKE_PREFIX_PATH=/opt/ros/foxy /usr/bin/cmake --build /home/loye/Desktop/Projects/ROS-100-Days-Coding-Challenge/Week 6/1. ROS Launch/ros2_ws/build/turtle_controller -- -j4 -l4
[15.726s] Invoking command in '/home/loye/Desktop/Projects/ROS-100-Days-Coding-Challenge/Week 6/1. ROS Launch/ros2_ws/build/turtle_controller': CMAKE_PREFIX_PATH=/opt/ros/foxy /usr/bin/cmake --install /home/loye/Desktop/Projects/ROS-100-Days-Coding-Challenge/Week 6/1. ROS Launch/ros2_ws/build/turtle_controller
[15.749s] -- Install configuration: ""
[15.749s] -- Up-to-date: /home/loye/Desktop/Projects/ROS-100-Days-Coding-Challenge/Week 6/1. ROS Launch/ros2_ws/install/turtle_controller/lib/turtle_controller/avoid_wall
[15.750s] -- Installing: /home/loye/Desktop/Projects/ROS-100-Days-Coding-Challenge/Week 6/1. ROS Launch/ros2_ws/install/turtle_controller/lib/turtle_controller/move_turtle
[15.757s] -- Set runtime path of "/home/loye/Desktop/Projects/ROS-100-Days-Coding-Challenge/Week 6/1. ROS Launch/ros2_ws/install/turtle_controller/lib/turtle_controller/move_turtle" to ""
[15.758s] -- Up-to-date: /home/loye/Desktop/Projects/ROS-100-Days-Coding-Challenge/Week 6/1. ROS Launch/ros2_ws/install/turtle_controller/share/turtle_controller/environment/pythonpath.sh
[15.758s] -- Up-to-date: /home/loye/Desktop/Projects/ROS-100-Days-Coding-Challenge/Week 6/1. ROS Launch/ros2_ws/install/turtle_controller/share/turtle_controller/environment/pythonpath.dsv
[15.758s] -- Up-to-date: /home/loye/Desktop/Projects/ROS-100-Days-Coding-Challenge/Week 6/1. ROS Launch/ros2_ws/install/turtle_controller/lib/python3.8/site-packages/turtle_controller
[15.758s] -- Up-to-date: /home/loye/Desktop/Projects/ROS-100-Days-Coding-Challenge/Week 6/1. ROS Launch/ros2_ws/install/turtle_controller/lib/python3.8/site-packages/turtle_controller/module_to_import.py
[15.759s] -- Up-to-date: /home/loye/Desktop/Projects/ROS-100-Days-Coding-Challenge/Week 6/1. ROS Launch/ros2_ws/install/turtle_controller/lib/python3.8/site-packages/turtle_controller/__init__.py
[15.836s] Listing '/home/loye/Desktop/Projects/ROS-100-Days-Coding-Challenge/Week 6/1. ROS Launch/ros2_ws/install/turtle_controller/lib/python3.8/site-packages/turtle_controller'...
[15.846s] -- Up-to-date: /home/loye/Desktop/Projects/ROS-100-Days-Coding-Challenge/Week 6/1. ROS Launch/ros2_ws/install/turtle_controller/lib/turtle_controller/move_linear.py
[15.846s] -- Up-to-date: /home/loye/Desktop/Projects/ROS-100-Days-Coding-Challenge/Week 6/1. ROS Launch/ros2_ws/install/turtle_controller/share/turtle_controller/launch
[15.846s] -- Up-to-date: /home/loye/Desktop/Projects/ROS-100-Days-Coding-Challenge/Week 6/1. ROS Launch/ros2_ws/install/turtle_controller/share/turtle_controller/launch/turtle_controller.launch.py
[15.847s] -- Up-to-date: /home/loye/Desktop/Projects/ROS-100-Days-Coding-Challenge/Week 6/1. ROS Launch/ros2_ws/install/turtle_controller/share/ament_index/resource_index/package_run_dependencies/turtle_controller
[15.847s] -- Up-to-date: /home/loye/Desktop/Projects/ROS-100-Days-Coding-Challenge/Week 6/1. ROS Launch/ros2_ws/install/turtle_controller/share/ament_index/resource_index/parent_prefix_path/turtle_controller
[15.847s] -- Up-to-date: /home/loye/Desktop/Projects/ROS-100-Days-Coding-Challenge/Week 6/1. ROS Launch/ros2_ws/install/turtle_controller/share/turtle_controller/environment/ament_prefix_path.sh
[15.848s] -- Up-to-date: /home/loye/Desktop/Projects/ROS-100-Days-Coding-Challenge/Week 6/1. ROS Launch/ros2_ws/install/turtle_controller/share/turtle_controller/environment/ament_prefix_path.dsv
[15.848s] -- Up-to-date: /home/loye/Desktop/Projects/ROS-100-Days-Coding-Challenge/Week 6/1. ROS Launch/ros2_ws/install/turtle_controller/share/turtle_controller/environment/path.sh
[15.849s] -- Up-to-date: /home/loye/Desktop/Projects/ROS-100-Days-Coding-Challenge/Week 6/1. ROS Launch/ros2_ws/install/turtle_controller/share/turtle_controller/environment/path.dsv
[15.849s] -- Up-to-date: /home/loye/Desktop/Projects/ROS-100-Days-Coding-Challenge/Week 6/1. ROS Launch/ros2_ws/install/turtle_controller/share/turtle_controller/local_setup.bash
[15.849s] -- Up-to-date: /home/loye/Desktop/Projects/ROS-100-Days-Coding-Challenge/Week 6/1. ROS Launch/ros2_ws/install/turtle_controller/share/turtle_controller/local_setup.sh
[15.850s] -- Up-to-date: /home/loye/Desktop/Projects/ROS-100-Days-Coding-Challenge/Week 6/1. ROS Launch/ros2_ws/install/turtle_controller/share/turtle_controller/local_setup.zsh
[15.850s] -- Up-to-date: /home/loye/Desktop/Projects/ROS-100-Days-Coding-Challenge/Week 6/1. ROS Launch/ros2_ws/install/turtle_controller/share/turtle_controller/local_setup.dsv
[15.850s] -- Installing: /home/loye/Desktop/Projects/ROS-100-Days-Coding-Challenge/Week 6/1. ROS Launch/ros2_ws/install/turtle_controller/share/turtle_controller/package.dsv
[15.850s] -- Up-to-date: /home/loye/Desktop/Projects/ROS-100-Days-Coding-Challenge/Week 6/1. ROS Launch/ros2_ws/install/turtle_controller/share/ament_index/resource_index/packages/turtle_controller
[15.850s] -- Up-to-date: /home/loye/Desktop/Projects/ROS-100-Days-Coding-Challenge/Week 6/1. ROS Launch/ros2_ws/install/turtle_controller/share/turtle_controller/cmake/turtle_controllerConfig.cmake
[15.851s] -- Up-to-date: /home/loye/Desktop/Projects/ROS-100-Days-Coding-Challenge/Week 6/1. ROS Launch/ros2_ws/install/turtle_controller/share/turtle_controller/cmake/turtle_controllerConfig-version.cmake
[15.851s] -- Up-to-date: /home/loye/Desktop/Projects/ROS-100-Days-Coding-Challenge/Week 6/1. ROS Launch/ros2_ws/install/turtle_controller/share/turtle_controller/package.xml
[15.858s] Invoked command in '/home/loye/Desktop/Projects/ROS-100-Days-Coding-Challenge/Week 6/1. ROS Launch/ros2_ws/build/turtle_controller' returned '0': CMAKE_PREFIX_PATH=/opt/ros/foxy /usr/bin/cmake --install /home/loye/Desktop/Projects/ROS-100-Days-Coding-Challenge/Week 6/1. ROS Launch/ros2_ws/build/turtle_controller
