[0.383s] DEBUG:colcon:Command line arguments: ['/usr/bin/colcon', 'build']
[0.383s] DEBUG:colcon:Parsed command line arguments: Namespace(allow_overriding=[], ament_cmake_args=None, base_paths=['.'], build_base='build', catkin_cmake_args=None, catkin_skip_building_tests=False, cmake_args=None, cmake_clean_cache=False, cmake_clean_first=False, cmake_force_configure=False, cmake_target=None, cmake_target_skip_unavailable=False, continue_on_error=False, event_handlers=None, executor='parallel', ignore_user_meta=False, install_base='install', log_base=None, log_level=None, main=<bound method BuildVerb.main of <colcon_core.verb.build.BuildVerb object at 0x7f2cce046760>>, merge_install=False, metas=['./colcon.meta'], packages_above=None, packages_above_and_dependencies=None, packages_above_depth=None, packages_end=None, packages_ignore=None, packages_ignore_regex=None, packages_select=None, packages_select_build_failed=False, packages_select_by_dep=None, packages_select_regex=None, packages_select_test_failures=False, packages_skip=None, packages_skip_build_finished=False, packages_skip_by_dep=None, packages_skip_regex=None, packages_skip_test_passed=False, packages_skip_up_to=None, packages_start=None, packages_up_to=None, packages_up_to_regex=None, parallel_workers=4, paths=None, symlink_install=False, test_result_base=None, verb_extension=<colcon_core.verb.build.BuildVerb object at 0x7f2cce046760>, verb_name='build', verb_parser=<colcon_defaults.argument_parser.defaults.DefaultArgumentsDecorator object at 0x7f2cce046ca0>)
[0.439s] Level 1:colcon.colcon_core.package_discovery:discover_packages(colcon_meta) check parameters
[0.439s] Level 1:colcon.colcon_core.package_discovery:discover_packages(recursive) check parameters
[0.439s] Level 1:colcon.colcon_core.package_discovery:discover_packages(ignore) check parameters
[0.439s] Level 1:colcon.colcon_core.package_discovery:discover_packages(path) check parameters
[0.439s] Level 1:colcon.colcon_core.package_discovery:discover_packages(colcon_meta) discover
[0.440s] Level 1:colcon.colcon_core.package_discovery:discover_packages(recursive) discover
[0.440s] INFO:colcon.colcon_core.package_discovery:Crawling recursively for packages in '/home/loye/Desktop/Projects/ROS-100-Days-Coding-Challenge/Week 6/4. Catch Me/ros2_ws'
[0.440s] Level 1:colcon.colcon_core.package_identification:_identify(.) by extensions ['ignore', 'ignore_ament_install']
[0.440s] Level 1:colcon.colcon_core.package_identification:_identify(.) by extension 'ignore'
[0.440s] Level 1:colcon.colcon_core.package_identification:_identify(.) by extension 'ignore_ament_install'
[0.441s] Level 1:colcon.colcon_core.package_identification:_identify(.) by extensions ['colcon_pkg']
[0.441s] Level 1:colcon.colcon_core.package_identification:_identify(.) by extension 'colcon_pkg'
[0.441s] Level 1:colcon.colcon_core.package_identification:_identify(.) by extensions ['colcon_meta']
[0.441s] Level 1:colcon.colcon_core.package_identification:_identify(.) by extension 'colcon_meta'
[0.441s] Level 1:colcon.colcon_core.package_identification:_identify(.) by extensions ['ros']
[0.441s] Level 1:colcon.colcon_core.package_identification:_identify(.) by extension 'ros'
[0.472s] Level 1:colcon.colcon_core.package_identification:_identify(.) by extensions ['cmake', 'python']
[0.472s] Level 1:colcon.colcon_core.package_identification:_identify(.) by extension 'cmake'
[0.473s] Level 1:colcon.colcon_core.package_identification:_identify(.) by extension 'python'
[0.473s] Level 1:colcon.colcon_core.package_identification:_identify(.) by extensions ['python_setup_py']
[0.473s] Level 1:colcon.colcon_core.package_identification:_identify(.) by extension 'python_setup_py'
[0.473s] Level 1:colcon.colcon_core.package_identification:_identify(build) by extensions ['ignore', 'ignore_ament_install']
[0.473s] Level 1:colcon.colcon_core.package_identification:_identify(build) by extension 'ignore'
[0.473s] Level 1:colcon.colcon_core.package_identification:_identify(build) ignored
[0.474s] Level 1:colcon.colcon_core.package_identification:_identify(install) by extensions ['ignore', 'ignore_ament_install']
[0.474s] Level 1:colcon.colcon_core.package_identification:_identify(install) by extension 'ignore'
[0.474s] Level 1:colcon.colcon_core.package_identification:_identify(install) ignored
[0.474s] Level 1:colcon.colcon_core.package_identification:_identify(log) by extensions ['ignore', 'ignore_ament_install']
[0.475s] Level 1:colcon.colcon_core.package_identification:_identify(log) by extension 'ignore'
[0.475s] Level 1:colcon.colcon_core.package_identification:_identify(log) ignored
[0.475s] Level 1:colcon.colcon_core.package_identification:_identify(src) by extensions ['ignore', 'ignore_ament_install']
[0.475s] Level 1:colcon.colcon_core.package_identification:_identify(src) by extension 'ignore'
[0.475s] Level 1:colcon.colcon_core.package_identification:_identify(src) by extension 'ignore_ament_install'
[0.475s] Level 1:colcon.colcon_core.package_identification:_identify(src) by extensions ['colcon_pkg']
[0.475s] Level 1:colcon.colcon_core.package_identification:_identify(src) by extension 'colcon_pkg'
[0.476s] Level 1:colcon.colcon_core.package_identification:_identify(src) by extensions ['colcon_meta']
[0.476s] Level 1:colcon.colcon_core.package_identification:_identify(src) by extension 'colcon_meta'
[0.476s] Level 1:colcon.colcon_core.package_identification:_identify(src) by extensions ['ros']
[0.476s] Level 1:colcon.colcon_core.package_identification:_identify(src) by extension 'ros'
[0.476s] Level 1:colcon.colcon_core.package_identification:_identify(src) by extensions ['cmake', 'python']
[0.476s] Level 1:colcon.colcon_core.package_identification:_identify(src) by extension 'cmake'
[0.476s] Level 1:colcon.colcon_core.package_identification:_identify(src) by extension 'python'
[0.477s] Level 1:colcon.colcon_core.package_identification:_identify(src) by extensions ['python_setup_py']
[0.477s] Level 1:colcon.colcon_core.package_identification:_identify(src) by extension 'python_setup_py'
[0.477s] Level 1:colcon.colcon_core.package_identification:_identify(src/catch_turtle) by extensions ['ignore', 'ignore_ament_install']
[0.477s] Level 1:colcon.colcon_core.package_identification:_identify(src/catch_turtle) by extension 'ignore'
[0.477s] Level 1:colcon.colcon_core.package_identification:_identify(src/catch_turtle) by extension 'ignore_ament_install'
[0.477s] Level 1:colcon.colcon_core.package_identification:_identify(src/catch_turtle) by extensions ['colcon_pkg']
[0.477s] Level 1:colcon.colcon_core.package_identification:_identify(src/catch_turtle) by extension 'colcon_pkg'
[0.477s] Level 1:colcon.colcon_core.package_identification:_identify(src/catch_turtle) by extensions ['colcon_meta']
[0.477s] Level 1:colcon.colcon_core.package_identification:_identify(src/catch_turtle) by extension 'colcon_meta'
[0.478s] Level 1:colcon.colcon_core.package_identification:_identify(src/catch_turtle) by extensions ['ros']
[0.478s] Level 1:colcon.colcon_core.package_identification:_identify(src/catch_turtle) by extension 'ros'
[0.484s] DEBUG:colcon.colcon_core.package_identification:Package 'src/catch_turtle' with type 'ros.ament_cmake' and name 'catch_turtle'
[0.484s] Level 1:colcon.colcon_core.package_discovery:discover_packages(recursive) using defaults
[0.484s] Level 1:colcon.colcon_core.package_discovery:discover_packages(ignore) discover
[0.484s] Level 1:colcon.colcon_core.package_discovery:discover_packages(ignore) using defaults
[0.484s] Level 1:colcon.colcon_core.package_discovery:discover_packages(path) discover
[0.484s] Level 1:colcon.colcon_core.package_discovery:discover_packages(path) using defaults
[0.553s] Level 1:colcon.colcon_core.package_discovery:discover_packages(prefix_path) check parameters
[0.553s] Level 1:colcon.colcon_core.package_discovery:discover_packages(prefix_path) discover
[0.559s] DEBUG:colcon.colcon_installed_package_information.package_discovery:Found 1 installed packages in /home/loye/Desktop/Projects/ROS-100-Days-Coding-Challenge/Week 6/4. Catch Me/ros2_ws/install
[0.564s] DEBUG:colcon.colcon_installed_package_information.package_discovery:Found 263 installed packages in /opt/ros/foxy
[0.569s] Level 1:colcon.colcon_core.package_discovery:discover_packages(prefix_path) using defaults
[0.753s] Level 5:colcon.colcon_core.verb:set package 'catch_turtle' build argument 'cmake_args' from command line to 'None'
[0.753s] Level 5:colcon.colcon_core.verb:set package 'catch_turtle' build argument 'cmake_target' from command line to 'None'
[0.753s] Level 5:colcon.colcon_core.verb:set package 'catch_turtle' build argument 'cmake_target_skip_unavailable' from command line to 'False'
[0.753s] Level 5:colcon.colcon_core.verb:set package 'catch_turtle' build argument 'cmake_clean_cache' from command line to 'False'
[0.753s] Level 5:colcon.colcon_core.verb:set package 'catch_turtle' build argument 'cmake_clean_first' from command line to 'False'
[0.753s] Level 5:colcon.colcon_core.verb:set package 'catch_turtle' build argument 'cmake_force_configure' from command line to 'False'
[0.753s] Level 5:colcon.colcon_core.verb:set package 'catch_turtle' build argument 'ament_cmake_args' from command line to 'None'
[0.753s] Level 5:colcon.colcon_core.verb:set package 'catch_turtle' build argument 'catkin_cmake_args' from command line to 'None'
[0.754s] Level 5:colcon.colcon_core.verb:set package 'catch_turtle' build argument 'catkin_skip_building_tests' from command line to 'False'
[0.754s] DEBUG:colcon.colcon_core.verb:Building package 'catch_turtle' with the following arguments: {'ament_cmake_args': None, 'build_base': '/home/loye/Desktop/Projects/ROS-100-Days-Coding-Challenge/Week 6/4. Catch Me/ros2_ws/build/catch_turtle', 'catkin_cmake_args': None, 'catkin_skip_building_tests': False, 'cmake_args': None, 'cmake_clean_cache': False, 'cmake_clean_first': False, 'cmake_force_configure': False, 'cmake_target': None, 'cmake_target_skip_unavailable': False, 'install_base': '/home/loye/Desktop/Projects/ROS-100-Days-Coding-Challenge/Week 6/4. Catch Me/ros2_ws/install/catch_turtle', 'merge_install': False, 'path': '/home/loye/Desktop/Projects/ROS-100-Days-Coding-Challenge/Week 6/4. Catch Me/ros2_ws/src/catch_turtle', 'symlink_install': False, 'test_result_base': None}
[0.756s] INFO:colcon.colcon_core.executor:Executing jobs using 'parallel' executor
[0.767s] DEBUG:colcon.colcon_parallel_executor.executor.parallel:run_until_complete
[0.767s] INFO:colcon.colcon_ros.task.ament_cmake.build:Building ROS package in '/home/loye/Desktop/Projects/ROS-100-Days-Coding-Challenge/Week 6/4. Catch Me/ros2_ws/src/catch_turtle' with build type 'ament_cmake'
[0.767s] INFO:colcon.colcon_cmake.task.cmake.build:Building CMake package in '/home/loye/Desktop/Projects/ROS-100-Days-Coding-Challenge/Week 6/4. Catch Me/ros2_ws/src/catch_turtle'
[0.776s] INFO:colcon.colcon_core.plugin_system:Skipping extension 'colcon_core.shell.bat': Not used on non-Windows systems
[0.777s] INFO:colcon.colcon_core.shell:Skip shell extension 'powershell' for command environment: Not usable outside of PowerShell
[0.779s] DEBUG:colcon.colcon_core.shell:Skip shell extension 'dsv' for command environment
[0.809s] DEBUG:colcon.colcon_core.event_handler.log_command:Invoking command in '/home/loye/Desktop/Projects/ROS-100-Days-Coding-Challenge/Week 6/4. Catch Me/ros2_ws/build/catch_turtle': CMAKE_PREFIX_PATH=${CMAKE_PREFIX_PATH}:/opt/ros/foxy /usr/bin/cmake --build /home/loye/Desktop/Projects/ROS-100-Days-Coding-Challenge/Week 6/4. Catch Me/ros2_ws/build/catch_turtle -- -j4 -l4
[18.047s] DEBUG:colcon.colcon_core.event_handler.log_command:Invoked command in '/home/loye/Desktop/Projects/ROS-100-Days-Coding-Challenge/Week 6/4. Catch Me/ros2_ws/build/catch_turtle' returned '0': CMAKE_PREFIX_PATH=${CMAKE_PREFIX_PATH}:/opt/ros/foxy /usr/bin/cmake --build /home/loye/Desktop/Projects/ROS-100-Days-Coding-Challenge/Week 6/4. Catch Me/ros2_ws/build/catch_turtle -- -j4 -l4
[18.269s] DEBUG:colcon.colcon_core.event_handler.log_command:Invoking command in '/home/loye/Desktop/Projects/ROS-100-Days-Coding-Challenge/Week 6/4. Catch Me/ros2_ws/build/catch_turtle': CMAKE_PREFIX_PATH=${CMAKE_PREFIX_PATH}:/opt/ros/foxy /usr/bin/cmake --install /home/loye/Desktop/Projects/ROS-100-Days-Coding-Challenge/Week 6/4. Catch Me/ros2_ws/build/catch_turtle
[18.575s] Level 1:colcon.colcon_core.environment:create_environment_scripts_only(catch_turtle)
[18.585s] DEBUG:colcon.colcon_core.event_handler.log_command:Invoked command in '/home/loye/Desktop/Projects/ROS-100-Days-Coding-Challenge/Week 6/4. Catch Me/ros2_ws/build/catch_turtle' returned '0': CMAKE_PREFIX_PATH=${CMAKE_PREFIX_PATH}:/opt/ros/foxy /usr/bin/cmake --install /home/loye/Desktop/Projects/ROS-100-Days-Coding-Challenge/Week 6/4. Catch Me/ros2_ws/build/catch_turtle
[18.590s] Level 1:colcon.colcon_core.environment:checking '/home/loye/Desktop/Projects/ROS-100-Days-Coding-Challenge/Week 6/4. Catch Me/ros2_ws/install/catch_turtle' for CMake module files
[18.592s] Level 1:colcon.colcon_core.environment:checking '/home/loye/Desktop/Projects/ROS-100-Days-Coding-Challenge/Week 6/4. Catch Me/ros2_ws/install/catch_turtle' for CMake config files
[18.594s] Level 1:colcon.colcon_core.shell:create_environment_hook('catch_turtle', 'cmake_prefix_path')
[18.598s] INFO:colcon.colcon_core.shell:Creating environment hook '/home/loye/Desktop/Projects/ROS-100-Days-Coding-Challenge/Week 6/4. Catch Me/ros2_ws/install/catch_turtle/share/catch_turtle/hook/cmake_prefix_path.ps1'
[18.599s] INFO:colcon.colcon_core.shell:Creating environment descriptor '/home/loye/Desktop/Projects/ROS-100-Days-Coding-Challenge/Week 6/4. Catch Me/ros2_ws/install/catch_turtle/share/catch_turtle/hook/cmake_prefix_path.dsv'
[18.600s] INFO:colcon.colcon_core.shell:Creating environment hook '/home/loye/Desktop/Projects/ROS-100-Days-Coding-Challenge/Week 6/4. Catch Me/ros2_ws/install/catch_turtle/share/catch_turtle/hook/cmake_prefix_path.sh'
[18.602s] Level 1:colcon.colcon_core.environment:checking '/home/loye/Desktop/Projects/ROS-100-Days-Coding-Challenge/Week 6/4. Catch Me/ros2_ws/install/catch_turtle/lib'
[18.603s] Level 1:colcon.colcon_core.shell:create_environment_hook('catch_turtle', 'ld_library_path_lib')
[18.606s] INFO:colcon.colcon_core.shell:Creating environment hook '/home/loye/Desktop/Projects/ROS-100-Days-Coding-Challenge/Week 6/4. Catch Me/ros2_ws/install/catch_turtle/share/catch_turtle/hook/ld_library_path_lib.ps1'
[18.607s] INFO:colcon.colcon_core.shell:Creating environment descriptor '/home/loye/Desktop/Projects/ROS-100-Days-Coding-Challenge/Week 6/4. Catch Me/ros2_ws/install/catch_turtle/share/catch_turtle/hook/ld_library_path_lib.dsv'
[18.608s] INFO:colcon.colcon_core.shell:Creating environment hook '/home/loye/Desktop/Projects/ROS-100-Days-Coding-Challenge/Week 6/4. Catch Me/ros2_ws/install/catch_turtle/share/catch_turtle/hook/ld_library_path_lib.sh'
[18.609s] Level 1:colcon.colcon_core.environment:checking '/home/loye/Desktop/Projects/ROS-100-Days-Coding-Challenge/Week 6/4. Catch Me/ros2_ws/install/catch_turtle/bin'
[18.609s] Level 1:colcon.colcon_core.environment:checking '/home/loye/Desktop/Projects/ROS-100-Days-Coding-Challenge/Week 6/4. Catch Me/ros2_ws/install/catch_turtle/lib/pkgconfig/catch_turtle.pc'
[18.609s] Level 1:colcon.colcon_core.environment:checking '/home/loye/Desktop/Projects/ROS-100-Days-Coding-Challenge/Week 6/4. Catch Me/ros2_ws/install/catch_turtle/lib/python3.8/site-packages'
[18.610s] Level 1:colcon.colcon_core.shell:create_environment_hook('catch_turtle', 'pythonpath')
[18.613s] INFO:colcon.colcon_core.shell:Creating environment hook '/home/loye/Desktop/Projects/ROS-100-Days-Coding-Challenge/Week 6/4. Catch Me/ros2_ws/install/catch_turtle/share/catch_turtle/hook/pythonpath.ps1'
[18.614s] INFO:colcon.colcon_core.shell:Creating environment descriptor '/home/loye/Desktop/Projects/ROS-100-Days-Coding-Challenge/Week 6/4. Catch Me/ros2_ws/install/catch_turtle/share/catch_turtle/hook/pythonpath.dsv'
[18.614s] INFO:colcon.colcon_core.shell:Creating environment hook '/home/loye/Desktop/Projects/ROS-100-Days-Coding-Challenge/Week 6/4. Catch Me/ros2_ws/install/catch_turtle/share/catch_turtle/hook/pythonpath.sh'
[18.620s] Level 1:colcon.colcon_core.environment:checking '/home/loye/Desktop/Projects/ROS-100-Days-Coding-Challenge/Week 6/4. Catch Me/ros2_ws/install/catch_turtle/bin'
[18.624s] INFO:colcon.colcon_core.shell:Creating package script '/home/loye/Desktop/Projects/ROS-100-Days-Coding-Challenge/Week 6/4. Catch Me/ros2_ws/install/catch_turtle/share/catch_turtle/package.ps1'
[18.627s] INFO:colcon.colcon_core.shell:Creating package descriptor '/home/loye/Desktop/Projects/ROS-100-Days-Coding-Challenge/Week 6/4. Catch Me/ros2_ws/install/catch_turtle/share/catch_turtle/package.dsv'
[18.628s] INFO:colcon.colcon_core.shell:Creating package script '/home/loye/Desktop/Projects/ROS-100-Days-Coding-Challenge/Week 6/4. Catch Me/ros2_ws/install/catch_turtle/share/catch_turtle/package.sh'
[18.630s] INFO:colcon.colcon_core.shell:Creating package script '/home/loye/Desktop/Projects/ROS-100-Days-Coding-Challenge/Week 6/4. Catch Me/ros2_ws/install/catch_turtle/share/catch_turtle/package.bash'
[18.631s] INFO:colcon.colcon_core.shell:Creating package script '/home/loye/Desktop/Projects/ROS-100-Days-Coding-Challenge/Week 6/4. Catch Me/ros2_ws/install/catch_turtle/share/catch_turtle/package.zsh'
[18.633s] Level 1:colcon.colcon_core.environment:create_file_with_runtime_dependencies(/home/loye/Desktop/Projects/ROS-100-Days-Coding-Challenge/Week 6/4. Catch Me/ros2_ws/install/catch_turtle/share/colcon-core/packages/catch_turtle)
[18.855s] Level 1:colcon.colcon_core.environment:create_environment_scripts_only(catch_turtle)
[18.861s] Level 1:colcon.colcon_core.environment:checking '/home/loye/Desktop/Projects/ROS-100-Days-Coding-Challenge/Week 6/4. Catch Me/ros2_ws/install/catch_turtle' for CMake module files
[18.863s] Level 1:colcon.colcon_core.environment:checking '/home/loye/Desktop/Projects/ROS-100-Days-Coding-Challenge/Week 6/4. Catch Me/ros2_ws/install/catch_turtle' for CMake config files
[18.865s] Level 1:colcon.colcon_core.shell:create_environment_hook('catch_turtle', 'cmake_prefix_path')
[18.870s] INFO:colcon.colcon_core.shell:Creating environment hook '/home/loye/Desktop/Projects/ROS-100-Days-Coding-Challenge/Week 6/4. Catch Me/ros2_ws/install/catch_turtle/share/catch_turtle/hook/cmake_prefix_path.ps1'
[18.871s] INFO:colcon.colcon_core.shell:Creating environment descriptor '/home/loye/Desktop/Projects/ROS-100-Days-Coding-Challenge/Week 6/4. Catch Me/ros2_ws/install/catch_turtle/share/catch_turtle/hook/cmake_prefix_path.dsv'
[18.872s] INFO:colcon.colcon_core.shell:Creating environment hook '/home/loye/Desktop/Projects/ROS-100-Days-Coding-Challenge/Week 6/4. Catch Me/ros2_ws/install/catch_turtle/share/catch_turtle/hook/cmake_prefix_path.sh'
[18.874s] Level 1:colcon.colcon_core.environment:checking '/home/loye/Desktop/Projects/ROS-100-Days-Coding-Challenge/Week 6/4. Catch Me/ros2_ws/install/catch_turtle/lib'
[18.874s] Level 1:colcon.colcon_core.shell:create_environment_hook('catch_turtle', 'ld_library_path_lib')
[18.878s] INFO:colcon.colcon_core.shell:Creating environment hook '/home/loye/Desktop/Projects/ROS-100-Days-Coding-Challenge/Week 6/4. Catch Me/ros2_ws/install/catch_turtle/share/catch_turtle/hook/ld_library_path_lib.ps1'
[18.879s] INFO:colcon.colcon_core.shell:Creating environment descriptor '/home/loye/Desktop/Projects/ROS-100-Days-Coding-Challenge/Week 6/4. Catch Me/ros2_ws/install/catch_turtle/share/catch_turtle/hook/ld_library_path_lib.dsv'
[18.880s] INFO:colcon.colcon_core.shell:Creating environment hook '/home/loye/Desktop/Projects/ROS-100-Days-Coding-Challenge/Week 6/4. Catch Me/ros2_ws/install/catch_turtle/share/catch_turtle/hook/ld_library_path_lib.sh'
[18.880s] Level 1:colcon.colcon_core.environment:checking '/home/loye/Desktop/Projects/ROS-100-Days-Coding-Challenge/Week 6/4. Catch Me/ros2_ws/install/catch_turtle/bin'
[18.880s] Level 1:colcon.colcon_core.environment:checking '/home/loye/Desktop/Projects/ROS-100-Days-Coding-Challenge/Week 6/4. Catch Me/ros2_ws/install/catch_turtle/lib/pkgconfig/catch_turtle.pc'
[18.881s] Level 1:colcon.colcon_core.environment:checking '/home/loye/Desktop/Projects/ROS-100-Days-Coding-Challenge/Week 6/4. Catch Me/ros2_ws/install/catch_turtle/lib/python3.8/site-packages'
[18.881s] Level 1:colcon.colcon_core.shell:create_environment_hook('catch_turtle', 'pythonpath')
[18.885s] INFO:colcon.colcon_core.shell:Creating environment hook '/home/loye/Desktop/Projects/ROS-100-Days-Coding-Challenge/Week 6/4. Catch Me/ros2_ws/install/catch_turtle/share/catch_turtle/hook/pythonpath.ps1'
[18.886s] INFO:colcon.colcon_core.shell:Creating environment descriptor '/home/loye/Desktop/Projects/ROS-100-Days-Coding-Challenge/Week 6/4. Catch Me/ros2_ws/install/catch_turtle/share/catch_turtle/hook/pythonpath.dsv'
[18.886s] INFO:colcon.colcon_core.shell:Creating environment hook '/home/loye/Desktop/Projects/ROS-100-Days-Coding-Challenge/Week 6/4. Catch Me/ros2_ws/install/catch_turtle/share/catch_turtle/hook/pythonpath.sh'
[18.887s] Level 1:colcon.colcon_core.environment:checking '/home/loye/Desktop/Projects/ROS-100-Days-Coding-Challenge/Week 6/4. Catch Me/ros2_ws/install/catch_turtle/bin'
[18.891s] INFO:colcon.colcon_core.shell:Creating package script '/home/loye/Desktop/Projects/ROS-100-Days-Coding-Challenge/Week 6/4. Catch Me/ros2_ws/install/catch_turtle/share/catch_turtle/package.ps1'
[18.892s] INFO:colcon.colcon_core.shell:Creating package descriptor '/home/loye/Desktop/Projects/ROS-100-Days-Coding-Challenge/Week 6/4. Catch Me/ros2_ws/install/catch_turtle/share/catch_turtle/package.dsv'
[18.894s] INFO:colcon.colcon_core.shell:Creating package script '/home/loye/Desktop/Projects/ROS-100-Days-Coding-Challenge/Week 6/4. Catch Me/ros2_ws/install/catch_turtle/share/catch_turtle/package.sh'
[18.895s] INFO:colcon.colcon_core.shell:Creating package script '/home/loye/Desktop/Projects/ROS-100-Days-Coding-Challenge/Week 6/4. Catch Me/ros2_ws/install/catch_turtle/share/catch_turtle/package.bash'
[18.895s] INFO:colcon.colcon_core.shell:Creating package script '/home/loye/Desktop/Projects/ROS-100-Days-Coding-Challenge/Week 6/4. Catch Me/ros2_ws/install/catch_turtle/share/catch_turtle/package.zsh'
[18.896s] Level 1:colcon.colcon_core.environment:create_file_with_runtime_dependencies(/home/loye/Desktop/Projects/ROS-100-Days-Coding-Challenge/Week 6/4. Catch Me/ros2_ws/install/catch_turtle/share/colcon-core/packages/catch_turtle)
[18.897s] DEBUG:colcon.colcon_parallel_executor.executor.parallel:closing loop
[18.897s] DEBUG:colcon.colcon_parallel_executor.executor.parallel:loop closed
[18.897s] DEBUG:colcon.colcon_parallel_executor.executor.parallel:run_until_complete finished with '0'
[18.898s] DEBUG:colcon.colcon_core.event_reactor:joining thread
[18.920s] INFO:colcon.colcon_core.plugin_system:Skipping extension 'colcon_notification.desktop_notification.terminal_notifier': Not used on non-Darwin systems
[18.920s] INFO:colcon.colcon_core.plugin_system:Skipping extension 'colcon_notification.desktop_notification.win32': Not used on non-Windows systems
[18.920s] INFO:colcon.colcon_notification.desktop_notification:Sending desktop notification using 'notify2'
[18.985s] DEBUG:colcon.colcon_core.event_reactor:joined thread
[18.989s] INFO:colcon.colcon_core.shell:Creating prefix script '/home/loye/Desktop/Projects/ROS-100-Days-Coding-Challenge/Week 6/4. Catch Me/ros2_ws/install/local_setup.ps1'
[18.991s] INFO:colcon.colcon_core.shell:Creating prefix util module '/home/loye/Desktop/Projects/ROS-100-Days-Coding-Challenge/Week 6/4. Catch Me/ros2_ws/install/_local_setup_util_ps1.py'
[18.996s] INFO:colcon.colcon_core.shell:Creating prefix chain script '/home/loye/Desktop/Projects/ROS-100-Days-Coding-Challenge/Week 6/4. Catch Me/ros2_ws/install/setup.ps1'
[19.005s] INFO:colcon.colcon_core.shell:Creating prefix script '/home/loye/Desktop/Projects/ROS-100-Days-Coding-Challenge/Week 6/4. Catch Me/ros2_ws/install/local_setup.sh'
[19.013s] INFO:colcon.colcon_core.shell:Creating prefix util module '/home/loye/Desktop/Projects/ROS-100-Days-Coding-Challenge/Week 6/4. Catch Me/ros2_ws/install/_local_setup_util_sh.py'
[19.014s] INFO:colcon.colcon_core.shell:Creating prefix chain script '/home/loye/Desktop/Projects/ROS-100-Days-Coding-Challenge/Week 6/4. Catch Me/ros2_ws/install/setup.sh'
[19.018s] INFO:colcon.colcon_core.shell:Creating prefix script '/home/loye/Desktop/Projects/ROS-100-Days-Coding-Challenge/Week 6/4. Catch Me/ros2_ws/install/local_setup.bash'
[19.019s] INFO:colcon.colcon_core.shell:Creating prefix chain script '/home/loye/Desktop/Projects/ROS-100-Days-Coding-Challenge/Week 6/4. Catch Me/ros2_ws/install/setup.bash'
[19.023s] INFO:colcon.colcon_core.shell:Creating prefix script '/home/loye/Desktop/Projects/ROS-100-Days-Coding-Challenge/Week 6/4. Catch Me/ros2_ws/install/local_setup.zsh'
[19.024s] INFO:colcon.colcon_core.shell:Creating prefix chain script '/home/loye/Desktop/Projects/ROS-100-Days-Coding-Challenge/Week 6/4. Catch Me/ros2_ws/install/setup.zsh'
