[0.379s] DEBUG:colcon:Command line arguments: ['/usr/bin/colcon', 'build', '--packages-select', 'pkg_cpp_py']
[0.379s] DEBUG:colcon:Parsed command line arguments: Namespace(allow_overriding=[], ament_cmake_args=None, base_paths=['.'], build_base='build', catkin_cmake_args=None, catkin_skip_building_tests=False, cmake_args=None, cmake_clean_cache=False, cmake_clean_first=False, cmake_force_configure=False, cmake_target=None, cmake_target_skip_unavailable=False, continue_on_error=False, event_handlers=None, executor='parallel', ignore_user_meta=False, install_base='install', log_base=None, log_level=None, main=<bound method BuildVerb.main of <colcon_core.verb.build.BuildVerb object at 0x7fd4090476a0>>, merge_install=False, metas=['./colcon.meta'], packages_above=None, packages_above_and_dependencies=None, packages_above_depth=None, packages_end=None, packages_ignore=None, packages_ignore_regex=None, packages_select=['pkg_cpp_py'], packages_select_build_failed=False, packages_select_by_dep=None, packages_select_regex=None, packages_select_test_failures=False, packages_skip=None, packages_skip_build_finished=False, packages_skip_by_dep=None, packages_skip_regex=None, packages_skip_test_passed=False, packages_skip_up_to=None, packages_start=None, packages_up_to=None, packages_up_to_regex=None, parallel_workers=4, paths=None, symlink_install=False, test_result_base=None, verb_extension=<colcon_core.verb.build.BuildVerb object at 0x7fd4090476a0>, verb_name='build', verb_parser=<colcon_defaults.argument_parser.defaults.DefaultArgumentsDecorator object at 0x7fd409047be0>)
[0.440s] Level 1:colcon.colcon_core.package_discovery:discover_packages(colcon_meta) check parameters
[0.440s] Level 1:colcon.colcon_core.package_discovery:discover_packages(recursive) check parameters
[0.440s] Level 1:colcon.colcon_core.package_discovery:discover_packages(ignore) check parameters
[0.440s] Level 1:colcon.colcon_core.package_discovery:discover_packages(path) check parameters
[0.440s] Level 1:colcon.colcon_core.package_discovery:discover_packages(colcon_meta) discover
[0.441s] Level 1:colcon.colcon_core.package_discovery:discover_packages(recursive) discover
[0.441s] INFO:colcon.colcon_core.package_discovery:Crawling recursively for packages in '/home/loye/Desktop/Projects/ROS-100-Days-Coding-Challenge/Week 5/1. Service/ros2_ws'
[0.441s] Level 1:colcon.colcon_core.package_identification:_identify(.) by extensions ['ignore', 'ignore_ament_install']
[0.441s] Level 1:colcon.colcon_core.package_identification:_identify(.) by extension 'ignore'
[0.441s] Level 1:colcon.colcon_core.package_identification:_identify(.) by extension 'ignore_ament_install'
[0.442s] Level 1:colcon.colcon_core.package_identification:_identify(.) by extensions ['colcon_pkg']
[0.442s] Level 1:colcon.colcon_core.package_identification:_identify(.) by extension 'colcon_pkg'
[0.442s] Level 1:colcon.colcon_core.package_identification:_identify(.) by extensions ['colcon_meta']
[0.442s] Level 1:colcon.colcon_core.package_identification:_identify(.) by extension 'colcon_meta'
[0.442s] Level 1:colcon.colcon_core.package_identification:_identify(.) by extensions ['ros']
[0.442s] Level 1:colcon.colcon_core.package_identification:_identify(.) by extension 'ros'
[0.473s] Level 1:colcon.colcon_core.package_identification:_identify(.) by extensions ['cmake', 'python']
[0.473s] Level 1:colcon.colcon_core.package_identification:_identify(.) by extension 'cmake'
[0.473s] Level 1:colcon.colcon_core.package_identification:_identify(.) by extension 'python'
[0.473s] Level 1:colcon.colcon_core.package_identification:_identify(.) by extensions ['python_setup_py']
[0.473s] Level 1:colcon.colcon_core.package_identification:_identify(.) by extension 'python_setup_py'
[0.474s] Level 1:colcon.colcon_core.package_identification:_identify(build) by extensions ['ignore', 'ignore_ament_install']
[0.474s] Level 1:colcon.colcon_core.package_identification:_identify(build) by extension 'ignore'
[0.474s] Level 1:colcon.colcon_core.package_identification:_identify(build) ignored
[0.474s] Level 1:colcon.colcon_core.package_identification:_identify(install) by extensions ['ignore', 'ignore_ament_install']
[0.475s] Level 1:colcon.colcon_core.package_identification:_identify(install) by extension 'ignore'
[0.475s] Level 1:colcon.colcon_core.package_identification:_identify(install) ignored
[0.475s] Level 1:colcon.colcon_core.package_identification:_identify(log) by extensions ['ignore', 'ignore_ament_install']
[0.475s] Level 1:colcon.colcon_core.package_identification:_identify(log) by extension 'ignore'
[0.475s] Level 1:colcon.colcon_core.package_identification:_identify(log) ignored
[0.475s] Level 1:colcon.colcon_core.package_identification:_identify(src) by extensions ['ignore', 'ignore_ament_install']
[0.476s] Level 1:colcon.colcon_core.package_identification:_identify(src) by extension 'ignore'
[0.476s] Level 1:colcon.colcon_core.package_identification:_identify(src) by extension 'ignore_ament_install'
[0.476s] Level 1:colcon.colcon_core.package_identification:_identify(src) by extensions ['colcon_pkg']
[0.476s] Level 1:colcon.colcon_core.package_identification:_identify(src) by extension 'colcon_pkg'
[0.476s] Level 1:colcon.colcon_core.package_identification:_identify(src) by extensions ['colcon_meta']
[0.476s] Level 1:colcon.colcon_core.package_identification:_identify(src) by extension 'colcon_meta'
[0.476s] Level 1:colcon.colcon_core.package_identification:_identify(src) by extensions ['ros']
[0.477s] Level 1:colcon.colcon_core.package_identification:_identify(src) by extension 'ros'
[0.477s] Level 1:colcon.colcon_core.package_identification:_identify(src) by extensions ['cmake', 'python']
[0.477s] Level 1:colcon.colcon_core.package_identification:_identify(src) by extension 'cmake'
[0.477s] Level 1:colcon.colcon_core.package_identification:_identify(src) by extension 'python'
[0.477s] Level 1:colcon.colcon_core.package_identification:_identify(src) by extensions ['python_setup_py']
[0.477s] Level 1:colcon.colcon_core.package_identification:_identify(src) by extension 'python_setup_py'
[0.477s] Level 1:colcon.colcon_core.package_identification:_identify(src/pkg_cpp_py) by extensions ['ignore', 'ignore_ament_install']
[0.478s] Level 1:colcon.colcon_core.package_identification:_identify(src/pkg_cpp_py) by extension 'ignore'
[0.478s] Level 1:colcon.colcon_core.package_identification:_identify(src/pkg_cpp_py) by extension 'ignore_ament_install'
[0.478s] Level 1:colcon.colcon_core.package_identification:_identify(src/pkg_cpp_py) by extensions ['colcon_pkg']
[0.478s] Level 1:colcon.colcon_core.package_identification:_identify(src/pkg_cpp_py) by extension 'colcon_pkg'
[0.478s] Level 1:colcon.colcon_core.package_identification:_identify(src/pkg_cpp_py) by extensions ['colcon_meta']
[0.478s] Level 1:colcon.colcon_core.package_identification:_identify(src/pkg_cpp_py) by extension 'colcon_meta'
[0.478s] Level 1:colcon.colcon_core.package_identification:_identify(src/pkg_cpp_py) by extensions ['ros']
[0.478s] Level 1:colcon.colcon_core.package_identification:_identify(src/pkg_cpp_py) by extension 'ros'
[0.484s] DEBUG:colcon.colcon_core.package_identification:Package 'src/pkg_cpp_py' with type 'ros.ament_cmake' and name 'pkg_cpp_py'
[0.485s] Level 1:colcon.colcon_core.package_identification:_identify(src/pkg_py) by extensions ['ignore', 'ignore_ament_install']
[0.485s] Level 1:colcon.colcon_core.package_identification:_identify(src/pkg_py) by extension 'ignore'
[0.485s] Level 1:colcon.colcon_core.package_identification:_identify(src/pkg_py) by extension 'ignore_ament_install'
[0.485s] Level 1:colcon.colcon_core.package_identification:_identify(src/pkg_py) by extensions ['colcon_pkg']
[0.485s] Level 1:colcon.colcon_core.package_identification:_identify(src/pkg_py) by extension 'colcon_pkg'
[0.486s] Level 1:colcon.colcon_core.package_identification:_identify(src/pkg_py) by extensions ['colcon_meta']
[0.486s] Level 1:colcon.colcon_core.package_identification:_identify(src/pkg_py) by extension 'colcon_meta'
[0.486s] Level 1:colcon.colcon_core.package_identification:_identify(src/pkg_py) by extensions ['ros']
[0.486s] Level 1:colcon.colcon_core.package_identification:_identify(src/pkg_py) by extension 'ros'
[0.488s] DEBUG:colcon.colcon_core.package_identification:Package 'src/pkg_py' with type 'ros.ament_python' and name 'pkg_py'
[0.488s] Level 1:colcon.colcon_core.package_discovery:discover_packages(recursive) using defaults
[0.488s] Level 1:colcon.colcon_core.package_discovery:discover_packages(ignore) discover
[0.488s] Level 1:colcon.colcon_core.package_discovery:discover_packages(ignore) using defaults
[0.488s] Level 1:colcon.colcon_core.package_discovery:discover_packages(path) discover
[0.488s] Level 1:colcon.colcon_core.package_discovery:discover_packages(path) using defaults
[0.561s] INFO:colcon.colcon_core.package_selection:Skipping not selected package 'pkg_py' in 'src/pkg_py'
[0.563s] Level 1:colcon.colcon_core.package_discovery:discover_packages(prefix_path) check parameters
[0.563s] Level 1:colcon.colcon_core.package_discovery:discover_packages(prefix_path) discover
[0.572s] DEBUG:colcon.colcon_installed_package_information.package_discovery:Found 263 installed packages in /opt/ros/foxy
[0.578s] Level 1:colcon.colcon_core.package_discovery:discover_packages(prefix_path) using defaults
[0.753s] Level 5:colcon.colcon_core.verb:set package 'pkg_cpp_py' build argument 'cmake_args' from command line to 'None'
[0.753s] Level 5:colcon.colcon_core.verb:set package 'pkg_cpp_py' build argument 'cmake_target' from command line to 'None'
[0.753s] Level 5:colcon.colcon_core.verb:set package 'pkg_cpp_py' build argument 'cmake_target_skip_unavailable' from command line to 'False'
[0.753s] Level 5:colcon.colcon_core.verb:set package 'pkg_cpp_py' build argument 'cmake_clean_cache' from command line to 'False'
[0.753s] Level 5:colcon.colcon_core.verb:set package 'pkg_cpp_py' build argument 'cmake_clean_first' from command line to 'False'
[0.753s] Level 5:colcon.colcon_core.verb:set package 'pkg_cpp_py' build argument 'cmake_force_configure' from command line to 'False'
[0.753s] Level 5:colcon.colcon_core.verb:set package 'pkg_cpp_py' build argument 'ament_cmake_args' from command line to 'None'
[0.753s] Level 5:colcon.colcon_core.verb:set package 'pkg_cpp_py' build argument 'catkin_cmake_args' from command line to 'None'
[0.753s] Level 5:colcon.colcon_core.verb:set package 'pkg_cpp_py' build argument 'catkin_skip_building_tests' from command line to 'False'
[0.753s] DEBUG:colcon.colcon_core.verb:Building package 'pkg_cpp_py' with the following arguments: {'ament_cmake_args': None, 'build_base': '/home/loye/Desktop/Projects/ROS-100-Days-Coding-Challenge/Week 5/1. Service/ros2_ws/build/pkg_cpp_py', 'catkin_cmake_args': None, 'catkin_skip_building_tests': False, 'cmake_args': None, 'cmake_clean_cache': False, 'cmake_clean_first': False, 'cmake_force_configure': False, 'cmake_target': None, 'cmake_target_skip_unavailable': False, 'install_base': '/home/loye/Desktop/Projects/ROS-100-Days-Coding-Challenge/Week 5/1. Service/ros2_ws/install/pkg_cpp_py', 'merge_install': False, 'path': '/home/loye/Desktop/Projects/ROS-100-Days-Coding-Challenge/Week 5/1. Service/ros2_ws/src/pkg_cpp_py', 'symlink_install': False, 'test_result_base': None}
[0.755s] INFO:colcon.colcon_core.executor:Executing jobs using 'parallel' executor
[0.766s] DEBUG:colcon.colcon_parallel_executor.executor.parallel:run_until_complete
[0.767s] INFO:colcon.colcon_ros.task.ament_cmake.build:Building ROS package in '/home/loye/Desktop/Projects/ROS-100-Days-Coding-Challenge/Week 5/1. Service/ros2_ws/src/pkg_cpp_py' with build type 'ament_cmake'
[0.767s] INFO:colcon.colcon_cmake.task.cmake.build:Building CMake package in '/home/loye/Desktop/Projects/ROS-100-Days-Coding-Challenge/Week 5/1. Service/ros2_ws/src/pkg_cpp_py'
[0.777s] INFO:colcon.colcon_core.plugin_system:Skipping extension 'colcon_core.shell.bat': Not used on non-Windows systems
[0.778s] INFO:colcon.colcon_core.shell:Skip shell extension 'powershell' for command environment: Not usable outside of PowerShell
[0.778s] DEBUG:colcon.colcon_core.shell:Skip shell extension 'dsv' for command environment
[0.809s] DEBUG:colcon.colcon_core.event_handler.log_command:Invoking command in '/home/loye/Desktop/Projects/ROS-100-Days-Coding-Challenge/Week 5/1. Service/ros2_ws/build/pkg_cpp_py': CMAKE_PREFIX_PATH=/opt/ros/foxy /usr/bin/cmake --build /home/loye/Desktop/Projects/ROS-100-Days-Coding-Challenge/Week 5/1. Service/ros2_ws/build/pkg_cpp_py -- -j4 -l4
[7.840s] DEBUG:colcon.colcon_core.event_handler.log_command:Invoked command in '/home/loye/Desktop/Projects/ROS-100-Days-Coding-Challenge/Week 5/1. Service/ros2_ws/build/pkg_cpp_py' returned '0': CMAKE_PREFIX_PATH=/opt/ros/foxy /usr/bin/cmake --build /home/loye/Desktop/Projects/ROS-100-Days-Coding-Challenge/Week 5/1. Service/ros2_ws/build/pkg_cpp_py -- -j4 -l4
[7.945s] DEBUG:colcon.colcon_core.event_handler.log_command:Invoking command in '/home/loye/Desktop/Projects/ROS-100-Days-Coding-Challenge/Week 5/1. Service/ros2_ws/build/pkg_cpp_py': CMAKE_PREFIX_PATH=/opt/ros/foxy /usr/bin/cmake --install /home/loye/Desktop/Projects/ROS-100-Days-Coding-Challenge/Week 5/1. Service/ros2_ws/build/pkg_cpp_py
[8.061s] Level 1:colcon.colcon_core.environment:create_environment_scripts_only(pkg_cpp_py)
[8.065s] DEBUG:colcon.colcon_core.event_handler.log_command:Invoked command in '/home/loye/Desktop/Projects/ROS-100-Days-Coding-Challenge/Week 5/1. Service/ros2_ws/build/pkg_cpp_py' returned '0': CMAKE_PREFIX_PATH=/opt/ros/foxy /usr/bin/cmake --install /home/loye/Desktop/Projects/ROS-100-Days-Coding-Challenge/Week 5/1. Service/ros2_ws/build/pkg_cpp_py
[8.074s] Level 1:colcon.colcon_core.environment:checking '/home/loye/Desktop/Projects/ROS-100-Days-Coding-Challenge/Week 5/1. Service/ros2_ws/install/pkg_cpp_py' for CMake module files
[8.076s] Level 1:colcon.colcon_core.environment:checking '/home/loye/Desktop/Projects/ROS-100-Days-Coding-Challenge/Week 5/1. Service/ros2_ws/install/pkg_cpp_py' for CMake config files
[8.077s] Level 1:colcon.colcon_core.shell:create_environment_hook('pkg_cpp_py', 'cmake_prefix_path')
[8.080s] INFO:colcon.colcon_core.shell:Creating environment hook '/home/loye/Desktop/Projects/ROS-100-Days-Coding-Challenge/Week 5/1. Service/ros2_ws/install/pkg_cpp_py/share/pkg_cpp_py/hook/cmake_prefix_path.ps1'
[8.082s] INFO:colcon.colcon_core.shell:Creating environment descriptor '/home/loye/Desktop/Projects/ROS-100-Days-Coding-Challenge/Week 5/1. Service/ros2_ws/install/pkg_cpp_py/share/pkg_cpp_py/hook/cmake_prefix_path.dsv'
[8.083s] INFO:colcon.colcon_core.shell:Creating environment hook '/home/loye/Desktop/Projects/ROS-100-Days-Coding-Challenge/Week 5/1. Service/ros2_ws/install/pkg_cpp_py/share/pkg_cpp_py/hook/cmake_prefix_path.sh'
[8.086s] Level 1:colcon.colcon_core.environment:checking '/home/loye/Desktop/Projects/ROS-100-Days-Coding-Challenge/Week 5/1. Service/ros2_ws/install/pkg_cpp_py/lib'
[8.086s] Level 1:colcon.colcon_core.environment:checking '/home/loye/Desktop/Projects/ROS-100-Days-Coding-Challenge/Week 5/1. Service/ros2_ws/install/pkg_cpp_py/bin'
[8.086s] Level 1:colcon.colcon_core.environment:checking '/home/loye/Desktop/Projects/ROS-100-Days-Coding-Challenge/Week 5/1. Service/ros2_ws/install/pkg_cpp_py/lib/pkgconfig/pkg_cpp_py.pc'
[8.087s] Level 1:colcon.colcon_core.environment:checking '/home/loye/Desktop/Projects/ROS-100-Days-Coding-Challenge/Week 5/1. Service/ros2_ws/install/pkg_cpp_py/lib/python3.8/site-packages'
[8.087s] Level 1:colcon.colcon_core.shell:create_environment_hook('pkg_cpp_py', 'pythonpath')
[8.091s] INFO:colcon.colcon_core.shell:Creating environment hook '/home/loye/Desktop/Projects/ROS-100-Days-Coding-Challenge/Week 5/1. Service/ros2_ws/install/pkg_cpp_py/share/pkg_cpp_py/hook/pythonpath.ps1'
[8.092s] INFO:colcon.colcon_core.shell:Creating environment descriptor '/home/loye/Desktop/Projects/ROS-100-Days-Coding-Challenge/Week 5/1. Service/ros2_ws/install/pkg_cpp_py/share/pkg_cpp_py/hook/pythonpath.dsv'
[8.093s] INFO:colcon.colcon_core.shell:Creating environment hook '/home/loye/Desktop/Projects/ROS-100-Days-Coding-Challenge/Week 5/1. Service/ros2_ws/install/pkg_cpp_py/share/pkg_cpp_py/hook/pythonpath.sh'
[8.094s] Level 1:colcon.colcon_core.environment:checking '/home/loye/Desktop/Projects/ROS-100-Days-Coding-Challenge/Week 5/1. Service/ros2_ws/install/pkg_cpp_py/bin'
[8.098s] INFO:colcon.colcon_core.shell:Creating package script '/home/loye/Desktop/Projects/ROS-100-Days-Coding-Challenge/Week 5/1. Service/ros2_ws/install/pkg_cpp_py/share/pkg_cpp_py/package.ps1'
[8.100s] INFO:colcon.colcon_core.shell:Creating package descriptor '/home/loye/Desktop/Projects/ROS-100-Days-Coding-Challenge/Week 5/1. Service/ros2_ws/install/pkg_cpp_py/share/pkg_cpp_py/package.dsv'
[8.101s] INFO:colcon.colcon_core.shell:Creating package script '/home/loye/Desktop/Projects/ROS-100-Days-Coding-Challenge/Week 5/1. Service/ros2_ws/install/pkg_cpp_py/share/pkg_cpp_py/package.sh'
[8.104s] INFO:colcon.colcon_core.shell:Creating package script '/home/loye/Desktop/Projects/ROS-100-Days-Coding-Challenge/Week 5/1. Service/ros2_ws/install/pkg_cpp_py/share/pkg_cpp_py/package.bash'
[8.106s] INFO:colcon.colcon_core.shell:Creating package script '/home/loye/Desktop/Projects/ROS-100-Days-Coding-Challenge/Week 5/1. Service/ros2_ws/install/pkg_cpp_py/share/pkg_cpp_py/package.zsh'
[8.108s] Level 1:colcon.colcon_core.environment:create_file_with_runtime_dependencies(/home/loye/Desktop/Projects/ROS-100-Days-Coding-Challenge/Week 5/1. Service/ros2_ws/install/pkg_cpp_py/share/colcon-core/packages/pkg_cpp_py)
[8.194s] Level 1:colcon.colcon_core.environment:create_environment_scripts_only(pkg_cpp_py)
[8.200s] Level 1:colcon.colcon_core.environment:checking '/home/loye/Desktop/Projects/ROS-100-Days-Coding-Challenge/Week 5/1. Service/ros2_ws/install/pkg_cpp_py' for CMake module files
[8.202s] Level 1:colcon.colcon_core.environment:checking '/home/loye/Desktop/Projects/ROS-100-Days-Coding-Challenge/Week 5/1. Service/ros2_ws/install/pkg_cpp_py' for CMake config files
[8.203s] Level 1:colcon.colcon_core.shell:create_environment_hook('pkg_cpp_py', 'cmake_prefix_path')
[8.206s] INFO:colcon.colcon_core.shell:Creating environment hook '/home/loye/Desktop/Projects/ROS-100-Days-Coding-Challenge/Week 5/1. Service/ros2_ws/install/pkg_cpp_py/share/pkg_cpp_py/hook/cmake_prefix_path.ps1'
[8.208s] INFO:colcon.colcon_core.shell:Creating environment descriptor '/home/loye/Desktop/Projects/ROS-100-Days-Coding-Challenge/Week 5/1. Service/ros2_ws/install/pkg_cpp_py/share/pkg_cpp_py/hook/cmake_prefix_path.dsv'
[8.209s] INFO:colcon.colcon_core.shell:Creating environment hook '/home/loye/Desktop/Projects/ROS-100-Days-Coding-Challenge/Week 5/1. Service/ros2_ws/install/pkg_cpp_py/share/pkg_cpp_py/hook/cmake_prefix_path.sh'
[8.210s] Level 1:colcon.colcon_core.environment:checking '/home/loye/Desktop/Projects/ROS-100-Days-Coding-Challenge/Week 5/1. Service/ros2_ws/install/pkg_cpp_py/lib'
[8.211s] Level 1:colcon.colcon_core.environment:checking '/home/loye/Desktop/Projects/ROS-100-Days-Coding-Challenge/Week 5/1. Service/ros2_ws/install/pkg_cpp_py/bin'
[8.211s] Level 1:colcon.colcon_core.environment:checking '/home/loye/Desktop/Projects/ROS-100-Days-Coding-Challenge/Week 5/1. Service/ros2_ws/install/pkg_cpp_py/lib/pkgconfig/pkg_cpp_py.pc'
[8.211s] Level 1:colcon.colcon_core.environment:checking '/home/loye/Desktop/Projects/ROS-100-Days-Coding-Challenge/Week 5/1. Service/ros2_ws/install/pkg_cpp_py/lib/python3.8/site-packages'
[8.212s] Level 1:colcon.colcon_core.shell:create_environment_hook('pkg_cpp_py', 'pythonpath')
[8.215s] INFO:colcon.colcon_core.shell:Creating environment hook '/home/loye/Desktop/Projects/ROS-100-Days-Coding-Challenge/Week 5/1. Service/ros2_ws/install/pkg_cpp_py/share/pkg_cpp_py/hook/pythonpath.ps1'
[8.216s] INFO:colcon.colcon_core.shell:Creating environment descriptor '/home/loye/Desktop/Projects/ROS-100-Days-Coding-Challenge/Week 5/1. Service/ros2_ws/install/pkg_cpp_py/share/pkg_cpp_py/hook/pythonpath.dsv'
[8.217s] INFO:colcon.colcon_core.shell:Creating environment hook '/home/loye/Desktop/Projects/ROS-100-Days-Coding-Challenge/Week 5/1. Service/ros2_ws/install/pkg_cpp_py/share/pkg_cpp_py/hook/pythonpath.sh'
[8.218s] Level 1:colcon.colcon_core.environment:checking '/home/loye/Desktop/Projects/ROS-100-Days-Coding-Challenge/Week 5/1. Service/ros2_ws/install/pkg_cpp_py/bin'
[8.224s] INFO:colcon.colcon_core.shell:Creating package script '/home/loye/Desktop/Projects/ROS-100-Days-Coding-Challenge/Week 5/1. Service/ros2_ws/install/pkg_cpp_py/share/pkg_cpp_py/package.ps1'
[8.225s] INFO:colcon.colcon_core.shell:Creating package descriptor '/home/loye/Desktop/Projects/ROS-100-Days-Coding-Challenge/Week 5/1. Service/ros2_ws/install/pkg_cpp_py/share/pkg_cpp_py/package.dsv'
[8.226s] INFO:colcon.colcon_core.shell:Creating package script '/home/loye/Desktop/Projects/ROS-100-Days-Coding-Challenge/Week 5/1. Service/ros2_ws/install/pkg_cpp_py/share/pkg_cpp_py/package.sh'
[8.227s] INFO:colcon.colcon_core.shell:Creating package script '/home/loye/Desktop/Projects/ROS-100-Days-Coding-Challenge/Week 5/1. Service/ros2_ws/install/pkg_cpp_py/share/pkg_cpp_py/package.bash'
[8.228s] INFO:colcon.colcon_core.shell:Creating package script '/home/loye/Desktop/Projects/ROS-100-Days-Coding-Challenge/Week 5/1. Service/ros2_ws/install/pkg_cpp_py/share/pkg_cpp_py/package.zsh'
[8.229s] Level 1:colcon.colcon_core.environment:create_file_with_runtime_dependencies(/home/loye/Desktop/Projects/ROS-100-Days-Coding-Challenge/Week 5/1. Service/ros2_ws/install/pkg_cpp_py/share/colcon-core/packages/pkg_cpp_py)
[8.230s] DEBUG:colcon.colcon_parallel_executor.executor.parallel:closing loop
[8.231s] DEBUG:colcon.colcon_parallel_executor.executor.parallel:loop closed
[8.231s] DEBUG:colcon.colcon_parallel_executor.executor.parallel:run_until_complete finished with '0'
[8.231s] DEBUG:colcon.colcon_core.event_reactor:joining thread
[8.247s] INFO:colcon.colcon_core.plugin_system:Skipping extension 'colcon_notification.desktop_notification.terminal_notifier': Not used on non-Darwin systems
[8.247s] INFO:colcon.colcon_core.plugin_system:Skipping extension 'colcon_notification.desktop_notification.win32': Not used on non-Windows systems
[8.247s] INFO:colcon.colcon_notification.desktop_notification:Sending desktop notification using 'notify2'
[8.295s] DEBUG:colcon.colcon_core.event_reactor:joined thread
[8.299s] INFO:colcon.colcon_core.shell:Creating prefix script '/home/loye/Desktop/Projects/ROS-100-Days-Coding-Challenge/Week 5/1. Service/ros2_ws/install/local_setup.ps1'
[8.302s] INFO:colcon.colcon_core.shell:Creating prefix util module '/home/loye/Desktop/Projects/ROS-100-Days-Coding-Challenge/Week 5/1. Service/ros2_ws/install/_local_setup_util_ps1.py'
[8.306s] INFO:colcon.colcon_core.shell:Creating prefix chain script '/home/loye/Desktop/Projects/ROS-100-Days-Coding-Challenge/Week 5/1. Service/ros2_ws/install/setup.ps1'
[8.310s] INFO:colcon.colcon_core.shell:Creating prefix script '/home/loye/Desktop/Projects/ROS-100-Days-Coding-Challenge/Week 5/1. Service/ros2_ws/install/local_setup.sh'
[8.312s] INFO:colcon.colcon_core.shell:Creating prefix util module '/home/loye/Desktop/Projects/ROS-100-Days-Coding-Challenge/Week 5/1. Service/ros2_ws/install/_local_setup_util_sh.py'
[8.313s] INFO:colcon.colcon_core.shell:Creating prefix chain script '/home/loye/Desktop/Projects/ROS-100-Days-Coding-Challenge/Week 5/1. Service/ros2_ws/install/setup.sh'
[8.317s] INFO:colcon.colcon_core.shell:Creating prefix script '/home/loye/Desktop/Projects/ROS-100-Days-Coding-Challenge/Week 5/1. Service/ros2_ws/install/local_setup.bash'
[8.318s] INFO:colcon.colcon_core.shell:Creating prefix chain script '/home/loye/Desktop/Projects/ROS-100-Days-Coding-Challenge/Week 5/1. Service/ros2_ws/install/setup.bash'
[8.322s] INFO:colcon.colcon_core.shell:Creating prefix script '/home/loye/Desktop/Projects/ROS-100-Days-Coding-Challenge/Week 5/1. Service/ros2_ws/install/local_setup.zsh'
[8.323s] INFO:colcon.colcon_core.shell:Creating prefix chain script '/home/loye/Desktop/Projects/ROS-100-Days-Coding-Challenge/Week 5/1. Service/ros2_ws/install/setup.zsh'
