[2.031s] Invoking command in '/home/loye/Desktop/Projects/ROS-100-Days-Coding-Challenge/Week 5/1. Service/ros2_ws/src/pkg_py': PYTHONPATH=/home/loye/Desktop/Projects/ROS-100-Days-Coding-Challenge/Week 5/1. Service/ros2_ws/install/pkg_py/lib/python3.8/site-packages:${PYTHONPATH} /usr/bin/python3 setup.py egg_info --egg-base ../../build/pkg_py build --build-base /home/loye/Desktop/Projects/ROS-100-Days-Coding-Challenge/Week 5/1. Service/ros2_ws/build/pkg_py/build install --prefix /home/loye/Desktop/Projects/ROS-100-Days-Coding-Challenge/Week 5/1. Service/ros2_ws/install/pkg_py --record /home/loye/Desktop/Projects/ROS-100-Days-Coding-Challenge/Week 5/1. Service/ros2_ws/build/pkg_py/install.log --single-version-externally-managed
[2.644s] running egg_info
[2.645s] creating ../../build/pkg_py/pkg_py.egg-info
[2.646s] writing ../../build/pkg_py/pkg_py.egg-info/PKG-INFO
[2.646s] writing dependency_links to ../../build/pkg_py/pkg_py.egg-info/dependency_links.txt
[2.647s] writing entry points to ../../build/pkg_py/pkg_py.egg-info/entry_points.txt
[2.647s] writing requirements to ../../build/pkg_py/pkg_py.egg-info/requires.txt
[2.647s] writing top-level names to ../../build/pkg_py/pkg_py.egg-info/top_level.txt
[2.654s] writing manifest file '../../build/pkg_py/pkg_py.egg-info/SOURCES.txt'
[2.771s] reading manifest file '../../build/pkg_py/pkg_py.egg-info/SOURCES.txt'
[2.772s] writing manifest file '../../build/pkg_py/pkg_py.egg-info/SOURCES.txt'
[2.772s] running build
[2.773s] running build_py
[2.773s] creating /home/loye/Desktop/Projects/ROS-100-Days-Coding-Challenge/Week 5/1. Service/ros2_ws/build/pkg_py/build
[2.773s] creating /home/loye/Desktop/Projects/ROS-100-Days-Coding-Challenge/Week 5/1. Service/ros2_ws/build/pkg_py/build/lib
[2.774s] creating /home/loye/Desktop/Projects/ROS-100-Days-Coding-Challenge/Week 5/1. Service/ros2_ws/build/pkg_py/build/lib/pkg_py
[2.774s] copying pkg_py/add_two_ints_server.py -> /home/loye/Desktop/Projects/ROS-100-Days-Coding-Challenge/Week 5/1. Service/ros2_ws/build/pkg_py/build/lib/pkg_py
[2.774s] copying pkg_py/__init__.py -> /home/loye/Desktop/Projects/ROS-100-Days-Coding-Challenge/Week 5/1. Service/ros2_ws/build/pkg_py/build/lib/pkg_py
[2.774s] running install
[2.775s] running install_lib
[2.777s] creating /home/loye/Desktop/Projects/ROS-100-Days-Coding-Challenge/Week 5/1. Service/ros2_ws/install/pkg_py/lib/python3.8/site-packages/pkg_py
[2.778s] copying /home/loye/Desktop/Projects/ROS-100-Days-Coding-Challenge/Week 5/1. Service/ros2_ws/build/pkg_py/build/lib/pkg_py/add_two_ints_server.py -> /home/loye/Desktop/Projects/ROS-100-Days-Coding-Challenge/Week 5/1. Service/ros2_ws/install/pkg_py/lib/python3.8/site-packages/pkg_py
[2.778s] copying /home/loye/Desktop/Projects/ROS-100-Days-Coding-Challenge/Week 5/1. Service/ros2_ws/build/pkg_py/build/lib/pkg_py/__init__.py -> /home/loye/Desktop/Projects/ROS-100-Days-Coding-Challenge/Week 5/1. Service/ros2_ws/install/pkg_py/lib/python3.8/site-packages/pkg_py
[2.778s] byte-compiling /home/loye/Desktop/Projects/ROS-100-Days-Coding-Challenge/Week 5/1. Service/ros2_ws/install/pkg_py/lib/python3.8/site-packages/pkg_py/add_two_ints_server.py to add_two_ints_server.cpython-38.pyc
[2.783s] byte-compiling /home/loye/Desktop/Projects/ROS-100-Days-Coding-Challenge/Week 5/1. Service/ros2_ws/install/pkg_py/lib/python3.8/site-packages/pkg_py/__init__.py to __init__.cpython-38.pyc
[2.784s] running install_data
[2.785s] creating /home/loye/Desktop/Projects/ROS-100-Days-Coding-Challenge/Week 5/1. Service/ros2_ws/install/pkg_py/share/ament_index
[2.785s] creating /home/loye/Desktop/Projects/ROS-100-Days-Coding-Challenge/Week 5/1. Service/ros2_ws/install/pkg_py/share/ament_index/resource_index
[2.785s] creating /home/loye/Desktop/Projects/ROS-100-Days-Coding-Challenge/Week 5/1. Service/ros2_ws/install/pkg_py/share/ament_index/resource_index/packages
[2.785s] copying resource/pkg_py -> /home/loye/Desktop/Projects/ROS-100-Days-Coding-Challenge/Week 5/1. Service/ros2_ws/install/pkg_py/share/ament_index/resource_index/packages
[2.786s] copying package.xml -> /home/loye/Desktop/Projects/ROS-100-Days-Coding-Challenge/Week 5/1. Service/ros2_ws/install/pkg_py/share/pkg_py
[2.786s] running install_egg_info
[2.789s] Copying ../../build/pkg_py/pkg_py.egg-info to /home/loye/Desktop/Projects/ROS-100-Days-Coding-Challenge/Week 5/1. Service/ros2_ws/install/pkg_py/lib/python3.8/site-packages/pkg_py-0.0.0-py3.8.egg-info
[2.790s] running install_scripts
[2.833s] Installing add_two_integers script to /home/loye/Desktop/Projects/ROS-100-Days-Coding-Challenge/Week 5/1. Service/ros2_ws/install/pkg_py/lib/pkg_py
[2.833s] writing list of installed files to '/home/loye/Desktop/Projects/ROS-100-Days-Coding-Challenge/Week 5/1. Service/ros2_ws/build/pkg_py/install.log'
[2.892s] Invoked command in '/home/loye/Desktop/Projects/ROS-100-Days-Coding-Challenge/Week 5/1. Service/ros2_ws/src/pkg_py' returned '0': PYTHONPATH=/home/loye/Desktop/Projects/ROS-100-Days-Coding-Challenge/Week 5/1. Service/ros2_ws/install/pkg_py/lib/python3.8/site-packages:${PYTHONPATH} /usr/bin/python3 setup.py egg_info --egg-base ../../build/pkg_py build --build-base /home/loye/Desktop/Projects/ROS-100-Days-Coding-Challenge/Week 5/1. Service/ros2_ws/build/pkg_py/build install --prefix /home/loye/Desktop/Projects/ROS-100-Days-Coding-Challenge/Week 5/1. Service/ros2_ws/install/pkg_py --record /home/loye/Desktop/Projects/ROS-100-Days-Coding-Challenge/Week 5/1. Service/ros2_ws/build/pkg_py/install.log --single-version-externally-managed
