[0.416s] DEBUG:colcon:Command line arguments: ['/usr/bin/colcon', 'build', '--packages-select', 'motion_types']
[0.416s] DEBUG:colcon:Parsed command line arguments: Namespace(allow_overriding=[], ament_cmake_args=None, base_paths=['.'], build_base='build', catkin_cmake_args=None, catkin_skip_building_tests=False, cmake_args=None, cmake_clean_cache=False, cmake_clean_first=False, cmake_force_configure=False, cmake_target=None, cmake_target_skip_unavailable=False, continue_on_error=False, event_handlers=None, executor='parallel', ignore_user_meta=False, install_base='install', log_base=None, log_level=None, main=<bound method BuildVerb.main of <colcon_core.verb.build.BuildVerb object at 0x7f8934257dc0>>, merge_install=False, metas=['./colcon.meta'], packages_above=None, packages_above_and_dependencies=None, packages_above_depth=None, packages_end=None, packages_ignore=None, packages_ignore_regex=None, packages_select=['motion_types'], packages_select_build_failed=False, packages_select_by_dep=None, packages_select_regex=None, packages_select_test_failures=False, packages_skip=None, packages_skip_build_finished=False, packages_skip_by_dep=None, packages_skip_regex=None, packages_skip_test_passed=False, packages_skip_up_to=None, packages_start=None, packages_up_to=None, packages_up_to_regex=None, parallel_workers=4, paths=None, symlink_install=False, test_result_base=None, verb_extension=<colcon_core.verb.build.BuildVerb object at 0x7f8934257dc0>, verb_name='build', verb_parser=<colcon_defaults.argument_parser.defaults.DefaultArgumentsDecorator object at 0x7f893425f370>)
[0.476s] Level 1:colcon.colcon_core.package_discovery:discover_packages(colcon_meta) check parameters
[0.476s] Level 1:colcon.colcon_core.package_discovery:discover_packages(recursive) check parameters
[0.476s] Level 1:colcon.colcon_core.package_discovery:discover_packages(ignore) check parameters
[0.476s] Level 1:colcon.colcon_core.package_discovery:discover_packages(path) check parameters
[0.476s] Level 1:colcon.colcon_core.package_discovery:discover_packages(colcon_meta) discover
[0.476s] Level 1:colcon.colcon_core.package_discovery:discover_packages(recursive) discover
[0.477s] INFO:colcon.colcon_core.package_discovery:Crawling recursively for packages in '/home/loye/Desktop/Projects/ROS-100-Days-Coding-Challenge/Week 6/3. Motion type/ros2_ws'
[0.477s] Level 1:colcon.colcon_core.package_identification:_identify(.) by extensions ['ignore', 'ignore_ament_install']
[0.477s] Level 1:colcon.colcon_core.package_identification:_identify(.) by extension 'ignore'
[0.477s] Level 1:colcon.colcon_core.package_identification:_identify(.) by extension 'ignore_ament_install'
[0.478s] Level 1:colcon.colcon_core.package_identification:_identify(.) by extensions ['colcon_pkg']
[0.478s] Level 1:colcon.colcon_core.package_identification:_identify(.) by extension 'colcon_pkg'
[0.478s] Level 1:colcon.colcon_core.package_identification:_identify(.) by extensions ['colcon_meta']
[0.478s] Level 1:colcon.colcon_core.package_identification:_identify(.) by extension 'colcon_meta'
[0.478s] Level 1:colcon.colcon_core.package_identification:_identify(.) by extensions ['ros']
[0.478s] Level 1:colcon.colcon_core.package_identification:_identify(.) by extension 'ros'
[0.544s] Level 1:colcon.colcon_core.package_identification:_identify(.) by extensions ['cmake', 'python']
[0.544s] Level 1:colcon.colcon_core.package_identification:_identify(.) by extension 'cmake'
[0.545s] Level 1:colcon.colcon_core.package_identification:_identify(.) by extension 'python'
[0.545s] Level 1:colcon.colcon_core.package_identification:_identify(.) by extensions ['python_setup_py']
[0.545s] Level 1:colcon.colcon_core.package_identification:_identify(.) by extension 'python_setup_py'
[0.545s] Level 1:colcon.colcon_core.package_identification:_identify(build) by extensions ['ignore', 'ignore_ament_install']
[0.545s] Level 1:colcon.colcon_core.package_identification:_identify(build) by extension 'ignore'
[0.546s] Level 1:colcon.colcon_core.package_identification:_identify(build) ignored
[0.546s] Level 1:colcon.colcon_core.package_identification:_identify(install) by extensions ['ignore', 'ignore_ament_install']
[0.546s] Level 1:colcon.colcon_core.package_identification:_identify(install) by extension 'ignore'
[0.546s] Level 1:colcon.colcon_core.package_identification:_identify(install) ignored
[0.547s] Level 1:colcon.colcon_core.package_identification:_identify(log) by extensions ['ignore', 'ignore_ament_install']
[0.547s] Level 1:colcon.colcon_core.package_identification:_identify(log) by extension 'ignore'
[0.547s] Level 1:colcon.colcon_core.package_identification:_identify(log) ignored
[0.547s] Level 1:colcon.colcon_core.package_identification:_identify(src) by extensions ['ignore', 'ignore_ament_install']
[0.547s] Level 1:colcon.colcon_core.package_identification:_identify(src) by extension 'ignore'
[0.548s] Level 1:colcon.colcon_core.package_identification:_identify(src) by extension 'ignore_ament_install'
[0.548s] Level 1:colcon.colcon_core.package_identification:_identify(src) by extensions ['colcon_pkg']
[0.548s] Level 1:colcon.colcon_core.package_identification:_identify(src) by extension 'colcon_pkg'
[0.548s] Level 1:colcon.colcon_core.package_identification:_identify(src) by extensions ['colcon_meta']
[0.548s] Level 1:colcon.colcon_core.package_identification:_identify(src) by extension 'colcon_meta'
[0.548s] Level 1:colcon.colcon_core.package_identification:_identify(src) by extensions ['ros']
[0.549s] Level 1:colcon.colcon_core.package_identification:_identify(src) by extension 'ros'
[0.549s] Level 1:colcon.colcon_core.package_identification:_identify(src) by extensions ['cmake', 'python']
[0.549s] Level 1:colcon.colcon_core.package_identification:_identify(src) by extension 'cmake'
[0.549s] Level 1:colcon.colcon_core.package_identification:_identify(src) by extension 'python'
[0.549s] Level 1:colcon.colcon_core.package_identification:_identify(src) by extensions ['python_setup_py']
[0.549s] Level 1:colcon.colcon_core.package_identification:_identify(src) by extension 'python_setup_py'
[0.550s] Level 1:colcon.colcon_core.package_identification:_identify(src/motion_types) by extensions ['ignore', 'ignore_ament_install']
[0.550s] Level 1:colcon.colcon_core.package_identification:_identify(src/motion_types) by extension 'ignore'
[0.550s] Level 1:colcon.colcon_core.package_identification:_identify(src/motion_types) by extension 'ignore_ament_install'
[0.550s] Level 1:colcon.colcon_core.package_identification:_identify(src/motion_types) by extensions ['colcon_pkg']
[0.550s] Level 1:colcon.colcon_core.package_identification:_identify(src/motion_types) by extension 'colcon_pkg'
[0.550s] Level 1:colcon.colcon_core.package_identification:_identify(src/motion_types) by extensions ['colcon_meta']
[0.551s] Level 1:colcon.colcon_core.package_identification:_identify(src/motion_types) by extension 'colcon_meta'
[0.551s] Level 1:colcon.colcon_core.package_identification:_identify(src/motion_types) by extensions ['ros']
[0.551s] Level 1:colcon.colcon_core.package_identification:_identify(src/motion_types) by extension 'ros'
[0.557s] DEBUG:colcon.colcon_core.package_identification:Package 'src/motion_types' with type 'ros.ament_cmake' and name 'motion_types'
[0.557s] Level 1:colcon.colcon_core.package_identification:_identify(src/motion_types_py) by extensions ['ignore', 'ignore_ament_install']
[0.558s] Level 1:colcon.colcon_core.package_identification:_identify(src/motion_types_py) by extension 'ignore'
[0.558s] Level 1:colcon.colcon_core.package_identification:_identify(src/motion_types_py) by extension 'ignore_ament_install'
[0.558s] Level 1:colcon.colcon_core.package_identification:_identify(src/motion_types_py) by extensions ['colcon_pkg']
[0.558s] Level 1:colcon.colcon_core.package_identification:_identify(src/motion_types_py) by extension 'colcon_pkg'
[0.558s] Level 1:colcon.colcon_core.package_identification:_identify(src/motion_types_py) by extensions ['colcon_meta']
[0.558s] Level 1:colcon.colcon_core.package_identification:_identify(src/motion_types_py) by extension 'colcon_meta'
[0.559s] Level 1:colcon.colcon_core.package_identification:_identify(src/motion_types_py) by extensions ['ros']
[0.559s] Level 1:colcon.colcon_core.package_identification:_identify(src/motion_types_py) by extension 'ros'
[0.561s] DEBUG:colcon.colcon_core.package_identification:Package 'src/motion_types_py' with type 'ros.ament_python' and name 'motion_types_py'
[0.561s] Level 1:colcon.colcon_core.package_discovery:discover_packages(recursive) using defaults
[0.561s] Level 1:colcon.colcon_core.package_discovery:discover_packages(ignore) discover
[0.561s] Level 1:colcon.colcon_core.package_discovery:discover_packages(ignore) using defaults
[0.561s] Level 1:colcon.colcon_core.package_discovery:discover_packages(path) discover
[0.561s] Level 1:colcon.colcon_core.package_discovery:discover_packages(path) using defaults
[0.609s] INFO:colcon.colcon_core.package_selection:Skipping not selected package 'motion_types_py' in 'src/motion_types_py'
[0.610s] Level 1:colcon.colcon_core.package_discovery:discover_packages(prefix_path) check parameters
[0.610s] Level 1:colcon.colcon_core.package_discovery:discover_packages(prefix_path) discover
[0.619s] DEBUG:colcon.colcon_installed_package_information.package_discovery:Found 13 installed packages in /home/loye/turtlebot3_ws/install
[0.625s] DEBUG:colcon.colcon_installed_package_information.package_discovery:Found 341 installed packages in /opt/ros/foxy
[0.635s] Level 1:colcon.colcon_core.package_discovery:discover_packages(prefix_path) using defaults
[0.848s] Level 5:colcon.colcon_core.verb:set package 'motion_types' build argument 'cmake_args' from command line to 'None'
[0.848s] Level 5:colcon.colcon_core.verb:set package 'motion_types' build argument 'cmake_target' from command line to 'None'
[0.848s] Level 5:colcon.colcon_core.verb:set package 'motion_types' build argument 'cmake_target_skip_unavailable' from command line to 'False'
[0.848s] Level 5:colcon.colcon_core.verb:set package 'motion_types' build argument 'cmake_clean_cache' from command line to 'False'
[0.849s] Level 5:colcon.colcon_core.verb:set package 'motion_types' build argument 'cmake_clean_first' from command line to 'False'
[0.849s] Level 5:colcon.colcon_core.verb:set package 'motion_types' build argument 'cmake_force_configure' from command line to 'False'
[0.849s] Level 5:colcon.colcon_core.verb:set package 'motion_types' build argument 'ament_cmake_args' from command line to 'None'
[0.849s] Level 5:colcon.colcon_core.verb:set package 'motion_types' build argument 'catkin_cmake_args' from command line to 'None'
[0.849s] Level 5:colcon.colcon_core.verb:set package 'motion_types' build argument 'catkin_skip_building_tests' from command line to 'False'
[0.849s] DEBUG:colcon.colcon_core.verb:Building package 'motion_types' with the following arguments: {'ament_cmake_args': None, 'build_base': '/home/loye/Desktop/Projects/ROS-100-Days-Coding-Challenge/Week 6/3. Motion type/ros2_ws/build/motion_types', 'catkin_cmake_args': None, 'catkin_skip_building_tests': False, 'cmake_args': None, 'cmake_clean_cache': False, 'cmake_clean_first': False, 'cmake_force_configure': False, 'cmake_target': None, 'cmake_target_skip_unavailable': False, 'install_base': '/home/loye/Desktop/Projects/ROS-100-Days-Coding-Challenge/Week 6/3. Motion type/ros2_ws/install/motion_types', 'merge_install': False, 'path': '/home/loye/Desktop/Projects/ROS-100-Days-Coding-Challenge/Week 6/3. Motion type/ros2_ws/src/motion_types', 'symlink_install': False, 'test_result_base': None}
[0.851s] INFO:colcon.colcon_core.executor:Executing jobs using 'parallel' executor
[0.864s] DEBUG:colcon.colcon_parallel_executor.executor.parallel:run_until_complete
[0.865s] INFO:colcon.colcon_ros.task.ament_cmake.build:Building ROS package in '/home/loye/Desktop/Projects/ROS-100-Days-Coding-Challenge/Week 6/3. Motion type/ros2_ws/src/motion_types' with build type 'ament_cmake'
[0.865s] INFO:colcon.colcon_cmake.task.cmake.build:Building CMake package in '/home/loye/Desktop/Projects/ROS-100-Days-Coding-Challenge/Week 6/3. Motion type/ros2_ws/src/motion_types'
[0.875s] INFO:colcon.colcon_core.plugin_system:Skipping extension 'colcon_core.shell.bat': Not used on non-Windows systems
[0.876s] INFO:colcon.colcon_core.shell:Skip shell extension 'powershell' for command environment: Not usable outside of PowerShell
[0.876s] DEBUG:colcon.colcon_core.shell:Skip shell extension 'dsv' for command environment
[0.913s] DEBUG:colcon.colcon_core.event_handler.log_command:Invoking command in '/home/loye/Desktop/Projects/ROS-100-Days-Coding-Challenge/Week 6/3. Motion type/ros2_ws/build/motion_types': CMAKE_PREFIX_PATH=${CMAKE_PREFIX_PATH}:/home/loye/turtlebot3_ws/install/turtlebot3_teleop:/home/loye/turtlebot3_ws/install/turtlebot3_example:/opt/ros/foxy /usr/bin/cmake --build /home/loye/Desktop/Projects/ROS-100-Days-Coding-Challenge/Week 6/3. Motion type/ros2_ws/build/motion_types -- -j4 -l4
[13.898s] DEBUG:colcon.colcon_core.event_handler.log_command:Invoked command in '/home/loye/Desktop/Projects/ROS-100-Days-Coding-Challenge/Week 6/3. Motion type/ros2_ws/build/motion_types' returned '0': CMAKE_PREFIX_PATH=${CMAKE_PREFIX_PATH}:/home/loye/turtlebot3_ws/install/turtlebot3_teleop:/home/loye/turtlebot3_ws/install/turtlebot3_example:/opt/ros/foxy /usr/bin/cmake --build /home/loye/Desktop/Projects/ROS-100-Days-Coding-Challenge/Week 6/3. Motion type/ros2_ws/build/motion_types -- -j4 -l4
[13.978s] DEBUG:colcon.colcon_core.event_handler.log_command:Invoking command in '/home/loye/Desktop/Projects/ROS-100-Days-Coding-Challenge/Week 6/3. Motion type/ros2_ws/build/motion_types': CMAKE_PREFIX_PATH=${CMAKE_PREFIX_PATH}:/home/loye/turtlebot3_ws/install/turtlebot3_teleop:/home/loye/turtlebot3_ws/install/turtlebot3_example:/opt/ros/foxy /usr/bin/cmake --install /home/loye/Desktop/Projects/ROS-100-Days-Coding-Challenge/Week 6/3. Motion type/ros2_ws/build/motion_types
[14.036s] Level 1:colcon.colcon_core.environment:create_environment_scripts_only(motion_types)
[14.040s] DEBUG:colcon.colcon_core.event_handler.log_command:Invoked command in '/home/loye/Desktop/Projects/ROS-100-Days-Coding-Challenge/Week 6/3. Motion type/ros2_ws/build/motion_types' returned '0': CMAKE_PREFIX_PATH=${CMAKE_PREFIX_PATH}:/home/loye/turtlebot3_ws/install/turtlebot3_teleop:/home/loye/turtlebot3_ws/install/turtlebot3_example:/opt/ros/foxy /usr/bin/cmake --install /home/loye/Desktop/Projects/ROS-100-Days-Coding-Challenge/Week 6/3. Motion type/ros2_ws/build/motion_types
[14.049s] Level 1:colcon.colcon_core.environment:checking '/home/loye/Desktop/Projects/ROS-100-Days-Coding-Challenge/Week 6/3. Motion type/ros2_ws/install/motion_types' for CMake module files
[14.051s] Level 1:colcon.colcon_core.environment:checking '/home/loye/Desktop/Projects/ROS-100-Days-Coding-Challenge/Week 6/3. Motion type/ros2_ws/install/motion_types' for CMake config files
[14.051s] Level 1:colcon.colcon_core.shell:create_environment_hook('motion_types', 'cmake_prefix_path')
[14.056s] INFO:colcon.colcon_core.shell:Creating environment hook '/home/loye/Desktop/Projects/ROS-100-Days-Coding-Challenge/Week 6/3. Motion type/ros2_ws/install/motion_types/share/motion_types/hook/cmake_prefix_path.ps1'
[14.057s] INFO:colcon.colcon_core.shell:Creating environment descriptor '/home/loye/Desktop/Projects/ROS-100-Days-Coding-Challenge/Week 6/3. Motion type/ros2_ws/install/motion_types/share/motion_types/hook/cmake_prefix_path.dsv'
[14.058s] INFO:colcon.colcon_core.shell:Creating environment hook '/home/loye/Desktop/Projects/ROS-100-Days-Coding-Challenge/Week 6/3. Motion type/ros2_ws/install/motion_types/share/motion_types/hook/cmake_prefix_path.sh'
[14.060s] Level 1:colcon.colcon_core.environment:checking '/home/loye/Desktop/Projects/ROS-100-Days-Coding-Challenge/Week 6/3. Motion type/ros2_ws/install/motion_types/lib'
[14.061s] Level 1:colcon.colcon_core.environment:checking '/home/loye/Desktop/Projects/ROS-100-Days-Coding-Challenge/Week 6/3. Motion type/ros2_ws/install/motion_types/bin'
[14.061s] Level 1:colcon.colcon_core.environment:checking '/home/loye/Desktop/Projects/ROS-100-Days-Coding-Challenge/Week 6/3. Motion type/ros2_ws/install/motion_types/lib/pkgconfig/motion_types.pc'
[14.062s] Level 1:colcon.colcon_core.environment:checking '/home/loye/Desktop/Projects/ROS-100-Days-Coding-Challenge/Week 6/3. Motion type/ros2_ws/install/motion_types/lib/python3.8/site-packages'
[14.062s] Level 1:colcon.colcon_core.environment:checking '/home/loye/Desktop/Projects/ROS-100-Days-Coding-Challenge/Week 6/3. Motion type/ros2_ws/install/motion_types/bin'
[14.066s] INFO:colcon.colcon_core.shell:Creating package script '/home/loye/Desktop/Projects/ROS-100-Days-Coding-Challenge/Week 6/3. Motion type/ros2_ws/install/motion_types/share/motion_types/package.ps1'
[14.068s] INFO:colcon.colcon_core.shell:Creating package descriptor '/home/loye/Desktop/Projects/ROS-100-Days-Coding-Challenge/Week 6/3. Motion type/ros2_ws/install/motion_types/share/motion_types/package.dsv'
[14.070s] INFO:colcon.colcon_core.shell:Creating package script '/home/loye/Desktop/Projects/ROS-100-Days-Coding-Challenge/Week 6/3. Motion type/ros2_ws/install/motion_types/share/motion_types/package.sh'
[14.071s] INFO:colcon.colcon_core.shell:Creating package script '/home/loye/Desktop/Projects/ROS-100-Days-Coding-Challenge/Week 6/3. Motion type/ros2_ws/install/motion_types/share/motion_types/package.bash'
[14.073s] INFO:colcon.colcon_core.shell:Creating package script '/home/loye/Desktop/Projects/ROS-100-Days-Coding-Challenge/Week 6/3. Motion type/ros2_ws/install/motion_types/share/motion_types/package.zsh'
[14.075s] Level 1:colcon.colcon_core.environment:create_file_with_runtime_dependencies(/home/loye/Desktop/Projects/ROS-100-Days-Coding-Challenge/Week 6/3. Motion type/ros2_ws/install/motion_types/share/colcon-core/packages/motion_types)
[14.131s] Level 1:colcon.colcon_core.environment:create_environment_scripts_only(motion_types)
[14.137s] Level 1:colcon.colcon_core.environment:checking '/home/loye/Desktop/Projects/ROS-100-Days-Coding-Challenge/Week 6/3. Motion type/ros2_ws/install/motion_types' for CMake module files
[14.139s] Level 1:colcon.colcon_core.environment:checking '/home/loye/Desktop/Projects/ROS-100-Days-Coding-Challenge/Week 6/3. Motion type/ros2_ws/install/motion_types' for CMake config files
[14.139s] Level 1:colcon.colcon_core.shell:create_environment_hook('motion_types', 'cmake_prefix_path')
[14.144s] INFO:colcon.colcon_core.shell:Creating environment hook '/home/loye/Desktop/Projects/ROS-100-Days-Coding-Challenge/Week 6/3. Motion type/ros2_ws/install/motion_types/share/motion_types/hook/cmake_prefix_path.ps1'
[14.145s] INFO:colcon.colcon_core.shell:Creating environment descriptor '/home/loye/Desktop/Projects/ROS-100-Days-Coding-Challenge/Week 6/3. Motion type/ros2_ws/install/motion_types/share/motion_types/hook/cmake_prefix_path.dsv'
[14.146s] INFO:colcon.colcon_core.shell:Creating environment hook '/home/loye/Desktop/Projects/ROS-100-Days-Coding-Challenge/Week 6/3. Motion type/ros2_ws/install/motion_types/share/motion_types/hook/cmake_prefix_path.sh'
[14.147s] Level 1:colcon.colcon_core.environment:checking '/home/loye/Desktop/Projects/ROS-100-Days-Coding-Challenge/Week 6/3. Motion type/ros2_ws/install/motion_types/lib'
[14.147s] Level 1:colcon.colcon_core.environment:checking '/home/loye/Desktop/Projects/ROS-100-Days-Coding-Challenge/Week 6/3. Motion type/ros2_ws/install/motion_types/bin'
[14.147s] Level 1:colcon.colcon_core.environment:checking '/home/loye/Desktop/Projects/ROS-100-Days-Coding-Challenge/Week 6/3. Motion type/ros2_ws/install/motion_types/lib/pkgconfig/motion_types.pc'
[14.148s] Level 1:colcon.colcon_core.environment:checking '/home/loye/Desktop/Projects/ROS-100-Days-Coding-Challenge/Week 6/3. Motion type/ros2_ws/install/motion_types/lib/python3.8/site-packages'
[14.149s] Level 1:colcon.colcon_core.environment:checking '/home/loye/Desktop/Projects/ROS-100-Days-Coding-Challenge/Week 6/3. Motion type/ros2_ws/install/motion_types/bin'
[14.153s] INFO:colcon.colcon_core.shell:Creating package script '/home/loye/Desktop/Projects/ROS-100-Days-Coding-Challenge/Week 6/3. Motion type/ros2_ws/install/motion_types/share/motion_types/package.ps1'
[14.154s] INFO:colcon.colcon_core.shell:Creating package descriptor '/home/loye/Desktop/Projects/ROS-100-Days-Coding-Challenge/Week 6/3. Motion type/ros2_ws/install/motion_types/share/motion_types/package.dsv'
[14.155s] INFO:colcon.colcon_core.shell:Creating package script '/home/loye/Desktop/Projects/ROS-100-Days-Coding-Challenge/Week 6/3. Motion type/ros2_ws/install/motion_types/share/motion_types/package.sh'
[14.156s] INFO:colcon.colcon_core.shell:Creating package script '/home/loye/Desktop/Projects/ROS-100-Days-Coding-Challenge/Week 6/3. Motion type/ros2_ws/install/motion_types/share/motion_types/package.bash'
[14.157s] INFO:colcon.colcon_core.shell:Creating package script '/home/loye/Desktop/Projects/ROS-100-Days-Coding-Challenge/Week 6/3. Motion type/ros2_ws/install/motion_types/share/motion_types/package.zsh'
[14.158s] Level 1:colcon.colcon_core.environment:create_file_with_runtime_dependencies(/home/loye/Desktop/Projects/ROS-100-Days-Coding-Challenge/Week 6/3. Motion type/ros2_ws/install/motion_types/share/colcon-core/packages/motion_types)
[14.158s] DEBUG:colcon.colcon_parallel_executor.executor.parallel:closing loop
[14.159s] DEBUG:colcon.colcon_parallel_executor.executor.parallel:loop closed
[14.159s] DEBUG:colcon.colcon_parallel_executor.executor.parallel:run_until_complete finished with '0'
[14.159s] DEBUG:colcon.colcon_core.event_reactor:joining thread
[14.173s] INFO:colcon.colcon_core.plugin_system:Skipping extension 'colcon_notification.desktop_notification.terminal_notifier': Not used on non-Darwin systems
[14.173s] INFO:colcon.colcon_core.plugin_system:Skipping extension 'colcon_notification.desktop_notification.win32': Not used on non-Windows systems
[14.173s] INFO:colcon.colcon_notification.desktop_notification:Sending desktop notification using 'notify2'
[14.208s] DEBUG:colcon.colcon_core.event_reactor:joined thread
[14.212s] INFO:colcon.colcon_core.shell:Creating prefix script '/home/loye/Desktop/Projects/ROS-100-Days-Coding-Challenge/Week 6/3. Motion type/ros2_ws/install/local_setup.ps1'
[14.214s] INFO:colcon.colcon_core.shell:Creating prefix util module '/home/loye/Desktop/Projects/ROS-100-Days-Coding-Challenge/Week 6/3. Motion type/ros2_ws/install/_local_setup_util_ps1.py'
[14.219s] INFO:colcon.colcon_core.shell:Creating prefix chain script '/home/loye/Desktop/Projects/ROS-100-Days-Coding-Challenge/Week 6/3. Motion type/ros2_ws/install/setup.ps1'
[14.224s] INFO:colcon.colcon_core.shell:Creating prefix script '/home/loye/Desktop/Projects/ROS-100-Days-Coding-Challenge/Week 6/3. Motion type/ros2_ws/install/local_setup.sh'
[14.225s] INFO:colcon.colcon_core.shell:Creating prefix util module '/home/loye/Desktop/Projects/ROS-100-Days-Coding-Challenge/Week 6/3. Motion type/ros2_ws/install/_local_setup_util_sh.py'
[14.226s] INFO:colcon.colcon_core.shell:Creating prefix chain script '/home/loye/Desktop/Projects/ROS-100-Days-Coding-Challenge/Week 6/3. Motion type/ros2_ws/install/setup.sh'
[14.231s] INFO:colcon.colcon_core.shell:Creating prefix script '/home/loye/Desktop/Projects/ROS-100-Days-Coding-Challenge/Week 6/3. Motion type/ros2_ws/install/local_setup.bash'
[14.232s] INFO:colcon.colcon_core.shell:Creating prefix chain script '/home/loye/Desktop/Projects/ROS-100-Days-Coding-Challenge/Week 6/3. Motion type/ros2_ws/install/setup.bash'
[14.237s] INFO:colcon.colcon_core.shell:Creating prefix script '/home/loye/Desktop/Projects/ROS-100-Days-Coding-Challenge/Week 6/3. Motion type/ros2_ws/install/local_setup.zsh'
[14.238s] INFO:colcon.colcon_core.shell:Creating prefix chain script '/home/loye/Desktop/Projects/ROS-100-Days-Coding-Challenge/Week 6/3. Motion type/ros2_ws/install/setup.zsh'
