[0.408s] DEBUG:colcon:Command line arguments: ['/usr/bin/colcon', 'build', '--packages-select', 'motion_types_py', '--symlink-install']
[0.408s] DEBUG:colcon:Parsed command line arguments: Namespace(allow_overriding=[], ament_cmake_args=None, base_paths=['.'], build_base='build', catkin_cmake_args=None, catkin_skip_building_tests=False, cmake_args=None, cmake_clean_cache=False, cmake_clean_first=False, cmake_force_configure=False, cmake_target=None, cmake_target_skip_unavailable=False, continue_on_error=False, event_handlers=None, executor='parallel', ignore_user_meta=False, install_base='install', log_base=None, log_level=None, main=<bound method BuildVerb.main of <colcon_core.verb.build.BuildVerb object at 0x7feed52489a0>>, merge_install=False, metas=['./colcon.meta'], packages_above=None, packages_above_and_dependencies=None, packages_above_depth=None, packages_end=None, packages_ignore=None, packages_ignore_regex=None, packages_select=['motion_types_py'], packages_select_build_failed=False, packages_select_by_dep=None, packages_select_regex=None, packages_select_test_failures=False, packages_skip=None, packages_skip_build_finished=False, packages_skip_by_dep=None, packages_skip_regex=None, packages_skip_test_passed=False, packages_skip_up_to=None, packages_start=None, packages_up_to=None, packages_up_to_regex=None, parallel_workers=4, paths=None, symlink_install=True, test_result_base=None, verb_extension=<colcon_core.verb.build.BuildVerb object at 0x7feed52489a0>, verb_name='build', verb_parser=<colcon_defaults.argument_parser.defaults.DefaultArgumentsDecorator object at 0x7feed5248f10>)
[0.474s] Level 1:colcon.colcon_core.package_discovery:discover_packages(colcon_meta) check parameters
[0.475s] Level 1:colcon.colcon_core.package_discovery:discover_packages(recursive) check parameters
[0.475s] Level 1:colcon.colcon_core.package_discovery:discover_packages(ignore) check parameters
[0.475s] Level 1:colcon.colcon_core.package_discovery:discover_packages(path) check parameters
[0.475s] Level 1:colcon.colcon_core.package_discovery:discover_packages(colcon_meta) discover
[0.475s] Level 1:colcon.colcon_core.package_discovery:discover_packages(recursive) discover
[0.475s] INFO:colcon.colcon_core.package_discovery:Crawling recursively for packages in '/home/loye/Desktop/Projects/ROS-100-Days-Coding-Challenge/Week 6/3. Motion type/ros2_ws'
[0.476s] Level 1:colcon.colcon_core.package_identification:_identify(.) by extensions ['ignore', 'ignore_ament_install']
[0.476s] Level 1:colcon.colcon_core.package_identification:_identify(.) by extension 'ignore'
[0.476s] Level 1:colcon.colcon_core.package_identification:_identify(.) by extension 'ignore_ament_install'
[0.476s] Level 1:colcon.colcon_core.package_identification:_identify(.) by extensions ['colcon_pkg']
[0.476s] Level 1:colcon.colcon_core.package_identification:_identify(.) by extension 'colcon_pkg'
[0.476s] Level 1:colcon.colcon_core.package_identification:_identify(.) by extensions ['colcon_meta']
[0.476s] Level 1:colcon.colcon_core.package_identification:_identify(.) by extension 'colcon_meta'
[0.477s] Level 1:colcon.colcon_core.package_identification:_identify(.) by extensions ['ros']
[0.477s] Level 1:colcon.colcon_core.package_identification:_identify(.) by extension 'ros'
[0.527s] Level 1:colcon.colcon_core.package_identification:_identify(.) by extensions ['cmake', 'python']
[0.528s] Level 1:colcon.colcon_core.package_identification:_identify(.) by extension 'cmake'
[0.528s] Level 1:colcon.colcon_core.package_identification:_identify(.) by extension 'python'
[0.528s] Level 1:colcon.colcon_core.package_identification:_identify(.) by extensions ['python_setup_py']
[0.528s] Level 1:colcon.colcon_core.package_identification:_identify(.) by extension 'python_setup_py'
[0.528s] Level 1:colcon.colcon_core.package_identification:_identify(build) by extensions ['ignore', 'ignore_ament_install']
[0.529s] Level 1:colcon.colcon_core.package_identification:_identify(build) by extension 'ignore'
[0.529s] Level 1:colcon.colcon_core.package_identification:_identify(build) ignored
[0.529s] Level 1:colcon.colcon_core.package_identification:_identify(install) by extensions ['ignore', 'ignore_ament_install']
[0.530s] Level 1:colcon.colcon_core.package_identification:_identify(install) by extension 'ignore'
[0.530s] Level 1:colcon.colcon_core.package_identification:_identify(install) ignored
[0.530s] Level 1:colcon.colcon_core.package_identification:_identify(log) by extensions ['ignore', 'ignore_ament_install']
[0.530s] Level 1:colcon.colcon_core.package_identification:_identify(log) by extension 'ignore'
[0.530s] Level 1:colcon.colcon_core.package_identification:_identify(log) ignored
[0.531s] Level 1:colcon.colcon_core.package_identification:_identify(src) by extensions ['ignore', 'ignore_ament_install']
[0.531s] Level 1:colcon.colcon_core.package_identification:_identify(src) by extension 'ignore'
[0.531s] Level 1:colcon.colcon_core.package_identification:_identify(src) by extension 'ignore_ament_install'
[0.531s] Level 1:colcon.colcon_core.package_identification:_identify(src) by extensions ['colcon_pkg']
[0.531s] Level 1:colcon.colcon_core.package_identification:_identify(src) by extension 'colcon_pkg'
[0.531s] Level 1:colcon.colcon_core.package_identification:_identify(src) by extensions ['colcon_meta']
[0.532s] Level 1:colcon.colcon_core.package_identification:_identify(src) by extension 'colcon_meta'
[0.532s] Level 1:colcon.colcon_core.package_identification:_identify(src) by extensions ['ros']
[0.532s] Level 1:colcon.colcon_core.package_identification:_identify(src) by extension 'ros'
[0.532s] Level 1:colcon.colcon_core.package_identification:_identify(src) by extensions ['cmake', 'python']
[0.532s] Level 1:colcon.colcon_core.package_identification:_identify(src) by extension 'cmake'
[0.532s] Level 1:colcon.colcon_core.package_identification:_identify(src) by extension 'python'
[0.532s] Level 1:colcon.colcon_core.package_identification:_identify(src) by extensions ['python_setup_py']
[0.533s] Level 1:colcon.colcon_core.package_identification:_identify(src) by extension 'python_setup_py'
[0.533s] Level 1:colcon.colcon_core.package_identification:_identify(src/motion_types) by extensions ['ignore', 'ignore_ament_install']
[0.533s] Level 1:colcon.colcon_core.package_identification:_identify(src/motion_types) by extension 'ignore'
[0.533s] Level 1:colcon.colcon_core.package_identification:_identify(src/motion_types) by extension 'ignore_ament_install'
[0.533s] Level 1:colcon.colcon_core.package_identification:_identify(src/motion_types) by extensions ['colcon_pkg']
[0.533s] Level 1:colcon.colcon_core.package_identification:_identify(src/motion_types) by extension 'colcon_pkg'
[0.534s] Level 1:colcon.colcon_core.package_identification:_identify(src/motion_types) by extensions ['colcon_meta']
[0.534s] Level 1:colcon.colcon_core.package_identification:_identify(src/motion_types) by extension 'colcon_meta'
[0.534s] Level 1:colcon.colcon_core.package_identification:_identify(src/motion_types) by extensions ['ros']
[0.534s] Level 1:colcon.colcon_core.package_identification:_identify(src/motion_types) by extension 'ros'
[0.540s] DEBUG:colcon.colcon_core.package_identification:Package 'src/motion_types' with type 'ros.ament_cmake' and name 'motion_types'
[0.541s] Level 1:colcon.colcon_core.package_identification:_identify(src/motion_types_py) by extensions ['ignore', 'ignore_ament_install']
[0.541s] Level 1:colcon.colcon_core.package_identification:_identify(src/motion_types_py) by extension 'ignore'
[0.541s] Level 1:colcon.colcon_core.package_identification:_identify(src/motion_types_py) by extension 'ignore_ament_install'
[0.541s] Level 1:colcon.colcon_core.package_identification:_identify(src/motion_types_py) by extensions ['colcon_pkg']
[0.541s] Level 1:colcon.colcon_core.package_identification:_identify(src/motion_types_py) by extension 'colcon_pkg'
[0.541s] Level 1:colcon.colcon_core.package_identification:_identify(src/motion_types_py) by extensions ['colcon_meta']
[0.541s] Level 1:colcon.colcon_core.package_identification:_identify(src/motion_types_py) by extension 'colcon_meta'
[0.542s] Level 1:colcon.colcon_core.package_identification:_identify(src/motion_types_py) by extensions ['ros']
[0.542s] Level 1:colcon.colcon_core.package_identification:_identify(src/motion_types_py) by extension 'ros'
[0.543s] DEBUG:colcon.colcon_core.package_identification:Package 'src/motion_types_py' with type 'ros.ament_python' and name 'motion_types_py'
[0.544s] Level 1:colcon.colcon_core.package_discovery:discover_packages(recursive) using defaults
[0.544s] Level 1:colcon.colcon_core.package_discovery:discover_packages(ignore) discover
[0.544s] Level 1:colcon.colcon_core.package_discovery:discover_packages(ignore) using defaults
[0.544s] Level 1:colcon.colcon_core.package_discovery:discover_packages(path) discover
[0.544s] Level 1:colcon.colcon_core.package_discovery:discover_packages(path) using defaults
[0.592s] INFO:colcon.colcon_core.package_selection:Skipping not selected package 'motion_types' in 'src/motion_types'
[0.594s] Level 1:colcon.colcon_core.package_discovery:discover_packages(prefix_path) check parameters
[0.594s] Level 1:colcon.colcon_core.package_discovery:discover_packages(prefix_path) discover
[0.604s] DEBUG:colcon.colcon_installed_package_information.package_discovery:Found 13 installed packages in /home/loye/turtlebot3_ws/install
[0.611s] DEBUG:colcon.colcon_installed_package_information.package_discovery:Found 341 installed packages in /opt/ros/foxy
[0.622s] Level 1:colcon.colcon_core.package_discovery:discover_packages(prefix_path) using defaults
[0.843s] Level 5:colcon.colcon_core.verb:set package 'motion_types_py' build argument 'cmake_args' from command line to 'None'
[0.843s] Level 5:colcon.colcon_core.verb:set package 'motion_types_py' build argument 'cmake_target' from command line to 'None'
[0.843s] Level 5:colcon.colcon_core.verb:set package 'motion_types_py' build argument 'cmake_target_skip_unavailable' from command line to 'False'
[0.843s] Level 5:colcon.colcon_core.verb:set package 'motion_types_py' build argument 'cmake_clean_cache' from command line to 'False'
[0.843s] Level 5:colcon.colcon_core.verb:set package 'motion_types_py' build argument 'cmake_clean_first' from command line to 'False'
[0.843s] Level 5:colcon.colcon_core.verb:set package 'motion_types_py' build argument 'cmake_force_configure' from command line to 'False'
[0.844s] Level 5:colcon.colcon_core.verb:set package 'motion_types_py' build argument 'ament_cmake_args' from command line to 'None'
[0.844s] Level 5:colcon.colcon_core.verb:set package 'motion_types_py' build argument 'catkin_cmake_args' from command line to 'None'
[0.844s] Level 5:colcon.colcon_core.verb:set package 'motion_types_py' build argument 'catkin_skip_building_tests' from command line to 'False'
[0.844s] DEBUG:colcon.colcon_core.verb:Building package 'motion_types_py' with the following arguments: {'ament_cmake_args': None, 'build_base': '/home/loye/Desktop/Projects/ROS-100-Days-Coding-Challenge/Week 6/3. Motion type/ros2_ws/build/motion_types_py', 'catkin_cmake_args': None, 'catkin_skip_building_tests': False, 'cmake_args': None, 'cmake_clean_cache': False, 'cmake_clean_first': False, 'cmake_force_configure': False, 'cmake_target': None, 'cmake_target_skip_unavailable': False, 'install_base': '/home/loye/Desktop/Projects/ROS-100-Days-Coding-Challenge/Week 6/3. Motion type/ros2_ws/install/motion_types_py', 'merge_install': False, 'path': '/home/loye/Desktop/Projects/ROS-100-Days-Coding-Challenge/Week 6/3. Motion type/ros2_ws/src/motion_types_py', 'symlink_install': True, 'test_result_base': None}
[0.846s] INFO:colcon.colcon_core.executor:Executing jobs using 'parallel' executor
[0.859s] DEBUG:colcon.colcon_parallel_executor.executor.parallel:run_until_complete
[0.859s] INFO:colcon.colcon_ros.task.ament_python.build:Building ROS package in '/home/loye/Desktop/Projects/ROS-100-Days-Coding-Challenge/Week 6/3. Motion type/ros2_ws/src/motion_types_py' with build type 'ament_python'
[0.859s] Level 1:colcon.colcon_core.shell:create_environment_hook('motion_types_py', 'ament_prefix_path')
[0.869s] INFO:colcon.colcon_core.plugin_system:Skipping extension 'colcon_core.shell.bat': Not used on non-Windows systems
[0.870s] INFO:colcon.colcon_core.shell:Creating environment hook '/home/loye/Desktop/Projects/ROS-100-Days-Coding-Challenge/Week 6/3. Motion type/ros2_ws/install/motion_types_py/share/motion_types_py/hook/ament_prefix_path.ps1'
[0.871s] INFO:colcon.colcon_core.shell:Creating environment descriptor '/home/loye/Desktop/Projects/ROS-100-Days-Coding-Challenge/Week 6/3. Motion type/ros2_ws/install/motion_types_py/share/motion_types_py/hook/ament_prefix_path.dsv'
[0.872s] INFO:colcon.colcon_core.shell:Creating environment hook '/home/loye/Desktop/Projects/ROS-100-Days-Coding-Challenge/Week 6/3. Motion type/ros2_ws/install/motion_types_py/share/motion_types_py/hook/ament_prefix_path.sh'
[0.877s] INFO:colcon.colcon_core.shell:Skip shell extension 'powershell' for command environment: Not usable outside of PowerShell
[0.877s] DEBUG:colcon.colcon_core.shell:Skip shell extension 'dsv' for command environment
[1.513s] INFO:colcon.colcon_core.task.python.build:Building Python package in '/home/loye/Desktop/Projects/ROS-100-Days-Coding-Challenge/Week 6/3. Motion type/ros2_ws/src/motion_types_py'
[1.518s] INFO:colcon.colcon_core.shell:Skip shell extension 'powershell' for command environment: Not usable outside of PowerShell
[1.518s] DEBUG:colcon.colcon_core.shell:Skip shell extension 'dsv' for command environment
[2.790s] DEBUG:colcon.colcon_core.event_handler.log_command:Invoking command in '/home/loye/Desktop/Projects/ROS-100-Days-Coding-Challenge/Week 6/3. Motion type/ros2_ws/build/motion_types_py': PYTHONPATH=/home/loye/Desktop/Projects/ROS-100-Days-Coding-Challenge/Week 6/3. Motion type/ros2_ws/install/motion_types_py/lib/python3.8/site-packages:${PYTHONPATH} /usr/bin/python3 setup.py develop --prefix /home/loye/Desktop/Projects/ROS-100-Days-Coding-Challenge/Week 6/3. Motion type/ros2_ws/install/motion_types_py --editable --build-directory /home/loye/Desktop/Projects/ROS-100-Days-Coding-Challenge/Week 6/3. Motion type/ros2_ws/build/motion_types_py/build --no-deps install_data --install-dir /home/loye/Desktop/Projects/ROS-100-Days-Coding-Challenge/Week 6/3. Motion type/ros2_ws/install/motion_types_py
[4.035s] Level 1:colcon.colcon_core.shell:create_environment_hook('motion_types_py', 'pythonpath_develop')
[4.036s] DEBUG:colcon.colcon_core.event_handler.log_command:Invoked command in '/home/loye/Desktop/Projects/ROS-100-Days-Coding-Challenge/Week 6/3. Motion type/ros2_ws/build/motion_types_py' returned '0': PYTHONPATH=/home/loye/Desktop/Projects/ROS-100-Days-Coding-Challenge/Week 6/3. Motion type/ros2_ws/install/motion_types_py/lib/python3.8/site-packages:${PYTHONPATH} /usr/bin/python3 setup.py develop --prefix /home/loye/Desktop/Projects/ROS-100-Days-Coding-Challenge/Week 6/3. Motion type/ros2_ws/install/motion_types_py --editable --build-directory /home/loye/Desktop/Projects/ROS-100-Days-Coding-Challenge/Week 6/3. Motion type/ros2_ws/build/motion_types_py/build --no-deps install_data --install-dir /home/loye/Desktop/Projects/ROS-100-Days-Coding-Challenge/Week 6/3. Motion type/ros2_ws/install/motion_types_py
[4.040s] INFO:colcon.colcon_core.shell:Creating environment hook '/home/loye/Desktop/Projects/ROS-100-Days-Coding-Challenge/Week 6/3. Motion type/ros2_ws/build/motion_types_py/share/motion_types_py/hook/pythonpath_develop.ps1'
[4.041s] INFO:colcon.colcon_core.shell:Creating environment descriptor '/home/loye/Desktop/Projects/ROS-100-Days-Coding-Challenge/Week 6/3. Motion type/ros2_ws/build/motion_types_py/share/motion_types_py/hook/pythonpath_develop.dsv'
[4.041s] INFO:colcon.colcon_core.shell:Creating environment hook '/home/loye/Desktop/Projects/ROS-100-Days-Coding-Challenge/Week 6/3. Motion type/ros2_ws/build/motion_types_py/share/motion_types_py/hook/pythonpath_develop.sh'
[4.055s] Level 1:colcon.colcon_core.environment:checking '/home/loye/Desktop/Projects/ROS-100-Days-Coding-Challenge/Week 6/3. Motion type/ros2_ws/install/motion_types_py' for CMake module files
[4.056s] Level 1:colcon.colcon_core.environment:checking '/home/loye/Desktop/Projects/ROS-100-Days-Coding-Challenge/Week 6/3. Motion type/ros2_ws/install/motion_types_py' for CMake config files
[4.058s] Level 1:colcon.colcon_core.environment:checking '/home/loye/Desktop/Projects/ROS-100-Days-Coding-Challenge/Week 6/3. Motion type/ros2_ws/install/motion_types_py/lib'
[4.058s] Level 1:colcon.colcon_core.environment:checking '/home/loye/Desktop/Projects/ROS-100-Days-Coding-Challenge/Week 6/3. Motion type/ros2_ws/install/motion_types_py/bin'
[4.058s] Level 1:colcon.colcon_core.environment:checking '/home/loye/Desktop/Projects/ROS-100-Days-Coding-Challenge/Week 6/3. Motion type/ros2_ws/install/motion_types_py/lib/pkgconfig/motion_types_py.pc'
[4.059s] Level 1:colcon.colcon_core.environment:checking '/home/loye/Desktop/Projects/ROS-100-Days-Coding-Challenge/Week 6/3. Motion type/ros2_ws/install/motion_types_py/lib/python3.8/site-packages'
[4.059s] Level 1:colcon.colcon_core.shell:create_environment_hook('motion_types_py', 'pythonpath')
[4.063s] INFO:colcon.colcon_core.shell:Creating environment hook '/home/loye/Desktop/Projects/ROS-100-Days-Coding-Challenge/Week 6/3. Motion type/ros2_ws/install/motion_types_py/share/motion_types_py/hook/pythonpath.ps1'
[4.064s] INFO:colcon.colcon_core.shell:Creating environment descriptor '/home/loye/Desktop/Projects/ROS-100-Days-Coding-Challenge/Week 6/3. Motion type/ros2_ws/install/motion_types_py/share/motion_types_py/hook/pythonpath.dsv'
[4.064s] INFO:colcon.colcon_core.shell:Creating environment hook '/home/loye/Desktop/Projects/ROS-100-Days-Coding-Challenge/Week 6/3. Motion type/ros2_ws/install/motion_types_py/share/motion_types_py/hook/pythonpath.sh'
[4.066s] Level 1:colcon.colcon_core.environment:checking '/home/loye/Desktop/Projects/ROS-100-Days-Coding-Challenge/Week 6/3. Motion type/ros2_ws/install/motion_types_py/bin'
[4.066s] Level 1:colcon.colcon_core.environment:create_environment_scripts_only(motion_types_py)
[4.070s] INFO:colcon.colcon_core.shell:Creating package script '/home/loye/Desktop/Projects/ROS-100-Days-Coding-Challenge/Week 6/3. Motion type/ros2_ws/install/motion_types_py/share/motion_types_py/package.ps1'
[4.072s] INFO:colcon.colcon_core.shell:Creating package descriptor '/home/loye/Desktop/Projects/ROS-100-Days-Coding-Challenge/Week 6/3. Motion type/ros2_ws/install/motion_types_py/share/motion_types_py/package.dsv'
[4.073s] INFO:colcon.colcon_core.shell:Creating package script '/home/loye/Desktop/Projects/ROS-100-Days-Coding-Challenge/Week 6/3. Motion type/ros2_ws/install/motion_types_py/share/motion_types_py/package.sh'
[4.075s] INFO:colcon.colcon_core.shell:Creating package script '/home/loye/Desktop/Projects/ROS-100-Days-Coding-Challenge/Week 6/3. Motion type/ros2_ws/install/motion_types_py/share/motion_types_py/package.bash'
[4.077s] INFO:colcon.colcon_core.shell:Creating package script '/home/loye/Desktop/Projects/ROS-100-Days-Coding-Challenge/Week 6/3. Motion type/ros2_ws/install/motion_types_py/share/motion_types_py/package.zsh'
[4.079s] Level 1:colcon.colcon_core.environment:create_file_with_runtime_dependencies(/home/loye/Desktop/Projects/ROS-100-Days-Coding-Challenge/Week 6/3. Motion type/ros2_ws/install/motion_types_py/share/colcon-core/packages/motion_types_py)
[4.080s] DEBUG:colcon.colcon_parallel_executor.executor.parallel:closing loop
[4.080s] DEBUG:colcon.colcon_parallel_executor.executor.parallel:loop closed
[4.081s] DEBUG:colcon.colcon_parallel_executor.executor.parallel:run_until_complete finished with '0'
[4.081s] DEBUG:colcon.colcon_core.event_reactor:joining thread
[4.096s] INFO:colcon.colcon_core.plugin_system:Skipping extension 'colcon_notification.desktop_notification.terminal_notifier': Not used on non-Darwin systems
[4.096s] INFO:colcon.colcon_core.plugin_system:Skipping extension 'colcon_notification.desktop_notification.win32': Not used on non-Windows systems
[4.096s] INFO:colcon.colcon_notification.desktop_notification:Sending desktop notification using 'notify2'
[4.138s] DEBUG:colcon.colcon_core.event_reactor:joined thread
[4.142s] INFO:colcon.colcon_core.shell:Creating prefix script '/home/loye/Desktop/Projects/ROS-100-Days-Coding-Challenge/Week 6/3. Motion type/ros2_ws/install/local_setup.ps1'
[4.145s] INFO:colcon.colcon_core.shell:Creating prefix util module '/home/loye/Desktop/Projects/ROS-100-Days-Coding-Challenge/Week 6/3. Motion type/ros2_ws/install/_local_setup_util_ps1.py'
[4.149s] INFO:colcon.colcon_core.shell:Creating prefix chain script '/home/loye/Desktop/Projects/ROS-100-Days-Coding-Challenge/Week 6/3. Motion type/ros2_ws/install/setup.ps1'
[4.154s] INFO:colcon.colcon_core.shell:Creating prefix script '/home/loye/Desktop/Projects/ROS-100-Days-Coding-Challenge/Week 6/3. Motion type/ros2_ws/install/local_setup.sh'
[4.155s] INFO:colcon.colcon_core.shell:Creating prefix util module '/home/loye/Desktop/Projects/ROS-100-Days-Coding-Challenge/Week 6/3. Motion type/ros2_ws/install/_local_setup_util_sh.py'
[4.156s] INFO:colcon.colcon_core.shell:Creating prefix chain script '/home/loye/Desktop/Projects/ROS-100-Days-Coding-Challenge/Week 6/3. Motion type/ros2_ws/install/setup.sh'
[4.161s] INFO:colcon.colcon_core.shell:Creating prefix script '/home/loye/Desktop/Projects/ROS-100-Days-Coding-Challenge/Week 6/3. Motion type/ros2_ws/install/local_setup.bash'
[4.162s] INFO:colcon.colcon_core.shell:Creating prefix chain script '/home/loye/Desktop/Projects/ROS-100-Days-Coding-Challenge/Week 6/3. Motion type/ros2_ws/install/setup.bash'
[4.167s] INFO:colcon.colcon_core.shell:Creating prefix script '/home/loye/Desktop/Projects/ROS-100-Days-Coding-Challenge/Week 6/3. Motion type/ros2_ws/install/local_setup.zsh'
[4.168s] INFO:colcon.colcon_core.shell:Creating prefix chain script '/home/loye/Desktop/Projects/ROS-100-Days-Coding-Challenge/Week 6/3. Motion type/ros2_ws/install/setup.zsh'
