[0.038s] Invoking command in '/home/loye/Desktop/Projects/ROS-100-Days-Coding-Challenge/Week 5/5. Parameter/ros2_ws/build/pkg_cpp': CMAKE_PREFIX_PATH=/opt/ros/foxy /usr/bin/cmake --build /home/loye/Desktop/Projects/ROS-100-Days-Coding-Challenge/Week 5/5. Parameter/ros2_ws/build/pkg_cpp -- -j4 -l4
[0.193s] [35m[1mScanning dependencies of target number_counter[0m
[0.237s] [ 50%] Built target number_pub
[0.290s] [ 75%] [32mBuilding CXX object CMakeFiles/number_counter.dir/src/number_counter.cpp.o[0m
[11.760s] [100%] [32m[1mLinking CXX executable number_counter[0m
[12.561s] [100%] Built target number_counter
[12.594s] Invoked command in '/home/loye/Desktop/Projects/ROS-100-Days-Coding-Challenge/Week 5/5. Parameter/ros2_ws/build/pkg_cpp' returned '0': CMAKE_PREFIX_PATH=/opt/ros/foxy /usr/bin/cmake --build /home/loye/Desktop/Projects/ROS-100-Days-Coding-Challenge/Week 5/5. Parameter/ros2_ws/build/pkg_cpp -- -j4 -l4
[12.703s] Invoking command in '/home/loye/Desktop/Projects/ROS-100-Days-Coding-Challenge/Week 5/5. Parameter/ros2_ws/build/pkg_cpp': CMAKE_PREFIX_PATH=/opt/ros/foxy /usr/bin/cmake --install /home/loye/Desktop/Projects/ROS-100-Days-Coding-Challenge/Week 5/5. Parameter/ros2_ws/build/pkg_cpp
[12.729s] -- Install configuration: ""
[12.730s] -- Up-to-date: /home/loye/Desktop/Projects/ROS-100-Days-Coding-Challenge/Week 5/5. Parameter/ros2_ws/install/pkg_cpp/lib/pkg_cpp/number_pub
[12.730s] -- Installing: /home/loye/Desktop/Projects/ROS-100-Days-Coding-Challenge/Week 5/5. Parameter/ros2_ws/install/pkg_cpp/lib/pkg_cpp/number_counter
[12.736s] -- Set runtime path of "/home/loye/Desktop/Projects/ROS-100-Days-Coding-Challenge/Week 5/5. Parameter/ros2_ws/install/pkg_cpp/lib/pkg_cpp/number_counter" to ""
[12.736s] -- Up-to-date: /home/loye/Desktop/Projects/ROS-100-Days-Coding-Challenge/Week 5/5. Parameter/ros2_ws/install/pkg_cpp/share/ament_index/resource_index/package_run_dependencies/pkg_cpp
[12.737s] -- Up-to-date: /home/loye/Desktop/Projects/ROS-100-Days-Coding-Challenge/Week 5/5. Parameter/ros2_ws/install/pkg_cpp/share/ament_index/resource_index/parent_prefix_path/pkg_cpp
[12.737s] -- Up-to-date: /home/loye/Desktop/Projects/ROS-100-Days-Coding-Challenge/Week 5/5. Parameter/ros2_ws/install/pkg_cpp/share/pkg_cpp/environment/ament_prefix_path.sh
[12.738s] -- Installing: /home/loye/Desktop/Projects/ROS-100-Days-Coding-Challenge/Week 5/5. Parameter/ros2_ws/install/pkg_cpp/share/pkg_cpp/environment/ament_prefix_path.dsv
[12.738s] -- Up-to-date: /home/loye/Desktop/Projects/ROS-100-Days-Coding-Challenge/Week 5/5. Parameter/ros2_ws/install/pkg_cpp/share/pkg_cpp/environment/path.sh
[12.738s] -- Installing: /home/loye/Desktop/Projects/ROS-100-Days-Coding-Challenge/Week 5/5. Parameter/ros2_ws/install/pkg_cpp/share/pkg_cpp/environment/path.dsv
[12.739s] -- Up-to-date: /home/loye/Desktop/Projects/ROS-100-Days-Coding-Challenge/Week 5/5. Parameter/ros2_ws/install/pkg_cpp/share/pkg_cpp/local_setup.bash
[12.740s] -- Up-to-date: /home/loye/Desktop/Projects/ROS-100-Days-Coding-Challenge/Week 5/5. Parameter/ros2_ws/install/pkg_cpp/share/pkg_cpp/local_setup.sh
[12.740s] -- Up-to-date: /home/loye/Desktop/Projects/ROS-100-Days-Coding-Challenge/Week 5/5. Parameter/ros2_ws/install/pkg_cpp/share/pkg_cpp/local_setup.zsh
[12.740s] -- Installing: /home/loye/Desktop/Projects/ROS-100-Days-Coding-Challenge/Week 5/5. Parameter/ros2_ws/install/pkg_cpp/share/pkg_cpp/local_setup.dsv
[12.741s] -- Installing: /home/loye/Desktop/Projects/ROS-100-Days-Coding-Challenge/Week 5/5. Parameter/ros2_ws/install/pkg_cpp/share/pkg_cpp/package.dsv
[12.742s] -- Up-to-date: /home/loye/Desktop/Projects/ROS-100-Days-Coding-Challenge/Week 5/5. Parameter/ros2_ws/install/pkg_cpp/share/ament_index/resource_index/packages/pkg_cpp
[12.742s] -- Up-to-date: /home/loye/Desktop/Projects/ROS-100-Days-Coding-Challenge/Week 5/5. Parameter/ros2_ws/install/pkg_cpp/share/pkg_cpp/cmake/pkg_cppConfig.cmake
[12.742s] -- Up-to-date: /home/loye/Desktop/Projects/ROS-100-Days-Coding-Challenge/Week 5/5. Parameter/ros2_ws/install/pkg_cpp/share/pkg_cpp/cmake/pkg_cppConfig-version.cmake
[12.742s] -- Up-to-date: /home/loye/Desktop/Projects/ROS-100-Days-Coding-Challenge/Week 5/5. Parameter/ros2_ws/install/pkg_cpp/share/pkg_cpp/package.xml
[12.749s] Invoked command in '/home/loye/Desktop/Projects/ROS-100-Days-Coding-Challenge/Week 5/5. Parameter/ros2_ws/build/pkg_cpp' returned '0': CMAKE_PREFIX_PATH=/opt/ros/foxy /usr/bin/cmake --install /home/loye/Desktop/Projects/ROS-100-Days-Coding-Challenge/Week 5/5. Parameter/ros2_ws/build/pkg_cpp
