[0.032s] Invoking command in '/home/loye/Desktop/Projects/ROS-100-Days-Coding-Challenge/Week 3/06. Turtle Pub & Sub/ros2_ws/build/pkg_cpp_py': CMAKE_PREFIX_PATH=/opt/ros/foxy /usr/bin/cmake --build /home/loye/Desktop/Projects/ROS-100-Days-Coding-Challenge/Week 3/06. Turtle Pub & Sub/ros2_ws/build/pkg_cpp_py -- -j4 -l4
[0.148s] [35m[1mScanning dependencies of target avoid_wall[0m
[0.222s] [ 33%] Built target draw_circle
[0.255s] [ 66%] Built target talker
[0.289s] [ 83%] [32mBuilding CXX object CMakeFiles/avoid_wall.dir/src/avoid_wall.cpp.o[0m
[12.489s] [100%] [32m[1mLinking CXX executable avoid_wall[0m
[13.256s] [100%] Built target avoid_wall
[13.282s] Invoked command in '/home/loye/Desktop/Projects/ROS-100-Days-Coding-Challenge/Week 3/06. Turtle Pub & Sub/ros2_ws/build/pkg_cpp_py' returned '0': CMAKE_PREFIX_PATH=/opt/ros/foxy /usr/bin/cmake --build /home/loye/Desktop/Projects/ROS-100-Days-Coding-Challenge/Week 3/06. Turtle Pub & Sub/ros2_ws/build/pkg_cpp_py -- -j4 -l4
[13.372s] Invoking command in '/home/loye/Desktop/Projects/ROS-100-Days-Coding-Challenge/Week 3/06. Turtle Pub & Sub/ros2_ws/build/pkg_cpp_py': CMAKE_PREFIX_PATH=/opt/ros/foxy /usr/bin/cmake --install /home/loye/Desktop/Projects/ROS-100-Days-Coding-Challenge/Week 3/06. Turtle Pub & Sub/ros2_ws/build/pkg_cpp_py
[13.389s] -- Install configuration: ""
[13.390s] -- Up-to-date: /home/loye/Desktop/Projects/ROS-100-Days-Coding-Challenge/Week 3/06. Turtle Pub & Sub/ros2_ws/install/pkg_cpp_py/lib/pkg_cpp_py/talker
[13.391s] -- Up-to-date: /home/loye/Desktop/Projects/ROS-100-Days-Coding-Challenge/Week 3/06. Turtle Pub & Sub/ros2_ws/install/pkg_cpp_py/lib/pkg_cpp_py/draw_circle
[13.392s] -- Installing: /home/loye/Desktop/Projects/ROS-100-Days-Coding-Challenge/Week 3/06. Turtle Pub & Sub/ros2_ws/install/pkg_cpp_py/lib/pkg_cpp_py/avoid_wall
[13.399s] -- Set runtime path of "/home/loye/Desktop/Projects/ROS-100-Days-Coding-Challenge/Week 3/06. Turtle Pub & Sub/ros2_ws/install/pkg_cpp_py/lib/pkg_cpp_py/avoid_wall" to ""
[13.399s] -- Up-to-date: /home/loye/Desktop/Projects/ROS-100-Days-Coding-Challenge/Week 3/06. Turtle Pub & Sub/ros2_ws/install/pkg_cpp_py/share/pkg_cpp_py/environment/pythonpath.sh
[13.399s] -- Up-to-date: /home/loye/Desktop/Projects/ROS-100-Days-Coding-Challenge/Week 3/06. Turtle Pub & Sub/ros2_ws/install/pkg_cpp_py/share/pkg_cpp_py/environment/pythonpath.dsv
[13.400s] -- Up-to-date: /home/loye/Desktop/Projects/ROS-100-Days-Coding-Challenge/Week 3/06. Turtle Pub & Sub/ros2_ws/install/pkg_cpp_py/lib/python3.8/site-packages/pkg_cpp_py
[13.400s] -- Up-to-date: /home/loye/Desktop/Projects/ROS-100-Days-Coding-Challenge/Week 3/06. Turtle Pub & Sub/ros2_ws/install/pkg_cpp_py/lib/python3.8/site-packages/pkg_cpp_py/module_to_import.py
[13.400s] -- Up-to-date: /home/loye/Desktop/Projects/ROS-100-Days-Coding-Challenge/Week 3/06. Turtle Pub & Sub/ros2_ws/install/pkg_cpp_py/lib/python3.8/site-packages/pkg_cpp_py/__init__.py
[13.466s] Listing '/home/loye/Desktop/Projects/ROS-100-Days-Coding-Challenge/Week 3/06. Turtle Pub & Sub/ros2_ws/install/pkg_cpp_py/lib/python3.8/site-packages/pkg_cpp_py'...
[13.474s] -- Up-to-date: /home/loye/Desktop/Projects/ROS-100-Days-Coding-Challenge/Week 3/06. Turtle Pub & Sub/ros2_ws/install/pkg_cpp_py/lib/pkg_cpp_py/talker.py
[13.475s] -- Up-to-date: /home/loye/Desktop/Projects/ROS-100-Days-Coding-Challenge/Week 3/06. Turtle Pub & Sub/ros2_ws/install/pkg_cpp_py/share/ament_index/resource_index/package_run_dependencies/pkg_cpp_py
[13.476s] -- Up-to-date: /home/loye/Desktop/Projects/ROS-100-Days-Coding-Challenge/Week 3/06. Turtle Pub & Sub/ros2_ws/install/pkg_cpp_py/share/ament_index/resource_index/parent_prefix_path/pkg_cpp_py
[13.476s] -- Up-to-date: /home/loye/Desktop/Projects/ROS-100-Days-Coding-Challenge/Week 3/06. Turtle Pub & Sub/ros2_ws/install/pkg_cpp_py/share/pkg_cpp_py/environment/ament_prefix_path.sh
[13.477s] -- Up-to-date: /home/loye/Desktop/Projects/ROS-100-Days-Coding-Challenge/Week 3/06. Turtle Pub & Sub/ros2_ws/install/pkg_cpp_py/share/pkg_cpp_py/environment/ament_prefix_path.dsv
[13.477s] -- Up-to-date: /home/loye/Desktop/Projects/ROS-100-Days-Coding-Challenge/Week 3/06. Turtle Pub & Sub/ros2_ws/install/pkg_cpp_py/share/pkg_cpp_py/environment/path.sh
[13.478s] -- Up-to-date: /home/loye/Desktop/Projects/ROS-100-Days-Coding-Challenge/Week 3/06. Turtle Pub & Sub/ros2_ws/install/pkg_cpp_py/share/pkg_cpp_py/environment/path.dsv
[13.478s] -- Up-to-date: /home/loye/Desktop/Projects/ROS-100-Days-Coding-Challenge/Week 3/06. Turtle Pub & Sub/ros2_ws/install/pkg_cpp_py/share/pkg_cpp_py/local_setup.bash
[13.479s] -- Up-to-date: /home/loye/Desktop/Projects/ROS-100-Days-Coding-Challenge/Week 3/06. Turtle Pub & Sub/ros2_ws/install/pkg_cpp_py/share/pkg_cpp_py/local_setup.sh
[13.479s] -- Up-to-date: /home/loye/Desktop/Projects/ROS-100-Days-Coding-Challenge/Week 3/06. Turtle Pub & Sub/ros2_ws/install/pkg_cpp_py/share/pkg_cpp_py/local_setup.zsh
[13.480s] -- Up-to-date: /home/loye/Desktop/Projects/ROS-100-Days-Coding-Challenge/Week 3/06. Turtle Pub & Sub/ros2_ws/install/pkg_cpp_py/share/pkg_cpp_py/local_setup.dsv
[13.480s] -- Installing: /home/loye/Desktop/Projects/ROS-100-Days-Coding-Challenge/Week 3/06. Turtle Pub & Sub/ros2_ws/install/pkg_cpp_py/share/pkg_cpp_py/package.dsv
[13.480s] -- Up-to-date: /home/loye/Desktop/Projects/ROS-100-Days-Coding-Challenge/Week 3/06. Turtle Pub & Sub/ros2_ws/install/pkg_cpp_py/share/ament_index/resource_index/packages/pkg_cpp_py
[13.481s] -- Up-to-date: /home/loye/Desktop/Projects/ROS-100-Days-Coding-Challenge/Week 3/06. Turtle Pub & Sub/ros2_ws/install/pkg_cpp_py/share/pkg_cpp_py/cmake/pkg_cpp_pyConfig.cmake
[13.482s] -- Up-to-date: /home/loye/Desktop/Projects/ROS-100-Days-Coding-Challenge/Week 3/06. Turtle Pub & Sub/ros2_ws/install/pkg_cpp_py/share/pkg_cpp_py/cmake/pkg_cpp_pyConfig-version.cmake
[13.482s] -- Up-to-date: /home/loye/Desktop/Projects/ROS-100-Days-Coding-Challenge/Week 3/06. Turtle Pub & Sub/ros2_ws/install/pkg_cpp_py/share/pkg_cpp_py/package.xml
[13.487s] Invoked command in '/home/loye/Desktop/Projects/ROS-100-Days-Coding-Challenge/Week 3/06. Turtle Pub & Sub/ros2_ws/build/pkg_cpp_py' returned '0': CMAKE_PREFIX_PATH=/opt/ros/foxy /usr/bin/cmake --install /home/loye/Desktop/Projects/ROS-100-Days-Coding-Challenge/Week 3/06. Turtle Pub & Sub/ros2_ws/build/pkg_cpp_py
