[0.045s] Invoking command in '/home/loye/Desktop/Projects/ROS-100-Days-Coding-Challenge/Week 3/04. Topics/ros2_ws/build/pkg_cpp_py': CMAKE_PREFIX_PATH=${CMAKE_PREFIX_PATH}:/home/loye/Desktop/Projects/ROS-100-Days-Coding-Challenge/Week 3/04. Topics/ros2_ws/install/pkg_py:/opt/ros/foxy /usr/bin/cmake --build /home/loye/Desktop/Projects/ROS-100-Days-Coding-Challenge/Week 3/04. Topics/ros2_ws/build/pkg_cpp_py -- -j4 -l4
[0.193s] Invoked command in '/home/loye/Desktop/Projects/ROS-100-Days-Coding-Challenge/Week 3/04. Topics/ros2_ws/build/pkg_cpp_py' returned '0': CMAKE_PREFIX_PATH=${CMAKE_PREFIX_PATH}:/home/loye/Desktop/Projects/ROS-100-Days-Coding-Challenge/Week 3/04. Topics/ros2_ws/install/pkg_py:/opt/ros/foxy /usr/bin/cmake --build /home/loye/Desktop/Projects/ROS-100-Days-Coding-Challenge/Week 3/04. Topics/ros2_ws/build/pkg_cpp_py -- -j4 -l4
[0.294s] Invoking command in '/home/loye/Desktop/Projects/ROS-100-Days-Coding-Challenge/Week 3/04. Topics/ros2_ws/build/pkg_cpp_py': CMAKE_PREFIX_PATH=${CMAKE_PREFIX_PATH}:/home/loye/Desktop/Projects/ROS-100-Days-Coding-Challenge/Week 3/04. Topics/ros2_ws/install/pkg_py:/opt/ros/foxy /usr/bin/cmake --install /home/loye/Desktop/Projects/ROS-100-Days-Coding-Challenge/Week 3/04. Topics/ros2_ws/build/pkg_cpp_py
[0.326s] -- Install configuration: ""
[0.327s] -- Execute custom install script
[0.329s] -- Up-to-date symlink: /home/loye/Desktop/Projects/ROS-100-Days-Coding-Challenge/Week 3/04. Topics/ros2_ws/install/pkg_cpp_py/share/pkg_cpp_py/environment/pythonpath.sh
[0.334s] -- Up-to-date symlink: /home/loye/Desktop/Projects/ROS-100-Days-Coding-Challenge/Week 3/04. Topics/ros2_ws/install/pkg_cpp_py/share/pkg_cpp_py/environment/pythonpath.dsv
[0.337s] -- Up-to-date symlink: /home/loye/Desktop/Projects/ROS-100-Days-Coding-Challenge/Week 3/04. Topics/ros2_ws/install/pkg_cpp_py/lib/python3.8/site-packages/pkg_cpp_py/__init__.py
[0.338s] -- Up-to-date symlink: /home/loye/Desktop/Projects/ROS-100-Days-Coding-Challenge/Week 3/04. Topics/ros2_ws/install/pkg_cpp_py/lib/python3.8/site-packages/pkg_cpp_py/module_to_import.py
[0.341s] -- Up-to-date symlink: /home/loye/Desktop/Projects/ROS-100-Days-Coding-Challenge/Week 3/04. Topics/ros2_ws/install/pkg_cpp_py/lib/pkg_cpp_py/robot_news_station.py
[0.341s] CMake Error at ament_cmake_symlink_install/ament_cmake_symlink_install.cmake:204 (message):
[0.341s]   ament_cmake_symlink_install_programs() can't find
[0.341s]   '/home/loye/Desktop/Projects/ROS-100-Days-Coding-Challenge/Week 3/04.
[0.342s]   Topics/ros2_ws/src/pkg_cpp_py/scripts/transitor_radio.py'
[0.342s] Call Stack (most recent call first):
[0.342s]   ament_cmake_symlink_install/ament_cmake_symlink_install.cmake:323 (ament_cmake_symlink_install_programs)
[0.342s]   cmake_install.cmake:41 (include)
[0.342s] 
[0.343s] 
[0.345s] Invoked command in '/home/loye/Desktop/Projects/ROS-100-Days-Coding-Challenge/Week 3/04. Topics/ros2_ws/build/pkg_cpp_py' returned '1': CMAKE_PREFIX_PATH=${CMAKE_PREFIX_PATH}:/home/loye/Desktop/Projects/ROS-100-Days-Coding-Challenge/Week 3/04. Topics/ros2_ws/install/pkg_py:/opt/ros/foxy /usr/bin/cmake --install /home/loye/Desktop/Projects/ROS-100-Days-Coding-Challenge/Week 3/04. Topics/ros2_ws/build/pkg_cpp_py
