[0.376s] DEBUG:colcon:Command line arguments: ['/usr/bin/colcon', 'build', '--packages-select', 'pkg_cpp_py']
[0.376s] DEBUG:colcon:Parsed command line arguments: Namespace(allow_overriding=[], ament_cmake_args=None, base_paths=['.'], build_base='build', catkin_cmake_args=None, catkin_skip_building_tests=False, cmake_args=None, cmake_clean_cache=False, cmake_clean_first=False, cmake_force_configure=False, cmake_target=None, cmake_target_skip_unavailable=False, continue_on_error=False, event_handlers=None, executor='parallel', ignore_user_meta=False, install_base='install', log_base=None, log_level=None, main=<bound method BuildVerb.main of <colcon_core.verb.build.BuildVerb object at 0x7f12453dd8e0>>, merge_install=False, metas=['./colcon.meta'], packages_above=None, packages_above_and_dependencies=None, packages_above_depth=None, packages_end=None, packages_ignore=None, packages_ignore_regex=None, packages_select=['pkg_cpp_py'], packages_select_build_failed=False, packages_select_by_dep=None, packages_select_regex=None, packages_select_test_failures=False, packages_skip=None, packages_skip_build_finished=False, packages_skip_by_dep=None, packages_skip_regex=None, packages_skip_test_passed=False, packages_skip_up_to=None, packages_start=None, packages_up_to=None, packages_up_to_regex=None, parallel_workers=4, paths=None, symlink_install=False, test_result_base=None, verb_extension=<colcon_core.verb.build.BuildVerb object at 0x7f12453dd8e0>, verb_name='build', verb_parser=<colcon_defaults.argument_parser.defaults.DefaultArgumentsDecorator object at 0x7f12453dde50>)
[0.443s] Level 1:colcon.colcon_core.package_discovery:discover_packages(colcon_meta) check parameters
[0.444s] Level 1:colcon.colcon_core.package_discovery:discover_packages(recursive) check parameters
[0.444s] Level 1:colcon.colcon_core.package_discovery:discover_packages(ignore) check parameters
[0.444s] Level 1:colcon.colcon_core.package_discovery:discover_packages(path) check parameters
[0.444s] Level 1:colcon.colcon_core.package_discovery:discover_packages(colcon_meta) discover
[0.444s] Level 1:colcon.colcon_core.package_discovery:discover_packages(recursive) discover
[0.445s] INFO:colcon.colcon_core.package_discovery:Crawling recursively for packages in '/home/loye/Desktop/Projects/ROS-100-Days-Coding-Challenge/Week 5/1. Service/ros2_ws'
[0.445s] Level 1:colcon.colcon_core.package_identification:_identify(.) by extensions ['ignore', 'ignore_ament_install']
[0.445s] Level 1:colcon.colcon_core.package_identification:_identify(.) by extension 'ignore'
[0.445s] Level 1:colcon.colcon_core.package_identification:_identify(.) by extension 'ignore_ament_install'
[0.445s] Level 1:colcon.colcon_core.package_identification:_identify(.) by extensions ['colcon_pkg']
[0.445s] Level 1:colcon.colcon_core.package_identification:_identify(.) by extension 'colcon_pkg'
[0.445s] Level 1:colcon.colcon_core.package_identification:_identify(.) by extensions ['colcon_meta']
[0.446s] Level 1:colcon.colcon_core.package_identification:_identify(.) by extension 'colcon_meta'
[0.446s] Level 1:colcon.colcon_core.package_identification:_identify(.) by extensions ['ros']
[0.446s] Level 1:colcon.colcon_core.package_identification:_identify(.) by extension 'ros'
[0.477s] Level 1:colcon.colcon_core.package_identification:_identify(.) by extensions ['cmake', 'python']
[0.477s] Level 1:colcon.colcon_core.package_identification:_identify(.) by extension 'cmake'
[0.477s] Level 1:colcon.colcon_core.package_identification:_identify(.) by extension 'python'
[0.477s] Level 1:colcon.colcon_core.package_identification:_identify(.) by extensions ['python_setup_py']
[0.477s] Level 1:colcon.colcon_core.package_identification:_identify(.) by extension 'python_setup_py'
[0.477s] Level 1:colcon.colcon_core.package_identification:_identify(build) by extensions ['ignore', 'ignore_ament_install']
[0.478s] Level 1:colcon.colcon_core.package_identification:_identify(build) by extension 'ignore'
[0.478s] Level 1:colcon.colcon_core.package_identification:_identify(build) ignored
[0.478s] Level 1:colcon.colcon_core.package_identification:_identify(install) by extensions ['ignore', 'ignore_ament_install']
[0.478s] Level 1:colcon.colcon_core.package_identification:_identify(install) by extension 'ignore'
[0.478s] Level 1:colcon.colcon_core.package_identification:_identify(install) ignored
[0.479s] Level 1:colcon.colcon_core.package_identification:_identify(log) by extensions ['ignore', 'ignore_ament_install']
[0.479s] Level 1:colcon.colcon_core.package_identification:_identify(log) by extension 'ignore'
[0.479s] Level 1:colcon.colcon_core.package_identification:_identify(log) ignored
[0.479s] Level 1:colcon.colcon_core.package_identification:_identify(src) by extensions ['ignore', 'ignore_ament_install']
[0.479s] Level 1:colcon.colcon_core.package_identification:_identify(src) by extension 'ignore'
[0.480s] Level 1:colcon.colcon_core.package_identification:_identify(src) by extension 'ignore_ament_install'
[0.480s] Level 1:colcon.colcon_core.package_identification:_identify(src) by extensions ['colcon_pkg']
[0.480s] Level 1:colcon.colcon_core.package_identification:_identify(src) by extension 'colcon_pkg'
[0.480s] Level 1:colcon.colcon_core.package_identification:_identify(src) by extensions ['colcon_meta']
[0.480s] Level 1:colcon.colcon_core.package_identification:_identify(src) by extension 'colcon_meta'
[0.480s] Level 1:colcon.colcon_core.package_identification:_identify(src) by extensions ['ros']
[0.480s] Level 1:colcon.colcon_core.package_identification:_identify(src) by extension 'ros'
[0.480s] Level 1:colcon.colcon_core.package_identification:_identify(src) by extensions ['cmake', 'python']
[0.481s] Level 1:colcon.colcon_core.package_identification:_identify(src) by extension 'cmake'
[0.481s] Level 1:colcon.colcon_core.package_identification:_identify(src) by extension 'python'
[0.481s] Level 1:colcon.colcon_core.package_identification:_identify(src) by extensions ['python_setup_py']
[0.481s] Level 1:colcon.colcon_core.package_identification:_identify(src) by extension 'python_setup_py'
[0.481s] Level 1:colcon.colcon_core.package_identification:_identify(src/pkg_cpp_py) by extensions ['ignore', 'ignore_ament_install']
[0.481s] Level 1:colcon.colcon_core.package_identification:_identify(src/pkg_cpp_py) by extension 'ignore'
[0.481s] Level 1:colcon.colcon_core.package_identification:_identify(src/pkg_cpp_py) by extension 'ignore_ament_install'
[0.482s] Level 1:colcon.colcon_core.package_identification:_identify(src/pkg_cpp_py) by extensions ['colcon_pkg']
[0.482s] Level 1:colcon.colcon_core.package_identification:_identify(src/pkg_cpp_py) by extension 'colcon_pkg'
[0.482s] Level 1:colcon.colcon_core.package_identification:_identify(src/pkg_cpp_py) by extensions ['colcon_meta']
[0.482s] Level 1:colcon.colcon_core.package_identification:_identify(src/pkg_cpp_py) by extension 'colcon_meta'
[0.482s] Level 1:colcon.colcon_core.package_identification:_identify(src/pkg_cpp_py) by extensions ['ros']
[0.482s] Level 1:colcon.colcon_core.package_identification:_identify(src/pkg_cpp_py) by extension 'ros'
[0.488s] DEBUG:colcon.colcon_core.package_identification:Package 'src/pkg_cpp_py' with type 'ros.ament_cmake' and name 'pkg_cpp_py'
[0.488s] Level 1:colcon.colcon_core.package_identification:_identify(src/pkg_py) by extensions ['ignore', 'ignore_ament_install']
[0.488s] Level 1:colcon.colcon_core.package_identification:_identify(src/pkg_py) by extension 'ignore'
[0.489s] Level 1:colcon.colcon_core.package_identification:_identify(src/pkg_py) by extension 'ignore_ament_install'
[0.489s] Level 1:colcon.colcon_core.package_identification:_identify(src/pkg_py) by extensions ['colcon_pkg']
[0.489s] Level 1:colcon.colcon_core.package_identification:_identify(src/pkg_py) by extension 'colcon_pkg'
[0.489s] Level 1:colcon.colcon_core.package_identification:_identify(src/pkg_py) by extensions ['colcon_meta']
[0.489s] Level 1:colcon.colcon_core.package_identification:_identify(src/pkg_py) by extension 'colcon_meta'
[0.489s] Level 1:colcon.colcon_core.package_identification:_identify(src/pkg_py) by extensions ['ros']
[0.489s] Level 1:colcon.colcon_core.package_identification:_identify(src/pkg_py) by extension 'ros'
[0.491s] DEBUG:colcon.colcon_core.package_identification:Package 'src/pkg_py' with type 'ros.ament_python' and name 'pkg_py'
[0.491s] Level 1:colcon.colcon_core.package_discovery:discover_packages(recursive) using defaults
[0.491s] Level 1:colcon.colcon_core.package_discovery:discover_packages(ignore) discover
[0.491s] Level 1:colcon.colcon_core.package_discovery:discover_packages(ignore) using defaults
[0.491s] Level 1:colcon.colcon_core.package_discovery:discover_packages(path) discover
[0.491s] Level 1:colcon.colcon_core.package_discovery:discover_packages(path) using defaults
[0.558s] INFO:colcon.colcon_core.package_selection:Skipping not selected package 'pkg_py' in 'src/pkg_py'
[0.559s] Level 1:colcon.colcon_core.package_discovery:discover_packages(prefix_path) check parameters
[0.559s] Level 1:colcon.colcon_core.package_discovery:discover_packages(prefix_path) discover
[0.568s] DEBUG:colcon.colcon_installed_package_information.package_discovery:Found 263 installed packages in /opt/ros/foxy
[0.574s] Level 1:colcon.colcon_core.package_discovery:discover_packages(prefix_path) using defaults
[0.748s] Level 5:colcon.colcon_core.verb:set package 'pkg_cpp_py' build argument 'cmake_args' from command line to 'None'
[0.748s] Level 5:colcon.colcon_core.verb:set package 'pkg_cpp_py' build argument 'cmake_target' from command line to 'None'
[0.748s] Level 5:colcon.colcon_core.verb:set package 'pkg_cpp_py' build argument 'cmake_target_skip_unavailable' from command line to 'False'
[0.748s] Level 5:colcon.colcon_core.verb:set package 'pkg_cpp_py' build argument 'cmake_clean_cache' from command line to 'False'
[0.748s] Level 5:colcon.colcon_core.verb:set package 'pkg_cpp_py' build argument 'cmake_clean_first' from command line to 'False'
[0.748s] Level 5:colcon.colcon_core.verb:set package 'pkg_cpp_py' build argument 'cmake_force_configure' from command line to 'False'
[0.749s] Level 5:colcon.colcon_core.verb:set package 'pkg_cpp_py' build argument 'ament_cmake_args' from command line to 'None'
[0.749s] Level 5:colcon.colcon_core.verb:set package 'pkg_cpp_py' build argument 'catkin_cmake_args' from command line to 'None'
[0.749s] Level 5:colcon.colcon_core.verb:set package 'pkg_cpp_py' build argument 'catkin_skip_building_tests' from command line to 'False'
[0.749s] DEBUG:colcon.colcon_core.verb:Building package 'pkg_cpp_py' with the following arguments: {'ament_cmake_args': None, 'build_base': '/home/loye/Desktop/Projects/ROS-100-Days-Coding-Challenge/Week 5/1. Service/ros2_ws/build/pkg_cpp_py', 'catkin_cmake_args': None, 'catkin_skip_building_tests': False, 'cmake_args': None, 'cmake_clean_cache': False, 'cmake_clean_first': False, 'cmake_force_configure': False, 'cmake_target': None, 'cmake_target_skip_unavailable': False, 'install_base': '/home/loye/Desktop/Projects/ROS-100-Days-Coding-Challenge/Week 5/1. Service/ros2_ws/install/pkg_cpp_py', 'merge_install': False, 'path': '/home/loye/Desktop/Projects/ROS-100-Days-Coding-Challenge/Week 5/1. Service/ros2_ws/src/pkg_cpp_py', 'symlink_install': False, 'test_result_base': None}
[0.751s] INFO:colcon.colcon_core.executor:Executing jobs using 'parallel' executor
[0.762s] DEBUG:colcon.colcon_parallel_executor.executor.parallel:run_until_complete
[0.763s] INFO:colcon.colcon_ros.task.ament_cmake.build:Building ROS package in '/home/loye/Desktop/Projects/ROS-100-Days-Coding-Challenge/Week 5/1. Service/ros2_ws/src/pkg_cpp_py' with build type 'ament_cmake'
[0.763s] INFO:colcon.colcon_cmake.task.cmake.build:Building CMake package in '/home/loye/Desktop/Projects/ROS-100-Days-Coding-Challenge/Week 5/1. Service/ros2_ws/src/pkg_cpp_py'
[0.773s] INFO:colcon.colcon_core.plugin_system:Skipping extension 'colcon_core.shell.bat': Not used on non-Windows systems
[0.773s] INFO:colcon.colcon_core.shell:Skip shell extension 'powershell' for command environment: Not usable outside of PowerShell
[0.775s] DEBUG:colcon.colcon_core.shell:Skip shell extension 'dsv' for command environment
[0.808s] DEBUG:colcon.colcon_core.event_handler.log_command:Invoking command in '/home/loye/Desktop/Projects/ROS-100-Days-Coding-Challenge/Week 5/1. Service/ros2_ws/build/pkg_cpp_py': CMAKE_PREFIX_PATH=/opt/ros/foxy /usr/bin/cmake --build /home/loye/Desktop/Projects/ROS-100-Days-Coding-Challenge/Week 5/1. Service/ros2_ws/build/pkg_cpp_py -- -j4 -l4
[7.598s] DEBUG:colcon.colcon_core.event_handler.log_command:Invoked command in '/home/loye/Desktop/Projects/ROS-100-Days-Coding-Challenge/Week 5/1. Service/ros2_ws/build/pkg_cpp_py' returned '0': CMAKE_PREFIX_PATH=/opt/ros/foxy /usr/bin/cmake --build /home/loye/Desktop/Projects/ROS-100-Days-Coding-Challenge/Week 5/1. Service/ros2_ws/build/pkg_cpp_py -- -j4 -l4
[7.718s] DEBUG:colcon.colcon_core.event_handler.log_command:Invoking command in '/home/loye/Desktop/Projects/ROS-100-Days-Coding-Challenge/Week 5/1. Service/ros2_ws/build/pkg_cpp_py': CMAKE_PREFIX_PATH=/opt/ros/foxy /usr/bin/cmake --install /home/loye/Desktop/Projects/ROS-100-Days-Coding-Challenge/Week 5/1. Service/ros2_ws/build/pkg_cpp_py
[7.854s] Level 1:colcon.colcon_core.environment:create_environment_scripts_only(pkg_cpp_py)
[7.859s] DEBUG:colcon.colcon_core.event_handler.log_command:Invoked command in '/home/loye/Desktop/Projects/ROS-100-Days-Coding-Challenge/Week 5/1. Service/ros2_ws/build/pkg_cpp_py' returned '0': CMAKE_PREFIX_PATH=/opt/ros/foxy /usr/bin/cmake --install /home/loye/Desktop/Projects/ROS-100-Days-Coding-Challenge/Week 5/1. Service/ros2_ws/build/pkg_cpp_py
[7.871s] Level 1:colcon.colcon_core.environment:checking '/home/loye/Desktop/Projects/ROS-100-Days-Coding-Challenge/Week 5/1. Service/ros2_ws/install/pkg_cpp_py' for CMake module files
[7.873s] Level 1:colcon.colcon_core.environment:checking '/home/loye/Desktop/Projects/ROS-100-Days-Coding-Challenge/Week 5/1. Service/ros2_ws/install/pkg_cpp_py' for CMake config files
[7.874s] Level 1:colcon.colcon_core.shell:create_environment_hook('pkg_cpp_py', 'cmake_prefix_path')
[7.878s] INFO:colcon.colcon_core.shell:Creating environment hook '/home/loye/Desktop/Projects/ROS-100-Days-Coding-Challenge/Week 5/1. Service/ros2_ws/install/pkg_cpp_py/share/pkg_cpp_py/hook/cmake_prefix_path.ps1'
[7.879s] INFO:colcon.colcon_core.shell:Creating environment descriptor '/home/loye/Desktop/Projects/ROS-100-Days-Coding-Challenge/Week 5/1. Service/ros2_ws/install/pkg_cpp_py/share/pkg_cpp_py/hook/cmake_prefix_path.dsv'
[7.880s] INFO:colcon.colcon_core.shell:Creating environment hook '/home/loye/Desktop/Projects/ROS-100-Days-Coding-Challenge/Week 5/1. Service/ros2_ws/install/pkg_cpp_py/share/pkg_cpp_py/hook/cmake_prefix_path.sh'
[7.883s] Level 1:colcon.colcon_core.environment:checking '/home/loye/Desktop/Projects/ROS-100-Days-Coding-Challenge/Week 5/1. Service/ros2_ws/install/pkg_cpp_py/lib'
[7.884s] Level 1:colcon.colcon_core.environment:checking '/home/loye/Desktop/Projects/ROS-100-Days-Coding-Challenge/Week 5/1. Service/ros2_ws/install/pkg_cpp_py/bin'
[7.884s] Level 1:colcon.colcon_core.environment:checking '/home/loye/Desktop/Projects/ROS-100-Days-Coding-Challenge/Week 5/1. Service/ros2_ws/install/pkg_cpp_py/lib/pkgconfig/pkg_cpp_py.pc'
[7.885s] Level 1:colcon.colcon_core.environment:checking '/home/loye/Desktop/Projects/ROS-100-Days-Coding-Challenge/Week 5/1. Service/ros2_ws/install/pkg_cpp_py/lib/python3.8/site-packages'
[7.885s] Level 1:colcon.colcon_core.shell:create_environment_hook('pkg_cpp_py', 'pythonpath')
[7.889s] INFO:colcon.colcon_core.shell:Creating environment hook '/home/loye/Desktop/Projects/ROS-100-Days-Coding-Challenge/Week 5/1. Service/ros2_ws/install/pkg_cpp_py/share/pkg_cpp_py/hook/pythonpath.ps1'
[7.890s] INFO:colcon.colcon_core.shell:Creating environment descriptor '/home/loye/Desktop/Projects/ROS-100-Days-Coding-Challenge/Week 5/1. Service/ros2_ws/install/pkg_cpp_py/share/pkg_cpp_py/hook/pythonpath.dsv'
[7.891s] INFO:colcon.colcon_core.shell:Creating environment hook '/home/loye/Desktop/Projects/ROS-100-Days-Coding-Challenge/Week 5/1. Service/ros2_ws/install/pkg_cpp_py/share/pkg_cpp_py/hook/pythonpath.sh'
[7.892s] Level 1:colcon.colcon_core.environment:checking '/home/loye/Desktop/Projects/ROS-100-Days-Coding-Challenge/Week 5/1. Service/ros2_ws/install/pkg_cpp_py/bin'
[7.897s] INFO:colcon.colcon_core.shell:Creating package script '/home/loye/Desktop/Projects/ROS-100-Days-Coding-Challenge/Week 5/1. Service/ros2_ws/install/pkg_cpp_py/share/pkg_cpp_py/package.ps1'
[7.899s] INFO:colcon.colcon_core.shell:Creating package descriptor '/home/loye/Desktop/Projects/ROS-100-Days-Coding-Challenge/Week 5/1. Service/ros2_ws/install/pkg_cpp_py/share/pkg_cpp_py/package.dsv'
[7.901s] INFO:colcon.colcon_core.shell:Creating package script '/home/loye/Desktop/Projects/ROS-100-Days-Coding-Challenge/Week 5/1. Service/ros2_ws/install/pkg_cpp_py/share/pkg_cpp_py/package.sh'
[7.903s] INFO:colcon.colcon_core.shell:Creating package script '/home/loye/Desktop/Projects/ROS-100-Days-Coding-Challenge/Week 5/1. Service/ros2_ws/install/pkg_cpp_py/share/pkg_cpp_py/package.bash'
[7.905s] INFO:colcon.colcon_core.shell:Creating package script '/home/loye/Desktop/Projects/ROS-100-Days-Coding-Challenge/Week 5/1. Service/ros2_ws/install/pkg_cpp_py/share/pkg_cpp_py/package.zsh'
[7.907s] Level 1:colcon.colcon_core.environment:create_file_with_runtime_dependencies(/home/loye/Desktop/Projects/ROS-100-Days-Coding-Challenge/Week 5/1. Service/ros2_ws/install/pkg_cpp_py/share/colcon-core/packages/pkg_cpp_py)
[8.015s] Level 1:colcon.colcon_core.environment:create_environment_scripts_only(pkg_cpp_py)
[8.021s] Level 1:colcon.colcon_core.environment:checking '/home/loye/Desktop/Projects/ROS-100-Days-Coding-Challenge/Week 5/1. Service/ros2_ws/install/pkg_cpp_py' for CMake module files
[8.023s] Level 1:colcon.colcon_core.environment:checking '/home/loye/Desktop/Projects/ROS-100-Days-Coding-Challenge/Week 5/1. Service/ros2_ws/install/pkg_cpp_py' for CMake config files
[8.024s] Level 1:colcon.colcon_core.shell:create_environment_hook('pkg_cpp_py', 'cmake_prefix_path')
[8.028s] INFO:colcon.colcon_core.shell:Creating environment hook '/home/loye/Desktop/Projects/ROS-100-Days-Coding-Challenge/Week 5/1. Service/ros2_ws/install/pkg_cpp_py/share/pkg_cpp_py/hook/cmake_prefix_path.ps1'
[8.029s] INFO:colcon.colcon_core.shell:Creating environment descriptor '/home/loye/Desktop/Projects/ROS-100-Days-Coding-Challenge/Week 5/1. Service/ros2_ws/install/pkg_cpp_py/share/pkg_cpp_py/hook/cmake_prefix_path.dsv'
[8.029s] INFO:colcon.colcon_core.shell:Creating environment hook '/home/loye/Desktop/Projects/ROS-100-Days-Coding-Challenge/Week 5/1. Service/ros2_ws/install/pkg_cpp_py/share/pkg_cpp_py/hook/cmake_prefix_path.sh'
[8.031s] Level 1:colcon.colcon_core.environment:checking '/home/loye/Desktop/Projects/ROS-100-Days-Coding-Challenge/Week 5/1. Service/ros2_ws/install/pkg_cpp_py/lib'
[8.031s] Level 1:colcon.colcon_core.environment:checking '/home/loye/Desktop/Projects/ROS-100-Days-Coding-Challenge/Week 5/1. Service/ros2_ws/install/pkg_cpp_py/bin'
[8.031s] Level 1:colcon.colcon_core.environment:checking '/home/loye/Desktop/Projects/ROS-100-Days-Coding-Challenge/Week 5/1. Service/ros2_ws/install/pkg_cpp_py/lib/pkgconfig/pkg_cpp_py.pc'
[8.032s] Level 1:colcon.colcon_core.environment:checking '/home/loye/Desktop/Projects/ROS-100-Days-Coding-Challenge/Week 5/1. Service/ros2_ws/install/pkg_cpp_py/lib/python3.8/site-packages'
[8.032s] Level 1:colcon.colcon_core.shell:create_environment_hook('pkg_cpp_py', 'pythonpath')
[8.036s] INFO:colcon.colcon_core.shell:Creating environment hook '/home/loye/Desktop/Projects/ROS-100-Days-Coding-Challenge/Week 5/1. Service/ros2_ws/install/pkg_cpp_py/share/pkg_cpp_py/hook/pythonpath.ps1'
[8.037s] INFO:colcon.colcon_core.shell:Creating environment descriptor '/home/loye/Desktop/Projects/ROS-100-Days-Coding-Challenge/Week 5/1. Service/ros2_ws/install/pkg_cpp_py/share/pkg_cpp_py/hook/pythonpath.dsv'
[8.038s] INFO:colcon.colcon_core.shell:Creating environment hook '/home/loye/Desktop/Projects/ROS-100-Days-Coding-Challenge/Week 5/1. Service/ros2_ws/install/pkg_cpp_py/share/pkg_cpp_py/hook/pythonpath.sh'
[8.039s] Level 1:colcon.colcon_core.environment:checking '/home/loye/Desktop/Projects/ROS-100-Days-Coding-Challenge/Week 5/1. Service/ros2_ws/install/pkg_cpp_py/bin'
[8.043s] INFO:colcon.colcon_core.shell:Creating package script '/home/loye/Desktop/Projects/ROS-100-Days-Coding-Challenge/Week 5/1. Service/ros2_ws/install/pkg_cpp_py/share/pkg_cpp_py/package.ps1'
[8.045s] INFO:colcon.colcon_core.shell:Creating package descriptor '/home/loye/Desktop/Projects/ROS-100-Days-Coding-Challenge/Week 5/1. Service/ros2_ws/install/pkg_cpp_py/share/pkg_cpp_py/package.dsv'
[8.046s] INFO:colcon.colcon_core.shell:Creating package script '/home/loye/Desktop/Projects/ROS-100-Days-Coding-Challenge/Week 5/1. Service/ros2_ws/install/pkg_cpp_py/share/pkg_cpp_py/package.sh'
[8.047s] INFO:colcon.colcon_core.shell:Creating package script '/home/loye/Desktop/Projects/ROS-100-Days-Coding-Challenge/Week 5/1. Service/ros2_ws/install/pkg_cpp_py/share/pkg_cpp_py/package.bash'
[8.048s] INFO:colcon.colcon_core.shell:Creating package script '/home/loye/Desktop/Projects/ROS-100-Days-Coding-Challenge/Week 5/1. Service/ros2_ws/install/pkg_cpp_py/share/pkg_cpp_py/package.zsh'
[8.050s] Level 1:colcon.colcon_core.environment:create_file_with_runtime_dependencies(/home/loye/Desktop/Projects/ROS-100-Days-Coding-Challenge/Week 5/1. Service/ros2_ws/install/pkg_cpp_py/share/colcon-core/packages/pkg_cpp_py)
[8.053s] DEBUG:colcon.colcon_parallel_executor.executor.parallel:closing loop
[8.054s] DEBUG:colcon.colcon_parallel_executor.executor.parallel:loop closed
[8.054s] DEBUG:colcon.colcon_parallel_executor.executor.parallel:run_until_complete finished with '0'
[8.054s] DEBUG:colcon.colcon_core.event_reactor:joining thread
[8.068s] INFO:colcon.colcon_core.plugin_system:Skipping extension 'colcon_notification.desktop_notification.terminal_notifier': Not used on non-Darwin systems
[8.068s] INFO:colcon.colcon_core.plugin_system:Skipping extension 'colcon_notification.desktop_notification.win32': Not used on non-Windows systems
[8.069s] INFO:colcon.colcon_notification.desktop_notification:Sending desktop notification using 'notify2'
[8.111s] DEBUG:colcon.colcon_core.event_reactor:joined thread
[8.115s] INFO:colcon.colcon_core.shell:Creating prefix script '/home/loye/Desktop/Projects/ROS-100-Days-Coding-Challenge/Week 5/1. Service/ros2_ws/install/local_setup.ps1'
[8.117s] INFO:colcon.colcon_core.shell:Creating prefix util module '/home/loye/Desktop/Projects/ROS-100-Days-Coding-Challenge/Week 5/1. Service/ros2_ws/install/_local_setup_util_ps1.py'
[8.121s] INFO:colcon.colcon_core.shell:Creating prefix chain script '/home/loye/Desktop/Projects/ROS-100-Days-Coding-Challenge/Week 5/1. Service/ros2_ws/install/setup.ps1'
[8.130s] INFO:colcon.colcon_core.shell:Creating prefix script '/home/loye/Desktop/Projects/ROS-100-Days-Coding-Challenge/Week 5/1. Service/ros2_ws/install/local_setup.sh'
[8.132s] INFO:colcon.colcon_core.shell:Creating prefix util module '/home/loye/Desktop/Projects/ROS-100-Days-Coding-Challenge/Week 5/1. Service/ros2_ws/install/_local_setup_util_sh.py'
[8.137s] INFO:colcon.colcon_core.shell:Creating prefix chain script '/home/loye/Desktop/Projects/ROS-100-Days-Coding-Challenge/Week 5/1. Service/ros2_ws/install/setup.sh'
[8.142s] INFO:colcon.colcon_core.shell:Creating prefix script '/home/loye/Desktop/Projects/ROS-100-Days-Coding-Challenge/Week 5/1. Service/ros2_ws/install/local_setup.bash'
[8.143s] INFO:colcon.colcon_core.shell:Creating prefix chain script '/home/loye/Desktop/Projects/ROS-100-Days-Coding-Challenge/Week 5/1. Service/ros2_ws/install/setup.bash'
[8.152s] INFO:colcon.colcon_core.shell:Creating prefix script '/home/loye/Desktop/Projects/ROS-100-Days-Coding-Challenge/Week 5/1. Service/ros2_ws/install/local_setup.zsh'
[8.154s] INFO:colcon.colcon_core.shell:Creating prefix chain script '/home/loye/Desktop/Projects/ROS-100-Days-Coding-Challenge/Week 5/1. Service/ros2_ws/install/setup.zsh'
