[35m[1mScanning dependencies of target cpp_oop_node[0m
[ 50%] Built target cpp_node
[ 75%] [32mBuilding CXX object CMakeFiles/cpp_oop_node.dir/src/oop_node.cpp.o[0m
[100%] [32m[1mLinking CXX executable cpp_oop_node[0m
[100%] Built target cpp_oop_node
-- Install configuration: ""
-- Up-to-date: /home/loye/Desktop/Projects/ROS-100-Days-Coding-Challenge/Week 3/03. Nodes/ros2_ws/install/ros2_cpp/lib/ros2_cpp/cpp_node
-- Installing: /home/loye/Desktop/Projects/ROS-100-Days-Coding-Challenge/Week 3/03. Nodes/ros2_ws/install/ros2_cpp/lib/ros2_cpp/cpp_oop_node
-- Set runtime path of "/home/loye/Desktop/Projects/ROS-100-Days-Coding-Challenge/Week 3/03. Nodes/ros2_ws/install/ros2_cpp/lib/ros2_cpp/cpp_oop_node" to ""
-- Up-to-date: /home/loye/Desktop/Projects/ROS-100-Days-Coding-Challenge/Week 3/03. Nodes/ros2_ws/install/ros2_cpp/share/ament_index/resource_index/package_run_dependencies/ros2_cpp
-- Up-to-date: /home/loye/Desktop/Projects/ROS-100-Days-Coding-Challenge/Week 3/03. Nodes/ros2_ws/install/ros2_cpp/share/ament_index/resource_index/parent_prefix_path/ros2_cpp
-- Up-to-date: /home/loye/Desktop/Projects/ROS-100-Days-Coding-Challenge/Week 3/03. Nodes/ros2_ws/install/ros2_cpp/share/ros2_cpp/environment/ament_prefix_path.sh
-- Up-to-date: /home/loye/Desktop/Projects/ROS-100-Days-Coding-Challenge/Week 3/03. Nodes/ros2_ws/install/ros2_cpp/share/ros2_cpp/environment/ament_prefix_path.dsv
-- Up-to-date: /home/loye/Desktop/Projects/ROS-100-Days-Coding-Challenge/Week 3/03. Nodes/ros2_ws/install/ros2_cpp/share/ros2_cpp/environment/path.sh
-- Up-to-date: /home/loye/Desktop/Projects/ROS-100-Days-Coding-Challenge/Week 3/03. Nodes/ros2_ws/install/ros2_cpp/share/ros2_cpp/environment/path.dsv
-- Up-to-date: /home/loye/Desktop/Projects/ROS-100-Days-Coding-Challenge/Week 3/03. Nodes/ros2_ws/install/ros2_cpp/share/ros2_cpp/local_setup.bash
-- Up-to-date: /home/loye/Desktop/Projects/ROS-100-Days-Coding-Challenge/Week 3/03. Nodes/ros2_ws/install/ros2_cpp/share/ros2_cpp/local_setup.sh
-- Up-to-date: /home/loye/Desktop/Projects/ROS-100-Days-Coding-Challenge/Week 3/03. Nodes/ros2_ws/install/ros2_cpp/share/ros2_cpp/local_setup.zsh
-- Up-to-date: /home/loye/Desktop/Projects/ROS-100-Days-Coding-Challenge/Week 3/03. Nodes/ros2_ws/install/ros2_cpp/share/ros2_cpp/local_setup.dsv
-- Installing: /home/loye/Desktop/Projects/ROS-100-Days-Coding-Challenge/Week 3/03. Nodes/ros2_ws/install/ros2_cpp/share/ros2_cpp/package.dsv
-- Up-to-date: /home/loye/Desktop/Projects/ROS-100-Days-Coding-Challenge/Week 3/03. Nodes/ros2_ws/install/ros2_cpp/share/ament_index/resource_index/packages/ros2_cpp
-- Up-to-date: /home/loye/Desktop/Projects/ROS-100-Days-Coding-Challenge/Week 3/03. Nodes/ros2_ws/install/ros2_cpp/share/ros2_cpp/cmake/ros2_cppConfig.cmake
-- Up-to-date: /home/loye/Desktop/Projects/ROS-100-Days-Coding-Challenge/Week 3/03. Nodes/ros2_ws/install/ros2_cpp/share/ros2_cpp/cmake/ros2_cppConfig-version.cmake
-- Up-to-date: /home/loye/Desktop/Projects/ROS-100-Days-Coding-Challenge/Week 3/03. Nodes/ros2_ws/install/ros2_cpp/share/ros2_cpp/package.xml
