[2.188s] Invoking command in '/home/loye/Desktop/Projects/ROS-100-Days-Coding-Challenge/Week 3/05. Single Node Topic/ros2_ws/src/pkg_py': PYTHONPATH=/home/loye/Desktop/Projects/ROS-100-Days-Coding-Challenge/Week 3/05. Single Node Topic/ros2_ws/install/pkg_py/lib/python3.8/site-packages:${PYTHONPATH} /usr/bin/python3 setup.py egg_info --egg-base ../../build/pkg_py build --build-base /home/loye/Desktop/Projects/ROS-100-Days-Coding-Challenge/Week 3/05. Single Node Topic/ros2_ws/build/pkg_py/build install --prefix /home/loye/Desktop/Projects/ROS-100-Days-Coding-Challenge/Week 3/05. Single Node Topic/ros2_ws/install/pkg_py --record /home/loye/Desktop/Projects/ROS-100-Days-Coding-Challenge/Week 3/05. Single Node Topic/ros2_ws/build/pkg_py/install.log --single-version-externally-managed
[2.722s] running egg_info
[2.726s] writing ../../build/pkg_py/pkg_py.egg-info/PKG-INFO
[2.726s] writing dependency_links to ../../build/pkg_py/pkg_py.egg-info/dependency_links.txt
[2.726s] writing entry points to ../../build/pkg_py/pkg_py.egg-info/entry_points.txt
[2.726s] writing requirements to ../../build/pkg_py/pkg_py.egg-info/requires.txt
[2.727s] writing top-level names to ../../build/pkg_py/pkg_py.egg-info/top_level.txt
[2.826s] reading manifest file '../../build/pkg_py/pkg_py.egg-info/SOURCES.txt'
[2.829s] writing manifest file '../../build/pkg_py/pkg_py.egg-info/SOURCES.txt'
[2.830s] running build
[2.830s] running build_py
[2.830s] running install
[2.832s] running install_lib
[2.835s] running install_data
[2.836s] running install_egg_info
[2.839s] removing '/home/loye/Desktop/Projects/ROS-100-Days-Coding-Challenge/Week 3/05. Single Node Topic/ros2_ws/install/pkg_py/lib/python3.8/site-packages/pkg_py-0.0.0-py3.8.egg-info' (and everything under it)
[2.840s] Copying ../../build/pkg_py/pkg_py.egg-info to /home/loye/Desktop/Projects/ROS-100-Days-Coding-Challenge/Week 3/05. Single Node Topic/ros2_ws/install/pkg_py/lib/python3.8/site-packages/pkg_py-0.0.0-py3.8.egg-info
[2.842s] running install_scripts
[2.880s] Installing talker script to /home/loye/Desktop/Projects/ROS-100-Days-Coding-Challenge/Week 3/05. Single Node Topic/ros2_ws/install/pkg_py/lib/pkg_py
[2.880s] writing list of installed files to '/home/loye/Desktop/Projects/ROS-100-Days-Coding-Challenge/Week 3/05. Single Node Topic/ros2_ws/build/pkg_py/install.log'
[2.924s] Invoked command in '/home/loye/Desktop/Projects/ROS-100-Days-Coding-Challenge/Week 3/05. Single Node Topic/ros2_ws/src/pkg_py' returned '0': PYTHONPATH=/home/loye/Desktop/Projects/ROS-100-Days-Coding-Challenge/Week 3/05. Single Node Topic/ros2_ws/install/pkg_py/lib/python3.8/site-packages:${PYTHONPATH} /usr/bin/python3 setup.py egg_info --egg-base ../../build/pkg_py build --build-base /home/loye/Desktop/Projects/ROS-100-Days-Coding-Challenge/Week 3/05. Single Node Topic/ros2_ws/build/pkg_py/build install --prefix /home/loye/Desktop/Projects/ROS-100-Days-Coding-Challenge/Week 3/05. Single Node Topic/ros2_ws/install/pkg_py --record /home/loye/Desktop/Projects/ROS-100-Days-Coding-Challenge/Week 3/05. Single Node Topic/ros2_ws/build/pkg_py/install.log --single-version-externally-managed
