[0.041s] Invoking command in '/home/loye/Desktop/Projects/ROS-100-Days-Coding-Challenge/Week 6/3. Motion type/ros2_ws/build/motion_types': CMAKE_PREFIX_PATH=${CMAKE_PREFIX_PATH}:/home/loye/turtlebot3_ws/install/turtlebot3_teleop:/home/loye/turtlebot3_ws/install/turtlebot3_example:/opt/ros/foxy /usr/bin/cmake /home/loye/Desktop/Projects/ROS-100-Days-Coding-Challenge/Week 6/3. Motion type/ros2_ws/src/motion_types -DCMAKE_INSTALL_PREFIX=/home/loye/Desktop/Projects/ROS-100-Days-Coding-Challenge/Week 6/3. Motion type/ros2_ws/install/motion_types
[0.350s] -- The C compiler identification is GNU 10.3.0
[0.606s] -- The CXX compiler identification is GNU 10.3.0
[0.634s] -- Check for working C compiler: /usr/bin/cc
[0.846s] -- Check for working C compiler: /usr/bin/cc -- works
[0.850s] -- Detecting C compiler ABI info
[1.033s] -- Detecting C compiler ABI info - done
[1.090s] -- Detecting C compile features
[1.092s] -- Detecting C compile features - done
[1.098s] -- Check for working CXX compiler: /usr/bin/c++
[1.309s] -- Check for working CXX compiler: /usr/bin/c++ -- works
[1.312s] -- Detecting CXX compiler ABI info
[1.540s] -- Detecting CXX compiler ABI info - done
[1.595s] -- Detecting CXX compile features
[1.598s] -- Detecting CXX compile features - done
[1.617s] -- Found ament_cmake: 0.9.9 (/opt/ros/foxy/share/ament_cmake/cmake)
[1.747s] -- Found PythonInterp: /usr/bin/python3 (found suitable version "3.8.10", minimum required is "3") 
[1.747s] -- Using PYTHON_EXECUTABLE: /usr/bin/python3
[2.367s] -- Found rclcpp: 2.4.1 (/opt/ros/foxy/share/rclcpp/cmake)
[2.577s] -- Using all available rosidl_typesupport_c: rosidl_typesupport_fastrtps_c;rosidl_typesupport_introspection_c
[2.614s] -- Found rosidl_adapter: 1.2.1 (/opt/ros/foxy/share/rosidl_adapter/cmake)
[2.919s] -- Found OpenSSL: /usr/lib/x86_64-linux-gnu/libcrypto.so (found version "1.1.1f")  
[3.039s] -- Found FastRTPS: /opt/ros/foxy/include  
[3.367s] -- Using all available rosidl_typesupport_cpp: rosidl_typesupport_fastrtps_cpp;rosidl_typesupport_introspection_cpp
[3.640s] -- Found rmw_implementation_cmake: 1.0.3 (/opt/ros/foxy/share/rmw_implementation_cmake/cmake)
[3.648s] -- Using RMW implementation 'rmw_fastrtps_cpp' as default
[3.657s] -- Looking for pthread.h
[3.855s] -- Looking for pthread.h - found
[3.856s] -- Performing Test CMAKE_HAVE_LIBC_PTHREAD
[4.071s] -- Performing Test CMAKE_HAVE_LIBC_PTHREAD - Failed
[4.071s] -- Looking for pthread_create in pthreads
[4.224s] -- Looking for pthread_create in pthreads - not found
[4.225s] -- Looking for pthread_create in pthread
[4.435s] -- Looking for pthread_create in pthread - found
[4.439s] -- Found Threads: TRUE  
[5.254s] -- Found rclpy: 1.0.8 (/opt/ros/foxy/share/rclpy/cmake)
[5.263s] -- Found turtlesim: 1.2.5 (/opt/ros/foxy/share/turtlesim/cmake)
[5.850s] -- Found geometry_msgs: 2.0.5 (/opt/ros/foxy/share/geometry_msgs/cmake)
[6.217s] -- Configuring done
[6.252s] -- Generating done
[6.261s] -- Build files have been written to: /home/loye/Desktop/Projects/ROS-100-Days-Coding-Challenge/Week 6/3. Motion type/ros2_ws/build/motion_types
[6.281s] Invoked command in '/home/loye/Desktop/Projects/ROS-100-Days-Coding-Challenge/Week 6/3. Motion type/ros2_ws/build/motion_types' returned '0': CMAKE_PREFIX_PATH=${CMAKE_PREFIX_PATH}:/home/loye/turtlebot3_ws/install/turtlebot3_teleop:/home/loye/turtlebot3_ws/install/turtlebot3_example:/opt/ros/foxy /usr/bin/cmake /home/loye/Desktop/Projects/ROS-100-Days-Coding-Challenge/Week 6/3. Motion type/ros2_ws/src/motion_types -DCMAKE_INSTALL_PREFIX=/home/loye/Desktop/Projects/ROS-100-Days-Coding-Challenge/Week 6/3. Motion type/ros2_ws/install/motion_types
[6.282s] Invoking command in '/home/loye/Desktop/Projects/ROS-100-Days-Coding-Challenge/Week 6/3. Motion type/ros2_ws/build/motion_types': CMAKE_PREFIX_PATH=${CMAKE_PREFIX_PATH}:/home/loye/turtlebot3_ws/install/turtlebot3_teleop:/home/loye/turtlebot3_ws/install/turtlebot3_example:/opt/ros/foxy /usr/bin/cmake --build /home/loye/Desktop/Projects/ROS-100-Days-Coding-Challenge/Week 6/3. Motion type/ros2_ws/build/motion_types -- -j4 -l4
[6.393s] [35m[1mScanning dependencies of target goto_goal[0m
[6.535s] [ 50%] [32mBuilding CXX object CMakeFiles/goto_goal.dir/src/goto_goal.cpp.o[0m
[9.502s] [01m[K/home/loye/Desktop/Projects/ROS-100-Days-Coding-Challenge/Week 6/3. Motion type/ros2_ws/src/motion_types/src/goto_goal.cpp:[m[K In member function ‘[01m[Kvoid GotoGoal::goto_goal()[m[K’:
[9.502s] [01m[K/home/loye/Desktop/Projects/ROS-100-Days-Coding-Challenge/Week 6/3. Motion type/ros2_ws/src/motion_types/src/goto_goal.cpp:34:16:[m[K [01;35m[Kwarning: [m[Kunused variable ‘[01m[Keuclidean_distance[m[K’ [[01;35m[K]8;;https://gcc.gnu.org/onlinedocs/gcc/Warning-Options.html#index-Wunused-variable-Wunused-variable]8;;[m[K]
[9.503s]    34 |         double [01;35m[Keuclidean_distance[m[K = sqrt(pow(dist_x,2) + pow(dist_y,2));
[9.503s]       |                [01;35m[K^~~~~~~~~~~~~~~~~~[m[K
[10.112s] In file included from [01m[K/opt/ros/foxy/include/rclcpp/node_interfaces/node_topics_interface.hpp:32[m[K,
[10.112s]                  from [01m[K/opt/ros/foxy/include/rclcpp/node.hpp:55[m[K,
[10.112s]                  from [01m[K/opt/ros/foxy/include/rclcpp/executors/single_threaded_executor.hpp:28[m[K,
[10.113s]                  from [01m[K/opt/ros/foxy/include/rclcpp/executors.hpp:22[m[K,
[10.113s]                  from [01m[K/opt/ros/foxy/include/rclcpp/rclcpp.hpp:146[m[K,
[10.113s]                  from [01m[K/home/loye/Desktop/Projects/ROS-100-Days-Coding-Challenge/Week 6/3. Motion type/ros2_ws/src/motion_types/src/goto_goal.cpp:1[m[K:
[10.114s] /opt/ros/foxy/include/rclcpp/subscription_factory.hpp: In instantiation of ‘[01m[Krclcpp::SubscriptionFactory rclcpp::create_subscription_factory(CallbackT&&, const rclcpp::SubscriptionOptionsWithAllocator<AllocatorT>&, typename MessageMemoryStrategyT::SharedPtr, std::shared_ptr<rclcpp::topic_statistics::SubscriptionTopicStatistics<CallbackMessageT> >) [with MessageT = turtlesim::msg::Pose_<std::allocator<void> >; CallbackT = std::_Bind<void (GotoGoal::*(GotoGoal*, std::_Placeholder<1>))(turtlesim::msg::Pose_<std::allocator<void> >)>; AllocatorT = std::allocator<void>; CallbackMessageT = turtlesim::msg::Pose_<std::allocator<void> >; SubscriptionT = rclcpp::Subscription<turtlesim::msg::Pose_<std::allocator<void> > >; MessageMemoryStrategyT = rclcpp::message_memory_strategy::MessageMemoryStrategy<turtlesim::msg::Pose_<std::allocator<void> >, std::allocator<void> >; typename MessageMemoryStrategyT::SharedPtr = std::shared_ptr<rclcpp::message_memory_strategy::MessageMemoryStrategy<turtlesim::msg::Pose_<std::allocator<void> >, std::allocator<void> > >][m[K’:
[10.114s] [01m[K/opt/ros/foxy/include/rclcpp/create_subscription.hpp:144:63:[m[K   required from ‘[01m[Kstd::shared_ptr<SubscriptionT> rclcpp::create_subscription(NodeT&&, const string&, const rclcpp::QoS&, CallbackT&&, const rclcpp::SubscriptionOptionsWithAllocator<AllocatorT>&, typename MessageMemoryStrategyT::SharedPtr) [with MessageT = turtlesim::msg::Pose_<std::allocator<void> >; CallbackT = std::_Bind<void (GotoGoal::*(GotoGoal*, std::_Placeholder<1>))(turtlesim::msg::Pose_<std::allocator<void> >)>; AllocatorT = std::allocator<void>; CallbackMessageT = turtlesim::msg::Pose_<std::allocator<void> >; SubscriptionT = rclcpp::Subscription<turtlesim::msg::Pose_<std::allocator<void> > >; MessageMemoryStrategyT = rclcpp::message_memory_strategy::MessageMemoryStrategy<turtlesim::msg::Pose_<std::allocator<void> >, std::allocator<void> >; NodeT = rclcpp::Node&; std::string = std::__cxx11::basic_string<char>; typename MessageMemoryStrategyT::SharedPtr = std::shared_ptr<rclcpp::message_memory_strategy::MessageMemoryStrategy<turtlesim::msg::Pose_<std::allocator<void> >, std::allocator<void> > >][m[K’
[10.115s] [01m[K/opt/ros/foxy/include/rclcpp/node_impl.hpp:98:47:[m[K   required from ‘[01m[Kstd::shared_ptr<SubscriptionT> rclcpp::Node::create_subscription(const string&, const rclcpp::QoS&, CallbackT&&, const rclcpp::SubscriptionOptionsWithAllocator<AllocatorT>&, typename MessageMemoryStrategyT::SharedPtr) [with MessageT = turtlesim::msg::Pose_<std::allocator<void> >; CallbackT = std::_Bind<void (GotoGoal::*(GotoGoal*, std::_Placeholder<1>))(turtlesim::msg::Pose_<std::allocator<void> >)>; AllocatorT = std::allocator<void>; CallbackMessageT = turtlesim::msg::Pose_<std::allocator<void> >; SubscriptionT = rclcpp::Subscription<turtlesim::msg::Pose_<std::allocator<void> > >; MessageMemoryStrategyT = rclcpp::message_memory_strategy::MessageMemoryStrategy<turtlesim::msg::Pose_<std::allocator<void> >, std::allocator<void> >; std::string = std::__cxx11::basic_string<char>; typename MessageMemoryStrategyT::SharedPtr = std::shared_ptr<rclcpp::message_memory_strategy::MessageMemoryStrategy<turtlesim::msg::Pose_<std::allocator<void> >, std::allocator<void> > >][m[K’
[10.115s] [01m[K/home/loye/Desktop/Projects/ROS-100-Days-Coding-Challenge/Week 6/3. Motion type/ros2_ws/src/motion_types/src/goto_goal.cpp:11:158:[m[K   required from here
[10.115s] [01m[K/opt/ros/foxy/include/rclcpp/subscription_factory.hpp:97:32:[m[K [01;31m[Kerror: [m[Kno matching function for call to ‘[01m[Krclcpp::AnySubscriptionCallback<turtlesim::msg::Pose_<std::allocator<void> >, std::allocator<void> >::set(std::_Bind<void (GotoGoal::*(GotoGoal*, std::_Placeholder<1>))(turtlesim::msg::Pose_<std::allocator<void> >)>)[m[K’
[10.116s]    97 |   [01;31m[Kany_subscription_callback.set(std::forward<CallbackT>(callback))[m[K;
[10.116s]       |   [01;31m[K~~~~~~~~~~~~~~~~~~~~~~~~~~~~~^~~~~~~~~~~~~~~~~~~~~~~~~~~~~~~~~~~[m[K
[10.116s] In file included from [01m[K/opt/ros/foxy/include/rclcpp/subscription_base.hpp:29[m[K,
[10.116s]                  from [01m[K/opt/ros/foxy/include/rclcpp/callback_group.hpp:26[m[K,
[10.117s]                  from [01m[K/opt/ros/foxy/include/rclcpp/any_executable.hpp:20[m[K,
[10.117s]                  from [01m[K/opt/ros/foxy/include/rclcpp/memory_strategy.hpp:24[m[K,
[10.117s]                  from [01m[K/opt/ros/foxy/include/rclcpp/memory_strategies.hpp:18[m[K,
[10.118s]                  from [01m[K/opt/ros/foxy/include/rclcpp/executor_options.hpp:20[m[K,
[10.118s]                  from [01m[K/opt/ros/foxy/include/rclcpp/executor.hpp:33[m[K,
[10.118s]                  from [01m[K/opt/ros/foxy/include/rclcpp/executors/multi_threaded_executor.hpp:26[m[K,
[10.119s]                  from [01m[K/opt/ros/foxy/include/rclcpp/executors.hpp:21[m[K,
[10.119s]                  from [01m[K/opt/ros/foxy/include/rclcpp/rclcpp.hpp:146[m[K,
[10.119s]                  from [01m[K/home/loye/Desktop/Projects/ROS-100-Days-Coding-Challenge/Week 6/3. Motion type/ros2_ws/src/motion_types/src/goto_goal.cpp:1[m[K:
[10.119s] [01m[K/opt/ros/foxy/include/rclcpp/any_subscription_callback.hpp:83:8:[m[K [01;36m[Knote: [m[Kcandidate: ‘[01m[Ktemplate<class CallbackT, typename std::enable_if<rclcpp::function_traits::same_arguments<CallbackT, std::function<void(std::shared_ptr<turtlesim::msg::Pose_<std::allocator<void> > >)> >::value, void>::type* <anonymous> > void rclcpp::AnySubscriptionCallback<MessageT, Alloc>::set(CallbackT) [with CallbackT = CallbackT; typename std::enable_if<rclcpp::function_traits::same_arguments<CallbackT, std::function<void(std::shared_ptr<_Tp>)> >::value>::type* <anonymous> = <anonymous>; MessageT = turtlesim::msg::Pose_<std::allocator<void> >; Alloc = std::allocator<void>][m[K’
[10.119s]    83 |   void [01;36m[Kset[m[K(CallbackT callback)
[10.120s]       |        [01;36m[K^~~[m[K
[10.120s] [01m[K/opt/ros/foxy/include/rclcpp/any_subscription_callback.hpp:83:8:[m[K [01;36m[Knote: [m[K  template argument deduction/substitution failed:
[10.120s] [01m[K/opt/ros/foxy/include/rclcpp/any_subscription_callback.hpp:81:17:[m[K [01;31m[Kerror: [m[Kno type named ‘[01m[Ktype[m[K’ in ‘[01m[Kstruct std::enable_if<false, void>[m[K’
[10.121s]    81 |     >::type * = [01;31m[Knullptr[m[K
[10.121s]       |                 [01;31m[K^~~~~~~[m[K
[10.121s] [01m[K/opt/ros/foxy/include/rclcpp/any_subscription_callback.hpp:97:8:[m[K [01;36m[Knote: [m[Kcandidate: ‘[01m[Ktemplate<class CallbackT, typename std::enable_if<rclcpp::function_traits::same_arguments<CallbackT, std::function<void(std::shared_ptr<turtlesim::msg::Pose_<std::allocator<void> > >, const rclcpp::MessageInfo&)> >::value, void>::type* <anonymous> > void rclcpp::AnySubscriptionCallback<MessageT, Alloc>::set(CallbackT) [with CallbackT = CallbackT; typename std::enable_if<rclcpp::function_traits::same_arguments<CallbackT, std::function<void(std::shared_ptr<_Tp>, const rclcpp::MessageInfo&)> >::value>::type* <anonymous> = <anonymous>; MessageT = turtlesim::msg::Pose_<std::allocator<void> >; Alloc = std::allocator<void>][m[K’
[10.121s]    97 |   void [01;36m[Kset[m[K(CallbackT callback)
[10.121s]       |        [01;36m[K^~~[m[K
[10.122s] [01m[K/opt/ros/foxy/include/rclcpp/any_subscription_callback.hpp:97:8:[m[K [01;36m[Knote: [m[K  template argument deduction/substitution failed:
[10.122s] [01m[K/opt/ros/foxy/include/rclcpp/any_subscription_callback.hpp:95:17:[m[K [01;31m[Kerror: [m[Kno type named ‘[01m[Ktype[m[K’ in ‘[01m[Kstruct std::enable_if<false, void>[m[K’
[10.122s]    95 |     >::type * = [01;31m[Knullptr[m[K
[10.122s]       |                 [01;31m[K^~~~~~~[m[K
[10.122s] [01m[K/opt/ros/foxy/include/rclcpp/any_subscription_callback.hpp:111:8:[m[K [01;36m[Knote: [m[Kcandidate: ‘[01m[Ktemplate<class CallbackT, typename std::enable_if<rclcpp::function_traits::same_arguments<CallbackT, std::function<void(std::shared_ptr<const turtlesim::msg::Pose_<std::allocator<void> > >)> >::value, void>::type* <anonymous> > void rclcpp::AnySubscriptionCallback<MessageT, Alloc>::set(CallbackT) [with CallbackT = CallbackT; typename std::enable_if<rclcpp::function_traits::same_arguments<CallbackT, std::function<void(std::shared_ptr<const _Tp>)> >::value>::type* <anonymous> = <anonymous>; MessageT = turtlesim::msg::Pose_<std::allocator<void> >; Alloc = std::allocator<void>][m[K’
[10.122s]   111 |   void [01;36m[Kset[m[K(CallbackT callback)
[10.123s]       |        [01;36m[K^~~[m[K
[10.123s] [01m[K/opt/ros/foxy/include/rclcpp/any_subscription_callback.hpp:111:8:[m[K [01;36m[Knote: [m[K  template argument deduction/substitution failed:
[10.123s] [01m[K/opt/ros/foxy/include/rclcpp/any_subscription_callback.hpp:109:17:[m[K [01;31m[Kerror: [m[Kno type named ‘[01m[Ktype[m[K’ in ‘[01m[Kstruct std::enable_if<false, void>[m[K’
[10.123s]   109 |     >::type * = [01;31m[Knullptr[m[K
[10.123s]       |                 [01;31m[K^~~~~~~[m[K
[10.123s] [01m[K/opt/ros/foxy/include/rclcpp/any_subscription_callback.hpp:125:8:[m[K [01;36m[Knote: [m[Kcandidate: ‘[01m[Ktemplate<class CallbackT, typename std::enable_if<rclcpp::function_traits::same_arguments<CallbackT, std::function<void(std::shared_ptr<const turtlesim::msg::Pose_<std::allocator<void> > >, const rclcpp::MessageInfo&)> >::value, void>::type* <anonymous> > void rclcpp::AnySubscriptionCallback<MessageT, Alloc>::set(CallbackT) [with CallbackT = CallbackT; typename std::enable_if<rclcpp::function_traits::same_arguments<CallbackT, std::function<void(std::shared_ptr<const _Tp>, const rclcpp::MessageInfo&)> >::value>::type* <anonymous> = <anonymous>; MessageT = turtlesim::msg::Pose_<std::allocator<void> >; Alloc = std::allocator<void>][m[K’
[10.124s]   125 |   void [01;36m[Kset[m[K(CallbackT callback)
[10.124s]       |        [01;36m[K^~~[m[K
[10.124s] [01m[K/opt/ros/foxy/include/rclcpp/any_subscription_callback.hpp:125:8:[m[K [01;36m[Knote: [m[K  template argument deduction/substitution failed:
[10.124s] [01m[K/opt/ros/foxy/include/rclcpp/any_subscription_callback.hpp:123:17:[m[K [01;31m[Kerror: [m[Kno type named ‘[01m[Ktype[m[K’ in ‘[01m[Kstruct std::enable_if<false, void>[m[K’
[10.124s]   123 |     >::type * = [01;31m[Knullptr[m[K
[10.124s]       |                 [01;31m[K^~~~~~~[m[K
[10.125s] [01m[K/opt/ros/foxy/include/rclcpp/any_subscription_callback.hpp:139:8:[m[K [01;36m[Knote: [m[Kcandidate: ‘[01m[Ktemplate<class CallbackT, typename std::enable_if<rclcpp::function_traits::same_arguments<CallbackT, std::function<void(std::unique_ptr<turtlesim::msg::Pose_<std::allocator<void> >, std::default_delete<turtlesim::msg::Pose_<std::allocator<void> > > >)> >::value, void>::type* <anonymous> > void rclcpp::AnySubscriptionCallback<MessageT, Alloc>::set(CallbackT) [with CallbackT = CallbackT; typename std::enable_if<rclcpp::function_traits::same_arguments<CallbackT, std::function<void(std::unique_ptr<MessageT, typename std::conditional<std::is_same<typename std::allocator_traits<typename std::allocator_traits<_Allocator>::rebind_traits<MessageT>::allocator_type>::rebind_alloc<MessageT>, typename std::allocator<void>::rebind<_Tp1>::other>::value, std::default_delete<_Tp>, rclcpp::allocator::AllocatorDeleter<typename std::allocator_traits<_Allocator>::rebind_traits<MessageT>::allocator_type> >::type>)> >::value>::type* <anonymous> = <anonymous>; MessageT = turtlesim::msg::Pose_<std::allocator<void> >; Alloc = std::allocator<void>][m[K’
[10.125s]   139 |   void [01;36m[Kset[m[K(CallbackT callback)
[10.125s]       |        [01;36m[K^~~[m[K
[10.125s] [01m[K/opt/ros/foxy/include/rclcpp/any_subscription_callback.hpp:139:8:[m[K [01;36m[Knote: [m[K  template argument deduction/substitution failed:
[10.125s] [01m[K/opt/ros/foxy/include/rclcpp/any_subscription_callback.hpp:137:17:[m[K [01;31m[Kerror: [m[Kno type named ‘[01m[Ktype[m[K’ in ‘[01m[Kstruct std::enable_if<false, void>[m[K’
[10.125s]   137 |     >::type * = [01;31m[Knullptr[m[K
[10.126s]       |                 [01;31m[K^~~~~~~[m[K
[10.126s] [01m[K/opt/ros/foxy/include/rclcpp/any_subscription_callback.hpp:153:8:[m[K [01;36m[Knote: [m[Kcandidate: ‘[01m[Ktemplate<class CallbackT, typename std::enable_if<rclcpp::function_traits::same_arguments<CallbackT, std::function<void(std::unique_ptr<turtlesim::msg::Pose_<std::allocator<void> >, std::default_delete<turtlesim::msg::Pose_<std::allocator<void> > > >, const rclcpp::MessageInfo&)> >::value, void>::type* <anonymous> > void rclcpp::AnySubscriptionCallback<MessageT, Alloc>::set(CallbackT) [with CallbackT = CallbackT; typename std::enable_if<rclcpp::function_traits::same_arguments<CallbackT, std::function<void(std::unique_ptr<MessageT, typename std::conditional<std::is_same<typename std::allocator_traits<typename std::allocator_traits<_Allocator>::rebind_traits<MessageT>::allocator_type>::rebind_alloc<MessageT>, typename std::allocator<void>::rebind<_Tp1>::other>::value, std::default_delete<_Tp>, rclcpp::allocator::AllocatorDeleter<typename std::allocator_traits<_Allocator>::rebind_traits<MessageT>::allocator_type> >::type>, const rclcpp::MessageInfo&)> >::value>::type* <anonymous> = <anonymous>; MessageT = turtlesim::msg::Pose_<std::allocator<void> >; Alloc = std::allocator<void>][m[K’
[10.126s]   153 |   void [01;36m[Kset[m[K(CallbackT callback)
[10.126s]       |        [01;36m[K^~~[m[K
[10.126s] [01m[K/opt/ros/foxy/include/rclcpp/any_subscription_callback.hpp:153:8:[m[K [01;36m[Knote: [m[K  template argument deduction/substitution failed:
[10.127s] [01m[K/opt/ros/foxy/include/rclcpp/any_subscription_callback.hpp:151:17:[m[K [01;31m[Kerror: [m[Kno type named ‘[01m[Ktype[m[K’ in ‘[01m[Kstruct std::enable_if<false, void>[m[K’
[10.127s]   151 |     >::type * = [01;31m[Knullptr[m[K
[10.127s]       |                 [01;31m[K^~~~~~~[m[K
[11.779s] In file included from [01m[K/usr/include/c++/10/future:48[m[K,
[11.779s]                  from [01m[K/opt/ros/foxy/include/rclcpp/executors.hpp:18[m[K,
[11.779s]                  from [01m[K/opt/ros/foxy/include/rclcpp/rclcpp.hpp:146[m[K,
[11.780s]                  from [01m[K/home/loye/Desktop/Projects/ROS-100-Days-Coding-Challenge/Week 6/3. Motion type/ros2_ws/src/motion_types/src/goto_goal.cpp:1[m[K:
[11.780s] [01m[K/usr/include/c++/10/bits/std_function.h:[m[K At global scope:
[11.780s] [01m[K/usr/include/c++/10/bits/std_function.h:601:7:[m[K [01;31m[Kerror: [m[K‘[01m[Kstd::function<_Res(_ArgTypes ...)>::function(_Functor) [with _Functor = rclcpp::create_subscription_factory<turtlesim::msg::Pose_<std::allocator<void> >, std::_Bind<void (GotoGoal::*(GotoGoal*, std::_Placeholder<1>))(turtlesim::msg::Pose_<std::allocator<void> >)>, std::allocator<void>, turtlesim::msg::Pose_<std::allocator<void> >, rclcpp::Subscription<turtlesim::msg::Pose_<std::allocator<void> > >, rclcpp::message_memory_strategy::MessageMemoryStrategy<turtlesim::msg::Pose_<std::allocator<void> >, std::allocator<void> > >::<lambda(rclcpp::node_interfaces::NodeBaseInterface*, const string&, const rclcpp::QoS&)>; <template-parameter-2-2> = void; <template-parameter-2-3> = void; _Res = std::shared_ptr<rclcpp::SubscriptionBase>; _ArgTypes = {rclcpp::node_interfaces::NodeBaseInterface*, const std::__cxx11::basic_string<char, std::char_traits<char>, std::allocator<char> >&, const rclcpp::QoS&}][m[K’, declared using local type ‘[01m[Krclcpp::create_subscription_factory<turtlesim::msg::Pose_<std::allocator<void> >, std::_Bind<void (GotoGoal::*(GotoGoal*, std::_Placeholder<1>))(turtlesim::msg::Pose_<std::allocator<void> >)>, std::allocator<void>, turtlesim::msg::Pose_<std::allocator<void> >, rclcpp::Subscription<turtlesim::msg::Pose_<std::allocator<void> > >, rclcpp::message_memory_strategy::MessageMemoryStrategy<turtlesim::msg::Pose_<std::allocator<void> >, std::allocator<void> > >::<lambda(rclcpp::node_interfaces::NodeBaseInterface*, const string&, const rclcpp::QoS&)>[m[K’, is used but never defined [[01;31m[K]8;;https://gcc.gnu.org/onlinedocs/gcc/Warning-Options.html#index-fpermissive-fpermissive]8;;[m[K]
[11.780s]   601 |       [01;31m[Kfunction<_Res(_ArgTypes...)>[m[K::
[11.780s]       |       [01;31m[K^~~~~~~~~~~~~~~~~~~~~~~~~~~~[m[K
[12.135s] make[2]: *** [CMakeFiles/goto_goal.dir/build.make:63: CMakeFiles/goto_goal.dir/src/goto_goal.cpp.o] Error 1
[12.135s] make[1]: *** [CMakeFiles/Makefile2:78: CMakeFiles/goto_goal.dir/all] Error 2
[12.136s] make: *** [Makefile:141: all] Error 2
[12.142s] Invoked command in '/home/loye/Desktop/Projects/ROS-100-Days-Coding-Challenge/Week 6/3. Motion type/ros2_ws/build/motion_types' returned '2': CMAKE_PREFIX_PATH=${CMAKE_PREFIX_PATH}:/home/loye/turtlebot3_ws/install/turtlebot3_teleop:/home/loye/turtlebot3_ws/install/turtlebot3_example:/opt/ros/foxy /usr/bin/cmake --build /home/loye/Desktop/Projects/ROS-100-Days-Coding-Challenge/Week 6/3. Motion type/ros2_ws/build/motion_types -- -j4 -l4
