[1.858s] Invoking command in '/home/loye/Desktop/Projects/ROS-100-Days-Coding-Challenge/Week 5/5. Parameter/ros2_ws/src/pkg_py': PYTHONPATH=/home/loye/Desktop/Projects/ROS-100-Days-Coding-Challenge/Week 5/5. Parameter/ros2_ws/install/pkg_py/lib/python3.8/site-packages:${PYTHONPATH} /usr/bin/python3 setup.py egg_info --egg-base ../../build/pkg_py build --build-base /home/loye/Desktop/Projects/ROS-100-Days-Coding-Challenge/Week 5/5. Parameter/ros2_ws/build/pkg_py/build install --prefix /home/loye/Desktop/Projects/ROS-100-Days-Coding-Challenge/Week 5/5. Parameter/ros2_ws/install/pkg_py --record /home/loye/Desktop/Projects/ROS-100-Days-Coding-Challenge/Week 5/5. Parameter/ros2_ws/build/pkg_py/install.log --single-version-externally-managed
[2.395s] running egg_info
[2.396s] writing ../../build/pkg_py/pkg_py.egg-info/PKG-INFO
[2.397s] writing dependency_links to ../../build/pkg_py/pkg_py.egg-info/dependency_links.txt
[2.397s] writing entry points to ../../build/pkg_py/pkg_py.egg-info/entry_points.txt
[2.398s] writing requirements to ../../build/pkg_py/pkg_py.egg-info/requires.txt
[2.398s] writing top-level names to ../../build/pkg_py/pkg_py.egg-info/top_level.txt
[2.500s] reading manifest file '../../build/pkg_py/pkg_py.egg-info/SOURCES.txt'
[2.503s] writing manifest file '../../build/pkg_py/pkg_py.egg-info/SOURCES.txt'
[2.503s] running build
[2.504s] running build_py
[2.504s] copying pkg_py/number_publisher.py -> /home/loye/Desktop/Projects/ROS-100-Days-Coding-Challenge/Week 5/5. Parameter/ros2_ws/build/pkg_py/build/lib/pkg_py
[2.504s] running install
[2.506s] running install_lib
[2.508s] copying /home/loye/Desktop/Projects/ROS-100-Days-Coding-Challenge/Week 5/5. Parameter/ros2_ws/build/pkg_py/build/lib/pkg_py/number_publisher.py -> /home/loye/Desktop/Projects/ROS-100-Days-Coding-Challenge/Week 5/5. Parameter/ros2_ws/install/pkg_py/lib/python3.8/site-packages/pkg_py
[2.509s] byte-compiling /home/loye/Desktop/Projects/ROS-100-Days-Coding-Challenge/Week 5/5. Parameter/ros2_ws/install/pkg_py/lib/python3.8/site-packages/pkg_py/number_publisher.py to number_publisher.cpython-38.pyc
[2.514s] running install_data
[2.515s] running install_egg_info
[2.519s] removing '/home/loye/Desktop/Projects/ROS-100-Days-Coding-Challenge/Week 5/5. Parameter/ros2_ws/install/pkg_py/lib/python3.8/site-packages/pkg_py-0.0.0-py3.8.egg-info' (and everything under it)
[2.519s] Copying ../../build/pkg_py/pkg_py.egg-info to /home/loye/Desktop/Projects/ROS-100-Days-Coding-Challenge/Week 5/5. Parameter/ros2_ws/install/pkg_py/lib/python3.8/site-packages/pkg_py-0.0.0-py3.8.egg-info
[2.521s] running install_scripts
[2.562s] Installing number_pub script to /home/loye/Desktop/Projects/ROS-100-Days-Coding-Challenge/Week 5/5. Parameter/ros2_ws/install/pkg_py/lib/pkg_py
[2.563s] writing list of installed files to '/home/loye/Desktop/Projects/ROS-100-Days-Coding-Challenge/Week 5/5. Parameter/ros2_ws/build/pkg_py/install.log'
[2.607s] Invoked command in '/home/loye/Desktop/Projects/ROS-100-Days-Coding-Challenge/Week 5/5. Parameter/ros2_ws/src/pkg_py' returned '0': PYTHONPATH=/home/loye/Desktop/Projects/ROS-100-Days-Coding-Challenge/Week 5/5. Parameter/ros2_ws/install/pkg_py/lib/python3.8/site-packages:${PYTHONPATH} /usr/bin/python3 setup.py egg_info --egg-base ../../build/pkg_py build --build-base /home/loye/Desktop/Projects/ROS-100-Days-Coding-Challenge/Week 5/5. Parameter/ros2_ws/build/pkg_py/build install --prefix /home/loye/Desktop/Projects/ROS-100-Days-Coding-Challenge/Week 5/5. Parameter/ros2_ws/install/pkg_py --record /home/loye/Desktop/Projects/ROS-100-Days-Coding-Challenge/Week 5/5. Parameter/ros2_ws/build/pkg_py/install.log --single-version-externally-managed
