-- The C compiler identification is GNU 10.3.0
-- The CXX compiler identification is GNU 10.3.0
-- Check for working C compiler: /usr/bin/cc
-- Check for working C compiler: /usr/bin/cc -- works
-- Detecting C compiler ABI info
-- Detecting C compiler ABI info - done
-- Detecting C compile features
-- Detecting C compile features - done
-- Check for working CXX compiler: /usr/bin/c++
-- Check for working CXX compiler: /usr/bin/c++ -- works
-- Detecting CXX compiler ABI info
-- Detecting CXX compiler ABI info - done
-- Detecting CXX compile features
-- Detecting CXX compile features - done
-- Found ament_cmake: 0.9.9 (/opt/ros/foxy/share/ament_cmake/cmake)
-- Found PythonInterp: /usr/bin/python3 (found suitable version "3.8.10", minimum required is "3") 
-- Using PYTHON_EXECUTABLE: /usr/bin/python3
-- Found ament_lint_auto: 0.9.6 (/opt/ros/foxy/share/ament_lint_auto/cmake)
-- Added test 'copyright' to check source files copyright and LICENSE
-- Added test 'lint_cmake' to check CMake code style
-- Added test 'xmllint' to check XML markup files
-- Configuring done
-- Generating done
-- Build files have been written to: /home/loye/Desktop/Projects/ROS-100-Days-Coding-Challenge/Week 3/05. Single Node Topic/ros2_ws/build/pkg_cpp_py
-- Install configuration: ""
-- Installing: /home/loye/Desktop/Projects/ROS-100-Days-Coding-Challenge/Week 3/05. Single Node Topic/ros2_ws/install/pkg_cpp_py/share/ament_index/resource_index/package_run_dependencies/pkg_cpp_py
-- Installing: /home/loye/Desktop/Projects/ROS-100-Days-Coding-Challenge/Week 3/05. Single Node Topic/ros2_ws/install/pkg_cpp_py/share/ament_index/resource_index/parent_prefix_path/pkg_cpp_py
-- Installing: /home/loye/Desktop/Projects/ROS-100-Days-Coding-Challenge/Week 3/05. Single Node Topic/ros2_ws/install/pkg_cpp_py/share/pkg_cpp_py/environment/ament_prefix_path.sh
-- Installing: /home/loye/Desktop/Projects/ROS-100-Days-Coding-Challenge/Week 3/05. Single Node Topic/ros2_ws/install/pkg_cpp_py/share/pkg_cpp_py/environment/ament_prefix_path.dsv
-- Installing: /home/loye/Desktop/Projects/ROS-100-Days-Coding-Challenge/Week 3/05. Single Node Topic/ros2_ws/install/pkg_cpp_py/share/pkg_cpp_py/environment/path.sh
-- Installing: /home/loye/Desktop/Projects/ROS-100-Days-Coding-Challenge/Week 3/05. Single Node Topic/ros2_ws/install/pkg_cpp_py/share/pkg_cpp_py/environment/path.dsv
-- Installing: /home/loye/Desktop/Projects/ROS-100-Days-Coding-Challenge/Week 3/05. Single Node Topic/ros2_ws/install/pkg_cpp_py/share/pkg_cpp_py/local_setup.bash
-- Installing: /home/loye/Desktop/Projects/ROS-100-Days-Coding-Challenge/Week 3/05. Single Node Topic/ros2_ws/install/pkg_cpp_py/share/pkg_cpp_py/local_setup.sh
-- Installing: /home/loye/Desktop/Projects/ROS-100-Days-Coding-Challenge/Week 3/05. Single Node Topic/ros2_ws/install/pkg_cpp_py/share/pkg_cpp_py/local_setup.zsh
-- Installing: /home/loye/Desktop/Projects/ROS-100-Days-Coding-Challenge/Week 3/05. Single Node Topic/ros2_ws/install/pkg_cpp_py/share/pkg_cpp_py/local_setup.dsv
-- Installing: /home/loye/Desktop/Projects/ROS-100-Days-Coding-Challenge/Week 3/05. Single Node Topic/ros2_ws/install/pkg_cpp_py/share/pkg_cpp_py/package.dsv
-- Installing: /home/loye/Desktop/Projects/ROS-100-Days-Coding-Challenge/Week 3/05. Single Node Topic/ros2_ws/install/pkg_cpp_py/share/ament_index/resource_index/packages/pkg_cpp_py
-- Installing: /home/loye/Desktop/Projects/ROS-100-Days-Coding-Challenge/Week 3/05. Single Node Topic/ros2_ws/install/pkg_cpp_py/share/pkg_cpp_py/cmake/pkg_cpp_pyConfig.cmake
-- Installing: /home/loye/Desktop/Projects/ROS-100-Days-Coding-Challenge/Week 3/05. Single Node Topic/ros2_ws/install/pkg_cpp_py/share/pkg_cpp_py/cmake/pkg_cpp_pyConfig-version.cmake
-- Installing: /home/loye/Desktop/Projects/ROS-100-Days-Coding-Challenge/Week 3/05. Single Node Topic/ros2_ws/install/pkg_cpp_py/share/pkg_cpp_py/package.xml
