running egg_info
creating ../../build/ros_py/ros_py.egg-info
writing ../../build/ros_py/ros_py.egg-info/PKG-INFO
writing dependency_links to ../../build/ros_py/ros_py.egg-info/dependency_links.txt
writing entry points to ../../build/ros_py/ros_py.egg-info/entry_points.txt
writing requirements to ../../build/ros_py/ros_py.egg-info/requires.txt
writing top-level names to ../../build/ros_py/ros_py.egg-info/top_level.txt
writing manifest file '../../build/ros_py/ros_py.egg-info/SOURCES.txt'
reading manifest file '../../build/ros_py/ros_py.egg-info/SOURCES.txt'
writing manifest file '../../build/ros_py/ros_py.egg-info/SOURCES.txt'
running build
running build_py
creating /home/loye/Desktop/Projects/ROS-100-Days-Coding-Challenge/Week 3/03. Nodes/ros2_ws/build/ros_py/build
creating /home/loye/Desktop/Projects/ROS-100-Days-Coding-Challenge/Week 3/03. Nodes/ros2_ws/build/ros_py/build/lib
creating /home/loye/Desktop/Projects/ROS-100-Days-Coding-Challenge/Week 3/03. Nodes/ros2_ws/build/ros_py/build/lib/ros_py
copying ros_py/__init__.py -> /home/loye/Desktop/Projects/ROS-100-Days-Coding-Challenge/Week 3/03. Nodes/ros2_ws/build/ros_py/build/lib/ros_py
running install
running install_lib
creating /home/loye/Desktop/Projects/ROS-100-Days-Coding-Challenge/Week 3/03. Nodes/ros2_ws/install/ros_py/lib/python3.8/site-packages/ros_py
copying /home/loye/Desktop/Projects/ROS-100-Days-Coding-Challenge/Week 3/03. Nodes/ros2_ws/build/ros_py/build/lib/ros_py/__init__.py -> /home/loye/Desktop/Projects/ROS-100-Days-Coding-Challenge/Week 3/03. Nodes/ros2_ws/install/ros_py/lib/python3.8/site-packages/ros_py
byte-compiling /home/loye/Desktop/Projects/ROS-100-Days-Coding-Challenge/Week 3/03. Nodes/ros2_ws/install/ros_py/lib/python3.8/site-packages/ros_py/__init__.py to __init__.cpython-38.pyc
running install_data
creating /home/loye/Desktop/Projects/ROS-100-Days-Coding-Challenge/Week 3/03. Nodes/ros2_ws/install/ros_py/share/ament_index
creating /home/loye/Desktop/Projects/ROS-100-Days-Coding-Challenge/Week 3/03. Nodes/ros2_ws/install/ros_py/share/ament_index/resource_index
creating /home/loye/Desktop/Projects/ROS-100-Days-Coding-Challenge/Week 3/03. Nodes/ros2_ws/install/ros_py/share/ament_index/resource_index/packages
copying resource/ros_py -> /home/loye/Desktop/Projects/ROS-100-Days-Coding-Challenge/Week 3/03. Nodes/ros2_ws/install/ros_py/share/ament_index/resource_index/packages
copying package.xml -> /home/loye/Desktop/Projects/ROS-100-Days-Coding-Challenge/Week 3/03. Nodes/ros2_ws/install/ros_py/share/ros_py
running install_egg_info
Copying ../../build/ros_py/ros_py.egg-info to /home/loye/Desktop/Projects/ROS-100-Days-Coding-Challenge/Week 3/03. Nodes/ros2_ws/install/ros_py/lib/python3.8/site-packages/ros_py-0.0.0-py3.8.egg-info
running install_scripts
writing list of installed files to '/home/loye/Desktop/Projects/ROS-100-Days-Coding-Challenge/Week 3/03. Nodes/ros2_ws/build/ros_py/install.log'
