[1.809s] Invoking command in '/home/loye/Desktop/Projects/ROS-100-Days-Coding-Challenge/Week 3/03. Nodes/ros2_ws/src/ros_py': PYTHONPATH=/home/loye/Desktop/Projects/ROS-100-Days-Coding-Challenge/Week 3/03. Nodes/ros2_ws/install/ros_py/lib/python3.8/site-packages:${PYTHONPATH} /usr/bin/python3 setup.py egg_info --egg-base ../../build/ros_py build --build-base /home/loye/Desktop/Projects/ROS-100-Days-Coding-Challenge/Week 3/03. Nodes/ros2_ws/build/ros_py/build install --prefix /home/loye/Desktop/Projects/ROS-100-Days-Coding-Challenge/Week 3/03. Nodes/ros2_ws/install/ros_py --record /home/loye/Desktop/Projects/ROS-100-Days-Coding-Challenge/Week 3/03. Nodes/ros2_ws/build/ros_py/install.log --single-version-externally-managed
[2.330s] running egg_info
[2.333s] writing ../../build/ros_py/ros_py.egg-info/PKG-INFO
[2.333s] writing dependency_links to ../../build/ros_py/ros_py.egg-info/dependency_links.txt
[2.334s] writing entry points to ../../build/ros_py/ros_py.egg-info/entry_points.txt
[2.334s] writing requirements to ../../build/ros_py/ros_py.egg-info/requires.txt
[2.334s] writing top-level names to ../../build/ros_py/ros_py.egg-info/top_level.txt
[2.452s] reading manifest file '../../build/ros_py/ros_py.egg-info/SOURCES.txt'
[2.455s] writing manifest file '../../build/ros_py/ros_py.egg-info/SOURCES.txt'
[2.455s] running build
[2.455s] running build_py
[2.456s] running install
[2.459s] running install_lib
[2.461s] running install_data
[2.462s] running install_egg_info
[2.466s] removing '/home/loye/Desktop/Projects/ROS-100-Days-Coding-Challenge/Week 3/03. Nodes/ros2_ws/install/ros_py/lib/python3.8/site-packages/ros_py-0.0.0-py3.8.egg-info' (and everything under it)
[2.484s] Copying ../../build/ros_py/ros_py.egg-info to /home/loye/Desktop/Projects/ROS-100-Days-Coding-Challenge/Week 3/03. Nodes/ros2_ws/install/ros_py/lib/python3.8/site-packages/ros_py-0.0.0-py3.8.egg-info
[2.486s] running install_scripts
[2.524s] Installing py_node script to /home/loye/Desktop/Projects/ROS-100-Days-Coding-Challenge/Week 3/03. Nodes/ros2_ws/install/ros_py/lib/ros_py
[2.525s] Installing py_oop_node script to /home/loye/Desktop/Projects/ROS-100-Days-Coding-Challenge/Week 3/03. Nodes/ros2_ws/install/ros_py/lib/ros_py
[2.525s] writing list of installed files to '/home/loye/Desktop/Projects/ROS-100-Days-Coding-Challenge/Week 3/03. Nodes/ros2_ws/build/ros_py/install.log'
[2.572s] Invoked command in '/home/loye/Desktop/Projects/ROS-100-Days-Coding-Challenge/Week 3/03. Nodes/ros2_ws/src/ros_py' returned '0': PYTHONPATH=/home/loye/Desktop/Projects/ROS-100-Days-Coding-Challenge/Week 3/03. Nodes/ros2_ws/install/ros_py/lib/python3.8/site-packages:${PYTHONPATH} /usr/bin/python3 setup.py egg_info --egg-base ../../build/ros_py build --build-base /home/loye/Desktop/Projects/ROS-100-Days-Coding-Challenge/Week 3/03. Nodes/ros2_ws/build/ros_py/build install --prefix /home/loye/Desktop/Projects/ROS-100-Days-Coding-Challenge/Week 3/03. Nodes/ros2_ws/install/ros_py --record /home/loye/Desktop/Projects/ROS-100-Days-Coding-Challenge/Week 3/03. Nodes/ros2_ws/build/ros_py/install.log --single-version-externally-managed
