running egg_info
writing ../../build/pkg_py/pkg_py.egg-info/PKG-INFO
writing dependency_links to ../../build/pkg_py/pkg_py.egg-info/dependency_links.txt
writing entry points to ../../build/pkg_py/pkg_py.egg-info/entry_points.txt
writing requirements to ../../build/pkg_py/pkg_py.egg-info/requires.txt
writing top-level names to ../../build/pkg_py/pkg_py.egg-info/top_level.txt
reading manifest file '../../build/pkg_py/pkg_py.egg-info/SOURCES.txt'
writing manifest file '../../build/pkg_py/pkg_py.egg-info/SOURCES.txt'
running build
running build_py
copying pkg_py/number_counter.py -> /home/loye/Desktop/Projects/ROS-100-Days-Coding-Challenge/Week 5/5. Parameter/ros2_ws/build/pkg_py/build/lib/pkg_py
running install
running install_lib
copying /home/loye/Desktop/Projects/ROS-100-Days-Coding-Challenge/Week 5/5. Parameter/ros2_ws/build/pkg_py/build/lib/pkg_py/number_counter.py -> /home/loye/Desktop/Projects/ROS-100-Days-Coding-Challenge/Week 5/5. Parameter/ros2_ws/install/pkg_py/lib/python3.8/site-packages/pkg_py
byte-compiling /home/loye/Desktop/Projects/ROS-100-Days-Coding-Challenge/Week 5/5. Parameter/ros2_ws/install/pkg_py/lib/python3.8/site-packages/pkg_py/number_counter.py to number_counter.cpython-38.pyc
running install_data
running install_egg_info
removing '/home/loye/Desktop/Projects/ROS-100-Days-Coding-Challenge/Week 5/5. Parameter/ros2_ws/install/pkg_py/lib/python3.8/site-packages/pkg_py-0.0.0-py3.8.egg-info' (and everything under it)
Copying ../../build/pkg_py/pkg_py.egg-info to /home/loye/Desktop/Projects/ROS-100-Days-Coding-Challenge/Week 5/5. Parameter/ros2_ws/install/pkg_py/lib/python3.8/site-packages/pkg_py-0.0.0-py3.8.egg-info
running install_scripts
Installing number_counter script to /home/loye/Desktop/Projects/ROS-100-Days-Coding-Challenge/Week 5/5. Parameter/ros2_ws/install/pkg_py/lib/pkg_py
Installing number_pub script to /home/loye/Desktop/Projects/ROS-100-Days-Coding-Challenge/Week 5/5. Parameter/ros2_ws/install/pkg_py/lib/pkg_py
writing list of installed files to '/home/loye/Desktop/Projects/ROS-100-Days-Coding-Challenge/Week 5/5. Parameter/ros2_ws/build/pkg_py/install.log'
