[1.981s] Invoking command in '/home/loye/Desktop/Projects/ROS-100-Days-Coding-Challenge/Week 5/2. Turtle/ros2_ws/src/pkg_py': PYTHONPATH=/home/loye/Desktop/Projects/ROS-100-Days-Coding-Challenge/Week 5/2. Turtle/ros2_ws/install/pkg_py/lib/python3.8/site-packages:${PYTHONPATH} /usr/bin/python3 setup.py egg_info --egg-base ../../build/pkg_py build --build-base /home/loye/Desktop/Projects/ROS-100-Days-Coding-Challenge/Week 5/2. Turtle/ros2_ws/build/pkg_py/build install --prefix /home/loye/Desktop/Projects/ROS-100-Days-Coding-Challenge/Week 5/2. Turtle/ros2_ws/install/pkg_py --record /home/loye/Desktop/Projects/ROS-100-Days-Coding-Challenge/Week 5/2. Turtle/ros2_ws/build/pkg_py/install.log --single-version-externally-managed
[2.562s] running egg_info
[2.564s] writing ../../build/pkg_py/pkg_py.egg-info/PKG-INFO
[2.566s] writing dependency_links to ../../build/pkg_py/pkg_py.egg-info/dependency_links.txt
[2.566s] writing entry points to ../../build/pkg_py/pkg_py.egg-info/entry_points.txt
[2.567s] writing requirements to ../../build/pkg_py/pkg_py.egg-info/requires.txt
[2.567s] writing top-level names to ../../build/pkg_py/pkg_py.egg-info/top_level.txt
[2.674s] reading manifest file '../../build/pkg_py/pkg_py.egg-info/SOURCES.txt'
[2.677s] writing manifest file '../../build/pkg_py/pkg_py.egg-info/SOURCES.txt'
[2.677s] running build
[2.677s] running build_py
[2.678s] copying pkg_py/euclidean_distance_client.py -> /home/loye/Desktop/Projects/ROS-100-Days-Coding-Challenge/Week 5/2. Turtle/ros2_ws/build/pkg_py/build/lib/pkg_py
[2.679s] running install
[2.684s] running install_lib
[2.687s] copying /home/loye/Desktop/Projects/ROS-100-Days-Coding-Challenge/Week 5/2. Turtle/ros2_ws/build/pkg_py/build/lib/pkg_py/euclidean_distance_client.py -> /home/loye/Desktop/Projects/ROS-100-Days-Coding-Challenge/Week 5/2. Turtle/ros2_ws/install/pkg_py/lib/python3.8/site-packages/pkg_py
[2.688s] byte-compiling /home/loye/Desktop/Projects/ROS-100-Days-Coding-Challenge/Week 5/2. Turtle/ros2_ws/install/pkg_py/lib/python3.8/site-packages/pkg_py/euclidean_distance_client.py to euclidean_distance_client.cpython-38.pyc
[2.696s] running install_data
[2.696s] running install_egg_info
[2.699s] removing '/home/loye/Desktop/Projects/ROS-100-Days-Coding-Challenge/Week 5/2. Turtle/ros2_ws/install/pkg_py/lib/python3.8/site-packages/pkg_py-0.0.0-py3.8.egg-info' (and everything under it)
[2.700s] Copying ../../build/pkg_py/pkg_py.egg-info to /home/loye/Desktop/Projects/ROS-100-Days-Coding-Challenge/Week 5/2. Turtle/ros2_ws/install/pkg_py/lib/python3.8/site-packages/pkg_py-0.0.0-py3.8.egg-info
[2.702s] running install_scripts
[2.745s] Installing edc script to /home/loye/Desktop/Projects/ROS-100-Days-Coding-Challenge/Week 5/2. Turtle/ros2_ws/install/pkg_py/lib/pkg_py
[2.746s] Installing eds script to /home/loye/Desktop/Projects/ROS-100-Days-Coding-Challenge/Week 5/2. Turtle/ros2_ws/install/pkg_py/lib/pkg_py
[2.747s] writing list of installed files to '/home/loye/Desktop/Projects/ROS-100-Days-Coding-Challenge/Week 5/2. Turtle/ros2_ws/build/pkg_py/install.log'
[2.812s] Invoked command in '/home/loye/Desktop/Projects/ROS-100-Days-Coding-Challenge/Week 5/2. Turtle/ros2_ws/src/pkg_py' returned '0': PYTHONPATH=/home/loye/Desktop/Projects/ROS-100-Days-Coding-Challenge/Week 5/2. Turtle/ros2_ws/install/pkg_py/lib/python3.8/site-packages:${PYTHONPATH} /usr/bin/python3 setup.py egg_info --egg-base ../../build/pkg_py build --build-base /home/loye/Desktop/Projects/ROS-100-Days-Coding-Challenge/Week 5/2. Turtle/ros2_ws/build/pkg_py/build install --prefix /home/loye/Desktop/Projects/ROS-100-Days-Coding-Challenge/Week 5/2. Turtle/ros2_ws/install/pkg_py --record /home/loye/Desktop/Projects/ROS-100-Days-Coding-Challenge/Week 5/2. Turtle/ros2_ws/build/pkg_py/install.log --single-version-externally-managed
