[0.055s] Invoking command in '/home/loye/Desktop/Projects/ROS-100-Days-Coding-Challenge/Week 6/3. Motion type/ros2_ws/build/motion_types': CMAKE_PREFIX_PATH=${CMAKE_PREFIX_PATH}:/home/loye/turtlebot3_ws/install/turtlebot3_teleop:/home/loye/turtlebot3_ws/install/turtlebot3_example:/opt/ros/foxy /usr/bin/cmake --build /home/loye/Desktop/Projects/ROS-100-Days-Coding-Challenge/Week 6/3. Motion type/ros2_ws/build/motion_types -- -j4 -l4
[0.441s] [ 25%] Built target spiral
[0.540s] [ 50%] Built target linear
[0.658s] [ 75%] Built target rotation
[0.773s] [100%] Built target goto_goal
[0.823s] Invoked command in '/home/loye/Desktop/Projects/ROS-100-Days-Coding-Challenge/Week 6/3. Motion type/ros2_ws/build/motion_types' returned '0': CMAKE_PREFIX_PATH=${CMAKE_PREFIX_PATH}:/home/loye/turtlebot3_ws/install/turtlebot3_teleop:/home/loye/turtlebot3_ws/install/turtlebot3_example:/opt/ros/foxy /usr/bin/cmake --build /home/loye/Desktop/Projects/ROS-100-Days-Coding-Challenge/Week 6/3. Motion type/ros2_ws/build/motion_types -- -j4 -l4
[0.969s] Invoking command in '/home/loye/Desktop/Projects/ROS-100-Days-Coding-Challenge/Week 6/3. Motion type/ros2_ws/build/motion_types': CMAKE_PREFIX_PATH=${CMAKE_PREFIX_PATH}:/home/loye/turtlebot3_ws/install/turtlebot3_teleop:/home/loye/turtlebot3_ws/install/turtlebot3_example:/opt/ros/foxy /usr/bin/cmake --install /home/loye/Desktop/Projects/ROS-100-Days-Coding-Challenge/Week 6/3. Motion type/ros2_ws/build/motion_types
[0.998s] -- Install configuration: ""
[1.000s] -- Up-to-date: /home/loye/Desktop/Projects/ROS-100-Days-Coding-Challenge/Week 6/3. Motion type/ros2_ws/install/motion_types/lib/motion_types/linear
[1.004s] -- Up-to-date: /home/loye/Desktop/Projects/ROS-100-Days-Coding-Challenge/Week 6/3. Motion type/ros2_ws/install/motion_types/lib/motion_types/rotation
[1.009s] -- Up-to-date: /home/loye/Desktop/Projects/ROS-100-Days-Coding-Challenge/Week 6/3. Motion type/ros2_ws/install/motion_types/lib/motion_types/spiral
[1.011s] -- Up-to-date: /home/loye/Desktop/Projects/ROS-100-Days-Coding-Challenge/Week 6/3. Motion type/ros2_ws/install/motion_types/lib/motion_types/goto_goal
[1.015s] -- Up-to-date: /home/loye/Desktop/Projects/ROS-100-Days-Coding-Challenge/Week 6/3. Motion type/ros2_ws/install/motion_types/share/motion_types/environment/pythonpath.sh
[1.016s] -- Up-to-date: /home/loye/Desktop/Projects/ROS-100-Days-Coding-Challenge/Week 6/3. Motion type/ros2_ws/install/motion_types/share/motion_types/environment/pythonpath.dsv
[1.017s] -- Up-to-date: /home/loye/Desktop/Projects/ROS-100-Days-Coding-Challenge/Week 6/3. Motion type/ros2_ws/install/motion_types/lib/python3.8/site-packages/motion_types
[1.017s] -- Up-to-date: /home/loye/Desktop/Projects/ROS-100-Days-Coding-Challenge/Week 6/3. Motion type/ros2_ws/install/motion_types/lib/python3.8/site-packages/motion_types/module_to_import.py
[1.018s] -- Up-to-date: /home/loye/Desktop/Projects/ROS-100-Days-Coding-Challenge/Week 6/3. Motion type/ros2_ws/install/motion_types/lib/python3.8/site-packages/motion_types/__init__.py
[1.132s] Listing '/home/loye/Desktop/Projects/ROS-100-Days-Coding-Challenge/Week 6/3. Motion type/ros2_ws/install/motion_types/lib/python3.8/site-packages/motion_types'...
[1.144s] -- Up-to-date: /home/loye/Desktop/Projects/ROS-100-Days-Coding-Challenge/Week 6/3. Motion type/ros2_ws/install/motion_types/lib/motion_types/linear.py
[1.145s] -- Up-to-date: /home/loye/Desktop/Projects/ROS-100-Days-Coding-Challenge/Week 6/3. Motion type/ros2_ws/install/motion_types/lib/motion_types/rotation.py
[1.146s] -- Up-to-date: /home/loye/Desktop/Projects/ROS-100-Days-Coding-Challenge/Week 6/3. Motion type/ros2_ws/install/motion_types/lib/motion_types/spiral.py
[1.147s] -- Up-to-date: /home/loye/Desktop/Projects/ROS-100-Days-Coding-Challenge/Week 6/3. Motion type/ros2_ws/install/motion_types/lib/motion_types/goto_goal.py
[1.149s] -- Up-to-date: /home/loye/Desktop/Projects/ROS-100-Days-Coding-Challenge/Week 6/3. Motion type/ros2_ws/install/motion_types/share/ament_index/resource_index/package_run_dependencies/motion_types
[1.150s] -- Up-to-date: /home/loye/Desktop/Projects/ROS-100-Days-Coding-Challenge/Week 6/3. Motion type/ros2_ws/install/motion_types/share/ament_index/resource_index/parent_prefix_path/motion_types
[1.151s] -- Up-to-date: /home/loye/Desktop/Projects/ROS-100-Days-Coding-Challenge/Week 6/3. Motion type/ros2_ws/install/motion_types/share/motion_types/environment/ament_prefix_path.sh
[1.152s] -- Up-to-date: /home/loye/Desktop/Projects/ROS-100-Days-Coding-Challenge/Week 6/3. Motion type/ros2_ws/install/motion_types/share/motion_types/environment/ament_prefix_path.dsv
[1.152s] -- Up-to-date: /home/loye/Desktop/Projects/ROS-100-Days-Coding-Challenge/Week 6/3. Motion type/ros2_ws/install/motion_types/share/motion_types/environment/path.sh
[1.153s] -- Up-to-date: /home/loye/Desktop/Projects/ROS-100-Days-Coding-Challenge/Week 6/3. Motion type/ros2_ws/install/motion_types/share/motion_types/environment/path.dsv
[1.154s] -- Up-to-date: /home/loye/Desktop/Projects/ROS-100-Days-Coding-Challenge/Week 6/3. Motion type/ros2_ws/install/motion_types/share/motion_types/local_setup.bash
[1.155s] -- Up-to-date: /home/loye/Desktop/Projects/ROS-100-Days-Coding-Challenge/Week 6/3. Motion type/ros2_ws/install/motion_types/share/motion_types/local_setup.sh
[1.156s] -- Up-to-date: /home/loye/Desktop/Projects/ROS-100-Days-Coding-Challenge/Week 6/3. Motion type/ros2_ws/install/motion_types/share/motion_types/local_setup.zsh
[1.157s] -- Up-to-date: /home/loye/Desktop/Projects/ROS-100-Days-Coding-Challenge/Week 6/3. Motion type/ros2_ws/install/motion_types/share/motion_types/local_setup.dsv
[1.158s] -- Installing: /home/loye/Desktop/Projects/ROS-100-Days-Coding-Challenge/Week 6/3. Motion type/ros2_ws/install/motion_types/share/motion_types/package.dsv
[1.159s] -- Up-to-date: /home/loye/Desktop/Projects/ROS-100-Days-Coding-Challenge/Week 6/3. Motion type/ros2_ws/install/motion_types/share/ament_index/resource_index/packages/motion_types
[1.160s] -- Up-to-date: /home/loye/Desktop/Projects/ROS-100-Days-Coding-Challenge/Week 6/3. Motion type/ros2_ws/install/motion_types/share/motion_types/cmake/motion_typesConfig.cmake
[1.166s] -- Up-to-date: /home/loye/Desktop/Projects/ROS-100-Days-Coding-Challenge/Week 6/3. Motion type/ros2_ws/install/motion_types/share/motion_types/cmake/motion_typesConfig-version.cmake
[1.172s] -- Up-to-date: /home/loye/Desktop/Projects/ROS-100-Days-Coding-Challenge/Week 6/3. Motion type/ros2_ws/install/motion_types/share/motion_types/package.xml
[1.173s] Invoked command in '/home/loye/Desktop/Projects/ROS-100-Days-Coding-Challenge/Week 6/3. Motion type/ros2_ws/build/motion_types' returned '0': CMAKE_PREFIX_PATH=${CMAKE_PREFIX_PATH}:/home/loye/turtlebot3_ws/install/turtlebot3_teleop:/home/loye/turtlebot3_ws/install/turtlebot3_example:/opt/ros/foxy /usr/bin/cmake --install /home/loye/Desktop/Projects/ROS-100-Days-Coding-Challenge/Week 6/3. Motion type/ros2_ws/build/motion_types
