running develop
running egg_info
creating pkg_py.egg-info
writing pkg_py.egg-info/PKG-INFO
writing dependency_links to pkg_py.egg-info/dependency_links.txt
writing entry points to pkg_py.egg-info/entry_points.txt
writing requirements to pkg_py.egg-info/requires.txt
writing top-level names to pkg_py.egg-info/top_level.txt
writing manifest file 'pkg_py.egg-info/SOURCES.txt'
reading manifest file 'pkg_py.egg-info/SOURCES.txt'
writing manifest file 'pkg_py.egg-info/SOURCES.txt'
running build_ext
Creating /home/loye/Desktop/Projects/ROS-100-Days-Coding-Challenge/Week 3/04. Topics/ros2_ws/install/pkg_py/lib/python3.8/site-packages/site.py
Creating /home/loye/Desktop/Projects/ROS-100-Days-Coding-Challenge/Week 3/04. Topics/ros2_ws/install/pkg_py/lib/python3.8/site-packages/pkg-py.egg-link (link to .)
Installing robot_news_station script to /home/loye/Desktop/Projects/ROS-100-Days-Coding-Challenge/Week 3/04. Topics/ros2_ws/install/pkg_py/lib/pkg_py

Installed /home/loye/Desktop/Projects/ROS-100-Days-Coding-Challenge/Week 3/04. Topics/ros2_ws/build/pkg_py
running install_data
creating /home/loye/Desktop/Projects/ROS-100-Days-Coding-Challenge/Week 3/04. Topics/ros2_ws/install/pkg_py/share/ament_index
creating /home/loye/Desktop/Projects/ROS-100-Days-Coding-Challenge/Week 3/04. Topics/ros2_ws/install/pkg_py/share/ament_index/resource_index
creating /home/loye/Desktop/Projects/ROS-100-Days-Coding-Challenge/Week 3/04. Topics/ros2_ws/install/pkg_py/share/ament_index/resource_index/packages
copying resource/pkg_py -> /home/loye/Desktop/Projects/ROS-100-Days-Coding-Challenge/Week 3/04. Topics/ros2_ws/install/pkg_py/share/ament_index/resource_index/packages
copying package.xml -> /home/loye/Desktop/Projects/ROS-100-Days-Coding-Challenge/Week 3/04. Topics/ros2_ws/install/pkg_py/share/pkg_py
