[1.765s] Invoking command in '/home/loye/Desktop/Projects/ROS-100-Days-Coding-Challenge/Week 3/04. Topics/ros2_ws/build/pkg_py': PYTHONPATH=/home/loye/Desktop/Projects/ROS-100-Days-Coding-Challenge/Week 3/04. Topics/ros2_ws/install/pkg_py/lib/python3.8/site-packages:${PYTHONPATH} /usr/bin/python3 setup.py develop --prefix /home/loye/Desktop/Projects/ROS-100-Days-Coding-Challenge/Week 3/04. Topics/ros2_ws/install/pkg_py --editable --build-directory /home/loye/Desktop/Projects/ROS-100-Days-Coding-Challenge/Week 3/04. Topics/ros2_ws/build/pkg_py/build --no-deps install_data --install-dir /home/loye/Desktop/Projects/ROS-100-Days-Coding-Challenge/Week 3/04. Topics/ros2_ws/install/pkg_py
[2.295s] running develop
[2.589s] running egg_info
[2.589s] creating pkg_py.egg-info
[2.589s] writing pkg_py.egg-info/PKG-INFO
[2.589s] writing dependency_links to pkg_py.egg-info/dependency_links.txt
[2.590s] writing entry points to pkg_py.egg-info/entry_points.txt
[2.590s] writing requirements to pkg_py.egg-info/requires.txt
[2.590s] writing top-level names to pkg_py.egg-info/top_level.txt
[2.598s] writing manifest file 'pkg_py.egg-info/SOURCES.txt'
[2.690s] reading manifest file 'pkg_py.egg-info/SOURCES.txt'
[2.691s] writing manifest file 'pkg_py.egg-info/SOURCES.txt'
[2.790s] running build_ext
[2.793s] Creating /home/loye/Desktop/Projects/ROS-100-Days-Coding-Challenge/Week 3/04. Topics/ros2_ws/install/pkg_py/lib/python3.8/site-packages/site.py
[2.799s] Creating /home/loye/Desktop/Projects/ROS-100-Days-Coding-Challenge/Week 3/04. Topics/ros2_ws/install/pkg_py/lib/python3.8/site-packages/pkg-py.egg-link (link to .)
[2.800s] Installing robot_news_station script to /home/loye/Desktop/Projects/ROS-100-Days-Coding-Challenge/Week 3/04. Topics/ros2_ws/install/pkg_py/lib/pkg_py
[2.801s] 
[2.801s] Installed /home/loye/Desktop/Projects/ROS-100-Days-Coding-Challenge/Week 3/04. Topics/ros2_ws/build/pkg_py
[2.801s] running install_data
[2.801s] creating /home/loye/Desktop/Projects/ROS-100-Days-Coding-Challenge/Week 3/04. Topics/ros2_ws/install/pkg_py/share/ament_index
[2.802s] creating /home/loye/Desktop/Projects/ROS-100-Days-Coding-Challenge/Week 3/04. Topics/ros2_ws/install/pkg_py/share/ament_index/resource_index
[2.802s] creating /home/loye/Desktop/Projects/ROS-100-Days-Coding-Challenge/Week 3/04. Topics/ros2_ws/install/pkg_py/share/ament_index/resource_index/packages
[2.802s] copying resource/pkg_py -> /home/loye/Desktop/Projects/ROS-100-Days-Coding-Challenge/Week 3/04. Topics/ros2_ws/install/pkg_py/share/ament_index/resource_index/packages
[2.802s] copying package.xml -> /home/loye/Desktop/Projects/ROS-100-Days-Coding-Challenge/Week 3/04. Topics/ros2_ws/install/pkg_py/share/pkg_py
[2.859s] Invoked command in '/home/loye/Desktop/Projects/ROS-100-Days-Coding-Challenge/Week 3/04. Topics/ros2_ws/build/pkg_py' returned '0': PYTHONPATH=/home/loye/Desktop/Projects/ROS-100-Days-Coding-Challenge/Week 3/04. Topics/ros2_ws/install/pkg_py/lib/python3.8/site-packages:${PYTHONPATH} /usr/bin/python3 setup.py develop --prefix /home/loye/Desktop/Projects/ROS-100-Days-Coding-Challenge/Week 3/04. Topics/ros2_ws/install/pkg_py --editable --build-directory /home/loye/Desktop/Projects/ROS-100-Days-Coding-Challenge/Week 3/04. Topics/ros2_ws/build/pkg_py/build --no-deps install_data --install-dir /home/loye/Desktop/Projects/ROS-100-Days-Coding-Challenge/Week 3/04. Topics/ros2_ws/install/pkg_py
