[1.697s] Invoking command in '/home/loye/Desktop/Projects/ROS-100-Days-Coding-Challenge/Week 3/04. Topics/ros2_ws/build/pkg_py': PYTHONPATH=/home/loye/Desktop/Projects/ROS-100-Days-Coding-Challenge/Week 3/04. Topics/ros2_ws/install/pkg_py/lib/python3.8/site-packages:${PYTHONPATH} /usr/bin/python3 setup.py develop --prefix /home/loye/Desktop/Projects/ROS-100-Days-Coding-Challenge/Week 3/04. Topics/ros2_ws/install/pkg_py --uninstall --editable --build-directory /home/loye/Desktop/Projects/ROS-100-Days-Coding-Challenge/Week 3/04. Topics/ros2_ws/build/pkg_py/build
[2.233s] running develop
[2.574s] Invoked command in '/home/loye/Desktop/Projects/ROS-100-Days-Coding-Challenge/Week 3/04. Topics/ros2_ws/build/pkg_py' returned '0': PYTHONPATH=/home/loye/Desktop/Projects/ROS-100-Days-Coding-Challenge/Week 3/04. Topics/ros2_ws/install/pkg_py/lib/python3.8/site-packages:${PYTHONPATH} /usr/bin/python3 setup.py develop --prefix /home/loye/Desktop/Projects/ROS-100-Days-Coding-Challenge/Week 3/04. Topics/ros2_ws/install/pkg_py --uninstall --editable --build-directory /home/loye/Desktop/Projects/ROS-100-Days-Coding-Challenge/Week 3/04. Topics/ros2_ws/build/pkg_py/build
[2.578s] Invoking command in '/home/loye/Desktop/Projects/ROS-100-Days-Coding-Challenge/Week 3/04. Topics/ros2_ws/src/pkg_py': PYTHONPATH=/home/loye/Desktop/Projects/ROS-100-Days-Coding-Challenge/Week 3/04. Topics/ros2_ws/install/pkg_py/lib/python3.8/site-packages:${PYTHONPATH} /usr/bin/python3 setup.py egg_info --egg-base ../../build/pkg_py build --build-base /home/loye/Desktop/Projects/ROS-100-Days-Coding-Challenge/Week 3/04. Topics/ros2_ws/build/pkg_py/build install --prefix /home/loye/Desktop/Projects/ROS-100-Days-Coding-Challenge/Week 3/04. Topics/ros2_ws/install/pkg_py --record /home/loye/Desktop/Projects/ROS-100-Days-Coding-Challenge/Week 3/04. Topics/ros2_ws/build/pkg_py/install.log --single-version-externally-managed
[3.074s] running egg_info
[3.075s] writing ../../build/pkg_py/pkg_py.egg-info/PKG-INFO
[3.076s] writing dependency_links to ../../build/pkg_py/pkg_py.egg-info/dependency_links.txt
[3.076s] writing entry points to ../../build/pkg_py/pkg_py.egg-info/entry_points.txt
[3.077s] writing requirements to ../../build/pkg_py/pkg_py.egg-info/requires.txt
[3.077s] writing top-level names to ../../build/pkg_py/pkg_py.egg-info/top_level.txt
[3.174s] reading manifest file '../../build/pkg_py/pkg_py.egg-info/SOURCES.txt'
[3.176s] writing manifest file '../../build/pkg_py/pkg_py.egg-info/SOURCES.txt'
[3.177s] running build
[3.177s] running build_py
[3.178s] running install
[3.179s] running install_lib
[3.182s] running install_data
[3.183s] running install_egg_info
[3.186s] removing '/home/loye/Desktop/Projects/ROS-100-Days-Coding-Challenge/Week 3/04. Topics/ros2_ws/install/pkg_py/lib/python3.8/site-packages/pkg_py-0.0.0-py3.8.egg-info' (and everything under it)
[3.187s] Copying ../../build/pkg_py/pkg_py.egg-info to /home/loye/Desktop/Projects/ROS-100-Days-Coding-Challenge/Week 3/04. Topics/ros2_ws/install/pkg_py/lib/python3.8/site-packages/pkg_py-0.0.0-py3.8.egg-info
[3.189s] running install_scripts
[3.226s] Installing robot_news_station script to /home/loye/Desktop/Projects/ROS-100-Days-Coding-Challenge/Week 3/04. Topics/ros2_ws/install/pkg_py/lib/pkg_py
[3.227s] Installing transitor_radio script to /home/loye/Desktop/Projects/ROS-100-Days-Coding-Challenge/Week 3/04. Topics/ros2_ws/install/pkg_py/lib/pkg_py
[3.227s] writing list of installed files to '/home/loye/Desktop/Projects/ROS-100-Days-Coding-Challenge/Week 3/04. Topics/ros2_ws/build/pkg_py/install.log'
[3.271s] Invoked command in '/home/loye/Desktop/Projects/ROS-100-Days-Coding-Challenge/Week 3/04. Topics/ros2_ws/src/pkg_py' returned '0': PYTHONPATH=/home/loye/Desktop/Projects/ROS-100-Days-Coding-Challenge/Week 3/04. Topics/ros2_ws/install/pkg_py/lib/python3.8/site-packages:${PYTHONPATH} /usr/bin/python3 setup.py egg_info --egg-base ../../build/pkg_py build --build-base /home/loye/Desktop/Projects/ROS-100-Days-Coding-Challenge/Week 3/04. Topics/ros2_ws/build/pkg_py/build install --prefix /home/loye/Desktop/Projects/ROS-100-Days-Coding-Challenge/Week 3/04. Topics/ros2_ws/install/pkg_py --record /home/loye/Desktop/Projects/ROS-100-Days-Coding-Challenge/Week 3/04. Topics/ros2_ws/build/pkg_py/install.log --single-version-externally-managed
