[1.767s] Invoking command in '/home/loye/Desktop/Projects/ROS-100-Days-Coding-Challenge/Week 3/06. Turtle Pub & Sub/ros2_ws/build/turtle_controller': PYTHONPATH=/home/loye/Desktop/Projects/ROS-100-Days-Coding-Challenge/Week 3/06. Turtle Pub & Sub/ros2_ws/install/turtle_controller/lib/python3.8/site-packages:${PYTHONPATH} /usr/bin/python3 setup.py develop --prefix /home/loye/Desktop/Projects/ROS-100-Days-Coding-Challenge/Week 3/06. Turtle Pub & Sub/ros2_ws/install/turtle_controller --uninstall --editable --build-directory /home/loye/Desktop/Projects/ROS-100-Days-Coding-Challenge/Week 3/06. Turtle Pub & Sub/ros2_ws/build/turtle_controller/build
[2.311s] running develop
[2.627s] Removing /home/loye/Desktop/Projects/ROS-100-Days-Coding-Challenge/Week 3/06. Turtle Pub & Sub/ros2_ws/install/turtle_controller/lib/python3.8/site-packages/turtle-controller.egg-link (link to .)
[2.670s] Invoked command in '/home/loye/Desktop/Projects/ROS-100-Days-Coding-Challenge/Week 3/06. Turtle Pub & Sub/ros2_ws/build/turtle_controller' returned '0': PYTHONPATH=/home/loye/Desktop/Projects/ROS-100-Days-Coding-Challenge/Week 3/06. Turtle Pub & Sub/ros2_ws/install/turtle_controller/lib/python3.8/site-packages:${PYTHONPATH} /usr/bin/python3 setup.py develop --prefix /home/loye/Desktop/Projects/ROS-100-Days-Coding-Challenge/Week 3/06. Turtle Pub & Sub/ros2_ws/install/turtle_controller --uninstall --editable --build-directory /home/loye/Desktop/Projects/ROS-100-Days-Coding-Challenge/Week 3/06. Turtle Pub & Sub/ros2_ws/build/turtle_controller/build
[2.674s] Invoking command in '/home/loye/Desktop/Projects/ROS-100-Days-Coding-Challenge/Week 3/06. Turtle Pub & Sub/ros2_ws/src/turtle_controller': PYTHONPATH=/home/loye/Desktop/Projects/ROS-100-Days-Coding-Challenge/Week 3/06. Turtle Pub & Sub/ros2_ws/install/turtle_controller/lib/python3.8/site-packages:${PYTHONPATH} /usr/bin/python3 setup.py egg_info --egg-base ../../build/turtle_controller build --build-base /home/loye/Desktop/Projects/ROS-100-Days-Coding-Challenge/Week 3/06. Turtle Pub & Sub/ros2_ws/build/turtle_controller/build install --prefix /home/loye/Desktop/Projects/ROS-100-Days-Coding-Challenge/Week 3/06. Turtle Pub & Sub/ros2_ws/install/turtle_controller --record /home/loye/Desktop/Projects/ROS-100-Days-Coding-Challenge/Week 3/06. Turtle Pub & Sub/ros2_ws/build/turtle_controller/install.log --single-version-externally-managed
[3.204s] running egg_info
[3.205s] writing ../../build/turtle_controller/turtle_controller.egg-info/PKG-INFO
[3.206s] writing dependency_links to ../../build/turtle_controller/turtle_controller.egg-info/dependency_links.txt
[3.206s] writing entry points to ../../build/turtle_controller/turtle_controller.egg-info/entry_points.txt
[3.207s] writing requirements to ../../build/turtle_controller/turtle_controller.egg-info/requires.txt
[3.207s] writing top-level names to ../../build/turtle_controller/turtle_controller.egg-info/top_level.txt
[3.326s] reading manifest file '../../build/turtle_controller/turtle_controller.egg-info/SOURCES.txt'
[3.332s] writing manifest file '../../build/turtle_controller/turtle_controller.egg-info/SOURCES.txt'
[3.332s] running build
[3.332s] running build_py
[3.333s] running install
[3.334s] running install_lib
[3.336s] creating /home/loye/Desktop/Projects/ROS-100-Days-Coding-Challenge/Week 3/06. Turtle Pub & Sub/ros2_ws/install/turtle_controller/lib/python3.8/site-packages/turtle_controller
[3.336s] copying /home/loye/Desktop/Projects/ROS-100-Days-Coding-Challenge/Week 3/06. Turtle Pub & Sub/ros2_ws/build/turtle_controller/build/lib/turtle_controller/turtle_controller.py -> /home/loye/Desktop/Projects/ROS-100-Days-Coding-Challenge/Week 3/06. Turtle Pub & Sub/ros2_ws/install/turtle_controller/lib/python3.8/site-packages/turtle_controller
[3.337s] copying /home/loye/Desktop/Projects/ROS-100-Days-Coding-Challenge/Week 3/06. Turtle Pub & Sub/ros2_ws/build/turtle_controller/build/lib/turtle_controller/draw_circle.py -> /home/loye/Desktop/Projects/ROS-100-Days-Coding-Challenge/Week 3/06. Turtle Pub & Sub/ros2_ws/install/turtle_controller/lib/python3.8/site-packages/turtle_controller
[3.337s] copying /home/loye/Desktop/Projects/ROS-100-Days-Coding-Challenge/Week 3/06. Turtle Pub & Sub/ros2_ws/build/turtle_controller/build/lib/turtle_controller/__init__.py -> /home/loye/Desktop/Projects/ROS-100-Days-Coding-Challenge/Week 3/06. Turtle Pub & Sub/ros2_ws/install/turtle_controller/lib/python3.8/site-packages/turtle_controller
[3.338s] byte-compiling /home/loye/Desktop/Projects/ROS-100-Days-Coding-Challenge/Week 3/06. Turtle Pub & Sub/ros2_ws/install/turtle_controller/lib/python3.8/site-packages/turtle_controller/turtle_controller.py to turtle_controller.cpython-38.pyc
[3.343s] byte-compiling /home/loye/Desktop/Projects/ROS-100-Days-Coding-Challenge/Week 3/06. Turtle Pub & Sub/ros2_ws/install/turtle_controller/lib/python3.8/site-packages/turtle_controller/draw_circle.py to draw_circle.cpython-38.pyc
[3.343s] byte-compiling /home/loye/Desktop/Projects/ROS-100-Days-Coding-Challenge/Week 3/06. Turtle Pub & Sub/ros2_ws/install/turtle_controller/lib/python3.8/site-packages/turtle_controller/__init__.py to __init__.cpython-38.pyc
[3.344s] running install_data
[3.345s] running install_egg_info
[3.348s] Copying ../../build/turtle_controller/turtle_controller.egg-info to /home/loye/Desktop/Projects/ROS-100-Days-Coding-Challenge/Week 3/06. Turtle Pub & Sub/ros2_ws/install/turtle_controller/lib/python3.8/site-packages/turtle_controller-0.0.0-py3.8.egg-info
[3.350s] running install_scripts
[3.388s] Installing draw_circle script to /home/loye/Desktop/Projects/ROS-100-Days-Coding-Challenge/Week 3/06. Turtle Pub & Sub/ros2_ws/install/turtle_controller/lib/turtle_controller
[3.388s] Installing turtle_controller script to /home/loye/Desktop/Projects/ROS-100-Days-Coding-Challenge/Week 3/06. Turtle Pub & Sub/ros2_ws/install/turtle_controller/lib/turtle_controller
[3.389s] writing list of installed files to '/home/loye/Desktop/Projects/ROS-100-Days-Coding-Challenge/Week 3/06. Turtle Pub & Sub/ros2_ws/build/turtle_controller/install.log'
[3.446s] Invoked command in '/home/loye/Desktop/Projects/ROS-100-Days-Coding-Challenge/Week 3/06. Turtle Pub & Sub/ros2_ws/src/turtle_controller' returned '0': PYTHONPATH=/home/loye/Desktop/Projects/ROS-100-Days-Coding-Challenge/Week 3/06. Turtle Pub & Sub/ros2_ws/install/turtle_controller/lib/python3.8/site-packages:${PYTHONPATH} /usr/bin/python3 setup.py egg_info --egg-base ../../build/turtle_controller build --build-base /home/loye/Desktop/Projects/ROS-100-Days-Coding-Challenge/Week 3/06. Turtle Pub & Sub/ros2_ws/build/turtle_controller/build install --prefix /home/loye/Desktop/Projects/ROS-100-Days-Coding-Challenge/Week 3/06. Turtle Pub & Sub/ros2_ws/install/turtle_controller --record /home/loye/Desktop/Projects/ROS-100-Days-Coding-Challenge/Week 3/06. Turtle Pub & Sub/ros2_ws/build/turtle_controller/install.log --single-version-externally-managed
