[0.091s] Invoking command in '/home/loye/Desktop/Projects/ROS-100-Days-Coding-Challenge/Week 3/2. ROS Overlay & Pkg/build/pkg_cpp': CMAKE_PREFIX_PATH=/opt/ros/foxy /usr/bin/cmake /home/loye/Desktop/Projects/ROS-100-Days-Coding-Challenge/Week 3/2. ROS Overlay & Pkg/ros_ws/src/pkg_cpp -DCMAKE_INSTALL_PREFIX=/home/loye/Desktop/Projects/ROS-100-Days-Coding-Challenge/Week 3/2. ROS Overlay & Pkg/install/pkg_cpp
[0.488s] -- The C compiler identification is GNU 10.3.0
[0.746s] -- The CXX compiler identification is GNU 10.3.0
[0.764s] -- Check for working C compiler: /usr/bin/cc
[1.051s] -- Check for working C compiler: /usr/bin/cc -- works
[1.059s] -- Detecting C compiler ABI info
[1.320s] -- Detecting C compiler ABI info - done
[1.390s] -- Detecting C compile features
[1.392s] -- Detecting C compile features - done
[1.399s] -- Check for working CXX compiler: /usr/bin/c++
[1.716s] -- Check for working CXX compiler: /usr/bin/c++ -- works
[1.721s] -- Detecting CXX compiler ABI info
[2.068s] -- Detecting CXX compiler ABI info - done
[2.125s] -- Detecting CXX compile features
[2.127s] -- Detecting CXX compile features - done
[2.142s] -- Found ament_cmake: 0.9.9 (/opt/ros/foxy/share/ament_cmake/cmake)
[2.208s] -- Found PythonInterp: /usr/bin/python3 (found suitable version "3.8.10", minimum required is "3") 
[2.208s] -- Using PYTHON_EXECUTABLE: /usr/bin/python3
[2.808s] -- Found rclcpp: 2.4.1 (/opt/ros/foxy/share/rclcpp/cmake)
[3.006s] -- Using all available rosidl_typesupport_c: rosidl_typesupport_fastrtps_c;rosidl_typesupport_introspection_c
[3.030s] -- Found rosidl_adapter: 1.2.1 (/opt/ros/foxy/share/rosidl_adapter/cmake)
[3.365s] -- Found OpenSSL: /usr/lib/x86_64-linux-gnu/libcrypto.so (found version "1.1.1f")  
[3.494s] -- Found FastRTPS: /opt/ros/foxy/include  
[3.808s] -- Using all available rosidl_typesupport_cpp: rosidl_typesupport_fastrtps_cpp;rosidl_typesupport_introspection_cpp
[4.075s] -- Found rmw_implementation_cmake: 1.0.3 (/opt/ros/foxy/share/rmw_implementation_cmake/cmake)
[4.082s] -- Using RMW implementation 'rmw_fastrtps_cpp' as default
[4.085s] -- Looking for pthread.h
[4.338s] -- Looking for pthread.h - found
[4.341s] -- Performing Test CMAKE_HAVE_LIBC_PTHREAD
[4.580s] -- Performing Test CMAKE_HAVE_LIBC_PTHREAD - Failed
[4.581s] -- Looking for pthread_create in pthreads
[4.736s] -- Looking for pthread_create in pthreads - not found
[4.736s] -- Looking for pthread_create in pthread
[4.939s] -- Looking for pthread_create in pthread - found
[4.942s] -- Found Threads: TRUE  
[5.808s] -- Found ament_lint_auto: 0.9.6 (/opt/ros/foxy/share/ament_lint_auto/cmake)
[6.015s] -- Added test 'copyright' to check source files copyright and LICENSE
[6.023s] -- Added test 'lint_cmake' to check CMake code style
[6.024s] -- Added test 'xmllint' to check XML markup files
[6.033s] -- Configuring done
[6.040s] -- Generating done
[6.049s] -- Build files have been written to: /home/loye/Desktop/Projects/ROS-100-Days-Coding-Challenge/Week 3/2. ROS Overlay & Pkg/build/pkg_cpp
[6.066s] Invoked command in '/home/loye/Desktop/Projects/ROS-100-Days-Coding-Challenge/Week 3/2. ROS Overlay & Pkg/build/pkg_cpp' returned '0': CMAKE_PREFIX_PATH=/opt/ros/foxy /usr/bin/cmake /home/loye/Desktop/Projects/ROS-100-Days-Coding-Challenge/Week 3/2. ROS Overlay & Pkg/ros_ws/src/pkg_cpp -DCMAKE_INSTALL_PREFIX=/home/loye/Desktop/Projects/ROS-100-Days-Coding-Challenge/Week 3/2. ROS Overlay & Pkg/install/pkg_cpp
[6.072s] Invoking command in '/home/loye/Desktop/Projects/ROS-100-Days-Coding-Challenge/Week 3/2. ROS Overlay & Pkg/build/pkg_cpp': CMAKE_PREFIX_PATH=/opt/ros/foxy /usr/bin/cmake --build /home/loye/Desktop/Projects/ROS-100-Days-Coding-Challenge/Week 3/2. ROS Overlay & Pkg/build/pkg_cpp -- -j4 -l4
[6.197s] Invoked command in '/home/loye/Desktop/Projects/ROS-100-Days-Coding-Challenge/Week 3/2. ROS Overlay & Pkg/build/pkg_cpp' returned '0': CMAKE_PREFIX_PATH=/opt/ros/foxy /usr/bin/cmake --build /home/loye/Desktop/Projects/ROS-100-Days-Coding-Challenge/Week 3/2. ROS Overlay & Pkg/build/pkg_cpp -- -j4 -l4
[6.252s] Invoking command in '/home/loye/Desktop/Projects/ROS-100-Days-Coding-Challenge/Week 3/2. ROS Overlay & Pkg/build/pkg_cpp': CMAKE_PREFIX_PATH=/opt/ros/foxy /usr/bin/cmake --install /home/loye/Desktop/Projects/ROS-100-Days-Coding-Challenge/Week 3/2. ROS Overlay & Pkg/build/pkg_cpp
[6.272s] -- Install configuration: ""
[6.273s] -- Installing: /home/loye/Desktop/Projects/ROS-100-Days-Coding-Challenge/Week 3/2. ROS Overlay & Pkg/install/pkg_cpp/share/ament_index/resource_index/package_run_dependencies/pkg_cpp
[6.273s] -- Installing: /home/loye/Desktop/Projects/ROS-100-Days-Coding-Challenge/Week 3/2. ROS Overlay & Pkg/install/pkg_cpp/share/ament_index/resource_index/parent_prefix_path/pkg_cpp
[6.274s] -- Installing: /home/loye/Desktop/Projects/ROS-100-Days-Coding-Challenge/Week 3/2. ROS Overlay & Pkg/install/pkg_cpp/share/pkg_cpp/environment/ament_prefix_path.sh
[6.274s] -- Installing: /home/loye/Desktop/Projects/ROS-100-Days-Coding-Challenge/Week 3/2. ROS Overlay & Pkg/install/pkg_cpp/share/pkg_cpp/environment/ament_prefix_path.dsv
[6.274s] -- Installing: /home/loye/Desktop/Projects/ROS-100-Days-Coding-Challenge/Week 3/2. ROS Overlay & Pkg/install/pkg_cpp/share/pkg_cpp/environment/path.sh
[6.275s] -- Installing: /home/loye/Desktop/Projects/ROS-100-Days-Coding-Challenge/Week 3/2. ROS Overlay & Pkg/install/pkg_cpp/share/pkg_cpp/environment/path.dsv
[6.275s] -- Installing: /home/loye/Desktop/Projects/ROS-100-Days-Coding-Challenge/Week 3/2. ROS Overlay & Pkg/install/pkg_cpp/share/pkg_cpp/local_setup.bash
[6.275s] -- Installing: /home/loye/Desktop/Projects/ROS-100-Days-Coding-Challenge/Week 3/2. ROS Overlay & Pkg/install/pkg_cpp/share/pkg_cpp/local_setup.sh
[6.276s] -- Installing: /home/loye/Desktop/Projects/ROS-100-Days-Coding-Challenge/Week 3/2. ROS Overlay & Pkg/install/pkg_cpp/share/pkg_cpp/local_setup.zsh
[6.276s] -- Installing: /home/loye/Desktop/Projects/ROS-100-Days-Coding-Challenge/Week 3/2. ROS Overlay & Pkg/install/pkg_cpp/share/pkg_cpp/local_setup.dsv
[6.277s] -- Installing: /home/loye/Desktop/Projects/ROS-100-Days-Coding-Challenge/Week 3/2. ROS Overlay & Pkg/install/pkg_cpp/share/pkg_cpp/package.dsv
[6.277s] -- Installing: /home/loye/Desktop/Projects/ROS-100-Days-Coding-Challenge/Week 3/2. ROS Overlay & Pkg/install/pkg_cpp/share/ament_index/resource_index/packages/pkg_cpp
[6.278s] -- Installing: /home/loye/Desktop/Projects/ROS-100-Days-Coding-Challenge/Week 3/2. ROS Overlay & Pkg/install/pkg_cpp/share/pkg_cpp/cmake/pkg_cppConfig.cmake
[6.278s] -- Installing: /home/loye/Desktop/Projects/ROS-100-Days-Coding-Challenge/Week 3/2. ROS Overlay & Pkg/install/pkg_cpp/share/pkg_cpp/cmake/pkg_cppConfig-version.cmake
[6.279s] -- Installing: /home/loye/Desktop/Projects/ROS-100-Days-Coding-Challenge/Week 3/2. ROS Overlay & Pkg/install/pkg_cpp/share/pkg_cpp/package.xml
[6.288s] Invoked command in '/home/loye/Desktop/Projects/ROS-100-Days-Coding-Challenge/Week 3/2. ROS Overlay & Pkg/build/pkg_cpp' returned '0': CMAKE_PREFIX_PATH=/opt/ros/foxy /usr/bin/cmake --install /home/loye/Desktop/Projects/ROS-100-Days-Coding-Challenge/Week 3/2. ROS Overlay & Pkg/build/pkg_cpp
