[0.052s] Invoking command in '/home/loye/Desktop/Projects/ROS-100-Days-Coding-Challenge/Week 5/4. LED indicator/ros2_ws/build/led_indicator': AMENT_PREFIX_PATH=/home/loye/Desktop/Projects/ROS-100-Days-Coding-Challenge/Week 5/4. LED indicator/ros2_ws/install/battery_interface:${AMENT_PREFIX_PATH} CMAKE_PREFIX_PATH=/home/loye/Desktop/Projects/ROS-100-Days-Coding-Challenge/Week 5/4. LED indicator/ros2_ws/install/battery_interface:/opt/ros/foxy LD_LIBRARY_PATH=/home/loye/Desktop/Projects/ROS-100-Days-Coding-Challenge/Week 5/4. LED indicator/ros2_ws/install/battery_interface/lib:${LD_LIBRARY_PATH} PYTHONPATH=/home/loye/Desktop/Projects/ROS-100-Days-Coding-Challenge/Week 5/4. LED indicator/ros2_ws/install/battery_interface/lib/python3.8/site-packages:${PYTHONPATH} /usr/bin/cmake --build /home/loye/Desktop/Projects/ROS-100-Days-Coding-Challenge/Week 5/4. LED indicator/ros2_ws/build/led_indicator -- -j4 -l4
[0.172s] [35m[1mScanning dependencies of target battery_node[0m
[0.259s] [ 50%] [32mBuilding CXX object CMakeFiles/battery_node.dir/src/battery_node.cpp.o[0m
[7.511s] [100%] [32m[1mLinking CXX executable battery_node[0m
[8.001s] [100%] Built target battery_node
[8.035s] Invoked command in '/home/loye/Desktop/Projects/ROS-100-Days-Coding-Challenge/Week 5/4. LED indicator/ros2_ws/build/led_indicator' returned '0': AMENT_PREFIX_PATH=/home/loye/Desktop/Projects/ROS-100-Days-Coding-Challenge/Week 5/4. LED indicator/ros2_ws/install/battery_interface:${AMENT_PREFIX_PATH} CMAKE_PREFIX_PATH=/home/loye/Desktop/Projects/ROS-100-Days-Coding-Challenge/Week 5/4. LED indicator/ros2_ws/install/battery_interface:/opt/ros/foxy LD_LIBRARY_PATH=/home/loye/Desktop/Projects/ROS-100-Days-Coding-Challenge/Week 5/4. LED indicator/ros2_ws/install/battery_interface/lib:${LD_LIBRARY_PATH} PYTHONPATH=/home/loye/Desktop/Projects/ROS-100-Days-Coding-Challenge/Week 5/4. LED indicator/ros2_ws/install/battery_interface/lib/python3.8/site-packages:${PYTHONPATH} /usr/bin/cmake --build /home/loye/Desktop/Projects/ROS-100-Days-Coding-Challenge/Week 5/4. LED indicator/ros2_ws/build/led_indicator -- -j4 -l4
[8.127s] Invoking command in '/home/loye/Desktop/Projects/ROS-100-Days-Coding-Challenge/Week 5/4. LED indicator/ros2_ws/build/led_indicator': AMENT_PREFIX_PATH=/home/loye/Desktop/Projects/ROS-100-Days-Coding-Challenge/Week 5/4. LED indicator/ros2_ws/install/battery_interface:${AMENT_PREFIX_PATH} CMAKE_PREFIX_PATH=/home/loye/Desktop/Projects/ROS-100-Days-Coding-Challenge/Week 5/4. LED indicator/ros2_ws/install/battery_interface:/opt/ros/foxy LD_LIBRARY_PATH=/home/loye/Desktop/Projects/ROS-100-Days-Coding-Challenge/Week 5/4. LED indicator/ros2_ws/install/battery_interface/lib:${LD_LIBRARY_PATH} PYTHONPATH=/home/loye/Desktop/Projects/ROS-100-Days-Coding-Challenge/Week 5/4. LED indicator/ros2_ws/install/battery_interface/lib/python3.8/site-packages:${PYTHONPATH} /usr/bin/cmake --install /home/loye/Desktop/Projects/ROS-100-Days-Coding-Challenge/Week 5/4. LED indicator/ros2_ws/build/led_indicator
[8.148s] -- Install configuration: ""
[8.150s] -- Installing: /home/loye/Desktop/Projects/ROS-100-Days-Coding-Challenge/Week 5/4. LED indicator/ros2_ws/install/led_indicator/lib/led_indicator/battery_node
[8.153s] -- Set runtime path of "/home/loye/Desktop/Projects/ROS-100-Days-Coding-Challenge/Week 5/4. LED indicator/ros2_ws/install/led_indicator/lib/led_indicator/battery_node" to ""
[8.153s] -- Up-to-date: /home/loye/Desktop/Projects/ROS-100-Days-Coding-Challenge/Week 5/4. LED indicator/ros2_ws/install/led_indicator/share/ament_index/resource_index/package_run_dependencies/led_indicator
[8.154s] -- Up-to-date: /home/loye/Desktop/Projects/ROS-100-Days-Coding-Challenge/Week 5/4. LED indicator/ros2_ws/install/led_indicator/share/ament_index/resource_index/parent_prefix_path/led_indicator
[8.155s] -- Up-to-date: /home/loye/Desktop/Projects/ROS-100-Days-Coding-Challenge/Week 5/4. LED indicator/ros2_ws/install/led_indicator/share/led_indicator/environment/ament_prefix_path.sh
[8.155s] -- Up-to-date: /home/loye/Desktop/Projects/ROS-100-Days-Coding-Challenge/Week 5/4. LED indicator/ros2_ws/install/led_indicator/share/led_indicator/environment/ament_prefix_path.dsv
[8.156s] -- Up-to-date: /home/loye/Desktop/Projects/ROS-100-Days-Coding-Challenge/Week 5/4. LED indicator/ros2_ws/install/led_indicator/share/led_indicator/environment/path.sh
[8.156s] -- Up-to-date: /home/loye/Desktop/Projects/ROS-100-Days-Coding-Challenge/Week 5/4. LED indicator/ros2_ws/install/led_indicator/share/led_indicator/environment/path.dsv
[8.157s] -- Up-to-date: /home/loye/Desktop/Projects/ROS-100-Days-Coding-Challenge/Week 5/4. LED indicator/ros2_ws/install/led_indicator/share/led_indicator/local_setup.bash
[8.157s] -- Up-to-date: /home/loye/Desktop/Projects/ROS-100-Days-Coding-Challenge/Week 5/4. LED indicator/ros2_ws/install/led_indicator/share/led_indicator/local_setup.sh
[8.158s] -- Up-to-date: /home/loye/Desktop/Projects/ROS-100-Days-Coding-Challenge/Week 5/4. LED indicator/ros2_ws/install/led_indicator/share/led_indicator/local_setup.zsh
[8.158s] -- Up-to-date: /home/loye/Desktop/Projects/ROS-100-Days-Coding-Challenge/Week 5/4. LED indicator/ros2_ws/install/led_indicator/share/led_indicator/local_setup.dsv
[8.159s] -- Installing: /home/loye/Desktop/Projects/ROS-100-Days-Coding-Challenge/Week 5/4. LED indicator/ros2_ws/install/led_indicator/share/led_indicator/package.dsv
[8.160s] -- Up-to-date: /home/loye/Desktop/Projects/ROS-100-Days-Coding-Challenge/Week 5/4. LED indicator/ros2_ws/install/led_indicator/share/ament_index/resource_index/packages/led_indicator
[8.160s] -- Up-to-date: /home/loye/Desktop/Projects/ROS-100-Days-Coding-Challenge/Week 5/4. LED indicator/ros2_ws/install/led_indicator/share/led_indicator/cmake/led_indicatorConfig.cmake
[8.161s] -- Up-to-date: /home/loye/Desktop/Projects/ROS-100-Days-Coding-Challenge/Week 5/4. LED indicator/ros2_ws/install/led_indicator/share/led_indicator/cmake/led_indicatorConfig-version.cmake
[8.161s] -- Up-to-date: /home/loye/Desktop/Projects/ROS-100-Days-Coding-Challenge/Week 5/4. LED indicator/ros2_ws/install/led_indicator/share/led_indicator/package.xml
[8.166s] Invoked command in '/home/loye/Desktop/Projects/ROS-100-Days-Coding-Challenge/Week 5/4. LED indicator/ros2_ws/build/led_indicator' returned '0': AMENT_PREFIX_PATH=/home/loye/Desktop/Projects/ROS-100-Days-Coding-Challenge/Week 5/4. LED indicator/ros2_ws/install/battery_interface:${AMENT_PREFIX_PATH} CMAKE_PREFIX_PATH=/home/loye/Desktop/Projects/ROS-100-Days-Coding-Challenge/Week 5/4. LED indicator/ros2_ws/install/battery_interface:/opt/ros/foxy LD_LIBRARY_PATH=/home/loye/Desktop/Projects/ROS-100-Days-Coding-Challenge/Week 5/4. LED indicator/ros2_ws/install/battery_interface/lib:${LD_LIBRARY_PATH} PYTHONPATH=/home/loye/Desktop/Projects/ROS-100-Days-Coding-Challenge/Week 5/4. LED indicator/ros2_ws/install/battery_interface/lib/python3.8/site-packages:${PYTHONPATH} /usr/bin/cmake --install /home/loye/Desktop/Projects/ROS-100-Days-Coding-Challenge/Week 5/4. LED indicator/ros2_ws/build/led_indicator
