[0.368s] DEBUG:colcon:Command line arguments: ['/usr/bin/colcon', 'build']
[0.368s] DEBUG:colcon:Parsed command line arguments: Namespace(allow_overriding=[], ament_cmake_args=None, base_paths=['.'], build_base='build', catkin_cmake_args=None, catkin_skip_building_tests=False, cmake_args=None, cmake_clean_cache=False, cmake_clean_first=False, cmake_force_configure=False, cmake_target=None, cmake_target_skip_unavailable=False, continue_on_error=False, event_handlers=None, executor='parallel', ignore_user_meta=False, install_base='install', log_base=None, log_level=None, main=<bound method BuildVerb.main of <colcon_core.verb.build.BuildVerb object at 0x7f0f9c3bb760>>, merge_install=False, metas=['./colcon.meta'], packages_above=None, packages_above_and_dependencies=None, packages_above_depth=None, packages_end=None, packages_ignore=None, packages_ignore_regex=None, packages_select=None, packages_select_build_failed=False, packages_select_by_dep=None, packages_select_regex=None, packages_select_test_failures=False, packages_skip=None, packages_skip_build_finished=False, packages_skip_by_dep=None, packages_skip_regex=None, packages_skip_test_passed=False, packages_skip_up_to=None, packages_start=None, packages_up_to=None, packages_up_to_regex=None, parallel_workers=4, paths=None, symlink_install=False, test_result_base=None, verb_extension=<colcon_core.verb.build.BuildVerb object at 0x7f0f9c3bb760>, verb_name='build', verb_parser=<colcon_defaults.argument_parser.defaults.DefaultArgumentsDecorator object at 0x7f0f9c3bbca0>)
[0.425s] Level 1:colcon.colcon_core.package_discovery:discover_packages(colcon_meta) check parameters
[0.426s] Level 1:colcon.colcon_core.package_discovery:discover_packages(recursive) check parameters
[0.426s] Level 1:colcon.colcon_core.package_discovery:discover_packages(ignore) check parameters
[0.426s] Level 1:colcon.colcon_core.package_discovery:discover_packages(path) check parameters
[0.426s] Level 1:colcon.colcon_core.package_discovery:discover_packages(colcon_meta) discover
[0.427s] Level 1:colcon.colcon_core.package_discovery:discover_packages(recursive) discover
[0.427s] INFO:colcon.colcon_core.package_discovery:Crawling recursively for packages in '/home/loye/Desktop/Projects/ROS-100-Days-Coding-Challenge/Week 6/4. Catch Me/ros2_ws'
[0.427s] Level 1:colcon.colcon_core.package_identification:_identify(.) by extensions ['ignore', 'ignore_ament_install']
[0.427s] Level 1:colcon.colcon_core.package_identification:_identify(.) by extension 'ignore'
[0.427s] Level 1:colcon.colcon_core.package_identification:_identify(.) by extension 'ignore_ament_install'
[0.428s] Level 1:colcon.colcon_core.package_identification:_identify(.) by extensions ['colcon_pkg']
[0.428s] Level 1:colcon.colcon_core.package_identification:_identify(.) by extension 'colcon_pkg'
[0.428s] Level 1:colcon.colcon_core.package_identification:_identify(.) by extensions ['colcon_meta']
[0.428s] Level 1:colcon.colcon_core.package_identification:_identify(.) by extension 'colcon_meta'
[0.428s] Level 1:colcon.colcon_core.package_identification:_identify(.) by extensions ['ros']
[0.428s] Level 1:colcon.colcon_core.package_identification:_identify(.) by extension 'ros'
[0.459s] Level 1:colcon.colcon_core.package_identification:_identify(.) by extensions ['cmake', 'python']
[0.459s] Level 1:colcon.colcon_core.package_identification:_identify(.) by extension 'cmake'
[0.459s] Level 1:colcon.colcon_core.package_identification:_identify(.) by extension 'python'
[0.459s] Level 1:colcon.colcon_core.package_identification:_identify(.) by extensions ['python_setup_py']
[0.459s] Level 1:colcon.colcon_core.package_identification:_identify(.) by extension 'python_setup_py'
[0.459s] Level 1:colcon.colcon_core.package_identification:_identify(build) by extensions ['ignore', 'ignore_ament_install']
[0.459s] Level 1:colcon.colcon_core.package_identification:_identify(build) by extension 'ignore'
[0.460s] Level 1:colcon.colcon_core.package_identification:_identify(build) ignored
[0.460s] Level 1:colcon.colcon_core.package_identification:_identify(install) by extensions ['ignore', 'ignore_ament_install']
[0.460s] Level 1:colcon.colcon_core.package_identification:_identify(install) by extension 'ignore'
[0.460s] Level 1:colcon.colcon_core.package_identification:_identify(install) ignored
[0.460s] Level 1:colcon.colcon_core.package_identification:_identify(log) by extensions ['ignore', 'ignore_ament_install']
[0.461s] Level 1:colcon.colcon_core.package_identification:_identify(log) by extension 'ignore'
[0.461s] Level 1:colcon.colcon_core.package_identification:_identify(log) ignored
[0.461s] Level 1:colcon.colcon_core.package_identification:_identify(src) by extensions ['ignore', 'ignore_ament_install']
[0.461s] Level 1:colcon.colcon_core.package_identification:_identify(src) by extension 'ignore'
[0.461s] Level 1:colcon.colcon_core.package_identification:_identify(src) by extension 'ignore_ament_install'
[0.461s] Level 1:colcon.colcon_core.package_identification:_identify(src) by extensions ['colcon_pkg']
[0.461s] Level 1:colcon.colcon_core.package_identification:_identify(src) by extension 'colcon_pkg'
[0.461s] Level 1:colcon.colcon_core.package_identification:_identify(src) by extensions ['colcon_meta']
[0.462s] Level 1:colcon.colcon_core.package_identification:_identify(src) by extension 'colcon_meta'
[0.462s] Level 1:colcon.colcon_core.package_identification:_identify(src) by extensions ['ros']
[0.462s] Level 1:colcon.colcon_core.package_identification:_identify(src) by extension 'ros'
[0.462s] Level 1:colcon.colcon_core.package_identification:_identify(src) by extensions ['cmake', 'python']
[0.462s] Level 1:colcon.colcon_core.package_identification:_identify(src) by extension 'cmake'
[0.462s] Level 1:colcon.colcon_core.package_identification:_identify(src) by extension 'python'
[0.462s] Level 1:colcon.colcon_core.package_identification:_identify(src) by extensions ['python_setup_py']
[0.462s] Level 1:colcon.colcon_core.package_identification:_identify(src) by extension 'python_setup_py'
[0.462s] Level 1:colcon.colcon_core.package_identification:_identify(src/catch_turtle) by extensions ['ignore', 'ignore_ament_install']
[0.463s] Level 1:colcon.colcon_core.package_identification:_identify(src/catch_turtle) by extension 'ignore'
[0.463s] Level 1:colcon.colcon_core.package_identification:_identify(src/catch_turtle) by extension 'ignore_ament_install'
[0.463s] Level 1:colcon.colcon_core.package_identification:_identify(src/catch_turtle) by extensions ['colcon_pkg']
[0.463s] Level 1:colcon.colcon_core.package_identification:_identify(src/catch_turtle) by extension 'colcon_pkg'
[0.463s] Level 1:colcon.colcon_core.package_identification:_identify(src/catch_turtle) by extensions ['colcon_meta']
[0.463s] Level 1:colcon.colcon_core.package_identification:_identify(src/catch_turtle) by extension 'colcon_meta'
[0.463s] Level 1:colcon.colcon_core.package_identification:_identify(src/catch_turtle) by extensions ['ros']
[0.464s] Level 1:colcon.colcon_core.package_identification:_identify(src/catch_turtle) by extension 'ros'
[0.470s] DEBUG:colcon.colcon_core.package_identification:Package 'src/catch_turtle' with type 'ros.ament_cmake' and name 'catch_turtle'
[0.470s] Level 1:colcon.colcon_core.package_discovery:discover_packages(recursive) using defaults
[0.470s] Level 1:colcon.colcon_core.package_discovery:discover_packages(ignore) discover
[0.470s] Level 1:colcon.colcon_core.package_discovery:discover_packages(ignore) using defaults
[0.470s] Level 1:colcon.colcon_core.package_discovery:discover_packages(path) discover
[0.470s] Level 1:colcon.colcon_core.package_discovery:discover_packages(path) using defaults
[0.551s] Level 1:colcon.colcon_core.package_discovery:discover_packages(prefix_path) check parameters
[0.551s] Level 1:colcon.colcon_core.package_discovery:discover_packages(prefix_path) discover
[0.556s] DEBUG:colcon.colcon_installed_package_information.package_discovery:Found 1 installed packages in /home/loye/Desktop/Projects/ROS-100-Days-Coding-Challenge/Week 6/4. Catch Me/ros2_ws/install
[0.562s] DEBUG:colcon.colcon_installed_package_information.package_discovery:Found 263 installed packages in /opt/ros/foxy
[0.568s] Level 1:colcon.colcon_core.package_discovery:discover_packages(prefix_path) using defaults
[0.738s] Level 5:colcon.colcon_core.verb:set package 'catch_turtle' build argument 'cmake_args' from command line to 'None'
[0.738s] Level 5:colcon.colcon_core.verb:set package 'catch_turtle' build argument 'cmake_target' from command line to 'None'
[0.738s] Level 5:colcon.colcon_core.verb:set package 'catch_turtle' build argument 'cmake_target_skip_unavailable' from command line to 'False'
[0.738s] Level 5:colcon.colcon_core.verb:set package 'catch_turtle' build argument 'cmake_clean_cache' from command line to 'False'
[0.739s] Level 5:colcon.colcon_core.verb:set package 'catch_turtle' build argument 'cmake_clean_first' from command line to 'False'
[0.739s] Level 5:colcon.colcon_core.verb:set package 'catch_turtle' build argument 'cmake_force_configure' from command line to 'False'
[0.739s] Level 5:colcon.colcon_core.verb:set package 'catch_turtle' build argument 'ament_cmake_args' from command line to 'None'
[0.739s] Level 5:colcon.colcon_core.verb:set package 'catch_turtle' build argument 'catkin_cmake_args' from command line to 'None'
[0.739s] Level 5:colcon.colcon_core.verb:set package 'catch_turtle' build argument 'catkin_skip_building_tests' from command line to 'False'
[0.739s] DEBUG:colcon.colcon_core.verb:Building package 'catch_turtle' with the following arguments: {'ament_cmake_args': None, 'build_base': '/home/loye/Desktop/Projects/ROS-100-Days-Coding-Challenge/Week 6/4. Catch Me/ros2_ws/build/catch_turtle', 'catkin_cmake_args': None, 'catkin_skip_building_tests': False, 'cmake_args': None, 'cmake_clean_cache': False, 'cmake_clean_first': False, 'cmake_force_configure': False, 'cmake_target': None, 'cmake_target_skip_unavailable': False, 'install_base': '/home/loye/Desktop/Projects/ROS-100-Days-Coding-Challenge/Week 6/4. Catch Me/ros2_ws/install/catch_turtle', 'merge_install': False, 'path': '/home/loye/Desktop/Projects/ROS-100-Days-Coding-Challenge/Week 6/4. Catch Me/ros2_ws/src/catch_turtle', 'symlink_install': False, 'test_result_base': None}
[0.741s] INFO:colcon.colcon_core.executor:Executing jobs using 'parallel' executor
[0.753s] DEBUG:colcon.colcon_parallel_executor.executor.parallel:run_until_complete
[0.753s] INFO:colcon.colcon_ros.task.ament_cmake.build:Building ROS package in '/home/loye/Desktop/Projects/ROS-100-Days-Coding-Challenge/Week 6/4. Catch Me/ros2_ws/src/catch_turtle' with build type 'ament_cmake'
[0.754s] INFO:colcon.colcon_cmake.task.cmake.build:Building CMake package in '/home/loye/Desktop/Projects/ROS-100-Days-Coding-Challenge/Week 6/4. Catch Me/ros2_ws/src/catch_turtle'
[0.764s] INFO:colcon.colcon_core.plugin_system:Skipping extension 'colcon_core.shell.bat': Not used on non-Windows systems
[0.764s] INFO:colcon.colcon_core.shell:Skip shell extension 'powershell' for command environment: Not usable outside of PowerShell
[0.764s] DEBUG:colcon.colcon_core.shell:Skip shell extension 'dsv' for command environment
[0.798s] DEBUG:colcon.colcon_core.event_handler.log_command:Invoking command in '/home/loye/Desktop/Projects/ROS-100-Days-Coding-Challenge/Week 6/4. Catch Me/ros2_ws/build/catch_turtle': CMAKE_PREFIX_PATH=${CMAKE_PREFIX_PATH}:/opt/ros/foxy /usr/bin/cmake --build /home/loye/Desktop/Projects/ROS-100-Days-Coding-Challenge/Week 6/4. Catch Me/ros2_ws/build/catch_turtle -- -j4 -l4
[1.422s] DEBUG:colcon.colcon_core.event_handler.log_command:Invoked command in '/home/loye/Desktop/Projects/ROS-100-Days-Coding-Challenge/Week 6/4. Catch Me/ros2_ws/build/catch_turtle' returned '0': CMAKE_PREFIX_PATH=${CMAKE_PREFIX_PATH}:/opt/ros/foxy /usr/bin/cmake --build /home/loye/Desktop/Projects/ROS-100-Days-Coding-Challenge/Week 6/4. Catch Me/ros2_ws/build/catch_turtle -- -j4 -l4
[1.608s] DEBUG:colcon.colcon_core.event_handler.log_command:Invoking command in '/home/loye/Desktop/Projects/ROS-100-Days-Coding-Challenge/Week 6/4. Catch Me/ros2_ws/build/catch_turtle': CMAKE_PREFIX_PATH=${CMAKE_PREFIX_PATH}:/opt/ros/foxy /usr/bin/cmake --install /home/loye/Desktop/Projects/ROS-100-Days-Coding-Challenge/Week 6/4. Catch Me/ros2_ws/build/catch_turtle
[1.863s] Level 1:colcon.colcon_core.environment:create_environment_scripts_only(catch_turtle)
[1.877s] Level 1:colcon.colcon_core.environment:checking '/home/loye/Desktop/Projects/ROS-100-Days-Coding-Challenge/Week 6/4. Catch Me/ros2_ws/install/catch_turtle' for CMake module files
[1.878s] DEBUG:colcon.colcon_core.event_handler.log_command:Invoked command in '/home/loye/Desktop/Projects/ROS-100-Days-Coding-Challenge/Week 6/4. Catch Me/ros2_ws/build/catch_turtle' returned '0': CMAKE_PREFIX_PATH=${CMAKE_PREFIX_PATH}:/opt/ros/foxy /usr/bin/cmake --install /home/loye/Desktop/Projects/ROS-100-Days-Coding-Challenge/Week 6/4. Catch Me/ros2_ws/build/catch_turtle
[1.879s] Level 1:colcon.colcon_core.environment:checking '/home/loye/Desktop/Projects/ROS-100-Days-Coding-Challenge/Week 6/4. Catch Me/ros2_ws/install/catch_turtle' for CMake config files
[1.881s] Level 1:colcon.colcon_core.shell:create_environment_hook('catch_turtle', 'cmake_prefix_path')
[1.885s] INFO:colcon.colcon_core.shell:Creating environment hook '/home/loye/Desktop/Projects/ROS-100-Days-Coding-Challenge/Week 6/4. Catch Me/ros2_ws/install/catch_turtle/share/catch_turtle/hook/cmake_prefix_path.ps1'
[1.886s] INFO:colcon.colcon_core.shell:Creating environment descriptor '/home/loye/Desktop/Projects/ROS-100-Days-Coding-Challenge/Week 6/4. Catch Me/ros2_ws/install/catch_turtle/share/catch_turtle/hook/cmake_prefix_path.dsv'
[1.887s] INFO:colcon.colcon_core.shell:Creating environment hook '/home/loye/Desktop/Projects/ROS-100-Days-Coding-Challenge/Week 6/4. Catch Me/ros2_ws/install/catch_turtle/share/catch_turtle/hook/cmake_prefix_path.sh'
[1.889s] Level 1:colcon.colcon_core.environment:checking '/home/loye/Desktop/Projects/ROS-100-Days-Coding-Challenge/Week 6/4. Catch Me/ros2_ws/install/catch_turtle/lib'
[1.890s] Level 1:colcon.colcon_core.shell:create_environment_hook('catch_turtle', 'ld_library_path_lib')
[1.894s] INFO:colcon.colcon_core.shell:Creating environment hook '/home/loye/Desktop/Projects/ROS-100-Days-Coding-Challenge/Week 6/4. Catch Me/ros2_ws/install/catch_turtle/share/catch_turtle/hook/ld_library_path_lib.ps1'
[1.895s] INFO:colcon.colcon_core.shell:Creating environment descriptor '/home/loye/Desktop/Projects/ROS-100-Days-Coding-Challenge/Week 6/4. Catch Me/ros2_ws/install/catch_turtle/share/catch_turtle/hook/ld_library_path_lib.dsv'
[1.895s] INFO:colcon.colcon_core.shell:Creating environment hook '/home/loye/Desktop/Projects/ROS-100-Days-Coding-Challenge/Week 6/4. Catch Me/ros2_ws/install/catch_turtle/share/catch_turtle/hook/ld_library_path_lib.sh'
[1.896s] Level 1:colcon.colcon_core.environment:checking '/home/loye/Desktop/Projects/ROS-100-Days-Coding-Challenge/Week 6/4. Catch Me/ros2_ws/install/catch_turtle/bin'
[1.896s] Level 1:colcon.colcon_core.environment:checking '/home/loye/Desktop/Projects/ROS-100-Days-Coding-Challenge/Week 6/4. Catch Me/ros2_ws/install/catch_turtle/lib/pkgconfig/catch_turtle.pc'
[1.897s] Level 1:colcon.colcon_core.environment:checking '/home/loye/Desktop/Projects/ROS-100-Days-Coding-Challenge/Week 6/4. Catch Me/ros2_ws/install/catch_turtle/lib/python3.8/site-packages'
[1.897s] Level 1:colcon.colcon_core.shell:create_environment_hook('catch_turtle', 'pythonpath')
[1.901s] INFO:colcon.colcon_core.shell:Creating environment hook '/home/loye/Desktop/Projects/ROS-100-Days-Coding-Challenge/Week 6/4. Catch Me/ros2_ws/install/catch_turtle/share/catch_turtle/hook/pythonpath.ps1'
[1.902s] INFO:colcon.colcon_core.shell:Creating environment descriptor '/home/loye/Desktop/Projects/ROS-100-Days-Coding-Challenge/Week 6/4. Catch Me/ros2_ws/install/catch_turtle/share/catch_turtle/hook/pythonpath.dsv'
[1.902s] INFO:colcon.colcon_core.shell:Creating environment hook '/home/loye/Desktop/Projects/ROS-100-Days-Coding-Challenge/Week 6/4. Catch Me/ros2_ws/install/catch_turtle/share/catch_turtle/hook/pythonpath.sh'
[1.903s] Level 1:colcon.colcon_core.environment:checking '/home/loye/Desktop/Projects/ROS-100-Days-Coding-Challenge/Week 6/4. Catch Me/ros2_ws/install/catch_turtle/bin'
[1.908s] INFO:colcon.colcon_core.shell:Creating package script '/home/loye/Desktop/Projects/ROS-100-Days-Coding-Challenge/Week 6/4. Catch Me/ros2_ws/install/catch_turtle/share/catch_turtle/package.ps1'
[1.910s] INFO:colcon.colcon_core.shell:Creating package descriptor '/home/loye/Desktop/Projects/ROS-100-Days-Coding-Challenge/Week 6/4. Catch Me/ros2_ws/install/catch_turtle/share/catch_turtle/package.dsv'
[1.911s] INFO:colcon.colcon_core.shell:Creating package script '/home/loye/Desktop/Projects/ROS-100-Days-Coding-Challenge/Week 6/4. Catch Me/ros2_ws/install/catch_turtle/share/catch_turtle/package.sh'
[1.913s] INFO:colcon.colcon_core.shell:Creating package script '/home/loye/Desktop/Projects/ROS-100-Days-Coding-Challenge/Week 6/4. Catch Me/ros2_ws/install/catch_turtle/share/catch_turtle/package.bash'
[1.915s] INFO:colcon.colcon_core.shell:Creating package script '/home/loye/Desktop/Projects/ROS-100-Days-Coding-Challenge/Week 6/4. Catch Me/ros2_ws/install/catch_turtle/share/catch_turtle/package.zsh'
[1.916s] Level 1:colcon.colcon_core.environment:create_file_with_runtime_dependencies(/home/loye/Desktop/Projects/ROS-100-Days-Coding-Challenge/Week 6/4. Catch Me/ros2_ws/install/catch_turtle/share/colcon-core/packages/catch_turtle)
[2.068s] Level 1:colcon.colcon_core.environment:create_environment_scripts_only(catch_turtle)
[2.074s] Level 1:colcon.colcon_core.environment:checking '/home/loye/Desktop/Projects/ROS-100-Days-Coding-Challenge/Week 6/4. Catch Me/ros2_ws/install/catch_turtle' for CMake module files
[2.076s] Level 1:colcon.colcon_core.environment:checking '/home/loye/Desktop/Projects/ROS-100-Days-Coding-Challenge/Week 6/4. Catch Me/ros2_ws/install/catch_turtle' for CMake config files
[2.077s] Level 1:colcon.colcon_core.shell:create_environment_hook('catch_turtle', 'cmake_prefix_path')
[2.081s] INFO:colcon.colcon_core.shell:Creating environment hook '/home/loye/Desktop/Projects/ROS-100-Days-Coding-Challenge/Week 6/4. Catch Me/ros2_ws/install/catch_turtle/share/catch_turtle/hook/cmake_prefix_path.ps1'
[2.082s] INFO:colcon.colcon_core.shell:Creating environment descriptor '/home/loye/Desktop/Projects/ROS-100-Days-Coding-Challenge/Week 6/4. Catch Me/ros2_ws/install/catch_turtle/share/catch_turtle/hook/cmake_prefix_path.dsv'
[2.082s] INFO:colcon.colcon_core.shell:Creating environment hook '/home/loye/Desktop/Projects/ROS-100-Days-Coding-Challenge/Week 6/4. Catch Me/ros2_ws/install/catch_turtle/share/catch_turtle/hook/cmake_prefix_path.sh'
[2.083s] Level 1:colcon.colcon_core.environment:checking '/home/loye/Desktop/Projects/ROS-100-Days-Coding-Challenge/Week 6/4. Catch Me/ros2_ws/install/catch_turtle/lib'
[2.084s] Level 1:colcon.colcon_core.shell:create_environment_hook('catch_turtle', 'ld_library_path_lib')
[2.088s] INFO:colcon.colcon_core.shell:Creating environment hook '/home/loye/Desktop/Projects/ROS-100-Days-Coding-Challenge/Week 6/4. Catch Me/ros2_ws/install/catch_turtle/share/catch_turtle/hook/ld_library_path_lib.ps1'
[2.088s] INFO:colcon.colcon_core.shell:Creating environment descriptor '/home/loye/Desktop/Projects/ROS-100-Days-Coding-Challenge/Week 6/4. Catch Me/ros2_ws/install/catch_turtle/share/catch_turtle/hook/ld_library_path_lib.dsv'
[2.089s] INFO:colcon.colcon_core.shell:Creating environment hook '/home/loye/Desktop/Projects/ROS-100-Days-Coding-Challenge/Week 6/4. Catch Me/ros2_ws/install/catch_turtle/share/catch_turtle/hook/ld_library_path_lib.sh'
[2.090s] Level 1:colcon.colcon_core.environment:checking '/home/loye/Desktop/Projects/ROS-100-Days-Coding-Challenge/Week 6/4. Catch Me/ros2_ws/install/catch_turtle/bin'
[2.090s] Level 1:colcon.colcon_core.environment:checking '/home/loye/Desktop/Projects/ROS-100-Days-Coding-Challenge/Week 6/4. Catch Me/ros2_ws/install/catch_turtle/lib/pkgconfig/catch_turtle.pc'
[2.090s] Level 1:colcon.colcon_core.environment:checking '/home/loye/Desktop/Projects/ROS-100-Days-Coding-Challenge/Week 6/4. Catch Me/ros2_ws/install/catch_turtle/lib/python3.8/site-packages'
[2.091s] Level 1:colcon.colcon_core.shell:create_environment_hook('catch_turtle', 'pythonpath')
[2.094s] INFO:colcon.colcon_core.shell:Creating environment hook '/home/loye/Desktop/Projects/ROS-100-Days-Coding-Challenge/Week 6/4. Catch Me/ros2_ws/install/catch_turtle/share/catch_turtle/hook/pythonpath.ps1'
[2.095s] INFO:colcon.colcon_core.shell:Creating environment descriptor '/home/loye/Desktop/Projects/ROS-100-Days-Coding-Challenge/Week 6/4. Catch Me/ros2_ws/install/catch_turtle/share/catch_turtle/hook/pythonpath.dsv'
[2.095s] INFO:colcon.colcon_core.shell:Creating environment hook '/home/loye/Desktop/Projects/ROS-100-Days-Coding-Challenge/Week 6/4. Catch Me/ros2_ws/install/catch_turtle/share/catch_turtle/hook/pythonpath.sh'
[2.096s] Level 1:colcon.colcon_core.environment:checking '/home/loye/Desktop/Projects/ROS-100-Days-Coding-Challenge/Week 6/4. Catch Me/ros2_ws/install/catch_turtle/bin'
[2.100s] INFO:colcon.colcon_core.shell:Creating package script '/home/loye/Desktop/Projects/ROS-100-Days-Coding-Challenge/Week 6/4. Catch Me/ros2_ws/install/catch_turtle/share/catch_turtle/package.ps1'
[2.102s] INFO:colcon.colcon_core.shell:Creating package descriptor '/home/loye/Desktop/Projects/ROS-100-Days-Coding-Challenge/Week 6/4. Catch Me/ros2_ws/install/catch_turtle/share/catch_turtle/package.dsv'
[2.103s] INFO:colcon.colcon_core.shell:Creating package script '/home/loye/Desktop/Projects/ROS-100-Days-Coding-Challenge/Week 6/4. Catch Me/ros2_ws/install/catch_turtle/share/catch_turtle/package.sh'
[2.104s] INFO:colcon.colcon_core.shell:Creating package script '/home/loye/Desktop/Projects/ROS-100-Days-Coding-Challenge/Week 6/4. Catch Me/ros2_ws/install/catch_turtle/share/catch_turtle/package.bash'
[2.106s] INFO:colcon.colcon_core.shell:Creating package script '/home/loye/Desktop/Projects/ROS-100-Days-Coding-Challenge/Week 6/4. Catch Me/ros2_ws/install/catch_turtle/share/catch_turtle/package.zsh'
[2.106s] Level 1:colcon.colcon_core.environment:create_file_with_runtime_dependencies(/home/loye/Desktop/Projects/ROS-100-Days-Coding-Challenge/Week 6/4. Catch Me/ros2_ws/install/catch_turtle/share/colcon-core/packages/catch_turtle)
[2.107s] DEBUG:colcon.colcon_parallel_executor.executor.parallel:closing loop
[2.107s] DEBUG:colcon.colcon_parallel_executor.executor.parallel:loop closed
[2.107s] DEBUG:colcon.colcon_parallel_executor.executor.parallel:run_until_complete finished with '0'
[2.108s] DEBUG:colcon.colcon_core.event_reactor:joining thread
[2.121s] INFO:colcon.colcon_core.plugin_system:Skipping extension 'colcon_notification.desktop_notification.terminal_notifier': Not used on non-Darwin systems
[2.122s] INFO:colcon.colcon_core.plugin_system:Skipping extension 'colcon_notification.desktop_notification.win32': Not used on non-Windows systems
[2.122s] INFO:colcon.colcon_notification.desktop_notification:Sending desktop notification using 'notify2'
[2.163s] DEBUG:colcon.colcon_core.event_reactor:joined thread
[2.167s] INFO:colcon.colcon_core.shell:Creating prefix script '/home/loye/Desktop/Projects/ROS-100-Days-Coding-Challenge/Week 6/4. Catch Me/ros2_ws/install/local_setup.ps1'
[2.169s] INFO:colcon.colcon_core.shell:Creating prefix util module '/home/loye/Desktop/Projects/ROS-100-Days-Coding-Challenge/Week 6/4. Catch Me/ros2_ws/install/_local_setup_util_ps1.py'
[2.173s] INFO:colcon.colcon_core.shell:Creating prefix chain script '/home/loye/Desktop/Projects/ROS-100-Days-Coding-Challenge/Week 6/4. Catch Me/ros2_ws/install/setup.ps1'
[2.177s] INFO:colcon.colcon_core.shell:Creating prefix script '/home/loye/Desktop/Projects/ROS-100-Days-Coding-Challenge/Week 6/4. Catch Me/ros2_ws/install/local_setup.sh'
[2.178s] INFO:colcon.colcon_core.shell:Creating prefix util module '/home/loye/Desktop/Projects/ROS-100-Days-Coding-Challenge/Week 6/4. Catch Me/ros2_ws/install/_local_setup_util_sh.py'
[2.179s] INFO:colcon.colcon_core.shell:Creating prefix chain script '/home/loye/Desktop/Projects/ROS-100-Days-Coding-Challenge/Week 6/4. Catch Me/ros2_ws/install/setup.sh'
[2.182s] INFO:colcon.colcon_core.shell:Creating prefix script '/home/loye/Desktop/Projects/ROS-100-Days-Coding-Challenge/Week 6/4. Catch Me/ros2_ws/install/local_setup.bash'
[2.183s] INFO:colcon.colcon_core.shell:Creating prefix chain script '/home/loye/Desktop/Projects/ROS-100-Days-Coding-Challenge/Week 6/4. Catch Me/ros2_ws/install/setup.bash'
[2.187s] INFO:colcon.colcon_core.shell:Creating prefix script '/home/loye/Desktop/Projects/ROS-100-Days-Coding-Challenge/Week 6/4. Catch Me/ros2_ws/install/local_setup.zsh'
[2.188s] INFO:colcon.colcon_core.shell:Creating prefix chain script '/home/loye/Desktop/Projects/ROS-100-Days-Coding-Challenge/Week 6/4. Catch Me/ros2_ws/install/setup.zsh'
