[0.398s] DEBUG:colcon:Command line arguments: ['/usr/bin/colcon', 'build', '--packages-select', 'service_act']
[0.398s] DEBUG:colcon:Parsed command line arguments: Namespace(allow_overriding=[], ament_cmake_args=None, base_paths=['.'], build_base='build', catkin_cmake_args=None, catkin_skip_building_tests=False, cmake_args=None, cmake_clean_cache=False, cmake_clean_first=False, cmake_force_configure=False, cmake_target=None, cmake_target_skip_unavailable=False, continue_on_error=False, event_handlers=None, executor='parallel', ignore_user_meta=False, install_base='install', log_base=None, log_level=None, main=<bound method BuildVerb.main of <colcon_core.verb.build.BuildVerb object at 0x7f4a996d3640>>, merge_install=False, metas=['./colcon.meta'], packages_above=None, packages_above_and_dependencies=None, packages_above_depth=None, packages_end=None, packages_ignore=None, packages_ignore_regex=None, packages_select=['service_act'], packages_select_build_failed=False, packages_select_by_dep=None, packages_select_regex=None, packages_select_test_failures=False, packages_skip=None, packages_skip_build_finished=False, packages_skip_by_dep=None, packages_skip_regex=None, packages_skip_test_passed=False, packages_skip_up_to=None, packages_start=None, packages_up_to=None, packages_up_to_regex=None, parallel_workers=4, paths=None, symlink_install=False, test_result_base=None, verb_extension=<colcon_core.verb.build.BuildVerb object at 0x7f4a996d3640>, verb_name='build', verb_parser=<colcon_defaults.argument_parser.defaults.DefaultArgumentsDecorator object at 0x7f4a996d3b80>)
[0.459s] Level 1:colcon.colcon_core.package_discovery:discover_packages(colcon_meta) check parameters
[0.459s] Level 1:colcon.colcon_core.package_discovery:discover_packages(recursive) check parameters
[0.459s] Level 1:colcon.colcon_core.package_discovery:discover_packages(ignore) check parameters
[0.459s] Level 1:colcon.colcon_core.package_discovery:discover_packages(path) check parameters
[0.459s] Level 1:colcon.colcon_core.package_discovery:discover_packages(colcon_meta) discover
[0.460s] Level 1:colcon.colcon_core.package_discovery:discover_packages(recursive) discover
[0.460s] INFO:colcon.colcon_core.package_discovery:Crawling recursively for packages in '/home/loye/Desktop/Projects/ROS-100-Days-Coding-Challenge/Week 5/1. Service/ros2_ws'
[0.460s] Level 1:colcon.colcon_core.package_identification:_identify(.) by extensions ['ignore', 'ignore_ament_install']
[0.460s] Level 1:colcon.colcon_core.package_identification:_identify(.) by extension 'ignore'
[0.460s] Level 1:colcon.colcon_core.package_identification:_identify(.) by extension 'ignore_ament_install'
[0.461s] Level 1:colcon.colcon_core.package_identification:_identify(.) by extensions ['colcon_pkg']
[0.461s] Level 1:colcon.colcon_core.package_identification:_identify(.) by extension 'colcon_pkg'
[0.461s] Level 1:colcon.colcon_core.package_identification:_identify(.) by extensions ['colcon_meta']
[0.461s] Level 1:colcon.colcon_core.package_identification:_identify(.) by extension 'colcon_meta'
[0.461s] Level 1:colcon.colcon_core.package_identification:_identify(.) by extensions ['ros']
[0.461s] Level 1:colcon.colcon_core.package_identification:_identify(.) by extension 'ros'
[0.493s] Level 1:colcon.colcon_core.package_identification:_identify(.) by extensions ['cmake', 'python']
[0.493s] Level 1:colcon.colcon_core.package_identification:_identify(.) by extension 'cmake'
[0.494s] Level 1:colcon.colcon_core.package_identification:_identify(.) by extension 'python'
[0.494s] Level 1:colcon.colcon_core.package_identification:_identify(.) by extensions ['python_setup_py']
[0.494s] Level 1:colcon.colcon_core.package_identification:_identify(.) by extension 'python_setup_py'
[0.494s] Level 1:colcon.colcon_core.package_identification:_identify(build) by extensions ['ignore', 'ignore_ament_install']
[0.494s] Level 1:colcon.colcon_core.package_identification:_identify(build) by extension 'ignore'
[0.495s] Level 1:colcon.colcon_core.package_identification:_identify(build) ignored
[0.495s] Level 1:colcon.colcon_core.package_identification:_identify(install) by extensions ['ignore', 'ignore_ament_install']
[0.495s] Level 1:colcon.colcon_core.package_identification:_identify(install) by extension 'ignore'
[0.495s] Level 1:colcon.colcon_core.package_identification:_identify(install) ignored
[0.495s] Level 1:colcon.colcon_core.package_identification:_identify(log) by extensions ['ignore', 'ignore_ament_install']
[0.496s] Level 1:colcon.colcon_core.package_identification:_identify(log) by extension 'ignore'
[0.496s] Level 1:colcon.colcon_core.package_identification:_identify(log) ignored
[0.496s] Level 1:colcon.colcon_core.package_identification:_identify(src) by extensions ['ignore', 'ignore_ament_install']
[0.496s] Level 1:colcon.colcon_core.package_identification:_identify(src) by extension 'ignore'
[0.496s] Level 1:colcon.colcon_core.package_identification:_identify(src) by extension 'ignore_ament_install'
[0.496s] Level 1:colcon.colcon_core.package_identification:_identify(src) by extensions ['colcon_pkg']
[0.497s] Level 1:colcon.colcon_core.package_identification:_identify(src) by extension 'colcon_pkg'
[0.497s] Level 1:colcon.colcon_core.package_identification:_identify(src) by extensions ['colcon_meta']
[0.497s] Level 1:colcon.colcon_core.package_identification:_identify(src) by extension 'colcon_meta'
[0.497s] Level 1:colcon.colcon_core.package_identification:_identify(src) by extensions ['ros']
[0.497s] Level 1:colcon.colcon_core.package_identification:_identify(src) by extension 'ros'
[0.497s] Level 1:colcon.colcon_core.package_identification:_identify(src) by extensions ['cmake', 'python']
[0.497s] Level 1:colcon.colcon_core.package_identification:_identify(src) by extension 'cmake'
[0.497s] Level 1:colcon.colcon_core.package_identification:_identify(src) by extension 'python'
[0.497s] Level 1:colcon.colcon_core.package_identification:_identify(src) by extensions ['python_setup_py']
[0.498s] Level 1:colcon.colcon_core.package_identification:_identify(src) by extension 'python_setup_py'
[0.498s] Level 1:colcon.colcon_core.package_identification:_identify(src/pkg_cpp_py) by extensions ['ignore', 'ignore_ament_install']
[0.498s] Level 1:colcon.colcon_core.package_identification:_identify(src/pkg_cpp_py) by extension 'ignore'
[0.498s] Level 1:colcon.colcon_core.package_identification:_identify(src/pkg_cpp_py) by extension 'ignore_ament_install'
[0.498s] Level 1:colcon.colcon_core.package_identification:_identify(src/pkg_cpp_py) by extensions ['colcon_pkg']
[0.498s] Level 1:colcon.colcon_core.package_identification:_identify(src/pkg_cpp_py) by extension 'colcon_pkg'
[0.499s] Level 1:colcon.colcon_core.package_identification:_identify(src/pkg_cpp_py) by extensions ['colcon_meta']
[0.499s] Level 1:colcon.colcon_core.package_identification:_identify(src/pkg_cpp_py) by extension 'colcon_meta'
[0.499s] Level 1:colcon.colcon_core.package_identification:_identify(src/pkg_cpp_py) by extensions ['ros']
[0.499s] Level 1:colcon.colcon_core.package_identification:_identify(src/pkg_cpp_py) by extension 'ros'
[0.505s] DEBUG:colcon.colcon_core.package_identification:Package 'src/pkg_cpp_py' with type 'ros.ament_cmake' and name 'pkg_cpp_py'
[0.505s] Level 1:colcon.colcon_core.package_identification:_identify(src/pkg_py) by extensions ['ignore', 'ignore_ament_install']
[0.505s] Level 1:colcon.colcon_core.package_identification:_identify(src/pkg_py) by extension 'ignore'
[0.505s] Level 1:colcon.colcon_core.package_identification:_identify(src/pkg_py) by extension 'ignore_ament_install'
[0.506s] Level 1:colcon.colcon_core.package_identification:_identify(src/pkg_py) by extensions ['colcon_pkg']
[0.506s] Level 1:colcon.colcon_core.package_identification:_identify(src/pkg_py) by extension 'colcon_pkg'
[0.506s] Level 1:colcon.colcon_core.package_identification:_identify(src/pkg_py) by extensions ['colcon_meta']
[0.506s] Level 1:colcon.colcon_core.package_identification:_identify(src/pkg_py) by extension 'colcon_meta'
[0.506s] Level 1:colcon.colcon_core.package_identification:_identify(src/pkg_py) by extensions ['ros']
[0.506s] Level 1:colcon.colcon_core.package_identification:_identify(src/pkg_py) by extension 'ros'
[0.508s] DEBUG:colcon.colcon_core.package_identification:Package 'src/pkg_py' with type 'ros.ament_python' and name 'pkg_py'
[0.508s] Level 1:colcon.colcon_core.package_identification:_identify(src/service_act) by extensions ['ignore', 'ignore_ament_install']
[0.509s] Level 1:colcon.colcon_core.package_identification:_identify(src/service_act) by extension 'ignore'
[0.509s] Level 1:colcon.colcon_core.package_identification:_identify(src/service_act) by extension 'ignore_ament_install'
[0.509s] Level 1:colcon.colcon_core.package_identification:_identify(src/service_act) by extensions ['colcon_pkg']
[0.509s] Level 1:colcon.colcon_core.package_identification:_identify(src/service_act) by extension 'colcon_pkg'
[0.509s] Level 1:colcon.colcon_core.package_identification:_identify(src/service_act) by extensions ['colcon_meta']
[0.509s] Level 1:colcon.colcon_core.package_identification:_identify(src/service_act) by extension 'colcon_meta'
[0.509s] Level 1:colcon.colcon_core.package_identification:_identify(src/service_act) by extensions ['ros']
[0.509s] Level 1:colcon.colcon_core.package_identification:_identify(src/service_act) by extension 'ros'
[0.511s] DEBUG:colcon.colcon_core.package_identification:Package 'src/service_act' with type 'ros.ament_cmake' and name 'service_act'
[0.512s] Level 1:colcon.colcon_core.package_discovery:discover_packages(recursive) using defaults
[0.512s] Level 1:colcon.colcon_core.package_discovery:discover_packages(ignore) discover
[0.512s] Level 1:colcon.colcon_core.package_discovery:discover_packages(ignore) using defaults
[0.512s] Level 1:colcon.colcon_core.package_discovery:discover_packages(path) discover
[0.512s] Level 1:colcon.colcon_core.package_discovery:discover_packages(path) using defaults
[0.587s] INFO:colcon.colcon_core.package_selection:Skipping not selected package 'pkg_cpp_py' in 'src/pkg_cpp_py'
[0.587s] INFO:colcon.colcon_core.package_selection:Skipping not selected package 'pkg_py' in 'src/pkg_py'
[0.589s] Level 1:colcon.colcon_core.package_discovery:discover_packages(prefix_path) check parameters
[0.589s] Level 1:colcon.colcon_core.package_discovery:discover_packages(prefix_path) discover
[0.598s] DEBUG:colcon.colcon_installed_package_information.package_discovery:Found 263 installed packages in /opt/ros/foxy
[0.604s] Level 1:colcon.colcon_core.package_discovery:discover_packages(prefix_path) using defaults
[0.789s] Level 5:colcon.colcon_core.verb:set package 'service_act' build argument 'cmake_args' from command line to 'None'
[0.789s] Level 5:colcon.colcon_core.verb:set package 'service_act' build argument 'cmake_target' from command line to 'None'
[0.789s] Level 5:colcon.colcon_core.verb:set package 'service_act' build argument 'cmake_target_skip_unavailable' from command line to 'False'
[0.789s] Level 5:colcon.colcon_core.verb:set package 'service_act' build argument 'cmake_clean_cache' from command line to 'False'
[0.789s] Level 5:colcon.colcon_core.verb:set package 'service_act' build argument 'cmake_clean_first' from command line to 'False'
[0.789s] Level 5:colcon.colcon_core.verb:set package 'service_act' build argument 'cmake_force_configure' from command line to 'False'
[0.789s] Level 5:colcon.colcon_core.verb:set package 'service_act' build argument 'ament_cmake_args' from command line to 'None'
[0.789s] Level 5:colcon.colcon_core.verb:set package 'service_act' build argument 'catkin_cmake_args' from command line to 'None'
[0.790s] Level 5:colcon.colcon_core.verb:set package 'service_act' build argument 'catkin_skip_building_tests' from command line to 'False'
[0.790s] DEBUG:colcon.colcon_core.verb:Building package 'service_act' with the following arguments: {'ament_cmake_args': None, 'build_base': '/home/loye/Desktop/Projects/ROS-100-Days-Coding-Challenge/Week 5/1. Service/ros2_ws/build/service_act', 'catkin_cmake_args': None, 'catkin_skip_building_tests': False, 'cmake_args': None, 'cmake_clean_cache': False, 'cmake_clean_first': False, 'cmake_force_configure': False, 'cmake_target': None, 'cmake_target_skip_unavailable': False, 'install_base': '/home/loye/Desktop/Projects/ROS-100-Days-Coding-Challenge/Week 5/1. Service/ros2_ws/install/service_act', 'merge_install': False, 'path': '/home/loye/Desktop/Projects/ROS-100-Days-Coding-Challenge/Week 5/1. Service/ros2_ws/src/service_act', 'symlink_install': False, 'test_result_base': None}
[0.791s] INFO:colcon.colcon_core.executor:Executing jobs using 'parallel' executor
[0.802s] DEBUG:colcon.colcon_parallel_executor.executor.parallel:run_until_complete
[0.803s] INFO:colcon.colcon_ros.task.ament_cmake.build:Building ROS package in '/home/loye/Desktop/Projects/ROS-100-Days-Coding-Challenge/Week 5/1. Service/ros2_ws/src/service_act' with build type 'ament_cmake'
[0.803s] INFO:colcon.colcon_cmake.task.cmake.build:Building CMake package in '/home/loye/Desktop/Projects/ROS-100-Days-Coding-Challenge/Week 5/1. Service/ros2_ws/src/service_act'
[0.811s] INFO:colcon.colcon_core.plugin_system:Skipping extension 'colcon_core.shell.bat': Not used on non-Windows systems
[0.812s] INFO:colcon.colcon_core.shell:Skip shell extension 'powershell' for command environment: Not usable outside of PowerShell
[0.812s] DEBUG:colcon.colcon_core.shell:Skip shell extension 'dsv' for command environment
[0.844s] DEBUG:colcon.colcon_core.event_handler.log_command:Invoking command in '/home/loye/Desktop/Projects/ROS-100-Days-Coding-Challenge/Week 5/1. Service/ros2_ws/build/service_act': CMAKE_PREFIX_PATH=/opt/ros/foxy /usr/bin/cmake --build /home/loye/Desktop/Projects/ROS-100-Days-Coding-Challenge/Week 5/1. Service/ros2_ws/build/service_act -- -j4 -l4
[0.970s] DEBUG:colcon.colcon_core.event_handler.log_command:Invoked command in '/home/loye/Desktop/Projects/ROS-100-Days-Coding-Challenge/Week 5/1. Service/ros2_ws/build/service_act' returned '0': CMAKE_PREFIX_PATH=/opt/ros/foxy /usr/bin/cmake --build /home/loye/Desktop/Projects/ROS-100-Days-Coding-Challenge/Week 5/1. Service/ros2_ws/build/service_act -- -j4 -l4
[1.050s] DEBUG:colcon.colcon_core.event_handler.log_command:Invoking command in '/home/loye/Desktop/Projects/ROS-100-Days-Coding-Challenge/Week 5/1. Service/ros2_ws/build/service_act': CMAKE_PREFIX_PATH=/opt/ros/foxy /usr/bin/cmake --install /home/loye/Desktop/Projects/ROS-100-Days-Coding-Challenge/Week 5/1. Service/ros2_ws/build/service_act
[1.156s] Level 1:colcon.colcon_core.environment:create_environment_scripts_only(service_act)
[1.158s] DEBUG:colcon.colcon_core.event_handler.log_command:Invoked command in '/home/loye/Desktop/Projects/ROS-100-Days-Coding-Challenge/Week 5/1. Service/ros2_ws/build/service_act' returned '0': CMAKE_PREFIX_PATH=/opt/ros/foxy /usr/bin/cmake --install /home/loye/Desktop/Projects/ROS-100-Days-Coding-Challenge/Week 5/1. Service/ros2_ws/build/service_act
[1.171s] Level 1:colcon.colcon_core.environment:checking '/home/loye/Desktop/Projects/ROS-100-Days-Coding-Challenge/Week 5/1. Service/ros2_ws/install/service_act' for CMake module files
[1.172s] Level 1:colcon.colcon_core.environment:checking '/home/loye/Desktop/Projects/ROS-100-Days-Coding-Challenge/Week 5/1. Service/ros2_ws/install/service_act' for CMake config files
[1.173s] Level 1:colcon.colcon_core.shell:create_environment_hook('service_act', 'cmake_prefix_path')
[1.177s] INFO:colcon.colcon_core.shell:Creating environment hook '/home/loye/Desktop/Projects/ROS-100-Days-Coding-Challenge/Week 5/1. Service/ros2_ws/install/service_act/share/service_act/hook/cmake_prefix_path.ps1'
[1.179s] INFO:colcon.colcon_core.shell:Creating environment descriptor '/home/loye/Desktop/Projects/ROS-100-Days-Coding-Challenge/Week 5/1. Service/ros2_ws/install/service_act/share/service_act/hook/cmake_prefix_path.dsv'
[1.180s] INFO:colcon.colcon_core.shell:Creating environment hook '/home/loye/Desktop/Projects/ROS-100-Days-Coding-Challenge/Week 5/1. Service/ros2_ws/install/service_act/share/service_act/hook/cmake_prefix_path.sh'
[1.182s] Level 1:colcon.colcon_core.environment:checking '/home/loye/Desktop/Projects/ROS-100-Days-Coding-Challenge/Week 5/1. Service/ros2_ws/install/service_act/lib'
[1.182s] Level 1:colcon.colcon_core.environment:checking '/home/loye/Desktop/Projects/ROS-100-Days-Coding-Challenge/Week 5/1. Service/ros2_ws/install/service_act/bin'
[1.182s] Level 1:colcon.colcon_core.environment:checking '/home/loye/Desktop/Projects/ROS-100-Days-Coding-Challenge/Week 5/1. Service/ros2_ws/install/service_act/lib/pkgconfig/service_act.pc'
[1.183s] Level 1:colcon.colcon_core.environment:checking '/home/loye/Desktop/Projects/ROS-100-Days-Coding-Challenge/Week 5/1. Service/ros2_ws/install/service_act/lib/python3.8/site-packages'
[1.183s] Level 1:colcon.colcon_core.shell:create_environment_hook('service_act', 'pythonpath')
[1.187s] INFO:colcon.colcon_core.shell:Creating environment hook '/home/loye/Desktop/Projects/ROS-100-Days-Coding-Challenge/Week 5/1. Service/ros2_ws/install/service_act/share/service_act/hook/pythonpath.ps1'
[1.188s] INFO:colcon.colcon_core.shell:Creating environment descriptor '/home/loye/Desktop/Projects/ROS-100-Days-Coding-Challenge/Week 5/1. Service/ros2_ws/install/service_act/share/service_act/hook/pythonpath.dsv'
[1.189s] INFO:colcon.colcon_core.shell:Creating environment hook '/home/loye/Desktop/Projects/ROS-100-Days-Coding-Challenge/Week 5/1. Service/ros2_ws/install/service_act/share/service_act/hook/pythonpath.sh'
[1.190s] Level 1:colcon.colcon_core.environment:checking '/home/loye/Desktop/Projects/ROS-100-Days-Coding-Challenge/Week 5/1. Service/ros2_ws/install/service_act/bin'
[1.194s] INFO:colcon.colcon_core.shell:Creating package script '/home/loye/Desktop/Projects/ROS-100-Days-Coding-Challenge/Week 5/1. Service/ros2_ws/install/service_act/share/service_act/package.ps1'
[1.196s] INFO:colcon.colcon_core.shell:Creating package descriptor '/home/loye/Desktop/Projects/ROS-100-Days-Coding-Challenge/Week 5/1. Service/ros2_ws/install/service_act/share/service_act/package.dsv'
[1.197s] INFO:colcon.colcon_core.shell:Creating package script '/home/loye/Desktop/Projects/ROS-100-Days-Coding-Challenge/Week 5/1. Service/ros2_ws/install/service_act/share/service_act/package.sh'
[1.199s] INFO:colcon.colcon_core.shell:Creating package script '/home/loye/Desktop/Projects/ROS-100-Days-Coding-Challenge/Week 5/1. Service/ros2_ws/install/service_act/share/service_act/package.bash'
[1.201s] INFO:colcon.colcon_core.shell:Creating package script '/home/loye/Desktop/Projects/ROS-100-Days-Coding-Challenge/Week 5/1. Service/ros2_ws/install/service_act/share/service_act/package.zsh'
[1.204s] Level 1:colcon.colcon_core.environment:create_file_with_runtime_dependencies(/home/loye/Desktop/Projects/ROS-100-Days-Coding-Challenge/Week 5/1. Service/ros2_ws/install/service_act/share/colcon-core/packages/service_act)
[1.277s] Level 1:colcon.colcon_core.environment:create_environment_scripts_only(service_act)
[1.283s] Level 1:colcon.colcon_core.environment:checking '/home/loye/Desktop/Projects/ROS-100-Days-Coding-Challenge/Week 5/1. Service/ros2_ws/install/service_act' for CMake module files
[1.284s] Level 1:colcon.colcon_core.environment:checking '/home/loye/Desktop/Projects/ROS-100-Days-Coding-Challenge/Week 5/1. Service/ros2_ws/install/service_act' for CMake config files
[1.285s] Level 1:colcon.colcon_core.shell:create_environment_hook('service_act', 'cmake_prefix_path')
[1.289s] INFO:colcon.colcon_core.shell:Creating environment hook '/home/loye/Desktop/Projects/ROS-100-Days-Coding-Challenge/Week 5/1. Service/ros2_ws/install/service_act/share/service_act/hook/cmake_prefix_path.ps1'
[1.290s] INFO:colcon.colcon_core.shell:Creating environment descriptor '/home/loye/Desktop/Projects/ROS-100-Days-Coding-Challenge/Week 5/1. Service/ros2_ws/install/service_act/share/service_act/hook/cmake_prefix_path.dsv'
[1.291s] INFO:colcon.colcon_core.shell:Creating environment hook '/home/loye/Desktop/Projects/ROS-100-Days-Coding-Challenge/Week 5/1. Service/ros2_ws/install/service_act/share/service_act/hook/cmake_prefix_path.sh'
[1.292s] Level 1:colcon.colcon_core.environment:checking '/home/loye/Desktop/Projects/ROS-100-Days-Coding-Challenge/Week 5/1. Service/ros2_ws/install/service_act/lib'
[1.292s] Level 1:colcon.colcon_core.environment:checking '/home/loye/Desktop/Projects/ROS-100-Days-Coding-Challenge/Week 5/1. Service/ros2_ws/install/service_act/bin'
[1.292s] Level 1:colcon.colcon_core.environment:checking '/home/loye/Desktop/Projects/ROS-100-Days-Coding-Challenge/Week 5/1. Service/ros2_ws/install/service_act/lib/pkgconfig/service_act.pc'
[1.293s] Level 1:colcon.colcon_core.environment:checking '/home/loye/Desktop/Projects/ROS-100-Days-Coding-Challenge/Week 5/1. Service/ros2_ws/install/service_act/lib/python3.8/site-packages'
[1.293s] Level 1:colcon.colcon_core.shell:create_environment_hook('service_act', 'pythonpath')
[1.297s] INFO:colcon.colcon_core.shell:Creating environment hook '/home/loye/Desktop/Projects/ROS-100-Days-Coding-Challenge/Week 5/1. Service/ros2_ws/install/service_act/share/service_act/hook/pythonpath.ps1'
[1.298s] INFO:colcon.colcon_core.shell:Creating environment descriptor '/home/loye/Desktop/Projects/ROS-100-Days-Coding-Challenge/Week 5/1. Service/ros2_ws/install/service_act/share/service_act/hook/pythonpath.dsv'
[1.298s] INFO:colcon.colcon_core.shell:Creating environment hook '/home/loye/Desktop/Projects/ROS-100-Days-Coding-Challenge/Week 5/1. Service/ros2_ws/install/service_act/share/service_act/hook/pythonpath.sh'
[1.300s] Level 1:colcon.colcon_core.environment:checking '/home/loye/Desktop/Projects/ROS-100-Days-Coding-Challenge/Week 5/1. Service/ros2_ws/install/service_act/bin'
[1.304s] INFO:colcon.colcon_core.shell:Creating package script '/home/loye/Desktop/Projects/ROS-100-Days-Coding-Challenge/Week 5/1. Service/ros2_ws/install/service_act/share/service_act/package.ps1'
[1.305s] INFO:colcon.colcon_core.shell:Creating package descriptor '/home/loye/Desktop/Projects/ROS-100-Days-Coding-Challenge/Week 5/1. Service/ros2_ws/install/service_act/share/service_act/package.dsv'
[1.306s] INFO:colcon.colcon_core.shell:Creating package script '/home/loye/Desktop/Projects/ROS-100-Days-Coding-Challenge/Week 5/1. Service/ros2_ws/install/service_act/share/service_act/package.sh'
[1.307s] INFO:colcon.colcon_core.shell:Creating package script '/home/loye/Desktop/Projects/ROS-100-Days-Coding-Challenge/Week 5/1. Service/ros2_ws/install/service_act/share/service_act/package.bash'
[1.308s] INFO:colcon.colcon_core.shell:Creating package script '/home/loye/Desktop/Projects/ROS-100-Days-Coding-Challenge/Week 5/1. Service/ros2_ws/install/service_act/share/service_act/package.zsh'
[1.309s] Level 1:colcon.colcon_core.environment:create_file_with_runtime_dependencies(/home/loye/Desktop/Projects/ROS-100-Days-Coding-Challenge/Week 5/1. Service/ros2_ws/install/service_act/share/colcon-core/packages/service_act)
[1.310s] DEBUG:colcon.colcon_parallel_executor.executor.parallel:closing loop
[1.311s] DEBUG:colcon.colcon_parallel_executor.executor.parallel:loop closed
[1.311s] DEBUG:colcon.colcon_parallel_executor.executor.parallel:run_until_complete finished with '0'
[1.311s] DEBUG:colcon.colcon_core.event_reactor:joining thread
[1.327s] INFO:colcon.colcon_core.plugin_system:Skipping extension 'colcon_notification.desktop_notification.terminal_notifier': Not used on non-Darwin systems
[1.328s] INFO:colcon.colcon_core.plugin_system:Skipping extension 'colcon_notification.desktop_notification.win32': Not used on non-Windows systems
[1.328s] INFO:colcon.colcon_notification.desktop_notification:Sending desktop notification using 'notify2'
[1.366s] DEBUG:colcon.colcon_core.event_reactor:joined thread
[1.371s] INFO:colcon.colcon_core.shell:Creating prefix script '/home/loye/Desktop/Projects/ROS-100-Days-Coding-Challenge/Week 5/1. Service/ros2_ws/install/local_setup.ps1'
[1.373s] INFO:colcon.colcon_core.shell:Creating prefix util module '/home/loye/Desktop/Projects/ROS-100-Days-Coding-Challenge/Week 5/1. Service/ros2_ws/install/_local_setup_util_ps1.py'
[1.378s] INFO:colcon.colcon_core.shell:Creating prefix chain script '/home/loye/Desktop/Projects/ROS-100-Days-Coding-Challenge/Week 5/1. Service/ros2_ws/install/setup.ps1'
[1.383s] INFO:colcon.colcon_core.shell:Creating prefix script '/home/loye/Desktop/Projects/ROS-100-Days-Coding-Challenge/Week 5/1. Service/ros2_ws/install/local_setup.sh'
[1.385s] INFO:colcon.colcon_core.shell:Creating prefix util module '/home/loye/Desktop/Projects/ROS-100-Days-Coding-Challenge/Week 5/1. Service/ros2_ws/install/_local_setup_util_sh.py'
[1.386s] INFO:colcon.colcon_core.shell:Creating prefix chain script '/home/loye/Desktop/Projects/ROS-100-Days-Coding-Challenge/Week 5/1. Service/ros2_ws/install/setup.sh'
[1.391s] INFO:colcon.colcon_core.shell:Creating prefix script '/home/loye/Desktop/Projects/ROS-100-Days-Coding-Challenge/Week 5/1. Service/ros2_ws/install/local_setup.bash'
[1.393s] INFO:colcon.colcon_core.shell:Creating prefix chain script '/home/loye/Desktop/Projects/ROS-100-Days-Coding-Challenge/Week 5/1. Service/ros2_ws/install/setup.bash'
[1.397s] INFO:colcon.colcon_core.shell:Creating prefix script '/home/loye/Desktop/Projects/ROS-100-Days-Coding-Challenge/Week 5/1. Service/ros2_ws/install/local_setup.zsh'
[1.399s] INFO:colcon.colcon_core.shell:Creating prefix chain script '/home/loye/Desktop/Projects/ROS-100-Days-Coding-Challenge/Week 5/1. Service/ros2_ws/install/setup.zsh'
