[0.066s] Invoking command in '/home/loye/Desktop/Projects/ROS-100-Days-Coding-Challenge/Week 3/05. Single Node Topic/ros2_ws/build/pkg_cpp_py': CMAKE_PREFIX_PATH=/home/loye/Desktop/Projects/ROS-100-Days-Coding-Challenge/Week 3/05. Single Node Topic/ros2_ws/install/pkg_py:/opt/ros/foxy /usr/bin/cmake /home/loye/Desktop/Projects/ROS-100-Days-Coding-Challenge/Week 3/05. Single Node Topic/ros2_ws/src/pkg_cpp_py -DCMAKE_INSTALL_PREFIX=/home/loye/Desktop/Projects/ROS-100-Days-Coding-Challenge/Week 3/05. Single Node Topic/ros2_ws/install/pkg_cpp_py
[0.816s] -- The C compiler identification is GNU 10.3.0
[1.047s] -- The CXX compiler identification is GNU 10.3.0
[1.069s] -- Check for working C compiler: /usr/bin/cc
[1.367s] -- Check for working C compiler: /usr/bin/cc -- works
[1.373s] -- Detecting C compiler ABI info
[1.583s] -- Detecting C compiler ABI info - done
[1.683s] -- Detecting C compile features
[1.715s] -- Detecting C compile features - done
[1.934s] -- Check for working CXX compiler: /usr/bin/c++
[2.204s] -- Check for working CXX compiler: /usr/bin/c++ -- works
[2.209s] -- Detecting CXX compiler ABI info
[2.559s] -- Detecting CXX compiler ABI info - done
[2.622s] -- Detecting CXX compile features
[2.624s] -- Detecting CXX compile features - done
[2.885s] -- Found ament_cmake: 0.9.9 (/opt/ros/foxy/share/ament_cmake/cmake)
[3.667s] -- Found PythonInterp: /usr/bin/python3 (found suitable version "3.8.10", minimum required is "3") 
[3.668s] -- Using PYTHON_EXECUTABLE: /usr/bin/python3
[5.827s] -- Found ament_lint_auto: 0.9.6 (/opt/ros/foxy/share/ament_lint_auto/cmake)
[8.154s] -- Added test 'copyright' to check source files copyright and LICENSE
[8.333s] -- Added test 'lint_cmake' to check CMake code style
[8.468s] -- Added test 'xmllint' to check XML markup files
[8.555s] -- Configuring done
[8.562s] -- Generating done
[8.567s] -- Build files have been written to: /home/loye/Desktop/Projects/ROS-100-Days-Coding-Challenge/Week 3/05. Single Node Topic/ros2_ws/build/pkg_cpp_py
[8.577s] Invoked command in '/home/loye/Desktop/Projects/ROS-100-Days-Coding-Challenge/Week 3/05. Single Node Topic/ros2_ws/build/pkg_cpp_py' returned '0': CMAKE_PREFIX_PATH=/home/loye/Desktop/Projects/ROS-100-Days-Coding-Challenge/Week 3/05. Single Node Topic/ros2_ws/install/pkg_py:/opt/ros/foxy /usr/bin/cmake /home/loye/Desktop/Projects/ROS-100-Days-Coding-Challenge/Week 3/05. Single Node Topic/ros2_ws/src/pkg_cpp_py -DCMAKE_INSTALL_PREFIX=/home/loye/Desktop/Projects/ROS-100-Days-Coding-Challenge/Week 3/05. Single Node Topic/ros2_ws/install/pkg_cpp_py
[8.584s] Invoking command in '/home/loye/Desktop/Projects/ROS-100-Days-Coding-Challenge/Week 3/05. Single Node Topic/ros2_ws/build/pkg_cpp_py': CMAKE_PREFIX_PATH=/home/loye/Desktop/Projects/ROS-100-Days-Coding-Challenge/Week 3/05. Single Node Topic/ros2_ws/install/pkg_py:/opt/ros/foxy /usr/bin/cmake --build /home/loye/Desktop/Projects/ROS-100-Days-Coding-Challenge/Week 3/05. Single Node Topic/ros2_ws/build/pkg_cpp_py -- -j4 -l4
[8.690s] Invoked command in '/home/loye/Desktop/Projects/ROS-100-Days-Coding-Challenge/Week 3/05. Single Node Topic/ros2_ws/build/pkg_cpp_py' returned '0': CMAKE_PREFIX_PATH=/home/loye/Desktop/Projects/ROS-100-Days-Coding-Challenge/Week 3/05. Single Node Topic/ros2_ws/install/pkg_py:/opt/ros/foxy /usr/bin/cmake --build /home/loye/Desktop/Projects/ROS-100-Days-Coding-Challenge/Week 3/05. Single Node Topic/ros2_ws/build/pkg_cpp_py -- -j4 -l4
[8.769s] Invoking command in '/home/loye/Desktop/Projects/ROS-100-Days-Coding-Challenge/Week 3/05. Single Node Topic/ros2_ws/build/pkg_cpp_py': CMAKE_PREFIX_PATH=/home/loye/Desktop/Projects/ROS-100-Days-Coding-Challenge/Week 3/05. Single Node Topic/ros2_ws/install/pkg_py:/opt/ros/foxy /usr/bin/cmake --install /home/loye/Desktop/Projects/ROS-100-Days-Coding-Challenge/Week 3/05. Single Node Topic/ros2_ws/build/pkg_cpp_py
[8.790s] -- Install configuration: ""
[8.790s] -- Installing: /home/loye/Desktop/Projects/ROS-100-Days-Coding-Challenge/Week 3/05. Single Node Topic/ros2_ws/install/pkg_cpp_py/share/ament_index/resource_index/package_run_dependencies/pkg_cpp_py
[8.791s] -- Installing: /home/loye/Desktop/Projects/ROS-100-Days-Coding-Challenge/Week 3/05. Single Node Topic/ros2_ws/install/pkg_cpp_py/share/ament_index/resource_index/parent_prefix_path/pkg_cpp_py
[8.792s] -- Installing: /home/loye/Desktop/Projects/ROS-100-Days-Coding-Challenge/Week 3/05. Single Node Topic/ros2_ws/install/pkg_cpp_py/share/pkg_cpp_py/environment/ament_prefix_path.sh
[8.792s] -- Installing: /home/loye/Desktop/Projects/ROS-100-Days-Coding-Challenge/Week 3/05. Single Node Topic/ros2_ws/install/pkg_cpp_py/share/pkg_cpp_py/environment/ament_prefix_path.dsv
[8.792s] -- Installing: /home/loye/Desktop/Projects/ROS-100-Days-Coding-Challenge/Week 3/05. Single Node Topic/ros2_ws/install/pkg_cpp_py/share/pkg_cpp_py/environment/path.sh
[8.793s] -- Installing: /home/loye/Desktop/Projects/ROS-100-Days-Coding-Challenge/Week 3/05. Single Node Topic/ros2_ws/install/pkg_cpp_py/share/pkg_cpp_py/environment/path.dsv
[8.793s] -- Installing: /home/loye/Desktop/Projects/ROS-100-Days-Coding-Challenge/Week 3/05. Single Node Topic/ros2_ws/install/pkg_cpp_py/share/pkg_cpp_py/local_setup.bash
[8.794s] -- Installing: /home/loye/Desktop/Projects/ROS-100-Days-Coding-Challenge/Week 3/05. Single Node Topic/ros2_ws/install/pkg_cpp_py/share/pkg_cpp_py/local_setup.sh
[8.794s] -- Installing: /home/loye/Desktop/Projects/ROS-100-Days-Coding-Challenge/Week 3/05. Single Node Topic/ros2_ws/install/pkg_cpp_py/share/pkg_cpp_py/local_setup.zsh
[8.795s] -- Installing: /home/loye/Desktop/Projects/ROS-100-Days-Coding-Challenge/Week 3/05. Single Node Topic/ros2_ws/install/pkg_cpp_py/share/pkg_cpp_py/local_setup.dsv
[8.795s] -- Installing: /home/loye/Desktop/Projects/ROS-100-Days-Coding-Challenge/Week 3/05. Single Node Topic/ros2_ws/install/pkg_cpp_py/share/pkg_cpp_py/package.dsv
[8.796s] -- Installing: /home/loye/Desktop/Projects/ROS-100-Days-Coding-Challenge/Week 3/05. Single Node Topic/ros2_ws/install/pkg_cpp_py/share/ament_index/resource_index/packages/pkg_cpp_py
[8.797s] -- Installing: /home/loye/Desktop/Projects/ROS-100-Days-Coding-Challenge/Week 3/05. Single Node Topic/ros2_ws/install/pkg_cpp_py/share/pkg_cpp_py/cmake/pkg_cpp_pyConfig.cmake
[8.797s] -- Installing: /home/loye/Desktop/Projects/ROS-100-Days-Coding-Challenge/Week 3/05. Single Node Topic/ros2_ws/install/pkg_cpp_py/share/pkg_cpp_py/cmake/pkg_cpp_pyConfig-version.cmake
[8.798s] -- Installing: /home/loye/Desktop/Projects/ROS-100-Days-Coding-Challenge/Week 3/05. Single Node Topic/ros2_ws/install/pkg_cpp_py/share/pkg_cpp_py/package.xml
[8.809s] Invoked command in '/home/loye/Desktop/Projects/ROS-100-Days-Coding-Challenge/Week 3/05. Single Node Topic/ros2_ws/build/pkg_cpp_py' returned '0': CMAKE_PREFIX_PATH=/home/loye/Desktop/Projects/ROS-100-Days-Coding-Challenge/Week 3/05. Single Node Topic/ros2_ws/install/pkg_py:/opt/ros/foxy /usr/bin/cmake --install /home/loye/Desktop/Projects/ROS-100-Days-Coding-Challenge/Week 3/05. Single Node Topic/ros2_ws/build/pkg_cpp_py
