[0.034s] Invoking command in '/home/loye/Desktop/Projects/ROS-100-Days-Coding-Challenge/Week 5/4. LED indicator/ros2_ws/build/led_indicator': CMAKE_PREFIX_PATH=/opt/ros/foxy /usr/bin/cmake /home/loye/Desktop/Projects/ROS-100-Days-Coding-Challenge/Week 5/4. LED indicator/ros2_ws/src/led_indicator -DCMAKE_INSTALL_PREFIX=/home/loye/Desktop/Projects/ROS-100-Days-Coding-Challenge/Week 5/4. LED indicator/ros2_ws/install/led_indicator
[0.338s] -- The C compiler identification is GNU 10.3.0
[0.601s] -- The CXX compiler identification is GNU 10.3.0
[0.619s] -- Check for working C compiler: /usr/bin/cc
[0.809s] -- Check for working C compiler: /usr/bin/cc -- works
[0.815s] -- Detecting C compiler ABI info
[1.010s] -- Detecting C compiler ABI info - done
[1.068s] -- Detecting C compile features
[1.070s] -- Detecting C compile features - done
[1.079s] -- Check for working CXX compiler: /usr/bin/c++
[1.307s] -- Check for working CXX compiler: /usr/bin/c++ -- works
[1.310s] -- Detecting CXX compiler ABI info
[1.555s] -- Detecting CXX compiler ABI info - done
[1.612s] -- Detecting CXX compile features
[1.614s] -- Detecting CXX compile features - done
[1.628s] -- Found ament_cmake: 0.9.9 (/opt/ros/foxy/share/ament_cmake/cmake)
[1.694s] -- Found PythonInterp: /usr/bin/python3 (found suitable version "3.8.10", minimum required is "3") 
[1.695s] -- Using PYTHON_EXECUTABLE: /usr/bin/python3
[2.230s] -- Found rclcpp: 2.4.1 (/opt/ros/foxy/share/rclcpp/cmake)
[2.404s] -- Using all available rosidl_typesupport_c: rosidl_typesupport_fastrtps_c;rosidl_typesupport_introspection_c
[2.433s] -- Found rosidl_adapter: 1.2.1 (/opt/ros/foxy/share/rosidl_adapter/cmake)
[2.698s] -- Found OpenSSL: /usr/lib/x86_64-linux-gnu/libcrypto.so (found version "1.1.1f")  
[2.809s] -- Found FastRTPS: /opt/ros/foxy/include  
[3.099s] -- Using all available rosidl_typesupport_cpp: rosidl_typesupport_fastrtps_cpp;rosidl_typesupport_introspection_cpp
[3.340s] -- Found rmw_implementation_cmake: 1.0.3 (/opt/ros/foxy/share/rmw_implementation_cmake/cmake)
[3.347s] -- Using RMW implementation 'rmw_fastrtps_cpp' as default
[3.352s] -- Looking for pthread.h
[3.557s] -- Looking for pthread.h - found
[3.557s] -- Performing Test CMAKE_HAVE_LIBC_PTHREAD
[3.777s] -- Performing Test CMAKE_HAVE_LIBC_PTHREAD - Failed
[3.777s] -- Looking for pthread_create in pthreads
[3.940s] -- Looking for pthread_create in pthreads - not found
[3.940s] -- Looking for pthread_create in pthread
[4.148s] -- Looking for pthread_create in pthread - found
[4.151s] -- Found Threads: TRUE  
[4.979s] CMake Error at CMakeLists.txt:16 (find_package):
[4.979s]   By not providing "Findcustom_interfaces.cmake" in CMAKE_MODULE_PATH this
[4.979s]   project has asked CMake to find a package configuration file provided by
[4.980s]   "custom_interfaces", but CMake did not find one.
[4.980s] 
[4.980s]   Could not find a package configuration file provided by "custom_interfaces"
[4.980s]   with any of the following names:
[4.980s] 
[4.980s]     custom_interfacesConfig.cmake
[4.981s]     custom_interfaces-config.cmake
[4.981s] 
[4.981s]   Add the installation prefix of "custom_interfaces" to CMAKE_PREFIX_PATH or
[4.981s]   set "custom_interfaces_DIR" to a directory containing one of the above
[4.981s]   files.  If "custom_interfaces" provides a separate development package or
[4.982s]   SDK, be sure it has been installed.
[4.982s] 
[4.982s] 
[4.985s] -- Configuring incomplete, errors occurred!
[4.985s] See also "/home/loye/Desktop/Projects/ROS-100-Days-Coding-Challenge/Week 5/4. LED indicator/ros2_ws/build/led_indicator/CMakeFiles/CMakeOutput.log".
[4.985s] See also "/home/loye/Desktop/Projects/ROS-100-Days-Coding-Challenge/Week 5/4. LED indicator/ros2_ws/build/led_indicator/CMakeFiles/CMakeError.log".
[5.003s] Invoked command in '/home/loye/Desktop/Projects/ROS-100-Days-Coding-Challenge/Week 5/4. LED indicator/ros2_ws/build/led_indicator' returned '1': CMAKE_PREFIX_PATH=/opt/ros/foxy /usr/bin/cmake /home/loye/Desktop/Projects/ROS-100-Days-Coding-Challenge/Week 5/4. LED indicator/ros2_ws/src/led_indicator -DCMAKE_INSTALL_PREFIX=/home/loye/Desktop/Projects/ROS-100-Days-Coding-Challenge/Week 5/4. LED indicator/ros2_ws/install/led_indicator
