[0.038s] Invoking command in '/home/loye/Desktop/Projects/ROS-100-Days-Coding-Challenge/Week 3/07. Exercises/1. Number Counter/ros2_ws/build/pkg_cpp': CMAKE_PREFIX_PATH=/opt/ros/foxy /usr/bin/cmake --build /home/loye/Desktop/Projects/ROS-100-Days-Coding-Challenge/Week 3/07. Exercises/1. Number Counter/ros2_ws/build/pkg_cpp -- -j4 -l4
[0.162s] [35m[1mScanning dependencies of target number_counter[0m
[0.224s] [ 50%] Built target number_publisher
[0.253s] [ 75%] [32mBuilding CXX object CMakeFiles/number_counter.dir/src/number_counter.cpp.o[0m
[11.863s] [100%] [32m[1mLinking CXX executable number_counter[0m
[12.651s] [100%] Built target number_counter
[12.681s] Invoked command in '/home/loye/Desktop/Projects/ROS-100-Days-Coding-Challenge/Week 3/07. Exercises/1. Number Counter/ros2_ws/build/pkg_cpp' returned '0': CMAKE_PREFIX_PATH=/opt/ros/foxy /usr/bin/cmake --build /home/loye/Desktop/Projects/ROS-100-Days-Coding-Challenge/Week 3/07. Exercises/1. Number Counter/ros2_ws/build/pkg_cpp -- -j4 -l4
[12.764s] Invoking command in '/home/loye/Desktop/Projects/ROS-100-Days-Coding-Challenge/Week 3/07. Exercises/1. Number Counter/ros2_ws/build/pkg_cpp': CMAKE_PREFIX_PATH=/opt/ros/foxy /usr/bin/cmake --install /home/loye/Desktop/Projects/ROS-100-Days-Coding-Challenge/Week 3/07. Exercises/1. Number Counter/ros2_ws/build/pkg_cpp
[12.785s] -- Install configuration: ""
[12.786s] -- Up-to-date: /home/loye/Desktop/Projects/ROS-100-Days-Coding-Challenge/Week 3/07. Exercises/1. Number Counter/ros2_ws/install/pkg_cpp/lib/pkg_cpp/number_publisher
[12.787s] -- Installing: /home/loye/Desktop/Projects/ROS-100-Days-Coding-Challenge/Week 3/07. Exercises/1. Number Counter/ros2_ws/install/pkg_cpp/lib/pkg_cpp/number_counter
[12.792s] -- Set runtime path of "/home/loye/Desktop/Projects/ROS-100-Days-Coding-Challenge/Week 3/07. Exercises/1. Number Counter/ros2_ws/install/pkg_cpp/lib/pkg_cpp/number_counter" to ""
[12.793s] -- Up-to-date: /home/loye/Desktop/Projects/ROS-100-Days-Coding-Challenge/Week 3/07. Exercises/1. Number Counter/ros2_ws/install/pkg_cpp/share/ament_index/resource_index/package_run_dependencies/pkg_cpp
[12.794s] -- Up-to-date: /home/loye/Desktop/Projects/ROS-100-Days-Coding-Challenge/Week 3/07. Exercises/1. Number Counter/ros2_ws/install/pkg_cpp/share/ament_index/resource_index/parent_prefix_path/pkg_cpp
[12.794s] -- Up-to-date: /home/loye/Desktop/Projects/ROS-100-Days-Coding-Challenge/Week 3/07. Exercises/1. Number Counter/ros2_ws/install/pkg_cpp/share/pkg_cpp/environment/ament_prefix_path.sh
[12.795s] -- Installing: /home/loye/Desktop/Projects/ROS-100-Days-Coding-Challenge/Week 3/07. Exercises/1. Number Counter/ros2_ws/install/pkg_cpp/share/pkg_cpp/environment/ament_prefix_path.dsv
[12.795s] -- Up-to-date: /home/loye/Desktop/Projects/ROS-100-Days-Coding-Challenge/Week 3/07. Exercises/1. Number Counter/ros2_ws/install/pkg_cpp/share/pkg_cpp/environment/path.sh
[12.796s] -- Installing: /home/loye/Desktop/Projects/ROS-100-Days-Coding-Challenge/Week 3/07. Exercises/1. Number Counter/ros2_ws/install/pkg_cpp/share/pkg_cpp/environment/path.dsv
[12.796s] -- Up-to-date: /home/loye/Desktop/Projects/ROS-100-Days-Coding-Challenge/Week 3/07. Exercises/1. Number Counter/ros2_ws/install/pkg_cpp/share/pkg_cpp/local_setup.bash
[12.797s] -- Up-to-date: /home/loye/Desktop/Projects/ROS-100-Days-Coding-Challenge/Week 3/07. Exercises/1. Number Counter/ros2_ws/install/pkg_cpp/share/pkg_cpp/local_setup.sh
[12.797s] -- Up-to-date: /home/loye/Desktop/Projects/ROS-100-Days-Coding-Challenge/Week 3/07. Exercises/1. Number Counter/ros2_ws/install/pkg_cpp/share/pkg_cpp/local_setup.zsh
[12.798s] -- Installing: /home/loye/Desktop/Projects/ROS-100-Days-Coding-Challenge/Week 3/07. Exercises/1. Number Counter/ros2_ws/install/pkg_cpp/share/pkg_cpp/local_setup.dsv
[12.799s] -- Installing: /home/loye/Desktop/Projects/ROS-100-Days-Coding-Challenge/Week 3/07. Exercises/1. Number Counter/ros2_ws/install/pkg_cpp/share/pkg_cpp/package.dsv
[12.799s] -- Up-to-date: /home/loye/Desktop/Projects/ROS-100-Days-Coding-Challenge/Week 3/07. Exercises/1. Number Counter/ros2_ws/install/pkg_cpp/share/ament_index/resource_index/packages/pkg_cpp
[12.800s] -- Up-to-date: /home/loye/Desktop/Projects/ROS-100-Days-Coding-Challenge/Week 3/07. Exercises/1. Number Counter/ros2_ws/install/pkg_cpp/share/pkg_cpp/cmake/pkg_cppConfig.cmake
[12.800s] -- Up-to-date: /home/loye/Desktop/Projects/ROS-100-Days-Coding-Challenge/Week 3/07. Exercises/1. Number Counter/ros2_ws/install/pkg_cpp/share/pkg_cpp/cmake/pkg_cppConfig-version.cmake
[12.801s] -- Up-to-date: /home/loye/Desktop/Projects/ROS-100-Days-Coding-Challenge/Week 3/07. Exercises/1. Number Counter/ros2_ws/install/pkg_cpp/share/pkg_cpp/package.xml
[12.809s] Invoked command in '/home/loye/Desktop/Projects/ROS-100-Days-Coding-Challenge/Week 3/07. Exercises/1. Number Counter/ros2_ws/build/pkg_cpp' returned '0': CMAKE_PREFIX_PATH=/opt/ros/foxy /usr/bin/cmake --install /home/loye/Desktop/Projects/ROS-100-Days-Coding-Challenge/Week 3/07. Exercises/1. Number Counter/ros2_ws/build/pkg_cpp
