[0.059s] Invoking command in '/home/loye/Desktop/Projects/ROS-100-Days-Coding-Challenge/Week 5/3. Custom Interface/ros2_ws/build/pkg_cpp_py': CMAKE_PREFIX_PATH=${CMAKE_PREFIX_PATH}:/home/loye/Desktop/Projects/ROS-100-Days-Coding-Challenge/Week 5/3. Custom Interface/ros2_ws/install/pkg_py:/home/loye/Desktop/Projects/ROS-100-Days-Coding-Challenge/Week 5/1. Service/ros2_ws/install/pkg_py:/opt/ros/foxy PYTHONPATH=/home/loye/Desktop/Projects/ROS-100-Days-Coding-Challenge/Week 5/3. Custom Interface/ros2_ws/install/custom_interfaces/lib/python3.8/site-packages:/home/loye/Desktop/Projects/ROS-100-Days-Coding-Challenge/Week 5/3. Custom Interface/ros2_ws/build/pkg_py:/home/loye/Desktop/Projects/ROS-100-Days-Coding-Challenge/Week 5/3. Custom Interface/ros2_ws/install/pkg_py/lib/python3.8/site-packages:/home/loye/Desktop/Projects/ROS-100-Days-Coding-Challenge/Week 5/1. Service/ros2_ws/install/service_act/lib/python3.8/site-packages:/home/loye/Desktop/Projects/ROS-100-Days-Coding-Challenge/Week 5/1. Service/ros2_ws/build/pkg_py:/home/loye/Desktop/Projects/ROS-100-Days-Coding-Challenge/Week 5/1. Service/ros2_ws/install/pkg_py/lib/python3.8/site-packages:/home/loye/Desktop/Projects/ROS-100-Days-Coding-Challenge/Week 5/1. Service/ros2_ws/install/pkg_cpp_py/lib/python3.8/site-packages:/opt/ros/foxy/lib/python3.8/site-packages /usr/bin/cmake /home/loye/Desktop/Projects/ROS-100-Days-Coding-Challenge/Week 5/3. Custom Interface/ros2_ws/src/pkg_cpp_py -DCMAKE_INSTALL_PREFIX=/home/loye/Desktop/Projects/ROS-100-Days-Coding-Challenge/Week 5/3. Custom Interface/ros2_ws/install/pkg_cpp_py
[0.411s] -- The C compiler identification is GNU 10.3.0
[0.721s] -- The CXX compiler identification is GNU 10.3.0
[0.747s] -- Check for working C compiler: /usr/bin/cc
[0.989s] -- Check for working C compiler: /usr/bin/cc -- works
[0.994s] -- Detecting C compiler ABI info
[1.231s] -- Detecting C compiler ABI info - done
[1.291s] -- Detecting C compile features
[1.294s] -- Detecting C compile features - done
[1.303s] -- Check for working CXX compiler: /usr/bin/c++
[1.566s] -- Check for working CXX compiler: /usr/bin/c++ -- works
[1.570s] -- Detecting CXX compiler ABI info
[1.824s] -- Detecting CXX compiler ABI info - done
[1.887s] -- Detecting CXX compile features
[1.888s] -- Detecting CXX compile features - done
[1.905s] -- Found ament_cmake: 0.9.9 (/opt/ros/foxy/share/ament_cmake/cmake)
[1.999s] -- Found PythonInterp: /usr/bin/python3 (found suitable version "3.8.10", minimum required is "3") 
[2.000s] -- Using PYTHON_EXECUTABLE: /usr/bin/python3
[2.593s] -- Found rclcpp: 2.4.1 (/opt/ros/foxy/share/rclcpp/cmake)
[2.791s] -- Using all available rosidl_typesupport_c: rosidl_typesupport_fastrtps_c;rosidl_typesupport_introspection_c
[2.824s] -- Found rosidl_adapter: 1.2.1 (/opt/ros/foxy/share/rosidl_adapter/cmake)
[3.103s] -- Found OpenSSL: /usr/lib/x86_64-linux-gnu/libcrypto.so (found version "1.1.1f")  
[3.216s] -- Found FastRTPS: /opt/ros/foxy/include  
[3.542s] -- Using all available rosidl_typesupport_cpp: rosidl_typesupport_fastrtps_cpp;rosidl_typesupport_introspection_cpp
[3.804s] -- Found rmw_implementation_cmake: 1.0.3 (/opt/ros/foxy/share/rmw_implementation_cmake/cmake)
[3.812s] -- Using RMW implementation 'rmw_fastrtps_cpp' as default
[3.816s] -- Looking for pthread.h
[4.029s] -- Looking for pthread.h - found
[4.029s] -- Performing Test CMAKE_HAVE_LIBC_PTHREAD
[4.264s] -- Performing Test CMAKE_HAVE_LIBC_PTHREAD - Failed
[4.264s] -- Looking for pthread_create in pthreads
[4.448s] -- Looking for pthread_create in pthreads - not found
[4.448s] -- Looking for pthread_create in pthread
[4.643s] -- Looking for pthread_create in pthread - found
[4.647s] -- Found Threads: TRUE  
[5.484s] -- Found custom_interfaces: 0.0.0 (/home/loye/Desktop/Projects/ROS-100-Days-Coding-Challenge/Week 5/3. Custom Interface/ros2_ws/install/custom_interfaces/share/custom_interfaces/cmake)
[5.714s] -- Configuring done
[5.718s] CMake Error at CMakeLists.txt:19 (add_executable):
[5.718s]   Cannot find source file:
[5.718s] 
[5.719s]     src/hardware_status_client.cpp
[5.719s] 
[5.719s]   Tried extensions .c .C .c++ .cc .cpp .cxx .cu .m .M .mm .h .hh .h++ .hm
[5.720s]   .hpp .hxx .in .txx
[5.720s] 
[5.720s] 
[5.725s] CMake Error at CMakeLists.txt:19 (add_executable):
[5.725s]   No SOURCES given to target: hardware_status_client
[5.725s] 
[5.725s] 
[5.726s] CMake Generate step failed.  Build files cannot be regenerated correctly.
[5.751s] Invoked command in '/home/loye/Desktop/Projects/ROS-100-Days-Coding-Challenge/Week 5/3. Custom Interface/ros2_ws/build/pkg_cpp_py' returned '1': CMAKE_PREFIX_PATH=${CMAKE_PREFIX_PATH}:/home/loye/Desktop/Projects/ROS-100-Days-Coding-Challenge/Week 5/3. Custom Interface/ros2_ws/install/pkg_py:/home/loye/Desktop/Projects/ROS-100-Days-Coding-Challenge/Week 5/1. Service/ros2_ws/install/pkg_py:/opt/ros/foxy PYTHONPATH=/home/loye/Desktop/Projects/ROS-100-Days-Coding-Challenge/Week 5/3. Custom Interface/ros2_ws/install/custom_interfaces/lib/python3.8/site-packages:/home/loye/Desktop/Projects/ROS-100-Days-Coding-Challenge/Week 5/3. Custom Interface/ros2_ws/build/pkg_py:/home/loye/Desktop/Projects/ROS-100-Days-Coding-Challenge/Week 5/3. Custom Interface/ros2_ws/install/pkg_py/lib/python3.8/site-packages:/home/loye/Desktop/Projects/ROS-100-Days-Coding-Challenge/Week 5/1. Service/ros2_ws/install/service_act/lib/python3.8/site-packages:/home/loye/Desktop/Projects/ROS-100-Days-Coding-Challenge/Week 5/1. Service/ros2_ws/build/pkg_py:/home/loye/Desktop/Projects/ROS-100-Days-Coding-Challenge/Week 5/1. Service/ros2_ws/install/pkg_py/lib/python3.8/site-packages:/home/loye/Desktop/Projects/ROS-100-Days-Coding-Challenge/Week 5/1. Service/ros2_ws/install/pkg_cpp_py/lib/python3.8/site-packages:/opt/ros/foxy/lib/python3.8/site-packages /usr/bin/cmake /home/loye/Desktop/Projects/ROS-100-Days-Coding-Challenge/Week 5/3. Custom Interface/ros2_ws/src/pkg_cpp_py -DCMAKE_INSTALL_PREFIX=/home/loye/Desktop/Projects/ROS-100-Days-Coding-Challenge/Week 5/3. Custom Interface/ros2_ws/install/pkg_cpp_py
