running egg_info
writing ../../build/motion_types_py/motion_types_py.egg-info/PKG-INFO
writing dependency_links to ../../build/motion_types_py/motion_types_py.egg-info/dependency_links.txt
writing entry points to ../../build/motion_types_py/motion_types_py.egg-info/entry_points.txt
writing requirements to ../../build/motion_types_py/motion_types_py.egg-info/requires.txt
writing top-level names to ../../build/motion_types_py/motion_types_py.egg-info/top_level.txt
reading manifest file '../../build/motion_types_py/motion_types_py.egg-info/SOURCES.txt'
writing manifest file '../../build/motion_types_py/motion_types_py.egg-info/SOURCES.txt'
running build
running build_py
copying motion_types_py/linear.py -> /home/loye/Desktop/Projects/ROS-100-Days-Coding-Challenge/Week 6/3. Motion type/ros2_ws/build/motion_types_py/build/lib/motion_types_py
running install
running install_lib
copying /home/loye/Desktop/Projects/ROS-100-Days-Coding-Challenge/Week 6/3. Motion type/ros2_ws/build/motion_types_py/build/lib/motion_types_py/linear.py -> /home/loye/Desktop/Projects/ROS-100-Days-Coding-Challenge/Week 6/3. Motion type/ros2_ws/install/motion_types_py/lib/python3.8/site-packages/motion_types_py
byte-compiling /home/loye/Desktop/Projects/ROS-100-Days-Coding-Challenge/Week 6/3. Motion type/ros2_ws/install/motion_types_py/lib/python3.8/site-packages/motion_types_py/linear.py to linear.cpython-38.pyc
running install_data
running install_egg_info
removing '/home/loye/Desktop/Projects/ROS-100-Days-Coding-Challenge/Week 6/3. Motion type/ros2_ws/install/motion_types_py/lib/python3.8/site-packages/motion_types_py-0.0.0-py3.8.egg-info' (and everything under it)
Copying ../../build/motion_types_py/motion_types_py.egg-info to /home/loye/Desktop/Projects/ROS-100-Days-Coding-Challenge/Week 6/3. Motion type/ros2_ws/install/motion_types_py/lib/python3.8/site-packages/motion_types_py-0.0.0-py3.8.egg-info
running install_scripts
Installing linear script to /home/loye/Desktop/Projects/ROS-100-Days-Coding-Challenge/Week 6/3. Motion type/ros2_ws/install/motion_types_py/lib/motion_types_py
writing list of installed files to '/home/loye/Desktop/Projects/ROS-100-Days-Coding-Challenge/Week 6/3. Motion type/ros2_ws/build/motion_types_py/install.log'
