[1.872s] Invoking command in '/home/loye/Desktop/Projects/ROS-100-Days-Coding-Challenge/Week 6/3. Motion type/ros2_ws/src/motion_types_py': PYTHONPATH=/home/loye/Desktop/Projects/ROS-100-Days-Coding-Challenge/Week 6/3. Motion type/ros2_ws/install/motion_types_py/lib/python3.8/site-packages:${PYTHONPATH} /usr/bin/python3 setup.py egg_info --egg-base ../../build/motion_types_py build --build-base /home/loye/Desktop/Projects/ROS-100-Days-Coding-Challenge/Week 6/3. Motion type/ros2_ws/build/motion_types_py/build install --prefix /home/loye/Desktop/Projects/ROS-100-Days-Coding-Challenge/Week 6/3. Motion type/ros2_ws/install/motion_types_py --record /home/loye/Desktop/Projects/ROS-100-Days-Coding-Challenge/Week 6/3. Motion type/ros2_ws/build/motion_types_py/install.log --single-version-externally-managed
[2.450s] running egg_info
[2.453s] writing ../../build/motion_types_py/motion_types_py.egg-info/PKG-INFO
[2.454s] writing dependency_links to ../../build/motion_types_py/motion_types_py.egg-info/dependency_links.txt
[2.456s] writing entry points to ../../build/motion_types_py/motion_types_py.egg-info/entry_points.txt
[2.456s] writing requirements to ../../build/motion_types_py/motion_types_py.egg-info/requires.txt
[2.457s] writing top-level names to ../../build/motion_types_py/motion_types_py.egg-info/top_level.txt
[2.561s] reading manifest file '../../build/motion_types_py/motion_types_py.egg-info/SOURCES.txt'
[2.564s] writing manifest file '../../build/motion_types_py/motion_types_py.egg-info/SOURCES.txt'
[2.565s] running build
[2.565s] running build_py
[2.566s] copying motion_types_py/linear.py -> /home/loye/Desktop/Projects/ROS-100-Days-Coding-Challenge/Week 6/3. Motion type/ros2_ws/build/motion_types_py/build/lib/motion_types_py
[2.567s] running install
[2.569s] running install_lib
[2.572s] copying /home/loye/Desktop/Projects/ROS-100-Days-Coding-Challenge/Week 6/3. Motion type/ros2_ws/build/motion_types_py/build/lib/motion_types_py/linear.py -> /home/loye/Desktop/Projects/ROS-100-Days-Coding-Challenge/Week 6/3. Motion type/ros2_ws/install/motion_types_py/lib/python3.8/site-packages/motion_types_py
[2.573s] byte-compiling /home/loye/Desktop/Projects/ROS-100-Days-Coding-Challenge/Week 6/3. Motion type/ros2_ws/install/motion_types_py/lib/python3.8/site-packages/motion_types_py/linear.py to linear.cpython-38.pyc
[2.579s] running install_data
[2.580s] running install_egg_info
[2.585s] removing '/home/loye/Desktop/Projects/ROS-100-Days-Coding-Challenge/Week 6/3. Motion type/ros2_ws/install/motion_types_py/lib/python3.8/site-packages/motion_types_py-0.0.0-py3.8.egg-info' (and everything under it)
[2.586s] Copying ../../build/motion_types_py/motion_types_py.egg-info to /home/loye/Desktop/Projects/ROS-100-Days-Coding-Challenge/Week 6/3. Motion type/ros2_ws/install/motion_types_py/lib/python3.8/site-packages/motion_types_py-0.0.0-py3.8.egg-info
[2.588s] running install_scripts
[2.633s] Installing linear script to /home/loye/Desktop/Projects/ROS-100-Days-Coding-Challenge/Week 6/3. Motion type/ros2_ws/install/motion_types_py/lib/motion_types_py
[2.635s] writing list of installed files to '/home/loye/Desktop/Projects/ROS-100-Days-Coding-Challenge/Week 6/3. Motion type/ros2_ws/build/motion_types_py/install.log'
[2.690s] Invoked command in '/home/loye/Desktop/Projects/ROS-100-Days-Coding-Challenge/Week 6/3. Motion type/ros2_ws/src/motion_types_py' returned '0': PYTHONPATH=/home/loye/Desktop/Projects/ROS-100-Days-Coding-Challenge/Week 6/3. Motion type/ros2_ws/install/motion_types_py/lib/python3.8/site-packages:${PYTHONPATH} /usr/bin/python3 setup.py egg_info --egg-base ../../build/motion_types_py build --build-base /home/loye/Desktop/Projects/ROS-100-Days-Coding-Challenge/Week 6/3. Motion type/ros2_ws/build/motion_types_py/build install --prefix /home/loye/Desktop/Projects/ROS-100-Days-Coding-Challenge/Week 6/3. Motion type/ros2_ws/install/motion_types_py --record /home/loye/Desktop/Projects/ROS-100-Days-Coding-Challenge/Week 6/3. Motion type/ros2_ws/build/motion_types_py/install.log --single-version-externally-managed
