[0.045s] Invoking command in '/home/loye/Desktop/Projects/ROS-100-Days-Coding-Challenge/Week 5/5. Parameter/ros2_ws/build/pkg_cpp': CMAKE_PREFIX_PATH=/opt/ros/foxy /usr/bin/cmake /home/loye/Desktop/Projects/ROS-100-Days-Coding-Challenge/Week 5/5. Parameter/ros2_ws/src/pkg_cpp -DCMAKE_INSTALL_PREFIX=/home/loye/Desktop/Projects/ROS-100-Days-Coding-Challenge/Week 5/5. Parameter/ros2_ws/install/pkg_cpp
[0.344s] -- The C compiler identification is GNU 10.3.0
[0.608s] -- The CXX compiler identification is GNU 10.3.0
[0.651s] -- Check for working C compiler: /usr/bin/cc
[0.861s] -- Check for working C compiler: /usr/bin/cc -- works
[0.864s] -- Detecting C compiler ABI info
[1.101s] -- Detecting C compiler ABI info - done
[1.171s] -- Detecting C compile features
[1.174s] -- Detecting C compile features - done
[1.188s] -- Check for working CXX compiler: /usr/bin/c++
[1.491s] -- Check for working CXX compiler: /usr/bin/c++ -- works
[1.491s] -- Detecting CXX compiler ABI info
[1.749s] -- Detecting CXX compiler ABI info - done
[1.807s] -- Detecting CXX compile features
[1.809s] -- Detecting CXX compile features - done
[1.823s] -- Found ament_cmake: 0.9.9 (/opt/ros/foxy/share/ament_cmake/cmake)
[1.893s] -- Found PythonInterp: /usr/bin/python3 (found suitable version "3.8.10", minimum required is "3") 
[1.894s] -- Using PYTHON_EXECUTABLE: /usr/bin/python3
[2.432s] -- Found rclcpp: 2.4.1 (/opt/ros/foxy/share/rclcpp/cmake)
[2.584s] -- Using all available rosidl_typesupport_c: rosidl_typesupport_fastrtps_c;rosidl_typesupport_introspection_c
[2.610s] -- Found rosidl_adapter: 1.2.1 (/opt/ros/foxy/share/rosidl_adapter/cmake)
[2.849s] -- Found OpenSSL: /usr/lib/x86_64-linux-gnu/libcrypto.so (found version "1.1.1f")  
[2.961s] -- Found FastRTPS: /opt/ros/foxy/include  
[3.278s] -- Using all available rosidl_typesupport_cpp: rosidl_typesupport_fastrtps_cpp;rosidl_typesupport_introspection_cpp
[3.512s] -- Found rmw_implementation_cmake: 1.0.3 (/opt/ros/foxy/share/rmw_implementation_cmake/cmake)
[3.519s] -- Using RMW implementation 'rmw_fastrtps_cpp' as default
[3.523s] -- Looking for pthread.h
[3.723s] -- Looking for pthread.h - found
[3.723s] -- Performing Test CMAKE_HAVE_LIBC_PTHREAD
[3.975s] -- Performing Test CMAKE_HAVE_LIBC_PTHREAD - Failed
[3.976s] -- Looking for pthread_create in pthreads
[4.169s] -- Looking for pthread_create in pthreads - not found
[4.171s] -- Looking for pthread_create in pthread
[4.382s] -- Looking for pthread_create in pthread - found
[4.385s] -- Found Threads: TRUE  
[5.177s] -- Found example_interfaces: 0.9.1 (/opt/ros/foxy/share/example_interfaces/cmake)
[5.932s] -- Configuring done
[5.967s] -- Generating done
[5.975s] -- Build files have been written to: /home/loye/Desktop/Projects/ROS-100-Days-Coding-Challenge/Week 5/5. Parameter/ros2_ws/build/pkg_cpp
[5.996s] Invoked command in '/home/loye/Desktop/Projects/ROS-100-Days-Coding-Challenge/Week 5/5. Parameter/ros2_ws/build/pkg_cpp' returned '0': CMAKE_PREFIX_PATH=/opt/ros/foxy /usr/bin/cmake /home/loye/Desktop/Projects/ROS-100-Days-Coding-Challenge/Week 5/5. Parameter/ros2_ws/src/pkg_cpp -DCMAKE_INSTALL_PREFIX=/home/loye/Desktop/Projects/ROS-100-Days-Coding-Challenge/Week 5/5. Parameter/ros2_ws/install/pkg_cpp
[6.004s] Invoking command in '/home/loye/Desktop/Projects/ROS-100-Days-Coding-Challenge/Week 5/5. Parameter/ros2_ws/build/pkg_cpp': CMAKE_PREFIX_PATH=/opt/ros/foxy /usr/bin/cmake --build /home/loye/Desktop/Projects/ROS-100-Days-Coding-Challenge/Week 5/5. Parameter/ros2_ws/build/pkg_cpp -- -j4 -l4
[6.138s] [35m[1mScanning dependencies of target number_pub[0m
[6.279s] [ 50%] [32mBuilding CXX object CMakeFiles/number_pub.dir/src/number_publisher.cpp.o[0m
[14.350s] [100%] [32m[1mLinking CXX executable number_pub[0m
[14.902s] [100%] Built target number_pub
[14.938s] Invoked command in '/home/loye/Desktop/Projects/ROS-100-Days-Coding-Challenge/Week 5/5. Parameter/ros2_ws/build/pkg_cpp' returned '0': CMAKE_PREFIX_PATH=/opt/ros/foxy /usr/bin/cmake --build /home/loye/Desktop/Projects/ROS-100-Days-Coding-Challenge/Week 5/5. Parameter/ros2_ws/build/pkg_cpp -- -j4 -l4
[15.025s] Invoking command in '/home/loye/Desktop/Projects/ROS-100-Days-Coding-Challenge/Week 5/5. Parameter/ros2_ws/build/pkg_cpp': CMAKE_PREFIX_PATH=/opt/ros/foxy /usr/bin/cmake --install /home/loye/Desktop/Projects/ROS-100-Days-Coding-Challenge/Week 5/5. Parameter/ros2_ws/build/pkg_cpp
[15.045s] -- Install configuration: ""
[15.045s] -- Installing: /home/loye/Desktop/Projects/ROS-100-Days-Coding-Challenge/Week 5/5. Parameter/ros2_ws/install/pkg_cpp/lib/pkg_cpp/number_pub
[15.048s] -- Set runtime path of "/home/loye/Desktop/Projects/ROS-100-Days-Coding-Challenge/Week 5/5. Parameter/ros2_ws/install/pkg_cpp/lib/pkg_cpp/number_pub" to ""
[15.048s] -- Installing: /home/loye/Desktop/Projects/ROS-100-Days-Coding-Challenge/Week 5/5. Parameter/ros2_ws/install/pkg_cpp/share/ament_index/resource_index/package_run_dependencies/pkg_cpp
[15.049s] -- Installing: /home/loye/Desktop/Projects/ROS-100-Days-Coding-Challenge/Week 5/5. Parameter/ros2_ws/install/pkg_cpp/share/ament_index/resource_index/parent_prefix_path/pkg_cpp
[15.050s] -- Installing: /home/loye/Desktop/Projects/ROS-100-Days-Coding-Challenge/Week 5/5. Parameter/ros2_ws/install/pkg_cpp/share/pkg_cpp/environment/ament_prefix_path.sh
[15.051s] -- Installing: /home/loye/Desktop/Projects/ROS-100-Days-Coding-Challenge/Week 5/5. Parameter/ros2_ws/install/pkg_cpp/share/pkg_cpp/environment/ament_prefix_path.dsv
[15.051s] -- Installing: /home/loye/Desktop/Projects/ROS-100-Days-Coding-Challenge/Week 5/5. Parameter/ros2_ws/install/pkg_cpp/share/pkg_cpp/environment/path.sh
[15.052s] -- Installing: /home/loye/Desktop/Projects/ROS-100-Days-Coding-Challenge/Week 5/5. Parameter/ros2_ws/install/pkg_cpp/share/pkg_cpp/environment/path.dsv
[15.052s] -- Installing: /home/loye/Desktop/Projects/ROS-100-Days-Coding-Challenge/Week 5/5. Parameter/ros2_ws/install/pkg_cpp/share/pkg_cpp/local_setup.bash
[15.053s] -- Installing: /home/loye/Desktop/Projects/ROS-100-Days-Coding-Challenge/Week 5/5. Parameter/ros2_ws/install/pkg_cpp/share/pkg_cpp/local_setup.sh
[15.053s] -- Installing: /home/loye/Desktop/Projects/ROS-100-Days-Coding-Challenge/Week 5/5. Parameter/ros2_ws/install/pkg_cpp/share/pkg_cpp/local_setup.zsh
[15.053s] -- Installing: /home/loye/Desktop/Projects/ROS-100-Days-Coding-Challenge/Week 5/5. Parameter/ros2_ws/install/pkg_cpp/share/pkg_cpp/local_setup.dsv
[15.054s] -- Installing: /home/loye/Desktop/Projects/ROS-100-Days-Coding-Challenge/Week 5/5. Parameter/ros2_ws/install/pkg_cpp/share/pkg_cpp/package.dsv
[15.055s] -- Installing: /home/loye/Desktop/Projects/ROS-100-Days-Coding-Challenge/Week 5/5. Parameter/ros2_ws/install/pkg_cpp/share/ament_index/resource_index/packages/pkg_cpp
[15.055s] -- Installing: /home/loye/Desktop/Projects/ROS-100-Days-Coding-Challenge/Week 5/5. Parameter/ros2_ws/install/pkg_cpp/share/pkg_cpp/cmake/pkg_cppConfig.cmake
[15.056s] -- Installing: /home/loye/Desktop/Projects/ROS-100-Days-Coding-Challenge/Week 5/5. Parameter/ros2_ws/install/pkg_cpp/share/pkg_cpp/cmake/pkg_cppConfig-version.cmake
[15.056s] -- Installing: /home/loye/Desktop/Projects/ROS-100-Days-Coding-Challenge/Week 5/5. Parameter/ros2_ws/install/pkg_cpp/share/pkg_cpp/package.xml
[15.061s] Invoked command in '/home/loye/Desktop/Projects/ROS-100-Days-Coding-Challenge/Week 5/5. Parameter/ros2_ws/build/pkg_cpp' returned '0': CMAKE_PREFIX_PATH=/opt/ros/foxy /usr/bin/cmake --install /home/loye/Desktop/Projects/ROS-100-Days-Coding-Challenge/Week 5/5. Parameter/ros2_ws/build/pkg_cpp
