[0.405s] DEBUG:colcon:Command line arguments: ['/usr/bin/colcon', 'build']
[0.405s] DEBUG:colcon:Parsed command line arguments: Namespace(allow_overriding=[], ament_cmake_args=None, base_paths=['.'], build_base='build', catkin_cmake_args=None, catkin_skip_building_tests=False, cmake_args=None, cmake_clean_cache=False, cmake_clean_first=False, cmake_force_configure=False, cmake_target=None, cmake_target_skip_unavailable=False, continue_on_error=False, event_handlers=None, executor='parallel', ignore_user_meta=False, install_base='install', log_base=None, log_level=None, main=<bound method BuildVerb.main of <colcon_core.verb.build.BuildVerb object at 0x7f21b93fc670>>, merge_install=False, metas=['./colcon.meta'], packages_above=None, packages_above_and_dependencies=None, packages_above_depth=None, packages_end=None, packages_ignore=None, packages_ignore_regex=None, packages_select=None, packages_select_build_failed=False, packages_select_by_dep=None, packages_select_regex=None, packages_select_test_failures=False, packages_skip=None, packages_skip_build_finished=False, packages_skip_by_dep=None, packages_skip_regex=None, packages_skip_test_passed=False, packages_skip_up_to=None, packages_start=None, packages_up_to=None, packages_up_to_regex=None, parallel_workers=4, paths=None, symlink_install=False, test_result_base=None, verb_extension=<colcon_core.verb.build.BuildVerb object at 0x7f21b93fc670>, verb_name='build', verb_parser=<colcon_defaults.argument_parser.defaults.DefaultArgumentsDecorator object at 0x7f21b93fcbb0>)
[0.468s] Level 1:colcon.colcon_core.package_discovery:discover_packages(colcon_meta) check parameters
[0.469s] Level 1:colcon.colcon_core.package_discovery:discover_packages(recursive) check parameters
[0.469s] Level 1:colcon.colcon_core.package_discovery:discover_packages(ignore) check parameters
[0.469s] Level 1:colcon.colcon_core.package_discovery:discover_packages(path) check parameters
[0.469s] Level 1:colcon.colcon_core.package_discovery:discover_packages(colcon_meta) discover
[0.469s] Level 1:colcon.colcon_core.package_discovery:discover_packages(recursive) discover
[0.469s] INFO:colcon.colcon_core.package_discovery:Crawling recursively for packages in '/home/loye/Desktop/Projects/ROS-100-Days-Coding-Challenge/Week 3/2. ROS Overlay & Pkg'
[0.469s] Level 1:colcon.colcon_core.package_identification:_identify(.) by extensions ['ignore', 'ignore_ament_install']
[0.470s] Level 1:colcon.colcon_core.package_identification:_identify(.) by extension 'ignore'
[0.470s] Level 1:colcon.colcon_core.package_identification:_identify(.) by extension 'ignore_ament_install'
[0.470s] Level 1:colcon.colcon_core.package_identification:_identify(.) by extensions ['colcon_pkg']
[0.470s] Level 1:colcon.colcon_core.package_identification:_identify(.) by extension 'colcon_pkg'
[0.470s] Level 1:colcon.colcon_core.package_identification:_identify(.) by extensions ['colcon_meta']
[0.470s] Level 1:colcon.colcon_core.package_identification:_identify(.) by extension 'colcon_meta'
[0.470s] Level 1:colcon.colcon_core.package_identification:_identify(.) by extensions ['ros']
[0.470s] Level 1:colcon.colcon_core.package_identification:_identify(.) by extension 'ros'
[0.499s] Level 1:colcon.colcon_core.package_identification:_identify(.) by extensions ['cmake', 'python']
[0.499s] Level 1:colcon.colcon_core.package_identification:_identify(.) by extension 'cmake'
[0.499s] Level 1:colcon.colcon_core.package_identification:_identify(.) by extension 'python'
[0.500s] Level 1:colcon.colcon_core.package_identification:_identify(.) by extensions ['python_setup_py']
[0.500s] Level 1:colcon.colcon_core.package_identification:_identify(.) by extension 'python_setup_py'
[0.500s] Level 1:colcon.colcon_core.package_identification:_identify(build) by extensions ['ignore', 'ignore_ament_install']
[0.500s] Level 1:colcon.colcon_core.package_identification:_identify(build) by extension 'ignore'
[0.500s] Level 1:colcon.colcon_core.package_identification:_identify(build) ignored
[0.500s] Level 1:colcon.colcon_core.package_identification:_identify(docs) by extensions ['ignore', 'ignore_ament_install']
[0.500s] Level 1:colcon.colcon_core.package_identification:_identify(docs) by extension 'ignore'
[0.501s] Level 1:colcon.colcon_core.package_identification:_identify(docs) by extension 'ignore_ament_install'
[0.501s] Level 1:colcon.colcon_core.package_identification:_identify(docs) by extensions ['colcon_pkg']
[0.501s] Level 1:colcon.colcon_core.package_identification:_identify(docs) by extension 'colcon_pkg'
[0.501s] Level 1:colcon.colcon_core.package_identification:_identify(docs) by extensions ['colcon_meta']
[0.501s] Level 1:colcon.colcon_core.package_identification:_identify(docs) by extension 'colcon_meta'
[0.501s] Level 1:colcon.colcon_core.package_identification:_identify(docs) by extensions ['ros']
[0.501s] Level 1:colcon.colcon_core.package_identification:_identify(docs) by extension 'ros'
[0.501s] Level 1:colcon.colcon_core.package_identification:_identify(docs) by extensions ['cmake', 'python']
[0.501s] Level 1:colcon.colcon_core.package_identification:_identify(docs) by extension 'cmake'
[0.501s] Level 1:colcon.colcon_core.package_identification:_identify(docs) by extension 'python'
[0.502s] Level 1:colcon.colcon_core.package_identification:_identify(docs) by extensions ['python_setup_py']
[0.502s] Level 1:colcon.colcon_core.package_identification:_identify(docs) by extension 'python_setup_py'
[0.502s] Level 1:colcon.colcon_core.package_identification:_identify(install) by extensions ['ignore', 'ignore_ament_install']
[0.502s] Level 1:colcon.colcon_core.package_identification:_identify(install) by extension 'ignore'
[0.502s] Level 1:colcon.colcon_core.package_identification:_identify(install) ignored
[0.502s] Level 1:colcon.colcon_core.package_identification:_identify(log) by extensions ['ignore', 'ignore_ament_install']
[0.502s] Level 1:colcon.colcon_core.package_identification:_identify(log) by extension 'ignore'
[0.502s] Level 1:colcon.colcon_core.package_identification:_identify(log) ignored
[0.503s] Level 1:colcon.colcon_core.package_identification:_identify(ros_ws) by extensions ['ignore', 'ignore_ament_install']
[0.503s] Level 1:colcon.colcon_core.package_identification:_identify(ros_ws) by extension 'ignore'
[0.503s] Level 1:colcon.colcon_core.package_identification:_identify(ros_ws) by extension 'ignore_ament_install'
[0.503s] Level 1:colcon.colcon_core.package_identification:_identify(ros_ws) by extensions ['colcon_pkg']
[0.503s] Level 1:colcon.colcon_core.package_identification:_identify(ros_ws) by extension 'colcon_pkg'
[0.503s] Level 1:colcon.colcon_core.package_identification:_identify(ros_ws) by extensions ['colcon_meta']
[0.503s] Level 1:colcon.colcon_core.package_identification:_identify(ros_ws) by extension 'colcon_meta'
[0.503s] Level 1:colcon.colcon_core.package_identification:_identify(ros_ws) by extensions ['ros']
[0.503s] Level 1:colcon.colcon_core.package_identification:_identify(ros_ws) by extension 'ros'
[0.504s] Level 1:colcon.colcon_core.package_identification:_identify(ros_ws) by extensions ['cmake', 'python']
[0.504s] Level 1:colcon.colcon_core.package_identification:_identify(ros_ws) by extension 'cmake'
[0.504s] Level 1:colcon.colcon_core.package_identification:_identify(ros_ws) by extension 'python'
[0.504s] Level 1:colcon.colcon_core.package_identification:_identify(ros_ws) by extensions ['python_setup_py']
[0.504s] Level 1:colcon.colcon_core.package_identification:_identify(ros_ws) by extension 'python_setup_py'
[0.504s] Level 1:colcon.colcon_core.package_identification:_identify(ros_ws/build) by extensions ['ignore', 'ignore_ament_install']
[0.504s] Level 1:colcon.colcon_core.package_identification:_identify(ros_ws/build) by extension 'ignore'
[0.504s] Level 1:colcon.colcon_core.package_identification:_identify(ros_ws/build) ignored
[0.505s] Level 1:colcon.colcon_core.package_identification:_identify(ros_ws/install) by extensions ['ignore', 'ignore_ament_install']
[0.505s] Level 1:colcon.colcon_core.package_identification:_identify(ros_ws/install) by extension 'ignore'
[0.505s] Level 1:colcon.colcon_core.package_identification:_identify(ros_ws/install) ignored
[0.505s] Level 1:colcon.colcon_core.package_identification:_identify(ros_ws/log) by extensions ['ignore', 'ignore_ament_install']
[0.505s] Level 1:colcon.colcon_core.package_identification:_identify(ros_ws/log) by extension 'ignore'
[0.505s] Level 1:colcon.colcon_core.package_identification:_identify(ros_ws/log) ignored
[0.505s] Level 1:colcon.colcon_core.package_identification:_identify(ros_ws/src) by extensions ['ignore', 'ignore_ament_install']
[0.506s] Level 1:colcon.colcon_core.package_identification:_identify(ros_ws/src) by extension 'ignore'
[0.506s] Level 1:colcon.colcon_core.package_identification:_identify(ros_ws/src) by extension 'ignore_ament_install'
[0.506s] Level 1:colcon.colcon_core.package_identification:_identify(ros_ws/src) by extensions ['colcon_pkg']
[0.506s] Level 1:colcon.colcon_core.package_identification:_identify(ros_ws/src) by extension 'colcon_pkg'
[0.506s] Level 1:colcon.colcon_core.package_identification:_identify(ros_ws/src) by extensions ['colcon_meta']
[0.506s] Level 1:colcon.colcon_core.package_identification:_identify(ros_ws/src) by extension 'colcon_meta'
[0.506s] Level 1:colcon.colcon_core.package_identification:_identify(ros_ws/src) by extensions ['ros']
[0.506s] Level 1:colcon.colcon_core.package_identification:_identify(ros_ws/src) by extension 'ros'
[0.506s] Level 1:colcon.colcon_core.package_identification:_identify(ros_ws/src) by extensions ['cmake', 'python']
[0.506s] Level 1:colcon.colcon_core.package_identification:_identify(ros_ws/src) by extension 'cmake'
[0.507s] Level 1:colcon.colcon_core.package_identification:_identify(ros_ws/src) by extension 'python'
[0.507s] Level 1:colcon.colcon_core.package_identification:_identify(ros_ws/src) by extensions ['python_setup_py']
[0.507s] Level 1:colcon.colcon_core.package_identification:_identify(ros_ws/src) by extension 'python_setup_py'
[0.507s] Level 1:colcon.colcon_core.package_identification:_identify(ros_ws/src/pkg_cpp) by extensions ['ignore', 'ignore_ament_install']
[0.507s] Level 1:colcon.colcon_core.package_identification:_identify(ros_ws/src/pkg_cpp) by extension 'ignore'
[0.507s] Level 1:colcon.colcon_core.package_identification:_identify(ros_ws/src/pkg_cpp) by extension 'ignore_ament_install'
[0.507s] Level 1:colcon.colcon_core.package_identification:_identify(ros_ws/src/pkg_cpp) by extensions ['colcon_pkg']
[0.507s] Level 1:colcon.colcon_core.package_identification:_identify(ros_ws/src/pkg_cpp) by extension 'colcon_pkg'
[0.508s] Level 1:colcon.colcon_core.package_identification:_identify(ros_ws/src/pkg_cpp) by extensions ['colcon_meta']
[0.508s] Level 1:colcon.colcon_core.package_identification:_identify(ros_ws/src/pkg_cpp) by extension 'colcon_meta'
[0.508s] Level 1:colcon.colcon_core.package_identification:_identify(ros_ws/src/pkg_cpp) by extensions ['ros']
[0.508s] Level 1:colcon.colcon_core.package_identification:_identify(ros_ws/src/pkg_cpp) by extension 'ros'
[0.519s] DEBUG:colcon.colcon_core.package_identification:Package 'ros_ws/src/pkg_cpp' with type 'ros.ament_cmake' and name 'pkg_cpp'
[0.519s] Level 1:colcon.colcon_core.package_identification:_identify(ros_ws/src/pkg_cpp_py) by extensions ['ignore', 'ignore_ament_install']
[0.520s] Level 1:colcon.colcon_core.package_identification:_identify(ros_ws/src/pkg_cpp_py) by extension 'ignore'
[0.520s] Level 1:colcon.colcon_core.package_identification:_identify(ros_ws/src/pkg_cpp_py) by extension 'ignore_ament_install'
[0.520s] Level 1:colcon.colcon_core.package_identification:_identify(ros_ws/src/pkg_cpp_py) by extensions ['colcon_pkg']
[0.520s] Level 1:colcon.colcon_core.package_identification:_identify(ros_ws/src/pkg_cpp_py) by extension 'colcon_pkg'
[0.520s] Level 1:colcon.colcon_core.package_identification:_identify(ros_ws/src/pkg_cpp_py) by extensions ['colcon_meta']
[0.520s] Level 1:colcon.colcon_core.package_identification:_identify(ros_ws/src/pkg_cpp_py) by extension 'colcon_meta'
[0.520s] Level 1:colcon.colcon_core.package_identification:_identify(ros_ws/src/pkg_cpp_py) by extensions ['ros']
[0.520s] Level 1:colcon.colcon_core.package_identification:_identify(ros_ws/src/pkg_cpp_py) by extension 'ros'
[0.521s] DEBUG:colcon.colcon_core.package_identification:Package 'ros_ws/src/pkg_cpp_py' with type 'ros.ament_cmake' and name 'pkg_cpp_py'
[0.522s] Level 1:colcon.colcon_core.package_identification:_identify(ros_ws/src/pkg_py) by extensions ['ignore', 'ignore_ament_install']
[0.522s] Level 1:colcon.colcon_core.package_identification:_identify(ros_ws/src/pkg_py) by extension 'ignore'
[0.522s] Level 1:colcon.colcon_core.package_identification:_identify(ros_ws/src/pkg_py) by extension 'ignore_ament_install'
[0.522s] Level 1:colcon.colcon_core.package_identification:_identify(ros_ws/src/pkg_py) by extensions ['colcon_pkg']
[0.522s] Level 1:colcon.colcon_core.package_identification:_identify(ros_ws/src/pkg_py) by extension 'colcon_pkg'
[0.522s] Level 1:colcon.colcon_core.package_identification:_identify(ros_ws/src/pkg_py) by extensions ['colcon_meta']
[0.522s] Level 1:colcon.colcon_core.package_identification:_identify(ros_ws/src/pkg_py) by extension 'colcon_meta'
[0.522s] Level 1:colcon.colcon_core.package_identification:_identify(ros_ws/src/pkg_py) by extensions ['ros']
[0.522s] Level 1:colcon.colcon_core.package_identification:_identify(ros_ws/src/pkg_py) by extension 'ros'
[0.524s] DEBUG:colcon.colcon_core.package_identification:Package 'ros_ws/src/pkg_py' with type 'ros.ament_python' and name 'pkg_py'
[0.524s] Level 1:colcon.colcon_core.package_discovery:discover_packages(recursive) using defaults
[0.524s] Level 1:colcon.colcon_core.package_discovery:discover_packages(ignore) discover
[0.524s] Level 1:colcon.colcon_core.package_discovery:discover_packages(ignore) using defaults
[0.524s] Level 1:colcon.colcon_core.package_discovery:discover_packages(path) discover
[0.525s] Level 1:colcon.colcon_core.package_discovery:discover_packages(path) using defaults
[0.597s] Level 1:colcon.colcon_core.package_discovery:discover_packages(prefix_path) check parameters
[0.597s] Level 1:colcon.colcon_core.package_discovery:discover_packages(prefix_path) discover
[0.605s] DEBUG:colcon.colcon_installed_package_information.package_discovery:Found 263 installed packages in /opt/ros/foxy
[0.610s] Level 1:colcon.colcon_core.package_discovery:discover_packages(prefix_path) using defaults
[0.793s] Level 5:colcon.colcon_core.verb:set package 'pkg_cpp' build argument 'cmake_args' from command line to 'None'
[0.793s] Level 5:colcon.colcon_core.verb:set package 'pkg_cpp' build argument 'cmake_target' from command line to 'None'
[0.793s] Level 5:colcon.colcon_core.verb:set package 'pkg_cpp' build argument 'cmake_target_skip_unavailable' from command line to 'False'
[0.793s] Level 5:colcon.colcon_core.verb:set package 'pkg_cpp' build argument 'cmake_clean_cache' from command line to 'False'
[0.793s] Level 5:colcon.colcon_core.verb:set package 'pkg_cpp' build argument 'cmake_clean_first' from command line to 'False'
[0.793s] Level 5:colcon.colcon_core.verb:set package 'pkg_cpp' build argument 'cmake_force_configure' from command line to 'False'
[0.793s] Level 5:colcon.colcon_core.verb:set package 'pkg_cpp' build argument 'ament_cmake_args' from command line to 'None'
[0.793s] Level 5:colcon.colcon_core.verb:set package 'pkg_cpp' build argument 'catkin_cmake_args' from command line to 'None'
[0.793s] Level 5:colcon.colcon_core.verb:set package 'pkg_cpp' build argument 'catkin_skip_building_tests' from command line to 'False'
[0.794s] DEBUG:colcon.colcon_core.verb:Building package 'pkg_cpp' with the following arguments: {'ament_cmake_args': None, 'build_base': '/home/loye/Desktop/Projects/ROS-100-Days-Coding-Challenge/Week 3/2. ROS Overlay & Pkg/build/pkg_cpp', 'catkin_cmake_args': None, 'catkin_skip_building_tests': False, 'cmake_args': None, 'cmake_clean_cache': False, 'cmake_clean_first': False, 'cmake_force_configure': False, 'cmake_target': None, 'cmake_target_skip_unavailable': False, 'install_base': '/home/loye/Desktop/Projects/ROS-100-Days-Coding-Challenge/Week 3/2. ROS Overlay & Pkg/install/pkg_cpp', 'merge_install': False, 'path': '/home/loye/Desktop/Projects/ROS-100-Days-Coding-Challenge/Week 3/2. ROS Overlay & Pkg/ros_ws/src/pkg_cpp', 'symlink_install': False, 'test_result_base': None}
[0.796s] Level 5:colcon.colcon_core.verb:set package 'pkg_cpp_py' build argument 'cmake_args' from command line to 'None'
[0.796s] Level 5:colcon.colcon_core.verb:set package 'pkg_cpp_py' build argument 'cmake_target' from command line to 'None'
[0.796s] Level 5:colcon.colcon_core.verb:set package 'pkg_cpp_py' build argument 'cmake_target_skip_unavailable' from command line to 'False'
[0.797s] Level 5:colcon.colcon_core.verb:set package 'pkg_cpp_py' build argument 'cmake_clean_cache' from command line to 'False'
[0.797s] Level 5:colcon.colcon_core.verb:set package 'pkg_cpp_py' build argument 'cmake_clean_first' from command line to 'False'
[0.797s] Level 5:colcon.colcon_core.verb:set package 'pkg_cpp_py' build argument 'cmake_force_configure' from command line to 'False'
[0.797s] Level 5:colcon.colcon_core.verb:set package 'pkg_cpp_py' build argument 'ament_cmake_args' from command line to 'None'
[0.797s] Level 5:colcon.colcon_core.verb:set package 'pkg_cpp_py' build argument 'catkin_cmake_args' from command line to 'None'
[0.797s] Level 5:colcon.colcon_core.verb:set package 'pkg_cpp_py' build argument 'catkin_skip_building_tests' from command line to 'False'
[0.797s] DEBUG:colcon.colcon_core.verb:Building package 'pkg_cpp_py' with the following arguments: {'ament_cmake_args': None, 'build_base': '/home/loye/Desktop/Projects/ROS-100-Days-Coding-Challenge/Week 3/2. ROS Overlay & Pkg/build/pkg_cpp_py', 'catkin_cmake_args': None, 'catkin_skip_building_tests': False, 'cmake_args': None, 'cmake_clean_cache': False, 'cmake_clean_first': False, 'cmake_force_configure': False, 'cmake_target': None, 'cmake_target_skip_unavailable': False, 'install_base': '/home/loye/Desktop/Projects/ROS-100-Days-Coding-Challenge/Week 3/2. ROS Overlay & Pkg/install/pkg_cpp_py', 'merge_install': False, 'path': '/home/loye/Desktop/Projects/ROS-100-Days-Coding-Challenge/Week 3/2. ROS Overlay & Pkg/ros_ws/src/pkg_cpp_py', 'symlink_install': False, 'test_result_base': None}
[0.800s] Level 5:colcon.colcon_core.verb:set package 'pkg_py' build argument 'cmake_args' from command line to 'None'
[0.800s] Level 5:colcon.colcon_core.verb:set package 'pkg_py' build argument 'cmake_target' from command line to 'None'
[0.800s] Level 5:colcon.colcon_core.verb:set package 'pkg_py' build argument 'cmake_target_skip_unavailable' from command line to 'False'
[0.800s] Level 5:colcon.colcon_core.verb:set package 'pkg_py' build argument 'cmake_clean_cache' from command line to 'False'
[0.800s] Level 5:colcon.colcon_core.verb:set package 'pkg_py' build argument 'cmake_clean_first' from command line to 'False'
[0.800s] Level 5:colcon.colcon_core.verb:set package 'pkg_py' build argument 'cmake_force_configure' from command line to 'False'
[0.800s] Level 5:colcon.colcon_core.verb:set package 'pkg_py' build argument 'ament_cmake_args' from command line to 'None'
[0.800s] Level 5:colcon.colcon_core.verb:set package 'pkg_py' build argument 'catkin_cmake_args' from command line to 'None'
[0.800s] Level 5:colcon.colcon_core.verb:set package 'pkg_py' build argument 'catkin_skip_building_tests' from command line to 'False'
[0.800s] DEBUG:colcon.colcon_core.verb:Building package 'pkg_py' with the following arguments: {'ament_cmake_args': None, 'build_base': '/home/loye/Desktop/Projects/ROS-100-Days-Coding-Challenge/Week 3/2. ROS Overlay & Pkg/build/pkg_py', 'catkin_cmake_args': None, 'catkin_skip_building_tests': False, 'cmake_args': None, 'cmake_clean_cache': False, 'cmake_clean_first': False, 'cmake_force_configure': False, 'cmake_target': None, 'cmake_target_skip_unavailable': False, 'install_base': '/home/loye/Desktop/Projects/ROS-100-Days-Coding-Challenge/Week 3/2. ROS Overlay & Pkg/install/pkg_py', 'merge_install': False, 'path': '/home/loye/Desktop/Projects/ROS-100-Days-Coding-Challenge/Week 3/2. ROS Overlay & Pkg/ros_ws/src/pkg_py', 'symlink_install': False, 'test_result_base': None}
[0.802s] INFO:colcon.colcon_core.executor:Executing jobs using 'parallel' executor
[0.813s] DEBUG:colcon.colcon_parallel_executor.executor.parallel:run_until_complete
[0.813s] INFO:colcon.colcon_ros.task.ament_cmake.build:Building ROS package in '/home/loye/Desktop/Projects/ROS-100-Days-Coding-Challenge/Week 3/2. ROS Overlay & Pkg/ros_ws/src/pkg_cpp' with build type 'ament_cmake'
[0.813s] INFO:colcon.colcon_cmake.task.cmake.build:Building CMake package in '/home/loye/Desktop/Projects/ROS-100-Days-Coding-Challenge/Week 3/2. ROS Overlay & Pkg/ros_ws/src/pkg_cpp'
[0.828s] INFO:colcon.colcon_core.plugin_system:Skipping extension 'colcon_core.shell.bat': Not used on non-Windows systems
[0.828s] INFO:colcon.colcon_core.shell:Skip shell extension 'powershell' for command environment: Not usable outside of PowerShell
[0.829s] DEBUG:colcon.colcon_core.shell:Skip shell extension 'dsv' for command environment
[0.844s] INFO:colcon.colcon_ros.task.ament_cmake.build:Building ROS package in '/home/loye/Desktop/Projects/ROS-100-Days-Coding-Challenge/Week 3/2. ROS Overlay & Pkg/ros_ws/src/pkg_cpp_py' with build type 'ament_cmake'
[0.844s] INFO:colcon.colcon_cmake.task.cmake.build:Building CMake package in '/home/loye/Desktop/Projects/ROS-100-Days-Coding-Challenge/Week 3/2. ROS Overlay & Pkg/ros_ws/src/pkg_cpp_py'
[0.849s] INFO:colcon.colcon_core.shell:Skip shell extension 'powershell' for command environment: Not usable outside of PowerShell
[0.849s] DEBUG:colcon.colcon_core.shell:Skip shell extension 'dsv' for command environment
[0.862s] INFO:colcon.colcon_ros.task.ament_python.build:Building ROS package in '/home/loye/Desktop/Projects/ROS-100-Days-Coding-Challenge/Week 3/2. ROS Overlay & Pkg/ros_ws/src/pkg_py' with build type 'ament_python'
[0.863s] Level 1:colcon.colcon_core.shell:create_environment_hook('pkg_py', 'ament_prefix_path')
[0.867s] INFO:colcon.colcon_core.shell:Creating environment hook '/home/loye/Desktop/Projects/ROS-100-Days-Coding-Challenge/Week 3/2. ROS Overlay & Pkg/install/pkg_py/share/pkg_py/hook/ament_prefix_path.ps1'
[0.869s] INFO:colcon.colcon_core.shell:Creating environment descriptor '/home/loye/Desktop/Projects/ROS-100-Days-Coding-Challenge/Week 3/2. ROS Overlay & Pkg/install/pkg_py/share/pkg_py/hook/ament_prefix_path.dsv'
[0.870s] INFO:colcon.colcon_core.shell:Creating environment hook '/home/loye/Desktop/Projects/ROS-100-Days-Coding-Challenge/Week 3/2. ROS Overlay & Pkg/install/pkg_py/share/pkg_py/hook/ament_prefix_path.sh'
[0.877s] INFO:colcon.colcon_core.shell:Skip shell extension 'powershell' for command environment: Not usable outside of PowerShell
[0.877s] DEBUG:colcon.colcon_core.shell:Skip shell extension 'dsv' for command environment
[0.906s] DEBUG:colcon.colcon_core.event_handler.log_command:Invoking command in '/home/loye/Desktop/Projects/ROS-100-Days-Coding-Challenge/Week 3/2. ROS Overlay & Pkg/build/pkg_cpp': CMAKE_PREFIX_PATH=/opt/ros/foxy /usr/bin/cmake /home/loye/Desktop/Projects/ROS-100-Days-Coding-Challenge/Week 3/2. ROS Overlay & Pkg/ros_ws/src/pkg_cpp -DCMAKE_INSTALL_PREFIX=/home/loye/Desktop/Projects/ROS-100-Days-Coding-Challenge/Week 3/2. ROS Overlay & Pkg/install/pkg_cpp
[0.914s] DEBUG:colcon.colcon_core.event_handler.log_command:Invoking command in '/home/loye/Desktop/Projects/ROS-100-Days-Coding-Challenge/Week 3/2. ROS Overlay & Pkg/build/pkg_cpp_py': CMAKE_PREFIX_PATH=/opt/ros/foxy /usr/bin/cmake /home/loye/Desktop/Projects/ROS-100-Days-Coding-Challenge/Week 3/2. ROS Overlay & Pkg/ros_ws/src/pkg_cpp_py -DCMAKE_INSTALL_PREFIX=/home/loye/Desktop/Projects/ROS-100-Days-Coding-Challenge/Week 3/2. ROS Overlay & Pkg/install/pkg_cpp_py
[1.585s] INFO:colcon.colcon_core.task.python.build:Building Python package in '/home/loye/Desktop/Projects/ROS-100-Days-Coding-Challenge/Week 3/2. ROS Overlay & Pkg/ros_ws/src/pkg_py'
[1.590s] INFO:colcon.colcon_core.shell:Skip shell extension 'powershell' for command environment: Not usable outside of PowerShell
[1.590s] DEBUG:colcon.colcon_core.shell:Skip shell extension 'dsv' for command environment
[3.514s] DEBUG:colcon.colcon_core.event_handler.log_command:Invoking command in '/home/loye/Desktop/Projects/ROS-100-Days-Coding-Challenge/Week 3/2. ROS Overlay & Pkg/ros_ws/src/pkg_py': PYTHONPATH=/home/loye/Desktop/Projects/ROS-100-Days-Coding-Challenge/Week 3/2. ROS Overlay & Pkg/install/pkg_py/lib/python3.8/site-packages:${PYTHONPATH} /usr/bin/python3 setup.py egg_info --egg-base ../../../build/pkg_py build --build-base /home/loye/Desktop/Projects/ROS-100-Days-Coding-Challenge/Week 3/2. ROS Overlay & Pkg/build/pkg_py/build install --prefix /home/loye/Desktop/Projects/ROS-100-Days-Coding-Challenge/Week 3/2. ROS Overlay & Pkg/install/pkg_py --record /home/loye/Desktop/Projects/ROS-100-Days-Coding-Challenge/Week 3/2. ROS Overlay & Pkg/build/pkg_py/install.log --single-version-externally-managed
[3.990s] DEBUG:colcon.colcon_core.event_handler.log_command:Invoked command in '/home/loye/Desktop/Projects/ROS-100-Days-Coding-Challenge/Week 3/2. ROS Overlay & Pkg/build/pkg_cpp_py' returned '0': CMAKE_PREFIX_PATH=/opt/ros/foxy /usr/bin/cmake /home/loye/Desktop/Projects/ROS-100-Days-Coding-Challenge/Week 3/2. ROS Overlay & Pkg/ros_ws/src/pkg_cpp_py -DCMAKE_INSTALL_PREFIX=/home/loye/Desktop/Projects/ROS-100-Days-Coding-Challenge/Week 3/2. ROS Overlay & Pkg/install/pkg_cpp_py
[3.991s] DEBUG:colcon.colcon_core.event_handler.log_command:Invoking command in '/home/loye/Desktop/Projects/ROS-100-Days-Coding-Challenge/Week 3/2. ROS Overlay & Pkg/build/pkg_cpp_py': CMAKE_PREFIX_PATH=/opt/ros/foxy /usr/bin/cmake --build /home/loye/Desktop/Projects/ROS-100-Days-Coding-Challenge/Week 3/2. ROS Overlay & Pkg/build/pkg_cpp_py -- -j4 -l4
[4.131s] DEBUG:colcon.colcon_core.event_handler.log_command:Invoked command in '/home/loye/Desktop/Projects/ROS-100-Days-Coding-Challenge/Week 3/2. ROS Overlay & Pkg/build/pkg_cpp_py' returned '0': CMAKE_PREFIX_PATH=/opt/ros/foxy /usr/bin/cmake --build /home/loye/Desktop/Projects/ROS-100-Days-Coding-Challenge/Week 3/2. ROS Overlay & Pkg/build/pkg_cpp_py -- -j4 -l4
[4.253s] DEBUG:colcon.colcon_core.event_handler.log_command:Invoking command in '/home/loye/Desktop/Projects/ROS-100-Days-Coding-Challenge/Week 3/2. ROS Overlay & Pkg/build/pkg_cpp_py': CMAKE_PREFIX_PATH=/opt/ros/foxy /usr/bin/cmake --install /home/loye/Desktop/Projects/ROS-100-Days-Coding-Challenge/Week 3/2. ROS Overlay & Pkg/build/pkg_cpp_py
[4.289s] Level 1:colcon.colcon_core.environment:create_environment_scripts_only(pkg_cpp_py)
[4.290s] DEBUG:colcon.colcon_core.event_handler.log_command:Invoked command in '/home/loye/Desktop/Projects/ROS-100-Days-Coding-Challenge/Week 3/2. ROS Overlay & Pkg/build/pkg_cpp_py' returned '0': CMAKE_PREFIX_PATH=/opt/ros/foxy /usr/bin/cmake --install /home/loye/Desktop/Projects/ROS-100-Days-Coding-Challenge/Week 3/2. ROS Overlay & Pkg/build/pkg_cpp_py
[4.309s] Level 1:colcon.colcon_core.environment:checking '/home/loye/Desktop/Projects/ROS-100-Days-Coding-Challenge/Week 3/2. ROS Overlay & Pkg/install/pkg_cpp_py' for CMake module files
[4.310s] Level 1:colcon.colcon_core.environment:checking '/home/loye/Desktop/Projects/ROS-100-Days-Coding-Challenge/Week 3/2. ROS Overlay & Pkg/install/pkg_cpp_py' for CMake config files
[4.311s] Level 1:colcon.colcon_core.shell:create_environment_hook('pkg_cpp_py', 'cmake_prefix_path')
[4.314s] INFO:colcon.colcon_core.shell:Creating environment hook '/home/loye/Desktop/Projects/ROS-100-Days-Coding-Challenge/Week 3/2. ROS Overlay & Pkg/install/pkg_cpp_py/share/pkg_cpp_py/hook/cmake_prefix_path.ps1'
[4.315s] INFO:colcon.colcon_core.shell:Creating environment descriptor '/home/loye/Desktop/Projects/ROS-100-Days-Coding-Challenge/Week 3/2. ROS Overlay & Pkg/install/pkg_cpp_py/share/pkg_cpp_py/hook/cmake_prefix_path.dsv'
[4.316s] INFO:colcon.colcon_core.shell:Creating environment hook '/home/loye/Desktop/Projects/ROS-100-Days-Coding-Challenge/Week 3/2. ROS Overlay & Pkg/install/pkg_cpp_py/share/pkg_cpp_py/hook/cmake_prefix_path.sh'
[4.317s] Level 1:colcon.colcon_core.environment:checking '/home/loye/Desktop/Projects/ROS-100-Days-Coding-Challenge/Week 3/2. ROS Overlay & Pkg/install/pkg_cpp_py/bin'
[4.317s] Level 1:colcon.colcon_core.environment:checking '/home/loye/Desktop/Projects/ROS-100-Days-Coding-Challenge/Week 3/2. ROS Overlay & Pkg/install/pkg_cpp_py/lib/pkgconfig/pkg_cpp_py.pc'
[4.318s] Level 1:colcon.colcon_core.environment:checking '/home/loye/Desktop/Projects/ROS-100-Days-Coding-Challenge/Week 3/2. ROS Overlay & Pkg/install/pkg_cpp_py/lib/python3.8/site-packages'
[4.318s] Level 1:colcon.colcon_core.environment:checking '/home/loye/Desktop/Projects/ROS-100-Days-Coding-Challenge/Week 3/2. ROS Overlay & Pkg/install/pkg_cpp_py/bin'
[4.322s] INFO:colcon.colcon_core.shell:Creating package script '/home/loye/Desktop/Projects/ROS-100-Days-Coding-Challenge/Week 3/2. ROS Overlay & Pkg/install/pkg_cpp_py/share/pkg_cpp_py/package.ps1'
[4.325s] INFO:colcon.colcon_core.shell:Creating package descriptor '/home/loye/Desktop/Projects/ROS-100-Days-Coding-Challenge/Week 3/2. ROS Overlay & Pkg/install/pkg_cpp_py/share/pkg_cpp_py/package.dsv'
[4.326s] INFO:colcon.colcon_core.shell:Creating package script '/home/loye/Desktop/Projects/ROS-100-Days-Coding-Challenge/Week 3/2. ROS Overlay & Pkg/install/pkg_cpp_py/share/pkg_cpp_py/package.sh'
[4.329s] INFO:colcon.colcon_core.shell:Creating package script '/home/loye/Desktop/Projects/ROS-100-Days-Coding-Challenge/Week 3/2. ROS Overlay & Pkg/install/pkg_cpp_py/share/pkg_cpp_py/package.bash'
[4.330s] INFO:colcon.colcon_core.shell:Creating package script '/home/loye/Desktop/Projects/ROS-100-Days-Coding-Challenge/Week 3/2. ROS Overlay & Pkg/install/pkg_cpp_py/share/pkg_cpp_py/package.zsh'
[4.331s] Level 1:colcon.colcon_core.environment:create_file_with_runtime_dependencies(/home/loye/Desktop/Projects/ROS-100-Days-Coding-Challenge/Week 3/2. ROS Overlay & Pkg/install/pkg_cpp_py/share/colcon-core/packages/pkg_cpp_py)
[4.418s] Level 1:colcon.colcon_core.environment:create_environment_scripts_only(pkg_cpp_py)
[4.424s] Level 1:colcon.colcon_core.environment:checking '/home/loye/Desktop/Projects/ROS-100-Days-Coding-Challenge/Week 3/2. ROS Overlay & Pkg/install/pkg_cpp_py' for CMake module files
[4.426s] Level 1:colcon.colcon_core.environment:checking '/home/loye/Desktop/Projects/ROS-100-Days-Coding-Challenge/Week 3/2. ROS Overlay & Pkg/install/pkg_cpp_py' for CMake config files
[4.426s] Level 1:colcon.colcon_core.shell:create_environment_hook('pkg_cpp_py', 'cmake_prefix_path')
[4.430s] INFO:colcon.colcon_core.shell:Creating environment hook '/home/loye/Desktop/Projects/ROS-100-Days-Coding-Challenge/Week 3/2. ROS Overlay & Pkg/install/pkg_cpp_py/share/pkg_cpp_py/hook/cmake_prefix_path.ps1'
[4.431s] INFO:colcon.colcon_core.shell:Creating environment descriptor '/home/loye/Desktop/Projects/ROS-100-Days-Coding-Challenge/Week 3/2. ROS Overlay & Pkg/install/pkg_cpp_py/share/pkg_cpp_py/hook/cmake_prefix_path.dsv'
[4.432s] INFO:colcon.colcon_core.shell:Creating environment hook '/home/loye/Desktop/Projects/ROS-100-Days-Coding-Challenge/Week 3/2. ROS Overlay & Pkg/install/pkg_cpp_py/share/pkg_cpp_py/hook/cmake_prefix_path.sh'
[4.433s] Level 1:colcon.colcon_core.environment:checking '/home/loye/Desktop/Projects/ROS-100-Days-Coding-Challenge/Week 3/2. ROS Overlay & Pkg/install/pkg_cpp_py/bin'
[4.433s] Level 1:colcon.colcon_core.environment:checking '/home/loye/Desktop/Projects/ROS-100-Days-Coding-Challenge/Week 3/2. ROS Overlay & Pkg/install/pkg_cpp_py/lib/pkgconfig/pkg_cpp_py.pc'
[4.434s] Level 1:colcon.colcon_core.environment:checking '/home/loye/Desktop/Projects/ROS-100-Days-Coding-Challenge/Week 3/2. ROS Overlay & Pkg/install/pkg_cpp_py/lib/python3.8/site-packages'
[4.435s] Level 1:colcon.colcon_core.environment:checking '/home/loye/Desktop/Projects/ROS-100-Days-Coding-Challenge/Week 3/2. ROS Overlay & Pkg/install/pkg_cpp_py/bin'
[4.439s] INFO:colcon.colcon_core.shell:Creating package script '/home/loye/Desktop/Projects/ROS-100-Days-Coding-Challenge/Week 3/2. ROS Overlay & Pkg/install/pkg_cpp_py/share/pkg_cpp_py/package.ps1'
[4.440s] INFO:colcon.colcon_core.shell:Creating package descriptor '/home/loye/Desktop/Projects/ROS-100-Days-Coding-Challenge/Week 3/2. ROS Overlay & Pkg/install/pkg_cpp_py/share/pkg_cpp_py/package.dsv'
[4.441s] INFO:colcon.colcon_core.shell:Creating package script '/home/loye/Desktop/Projects/ROS-100-Days-Coding-Challenge/Week 3/2. ROS Overlay & Pkg/install/pkg_cpp_py/share/pkg_cpp_py/package.sh'
[4.442s] INFO:colcon.colcon_core.shell:Creating package script '/home/loye/Desktop/Projects/ROS-100-Days-Coding-Challenge/Week 3/2. ROS Overlay & Pkg/install/pkg_cpp_py/share/pkg_cpp_py/package.bash'
[4.442s] INFO:colcon.colcon_core.shell:Creating package script '/home/loye/Desktop/Projects/ROS-100-Days-Coding-Challenge/Week 3/2. ROS Overlay & Pkg/install/pkg_cpp_py/share/pkg_cpp_py/package.zsh'
[4.443s] Level 1:colcon.colcon_core.environment:create_file_with_runtime_dependencies(/home/loye/Desktop/Projects/ROS-100-Days-Coding-Challenge/Week 3/2. ROS Overlay & Pkg/install/pkg_cpp_py/share/colcon-core/packages/pkg_cpp_py)
[4.486s] Level 1:colcon.colcon_core.environment:checking '/home/loye/Desktop/Projects/ROS-100-Days-Coding-Challenge/Week 3/2. ROS Overlay & Pkg/install/pkg_py' for CMake module files
[4.487s] DEBUG:colcon.colcon_core.event_handler.log_command:Invoked command in '/home/loye/Desktop/Projects/ROS-100-Days-Coding-Challenge/Week 3/2. ROS Overlay & Pkg/ros_ws/src/pkg_py' returned '0': PYTHONPATH=/home/loye/Desktop/Projects/ROS-100-Days-Coding-Challenge/Week 3/2. ROS Overlay & Pkg/install/pkg_py/lib/python3.8/site-packages:${PYTHONPATH} /usr/bin/python3 setup.py egg_info --egg-base ../../../build/pkg_py build --build-base /home/loye/Desktop/Projects/ROS-100-Days-Coding-Challenge/Week 3/2. ROS Overlay & Pkg/build/pkg_py/build install --prefix /home/loye/Desktop/Projects/ROS-100-Days-Coding-Challenge/Week 3/2. ROS Overlay & Pkg/install/pkg_py --record /home/loye/Desktop/Projects/ROS-100-Days-Coding-Challenge/Week 3/2. ROS Overlay & Pkg/build/pkg_py/install.log --single-version-externally-managed
[4.488s] Level 1:colcon.colcon_core.environment:checking '/home/loye/Desktop/Projects/ROS-100-Days-Coding-Challenge/Week 3/2. ROS Overlay & Pkg/install/pkg_py' for CMake config files
[4.488s] Level 1:colcon.colcon_core.environment:checking '/home/loye/Desktop/Projects/ROS-100-Days-Coding-Challenge/Week 3/2. ROS Overlay & Pkg/install/pkg_py/lib'
[4.491s] Level 1:colcon.colcon_core.environment:checking '/home/loye/Desktop/Projects/ROS-100-Days-Coding-Challenge/Week 3/2. ROS Overlay & Pkg/install/pkg_py/bin'
[4.491s] Level 1:colcon.colcon_core.environment:checking '/home/loye/Desktop/Projects/ROS-100-Days-Coding-Challenge/Week 3/2. ROS Overlay & Pkg/install/pkg_py/lib/pkgconfig/pkg_py.pc'
[4.492s] Level 1:colcon.colcon_core.environment:checking '/home/loye/Desktop/Projects/ROS-100-Days-Coding-Challenge/Week 3/2. ROS Overlay & Pkg/install/pkg_py/lib/python3.8/site-packages'
[4.492s] Level 1:colcon.colcon_core.shell:create_environment_hook('pkg_py', 'pythonpath')
[4.505s] INFO:colcon.colcon_core.shell:Creating environment hook '/home/loye/Desktop/Projects/ROS-100-Days-Coding-Challenge/Week 3/2. ROS Overlay & Pkg/install/pkg_py/share/pkg_py/hook/pythonpath.ps1'
[4.506s] INFO:colcon.colcon_core.shell:Creating environment descriptor '/home/loye/Desktop/Projects/ROS-100-Days-Coding-Challenge/Week 3/2. ROS Overlay & Pkg/install/pkg_py/share/pkg_py/hook/pythonpath.dsv'
[4.510s] INFO:colcon.colcon_core.shell:Creating environment hook '/home/loye/Desktop/Projects/ROS-100-Days-Coding-Challenge/Week 3/2. ROS Overlay & Pkg/install/pkg_py/share/pkg_py/hook/pythonpath.sh'
[4.511s] Level 1:colcon.colcon_core.environment:checking '/home/loye/Desktop/Projects/ROS-100-Days-Coding-Challenge/Week 3/2. ROS Overlay & Pkg/install/pkg_py/bin'
[4.511s] Level 1:colcon.colcon_core.environment:create_environment_scripts_only(pkg_py)
[4.515s] INFO:colcon.colcon_core.shell:Creating package script '/home/loye/Desktop/Projects/ROS-100-Days-Coding-Challenge/Week 3/2. ROS Overlay & Pkg/install/pkg_py/share/pkg_py/package.ps1'
[4.516s] INFO:colcon.colcon_core.shell:Creating package descriptor '/home/loye/Desktop/Projects/ROS-100-Days-Coding-Challenge/Week 3/2. ROS Overlay & Pkg/install/pkg_py/share/pkg_py/package.dsv'
[4.517s] INFO:colcon.colcon_core.shell:Creating package script '/home/loye/Desktop/Projects/ROS-100-Days-Coding-Challenge/Week 3/2. ROS Overlay & Pkg/install/pkg_py/share/pkg_py/package.sh'
[4.518s] INFO:colcon.colcon_core.shell:Creating package script '/home/loye/Desktop/Projects/ROS-100-Days-Coding-Challenge/Week 3/2. ROS Overlay & Pkg/install/pkg_py/share/pkg_py/package.bash'
[4.518s] INFO:colcon.colcon_core.shell:Creating package script '/home/loye/Desktop/Projects/ROS-100-Days-Coding-Challenge/Week 3/2. ROS Overlay & Pkg/install/pkg_py/share/pkg_py/package.zsh'
[4.519s] Level 1:colcon.colcon_core.environment:create_file_with_runtime_dependencies(/home/loye/Desktop/Projects/ROS-100-Days-Coding-Challenge/Week 3/2. ROS Overlay & Pkg/install/pkg_py/share/colcon-core/packages/pkg_py)
[6.881s] DEBUG:colcon.colcon_core.event_handler.log_command:Invoked command in '/home/loye/Desktop/Projects/ROS-100-Days-Coding-Challenge/Week 3/2. ROS Overlay & Pkg/build/pkg_cpp' returned '0': CMAKE_PREFIX_PATH=/opt/ros/foxy /usr/bin/cmake /home/loye/Desktop/Projects/ROS-100-Days-Coding-Challenge/Week 3/2. ROS Overlay & Pkg/ros_ws/src/pkg_cpp -DCMAKE_INSTALL_PREFIX=/home/loye/Desktop/Projects/ROS-100-Days-Coding-Challenge/Week 3/2. ROS Overlay & Pkg/install/pkg_cpp
[6.887s] DEBUG:colcon.colcon_core.event_handler.log_command:Invoking command in '/home/loye/Desktop/Projects/ROS-100-Days-Coding-Challenge/Week 3/2. ROS Overlay & Pkg/build/pkg_cpp': CMAKE_PREFIX_PATH=/opt/ros/foxy /usr/bin/cmake --build /home/loye/Desktop/Projects/ROS-100-Days-Coding-Challenge/Week 3/2. ROS Overlay & Pkg/build/pkg_cpp -- -j4 -l4
[7.012s] DEBUG:colcon.colcon_core.event_handler.log_command:Invoked command in '/home/loye/Desktop/Projects/ROS-100-Days-Coding-Challenge/Week 3/2. ROS Overlay & Pkg/build/pkg_cpp' returned '0': CMAKE_PREFIX_PATH=/opt/ros/foxy /usr/bin/cmake --build /home/loye/Desktop/Projects/ROS-100-Days-Coding-Challenge/Week 3/2. ROS Overlay & Pkg/build/pkg_cpp -- -j4 -l4
[7.067s] DEBUG:colcon.colcon_core.event_handler.log_command:Invoking command in '/home/loye/Desktop/Projects/ROS-100-Days-Coding-Challenge/Week 3/2. ROS Overlay & Pkg/build/pkg_cpp': CMAKE_PREFIX_PATH=/opt/ros/foxy /usr/bin/cmake --install /home/loye/Desktop/Projects/ROS-100-Days-Coding-Challenge/Week 3/2. ROS Overlay & Pkg/build/pkg_cpp
[7.096s] Level 1:colcon.colcon_core.environment:create_environment_scripts_only(pkg_cpp)
[7.102s] DEBUG:colcon.colcon_core.event_handler.log_command:Invoked command in '/home/loye/Desktop/Projects/ROS-100-Days-Coding-Challenge/Week 3/2. ROS Overlay & Pkg/build/pkg_cpp' returned '0': CMAKE_PREFIX_PATH=/opt/ros/foxy /usr/bin/cmake --install /home/loye/Desktop/Projects/ROS-100-Days-Coding-Challenge/Week 3/2. ROS Overlay & Pkg/build/pkg_cpp
[7.104s] Level 1:colcon.colcon_core.environment:checking '/home/loye/Desktop/Projects/ROS-100-Days-Coding-Challenge/Week 3/2. ROS Overlay & Pkg/install/pkg_cpp' for CMake module files
[7.104s] Level 1:colcon.colcon_core.environment:checking '/home/loye/Desktop/Projects/ROS-100-Days-Coding-Challenge/Week 3/2. ROS Overlay & Pkg/install/pkg_cpp' for CMake config files
[7.105s] Level 1:colcon.colcon_core.shell:create_environment_hook('pkg_cpp', 'cmake_prefix_path')
[7.109s] INFO:colcon.colcon_core.shell:Creating environment hook '/home/loye/Desktop/Projects/ROS-100-Days-Coding-Challenge/Week 3/2. ROS Overlay & Pkg/install/pkg_cpp/share/pkg_cpp/hook/cmake_prefix_path.ps1'
[7.110s] INFO:colcon.colcon_core.shell:Creating environment descriptor '/home/loye/Desktop/Projects/ROS-100-Days-Coding-Challenge/Week 3/2. ROS Overlay & Pkg/install/pkg_cpp/share/pkg_cpp/hook/cmake_prefix_path.dsv'
[7.111s] INFO:colcon.colcon_core.shell:Creating environment hook '/home/loye/Desktop/Projects/ROS-100-Days-Coding-Challenge/Week 3/2. ROS Overlay & Pkg/install/pkg_cpp/share/pkg_cpp/hook/cmake_prefix_path.sh'
[7.112s] Level 1:colcon.colcon_core.environment:checking '/home/loye/Desktop/Projects/ROS-100-Days-Coding-Challenge/Week 3/2. ROS Overlay & Pkg/install/pkg_cpp/bin'
[7.112s] Level 1:colcon.colcon_core.environment:checking '/home/loye/Desktop/Projects/ROS-100-Days-Coding-Challenge/Week 3/2. ROS Overlay & Pkg/install/pkg_cpp/lib/pkgconfig/pkg_cpp.pc'
[7.112s] Level 1:colcon.colcon_core.environment:checking '/home/loye/Desktop/Projects/ROS-100-Days-Coding-Challenge/Week 3/2. ROS Overlay & Pkg/install/pkg_cpp/lib/python3.8/site-packages'
[7.113s] Level 1:colcon.colcon_core.environment:checking '/home/loye/Desktop/Projects/ROS-100-Days-Coding-Challenge/Week 3/2. ROS Overlay & Pkg/install/pkg_cpp/bin'
[7.117s] INFO:colcon.colcon_core.shell:Creating package script '/home/loye/Desktop/Projects/ROS-100-Days-Coding-Challenge/Week 3/2. ROS Overlay & Pkg/install/pkg_cpp/share/pkg_cpp/package.ps1'
[7.118s] INFO:colcon.colcon_core.shell:Creating package descriptor '/home/loye/Desktop/Projects/ROS-100-Days-Coding-Challenge/Week 3/2. ROS Overlay & Pkg/install/pkg_cpp/share/pkg_cpp/package.dsv'
[7.118s] INFO:colcon.colcon_core.shell:Creating package script '/home/loye/Desktop/Projects/ROS-100-Days-Coding-Challenge/Week 3/2. ROS Overlay & Pkg/install/pkg_cpp/share/pkg_cpp/package.sh'
[7.119s] INFO:colcon.colcon_core.shell:Creating package script '/home/loye/Desktop/Projects/ROS-100-Days-Coding-Challenge/Week 3/2. ROS Overlay & Pkg/install/pkg_cpp/share/pkg_cpp/package.bash'
[7.120s] INFO:colcon.colcon_core.shell:Creating package script '/home/loye/Desktop/Projects/ROS-100-Days-Coding-Challenge/Week 3/2. ROS Overlay & Pkg/install/pkg_cpp/share/pkg_cpp/package.zsh'
[7.120s] Level 1:colcon.colcon_core.environment:create_file_with_runtime_dependencies(/home/loye/Desktop/Projects/ROS-100-Days-Coding-Challenge/Week 3/2. ROS Overlay & Pkg/install/pkg_cpp/share/colcon-core/packages/pkg_cpp)
[7.179s] Level 1:colcon.colcon_core.environment:create_environment_scripts_only(pkg_cpp)
[7.185s] Level 1:colcon.colcon_core.environment:checking '/home/loye/Desktop/Projects/ROS-100-Days-Coding-Challenge/Week 3/2. ROS Overlay & Pkg/install/pkg_cpp' for CMake module files
[7.186s] Level 1:colcon.colcon_core.environment:checking '/home/loye/Desktop/Projects/ROS-100-Days-Coding-Challenge/Week 3/2. ROS Overlay & Pkg/install/pkg_cpp' for CMake config files
[7.187s] Level 1:colcon.colcon_core.shell:create_environment_hook('pkg_cpp', 'cmake_prefix_path')
[7.190s] INFO:colcon.colcon_core.shell:Creating environment hook '/home/loye/Desktop/Projects/ROS-100-Days-Coding-Challenge/Week 3/2. ROS Overlay & Pkg/install/pkg_cpp/share/pkg_cpp/hook/cmake_prefix_path.ps1'
[7.191s] INFO:colcon.colcon_core.shell:Creating environment descriptor '/home/loye/Desktop/Projects/ROS-100-Days-Coding-Challenge/Week 3/2. ROS Overlay & Pkg/install/pkg_cpp/share/pkg_cpp/hook/cmake_prefix_path.dsv'
[7.192s] INFO:colcon.colcon_core.shell:Creating environment hook '/home/loye/Desktop/Projects/ROS-100-Days-Coding-Challenge/Week 3/2. ROS Overlay & Pkg/install/pkg_cpp/share/pkg_cpp/hook/cmake_prefix_path.sh'
[7.193s] Level 1:colcon.colcon_core.environment:checking '/home/loye/Desktop/Projects/ROS-100-Days-Coding-Challenge/Week 3/2. ROS Overlay & Pkg/install/pkg_cpp/bin'
[7.193s] Level 1:colcon.colcon_core.environment:checking '/home/loye/Desktop/Projects/ROS-100-Days-Coding-Challenge/Week 3/2. ROS Overlay & Pkg/install/pkg_cpp/lib/pkgconfig/pkg_cpp.pc'
[7.194s] Level 1:colcon.colcon_core.environment:checking '/home/loye/Desktop/Projects/ROS-100-Days-Coding-Challenge/Week 3/2. ROS Overlay & Pkg/install/pkg_cpp/lib/python3.8/site-packages'
[7.194s] Level 1:colcon.colcon_core.environment:checking '/home/loye/Desktop/Projects/ROS-100-Days-Coding-Challenge/Week 3/2. ROS Overlay & Pkg/install/pkg_cpp/bin'
[7.198s] INFO:colcon.colcon_core.shell:Creating package script '/home/loye/Desktop/Projects/ROS-100-Days-Coding-Challenge/Week 3/2. ROS Overlay & Pkg/install/pkg_cpp/share/pkg_cpp/package.ps1'
[7.199s] INFO:colcon.colcon_core.shell:Creating package descriptor '/home/loye/Desktop/Projects/ROS-100-Days-Coding-Challenge/Week 3/2. ROS Overlay & Pkg/install/pkg_cpp/share/pkg_cpp/package.dsv'
[7.200s] INFO:colcon.colcon_core.shell:Creating package script '/home/loye/Desktop/Projects/ROS-100-Days-Coding-Challenge/Week 3/2. ROS Overlay & Pkg/install/pkg_cpp/share/pkg_cpp/package.sh'
[7.201s] INFO:colcon.colcon_core.shell:Creating package script '/home/loye/Desktop/Projects/ROS-100-Days-Coding-Challenge/Week 3/2. ROS Overlay & Pkg/install/pkg_cpp/share/pkg_cpp/package.bash'
[7.202s] INFO:colcon.colcon_core.shell:Creating package script '/home/loye/Desktop/Projects/ROS-100-Days-Coding-Challenge/Week 3/2. ROS Overlay & Pkg/install/pkg_cpp/share/pkg_cpp/package.zsh'
[7.203s] Level 1:colcon.colcon_core.environment:create_file_with_runtime_dependencies(/home/loye/Desktop/Projects/ROS-100-Days-Coding-Challenge/Week 3/2. ROS Overlay & Pkg/install/pkg_cpp/share/colcon-core/packages/pkg_cpp)
[7.205s] DEBUG:colcon.colcon_parallel_executor.executor.parallel:closing loop
[7.206s] DEBUG:colcon.colcon_parallel_executor.executor.parallel:loop closed
[7.206s] DEBUG:colcon.colcon_parallel_executor.executor.parallel:run_until_complete finished with '0'
[7.207s] DEBUG:colcon.colcon_core.event_reactor:joining thread
[7.227s] INFO:colcon.colcon_core.plugin_system:Skipping extension 'colcon_notification.desktop_notification.terminal_notifier': Not used on non-Darwin systems
[7.227s] INFO:colcon.colcon_core.plugin_system:Skipping extension 'colcon_notification.desktop_notification.win32': Not used on non-Windows systems
[7.227s] INFO:colcon.colcon_notification.desktop_notification:Sending desktop notification using 'notify2'
[7.280s] DEBUG:colcon.colcon_core.event_reactor:joined thread
[7.284s] INFO:colcon.colcon_core.shell:Creating prefix script '/home/loye/Desktop/Projects/ROS-100-Days-Coding-Challenge/Week 3/2. ROS Overlay & Pkg/install/local_setup.ps1'
[7.286s] INFO:colcon.colcon_core.shell:Creating prefix util module '/home/loye/Desktop/Projects/ROS-100-Days-Coding-Challenge/Week 3/2. ROS Overlay & Pkg/install/_local_setup_util_ps1.py'
[7.296s] INFO:colcon.colcon_core.shell:Creating prefix chain script '/home/loye/Desktop/Projects/ROS-100-Days-Coding-Challenge/Week 3/2. ROS Overlay & Pkg/install/setup.ps1'
[7.301s] INFO:colcon.colcon_core.shell:Creating prefix script '/home/loye/Desktop/Projects/ROS-100-Days-Coding-Challenge/Week 3/2. ROS Overlay & Pkg/install/local_setup.sh'
[7.306s] INFO:colcon.colcon_core.shell:Creating prefix util module '/home/loye/Desktop/Projects/ROS-100-Days-Coding-Challenge/Week 3/2. ROS Overlay & Pkg/install/_local_setup_util_sh.py'
[7.307s] INFO:colcon.colcon_core.shell:Creating prefix chain script '/home/loye/Desktop/Projects/ROS-100-Days-Coding-Challenge/Week 3/2. ROS Overlay & Pkg/install/setup.sh'
[7.311s] INFO:colcon.colcon_core.shell:Creating prefix script '/home/loye/Desktop/Projects/ROS-100-Days-Coding-Challenge/Week 3/2. ROS Overlay & Pkg/install/local_setup.bash'
[7.312s] INFO:colcon.colcon_core.shell:Creating prefix chain script '/home/loye/Desktop/Projects/ROS-100-Days-Coding-Challenge/Week 3/2. ROS Overlay & Pkg/install/setup.bash'
[7.315s] INFO:colcon.colcon_core.shell:Creating prefix script '/home/loye/Desktop/Projects/ROS-100-Days-Coding-Challenge/Week 3/2. ROS Overlay & Pkg/install/local_setup.zsh'
[7.316s] INFO:colcon.colcon_core.shell:Creating prefix chain script '/home/loye/Desktop/Projects/ROS-100-Days-Coding-Challenge/Week 3/2. ROS Overlay & Pkg/install/setup.zsh'
