[1.879s] Invoking command in '/home/loye/Desktop/Projects/ROS-100-Days-Coding-Challenge/Week 5/5. Parameter/ros2_ws/src/pkg_py': PYTHONPATH=/home/loye/Desktop/Projects/ROS-100-Days-Coding-Challenge/Week 5/5. Parameter/ros2_ws/install/pkg_py/lib/python3.8/site-packages:${PYTHONPATH} /usr/bin/python3 setup.py egg_info --egg-base ../../build/pkg_py build --build-base /home/loye/Desktop/Projects/ROS-100-Days-Coding-Challenge/Week 5/5. Parameter/ros2_ws/build/pkg_py/build install --prefix /home/loye/Desktop/Projects/ROS-100-Days-Coding-Challenge/Week 5/5. Parameter/ros2_ws/install/pkg_py --record /home/loye/Desktop/Projects/ROS-100-Days-Coding-Challenge/Week 5/5. Parameter/ros2_ws/build/pkg_py/install.log --single-version-externally-managed
[2.410s] running egg_info
[2.411s] creating ../../build/pkg_py/pkg_py.egg-info
[2.411s] writing ../../build/pkg_py/pkg_py.egg-info/PKG-INFO
[2.412s] writing dependency_links to ../../build/pkg_py/pkg_py.egg-info/dependency_links.txt
[2.413s] writing entry points to ../../build/pkg_py/pkg_py.egg-info/entry_points.txt
[2.413s] writing requirements to ../../build/pkg_py/pkg_py.egg-info/requires.txt
[2.413s] writing top-level names to ../../build/pkg_py/pkg_py.egg-info/top_level.txt
[2.420s] writing manifest file '../../build/pkg_py/pkg_py.egg-info/SOURCES.txt'
[2.522s] reading manifest file '../../build/pkg_py/pkg_py.egg-info/SOURCES.txt'
[2.525s] writing manifest file '../../build/pkg_py/pkg_py.egg-info/SOURCES.txt'
[2.525s] running build
[2.526s] running build_py
[2.526s] creating /home/loye/Desktop/Projects/ROS-100-Days-Coding-Challenge/Week 5/5. Parameter/ros2_ws/build/pkg_py/build
[2.526s] creating /home/loye/Desktop/Projects/ROS-100-Days-Coding-Challenge/Week 5/5. Parameter/ros2_ws/build/pkg_py/build/lib
[2.526s] creating /home/loye/Desktop/Projects/ROS-100-Days-Coding-Challenge/Week 5/5. Parameter/ros2_ws/build/pkg_py/build/lib/pkg_py
[2.527s] copying pkg_py/number_counter.py -> /home/loye/Desktop/Projects/ROS-100-Days-Coding-Challenge/Week 5/5. Parameter/ros2_ws/build/pkg_py/build/lib/pkg_py
[2.527s] copying pkg_py/__init__.py -> /home/loye/Desktop/Projects/ROS-100-Days-Coding-Challenge/Week 5/5. Parameter/ros2_ws/build/pkg_py/build/lib/pkg_py
[2.527s] copying pkg_py/number_publisher.py -> /home/loye/Desktop/Projects/ROS-100-Days-Coding-Challenge/Week 5/5. Parameter/ros2_ws/build/pkg_py/build/lib/pkg_py
[2.527s] running install
[2.528s] running install_lib
[2.530s] creating /home/loye/Desktop/Projects/ROS-100-Days-Coding-Challenge/Week 5/5. Parameter/ros2_ws/install/pkg_py/lib/python3.8/site-packages/pkg_py
[2.530s] copying /home/loye/Desktop/Projects/ROS-100-Days-Coding-Challenge/Week 5/5. Parameter/ros2_ws/build/pkg_py/build/lib/pkg_py/number_counter.py -> /home/loye/Desktop/Projects/ROS-100-Days-Coding-Challenge/Week 5/5. Parameter/ros2_ws/install/pkg_py/lib/python3.8/site-packages/pkg_py
[2.530s] copying /home/loye/Desktop/Projects/ROS-100-Days-Coding-Challenge/Week 5/5. Parameter/ros2_ws/build/pkg_py/build/lib/pkg_py/__init__.py -> /home/loye/Desktop/Projects/ROS-100-Days-Coding-Challenge/Week 5/5. Parameter/ros2_ws/install/pkg_py/lib/python3.8/site-packages/pkg_py
[2.531s] copying /home/loye/Desktop/Projects/ROS-100-Days-Coding-Challenge/Week 5/5. Parameter/ros2_ws/build/pkg_py/build/lib/pkg_py/number_publisher.py -> /home/loye/Desktop/Projects/ROS-100-Days-Coding-Challenge/Week 5/5. Parameter/ros2_ws/install/pkg_py/lib/python3.8/site-packages/pkg_py
[2.531s] byte-compiling /home/loye/Desktop/Projects/ROS-100-Days-Coding-Challenge/Week 5/5. Parameter/ros2_ws/install/pkg_py/lib/python3.8/site-packages/pkg_py/number_counter.py to number_counter.cpython-38.pyc
[2.536s] byte-compiling /home/loye/Desktop/Projects/ROS-100-Days-Coding-Challenge/Week 5/5. Parameter/ros2_ws/install/pkg_py/lib/python3.8/site-packages/pkg_py/__init__.py to __init__.cpython-38.pyc
[2.536s]   File "/home/loye/Desktop/Projects/ROS-100-Days-Coding-Challenge/Week 5/5. Parameter/ros2_ws/install/pkg_py/lib/python3.8/site-packages/pkg_py/number_publisher.py", line 16
[2.536s]     def publish_number(self){
[2.536s]                             ^
[2.536s] SyntaxError: invalid syntax
[2.536s] 
[2.537s] byte-compiling /home/loye/Desktop/Projects/ROS-100-Days-Coding-Challenge/Week 5/5. Parameter/ros2_ws/install/pkg_py/lib/python3.8/site-packages/pkg_py/number_publisher.py to number_publisher.cpython-38.pyc
[2.537s] running install_data
[2.537s] creating /home/loye/Desktop/Projects/ROS-100-Days-Coding-Challenge/Week 5/5. Parameter/ros2_ws/install/pkg_py/share/ament_index
[2.538s] creating /home/loye/Desktop/Projects/ROS-100-Days-Coding-Challenge/Week 5/5. Parameter/ros2_ws/install/pkg_py/share/ament_index/resource_index
[2.538s] creating /home/loye/Desktop/Projects/ROS-100-Days-Coding-Challenge/Week 5/5. Parameter/ros2_ws/install/pkg_py/share/ament_index/resource_index/packages
[2.538s] copying resource/pkg_py -> /home/loye/Desktop/Projects/ROS-100-Days-Coding-Challenge/Week 5/5. Parameter/ros2_ws/install/pkg_py/share/ament_index/resource_index/packages
[2.538s] copying package.xml -> /home/loye/Desktop/Projects/ROS-100-Days-Coding-Challenge/Week 5/5. Parameter/ros2_ws/install/pkg_py/share/pkg_py
[2.538s] running install_egg_info
[2.541s] Copying ../../build/pkg_py/pkg_py.egg-info to /home/loye/Desktop/Projects/ROS-100-Days-Coding-Challenge/Week 5/5. Parameter/ros2_ws/install/pkg_py/lib/python3.8/site-packages/pkg_py-0.0.0-py3.8.egg-info
[2.543s] running install_scripts
[2.583s] Installing number_pub script to /home/loye/Desktop/Projects/ROS-100-Days-Coding-Challenge/Week 5/5. Parameter/ros2_ws/install/pkg_py/lib/pkg_py
[2.583s] writing list of installed files to '/home/loye/Desktop/Projects/ROS-100-Days-Coding-Challenge/Week 5/5. Parameter/ros2_ws/build/pkg_py/install.log'
[2.629s] Invoked command in '/home/loye/Desktop/Projects/ROS-100-Days-Coding-Challenge/Week 5/5. Parameter/ros2_ws/src/pkg_py' returned '0': PYTHONPATH=/home/loye/Desktop/Projects/ROS-100-Days-Coding-Challenge/Week 5/5. Parameter/ros2_ws/install/pkg_py/lib/python3.8/site-packages:${PYTHONPATH} /usr/bin/python3 setup.py egg_info --egg-base ../../build/pkg_py build --build-base /home/loye/Desktop/Projects/ROS-100-Days-Coding-Challenge/Week 5/5. Parameter/ros2_ws/build/pkg_py/build install --prefix /home/loye/Desktop/Projects/ROS-100-Days-Coding-Challenge/Week 5/5. Parameter/ros2_ws/install/pkg_py --record /home/loye/Desktop/Projects/ROS-100-Days-Coding-Challenge/Week 5/5. Parameter/ros2_ws/build/pkg_py/install.log --single-version-externally-managed
