[0.034s] Invoking command in '/home/loye/Desktop/Projects/ROS-100-Days-Coding-Challenge/Week 6/4. Catch Me/ros2_ws/build/catch_turtle': CMAKE_PREFIX_PATH=/opt/ros/foxy /usr/bin/cmake /home/loye/Desktop/Projects/ROS-100-Days-Coding-Challenge/Week 6/4. Catch Me/ros2_ws/src/catch_turtle -DCMAKE_INSTALL_PREFIX=/home/loye/Desktop/Projects/ROS-100-Days-Coding-Challenge/Week 6/4. Catch Me/ros2_ws/install/catch_turtle
[0.312s] -- The C compiler identification is GNU 10.3.0
[0.542s] -- The CXX compiler identification is GNU 10.3.0
[0.558s] -- Check for working C compiler: /usr/bin/cc
[0.731s] -- Check for working C compiler: /usr/bin/cc -- works
[0.737s] -- Detecting C compiler ABI info
[0.906s] -- Detecting C compiler ABI info - done
[0.962s] -- Detecting C compile features
[0.963s] -- Detecting C compile features - done
[0.971s] -- Check for working CXX compiler: /usr/bin/c++
[1.187s] -- Check for working CXX compiler: /usr/bin/c++ -- works
[1.190s] -- Detecting CXX compiler ABI info
[1.419s] -- Detecting CXX compiler ABI info - done
[1.475s] -- Detecting CXX compile features
[1.477s] -- Detecting CXX compile features - done
[1.491s] -- Found ament_cmake: 0.9.9 (/opt/ros/foxy/share/ament_cmake/cmake)
[1.553s] -- Found PythonInterp: /usr/bin/python3 (found suitable version "3.8.10", minimum required is "3") 
[1.554s] -- Using PYTHON_EXECUTABLE: /usr/bin/python3
[2.063s] -- Found rclcpp: 2.4.1 (/opt/ros/foxy/share/rclcpp/cmake)
[2.218s] -- Using all available rosidl_typesupport_c: rosidl_typesupport_fastrtps_c;rosidl_typesupport_introspection_c
[2.243s] -- Found rosidl_adapter: 1.2.1 (/opt/ros/foxy/share/rosidl_adapter/cmake)
[2.467s] -- Found OpenSSL: /usr/lib/x86_64-linux-gnu/libcrypto.so (found version "1.1.1f")  
[2.572s] -- Found FastRTPS: /opt/ros/foxy/include  
[2.848s] -- Using all available rosidl_typesupport_cpp: rosidl_typesupport_fastrtps_cpp;rosidl_typesupport_introspection_cpp
[3.089s] -- Found rmw_implementation_cmake: 1.0.3 (/opt/ros/foxy/share/rmw_implementation_cmake/cmake)
[3.095s] -- Using RMW implementation 'rmw_fastrtps_cpp' as default
[3.098s] -- Looking for pthread.h
[3.296s] -- Looking for pthread.h - found
[3.297s] -- Performing Test CMAKE_HAVE_LIBC_PTHREAD
[3.487s] -- Performing Test CMAKE_HAVE_LIBC_PTHREAD - Failed
[3.488s] -- Looking for pthread_create in pthreads
[3.645s] -- Looking for pthread_create in pthreads - not found
[3.646s] -- Looking for pthread_create in pthread
[3.825s] -- Looking for pthread_create in pthread - found
[3.827s] -- Found Threads: TRUE  
[4.590s] -- Found rclpy: 1.0.8 (/opt/ros/foxy/share/rclpy/cmake)
[4.595s] -- Found turtlesim: 1.2.5 (/opt/ros/foxy/share/turtlesim/cmake)
[5.156s] -- Found geometry_msgs: 2.0.5 (/opt/ros/foxy/share/geometry_msgs/cmake)
[5.328s] CMake Error at CMakeLists.txt:22 (ament_install_python_package):
[5.328s]   Unknown CMake command "ament_install_python_package".
[5.328s] 
[5.328s] 
[5.333s] -- Configuring incomplete, errors occurred!
[5.334s] See also "/home/loye/Desktop/Projects/ROS-100-Days-Coding-Challenge/Week 6/4. Catch Me/ros2_ws/build/catch_turtle/CMakeFiles/CMakeOutput.log".
[5.334s] See also "/home/loye/Desktop/Projects/ROS-100-Days-Coding-Challenge/Week 6/4. Catch Me/ros2_ws/build/catch_turtle/CMakeFiles/CMakeError.log".
[5.352s] Invoked command in '/home/loye/Desktop/Projects/ROS-100-Days-Coding-Challenge/Week 6/4. Catch Me/ros2_ws/build/catch_turtle' returned '1': CMAKE_PREFIX_PATH=/opt/ros/foxy /usr/bin/cmake /home/loye/Desktop/Projects/ROS-100-Days-Coding-Challenge/Week 6/4. Catch Me/ros2_ws/src/catch_turtle -DCMAKE_INSTALL_PREFIX=/home/loye/Desktop/Projects/ROS-100-Days-Coding-Challenge/Week 6/4. Catch Me/ros2_ws/install/catch_turtle
