[01m[K/home/loye/Desktop/Projects/ROS-100-Days-Coding-Challenge/Week 6/2. Actions/ros2_ws/src/action_pkg/src/move_action_client.cpp:[m[K In member function ‘[01m[Kvoid MoveActionClient::send_goal()[m[K’:
[01m[K/home/loye/Desktop/Projects/ROS-100-Days-Coding-Challenge/Week 6/2. Actions/ros2_ws/src/action_pkg/src/move_action_client.cpp:38:80:[m[K [01;31m[Kerror: [m[Kinvalid use of non-static member function ‘[01m[Kvoid MoveActionClient::goal_response_callback(std::shared_future<std::shared_ptr<rclcpp_action::ClientGoalHandle<action_pkg::action::Move> > >)[m[K’
   38 | send_goal_options.goal_response_callback = std::bind([01;31m[KMoveActionClient::goal_response_callback[m[K, this,_1);
      |                                                      [01;31m[K~~~~~~~~~~~~~~~~~~^~~~~~~~~~~~~~~~~~~~~~[m[K

[01m[K/home/loye/Desktop/Projects/ROS-100-Days-Coding-Challenge/Week 6/2. Actions/ros2_ws/src/action_pkg/src/move_action_client.cpp:46:10:[m[K [01;36m[Knote: [m[Kdeclared here
   46 |     void [01;36m[Kgoal_response_callback[m[K(std::shared_future<GoalHandleMove::SharedPtr> future)
      |          [01;36m[K^~~~~~~~~~~~~~~~~~~~~~[m[K
[01m[K/home/loye/Desktop/Projects/ROS-100-Days-Coding-Challenge/Week 6/2. Actions/ros2_ws/src/action_pkg/src/move_action_client.cpp:39:75:[m[K [01;31m[Kerror: [m[Kinvalid use of non-static member function ‘[01m[Kvoid MoveActionClient::feedback_callback(rclcpp_action::ClientGoalHandle<action_pkg::action::Move>::SharedPtr, std::shared_ptr<const action_pkg::action::Move_Feedback_<std::allocator<void> > >)[m[K’
   39 |      send_goal_options.feedback_callback = std::bind([01;31m[KMoveActionClient::feedback_callback[m[K, this,_1,_2);
      |                                                      [01;31m[K~~~~~~~~~~~~~~~~~~^~~~~~~~~~~~~~~~~[m[K

[01m[K/home/loye/Desktop/Projects/ROS-100-Days-Coding-Challenge/Week 6/2. Actions/ros2_ws/src/action_pkg/src/move_action_client.cpp:55:10:[m[K [01;36m[Knote: [m[Kdeclared here
   55 |     void [01;36m[Kfeedback_callback[m[K(GoalHandleMove::SharedPtr, const std::shared_ptr<const Move::Feedback> feedback)
      |          [01;36m[K^~~~~~~~~~~~~~~~~[m[K
[01m[K/home/loye/Desktop/Projects/ROS-100-Days-Coding-Challenge/Week 6/2. Actions/ros2_ws/src/action_pkg/src/move_action_client.cpp:40:73:[m[K [01;31m[Kerror: [m[Kinvalid use of non-static member function ‘[01m[Kvoid MoveActionClient::result_callback(const WrappedResult&)[m[K’
   40 |        send_goal_options.result_callback = std::bind([01;31m[KMoveActionClient::result_callback[m[K, this,_1);
      |                                                      [01;31m[K~~~~~~~~~~~~~~~~~~^~~~~~~~~~~~~~~[m[K

[01m[K/home/loye/Desktop/Projects/ROS-100-Days-Coding-Challenge/Week 6/2. Actions/ros2_ws/src/action_pkg/src/move_action_client.cpp:60:10:[m[K [01;36m[Knote: [m[Kdeclared here
   60 |     void [01;36m[Kresult_callback[m[K(const GoalHandleMove::WrappedResult &result)
      |          [01;36m[K^~~~~~~~~~~~~~~[m[K
In file included from [01m[K/usr/include/x86_64-linux-gnu/c++/10/bits/c++allocator.h:33[m[K,
                 from [01m[K/usr/include/c++/10/bits/allocator.h:46[m[K,
                 from [01m[K/usr/include/c++/10/memory:64[m[K,
                 from [01m[K/opt/ros/foxy/include/rclcpp/rclcpp.hpp:144[m[K,
                 from [01m[K/home/loye/Desktop/Projects/ROS-100-Days-Coding-Challenge/Week 6/2. Actions/ros2_ws/src/action_pkg/src/move_action_client.cpp:1[m[K:
/usr/include/c++/10/ext/new_allocator.h: In instantiation of ‘[01m[Kvoid __gnu_cxx::new_allocator<_Tp>::construct(_Up*, _Args&& ...) [with _Up = MoveActionClient; _Args = {}; _Tp = MoveActionClient][m[K’:
[01m[K/usr/include/c++/10/bits/alloc_traits.h:512:17:[m[K   required from ‘[01m[Kstatic void std::allocator_traits<std::allocator<_Tp1> >::construct(std::allocator_traits<std::allocator<_Tp1> >::allocator_type&, _Up*, _Args&& ...) [with _Up = MoveActionClient; _Args = {}; _Tp = MoveActionClient; std::allocator_traits<std::allocator<_Tp1> >::allocator_type = std::allocator<MoveActionClient>][m[K’
[01m[K/usr/include/c++/10/bits/shared_ptr_base.h:551:39:[m[K   required from ‘[01m[Kstd::_Sp_counted_ptr_inplace<_Tp, _Alloc, _Lp>::_Sp_counted_ptr_inplace(_Alloc, _Args&& ...) [with _Args = {}; _Tp = MoveActionClient; _Alloc = std::allocator<MoveActionClient>; __gnu_cxx::_Lock_policy _Lp = __gnu_cxx::_S_atomic][m[K’
[01m[K/usr/include/c++/10/bits/shared_ptr_base.h:682:16:[m[K   required from ‘[01m[Kstd::__shared_count<_Lp>::__shared_count(_Tp*&, std::_Sp_alloc_shared_tag<_Alloc>, _Args&& ...) [with _Tp = MoveActionClient; _Alloc = std::allocator<MoveActionClient>; _Args = {}; __gnu_cxx::_Lock_policy _Lp = __gnu_cxx::_S_atomic][m[K’
[01m[K/usr/include/c++/10/bits/shared_ptr_base.h:1371:71:[m[K   required from ‘[01m[Kstd::__shared_ptr<_Tp, _Lp>::__shared_ptr(std::_Sp_alloc_shared_tag<_Tp>, _Args&& ...) [with _Alloc = std::allocator<MoveActionClient>; _Args = {}; _Tp = MoveActionClient; __gnu_cxx::_Lock_policy _Lp = __gnu_cxx::_S_atomic][m[K’
[01m[K/usr/include/c++/10/bits/shared_ptr.h:408:59:[m[K   required from ‘[01m[Kstd::shared_ptr<_Tp>::shared_ptr(std::_Sp_alloc_shared_tag<_Tp>, _Args&& ...) [with _Alloc = std::allocator<MoveActionClient>; _Args = {}; _Tp = MoveActionClient][m[K’
[01m[K/usr/include/c++/10/bits/shared_ptr.h:859:14:[m[K   required from ‘[01m[Kstd::shared_ptr<_Tp> std::allocate_shared(const _Alloc&, _Args&& ...) [with _Tp = MoveActionClient; _Alloc = std::allocator<MoveActionClient>; _Args = {}][m[K’
[01m[K/usr/include/c++/10/bits/shared_ptr.h:875:39:[m[K   required from ‘[01m[Kstd::shared_ptr<_Tp> std::make_shared(_Args&& ...) [with _Tp = MoveActionClient; _Args = {}][m[K’
[01m[K/home/loye/Desktop/Projects/ROS-100-Days-Coding-Challenge/Week 6/2. Actions/ros2_ws/src/action_pkg/src/move_action_client.cpp:86:53:[m[K   required from here
[01m[K/usr/include/c++/10/ext/new_allocator.h:150:4:[m[K [01;31m[Kerror: [m[Kno matching function for call to ‘[01m[KMoveActionClient::MoveActionClient()[m[K’
  150 |  { [01;31m[K::new((void *)__p) _Up(std::forward<_Args>(__args)...)[m[K; }
      |    [01;31m[K^~~~~~~~~~~~~~~~~~~~~~~~~~~~~~~~~~~~~~~~~~~~~~~~~~~~~~[m[K
[01m[K/home/loye/Desktop/Projects/ROS-100-Days-Coding-Challenge/Week 6/2. Actions/ros2_ws/src/action_pkg/src/move_action_client.cpp:14:14:[m[K [01;36m[Knote: [m[Kcandidate: ‘[01m[KMoveActionClient::MoveActionClient(const rclcpp::NodeOptions&)[m[K’
   14 |     explicit [01;36m[KMoveActionClient[m[K(const rclcpp::NodeOptions &options) : Node("move_action_client", options)
      |              [01;36m[K^~~~~~~~~~~~~~~~[m[K
[01m[K/home/loye/Desktop/Projects/ROS-100-Days-Coding-Challenge/Week 6/2. Actions/ros2_ws/src/action_pkg/src/move_action_client.cpp:14:14:[m[K [01;36m[Knote: [m[K  candidate expects 1 argument, 0 provided
make[2]: *** [CMakeFiles/move_action_client.dir/build.make:63: CMakeFiles/move_action_client.dir/src/move_action_client.cpp.o] Error 1
make[1]: *** [CMakeFiles/Makefile2:125: CMakeFiles/move_action_client.dir/all] Error 2
make[1]: *** Waiting for unfinished jobs....
make: *** [Makefile:141: all] Error 2
