[0.043s] Invoking command in '/home/loye/Desktop/Projects/ROS-100-Days-Coding-Challenge/Week 6/2. Actions/ros2_ws/build/action_pkg': CMAKE_PREFIX_PATH=${CMAKE_PREFIX_PATH}:/home/loye/turtlebot3_ws/install/turtlebot3_teleop:/home/loye/turtlebot3_ws/install/turtlebot3_example:/opt/ros/foxy /usr/bin/cmake --build /home/loye/Desktop/Projects/ROS-100-Days-Coding-Challenge/Week 6/2. Actions/ros2_ws/build/action_pkg -- -j4 -l4
[0.187s] -- Found ament_cmake: 0.9.9 (/opt/ros/foxy/share/ament_cmake/cmake)
[0.257s] -- Found PythonInterp: /usr/bin/python3 (found suitable version "3.8.10", minimum required is "3") 
[0.257s] -- Using PYTHON_EXECUTABLE: /usr/bin/python3
[0.753s] -- Found rclcpp: 2.4.1 (/opt/ros/foxy/share/rclcpp/cmake)
[0.881s] -- Using all available rosidl_typesupport_c: rosidl_typesupport_fastrtps_c;rosidl_typesupport_introspection_c
[0.894s] -- Found rosidl_adapter: 1.2.1 (/opt/ros/foxy/share/rosidl_adapter/cmake)
[1.368s] -- Using all available rosidl_typesupport_cpp: rosidl_typesupport_fastrtps_cpp;rosidl_typesupport_introspection_cpp
[1.587s] -- Found rmw_implementation_cmake: 1.0.3 (/opt/ros/foxy/share/rmw_implementation_cmake/cmake)
[1.594s] -- Using RMW implementation 'rmw_fastrtps_cpp' as default
[2.285s] -- Found rosidl_default_generators: 1.0.1 (/opt/ros/foxy/share/rosidl_default_generators/cmake)
[2.329s] -- Found rclcpp_action: 2.4.1 (/opt/ros/foxy/share/rclcpp_action/cmake)
[2.682s] -- Found geometry_msgs: 2.0.5 (/opt/ros/foxy/share/geometry_msgs/cmake)
[2.845s] -- Found action_pkg: 0.0.0 (/home/loye/Desktop/Projects/ROS-100-Days-Coding-Challenge/Week 6/2. Actions/ros2_ws/install/action_pkg/share/action_pkg/cmake)
[3.208s] -- Found PythonInterp: /usr/bin/python3 (found version "3.8.10") 
[3.687s] -- Found ament_cmake_ros: 0.9.2 (/opt/ros/foxy/share/ament_cmake_ros/cmake)
[4.229s] -- Using all available rosidl_typesupport_c: rosidl_typesupport_fastrtps_c;rosidl_typesupport_introspection_c
[4.357s] -- Using all available rosidl_typesupport_cpp: rosidl_typesupport_fastrtps_cpp;rosidl_typesupport_introspection_cpp
[4.455s] -- Found PythonInterp: /usr/bin/python3 (found suitable version "3.8.10", minimum required is "3.5") 
[4.458s] -- Found python_cmake_module: 0.8.1 (/opt/ros/foxy/share/python_cmake_module/cmake)
[4.531s] -- Using PYTHON_EXECUTABLE: /usr/bin/python3
[4.531s] -- Using PYTHON_INCLUDE_DIRS: /usr/include/python3.8
[4.532s] -- Using PYTHON_LIBRARIES: /usr/lib/x86_64-linux-gnu/libpython3.8.so
[4.723s] -- Configuring done
[5.022s] -- Generating done
[5.045s] -- Build files have been written to: /home/loye/Desktop/Projects/ROS-100-Days-Coding-Challenge/Week 6/2. Actions/ros2_ws/build/action_pkg
[5.127s] [35m[1mScanning dependencies of target move_action_client[0m
[5.154s] [35m[1mScanning dependencies of target move_action_server[0m
[5.179s] [  2%] Built target action_pkg__cpp
[5.232s] [ 11%] Built target action_pkg__rosidl_generator_c
[5.244s] [ 20%] Built target action_pkg__rosidl_typesupport_introspection_cpp
[5.333s] [ 28%] Built target action_pkg__rosidl_typesupport_cpp
[5.351s] [ 31%] [32mBuilding CXX object CMakeFiles/move_action_server.dir/src/move_action_server.cpp.o[0m
[5.384s] [ 40%] Built target action_pkg__rosidl_typesupport_fastrtps_cpp
[5.389s] [ 42%] [32mBuilding CXX object CMakeFiles/move_action_client.dir/src/move_action_client.cpp.o[0m
[5.414s] [ 51%] Built target action_pkg__rosidl_typesupport_c
[5.549s] [ 60%] Built target action_pkg__rosidl_typesupport_fastrtps_c
[5.601s] [ 68%] Built target action_pkg__rosidl_typesupport_introspection_c
[5.741s] [ 68%] Built target action_pkg
[5.890s] [ 71%] Built target action_pkg__py
[6.051s] [ 77%] Built target action_pkg__python
[6.234s] [ 82%] Built target action_pkg__rosidl_typesupport_c__pyext
[6.251s] [ 88%] Built target action_pkg__rosidl_typesupport_fastrtps_c__pyext
[6.344s] [ 94%] Built target action_pkg__rosidl_typesupport_introspection_c__pyext
[9.061s] [01m[K/home/loye/Desktop/Projects/ROS-100-Days-Coding-Challenge/Week 6/2. Actions/ros2_ws/src/action_pkg/src/move_action_client.cpp:[m[K In member function ‘[01m[Kvoid MoveActionClient::send_goal()[m[K’:
[9.061s] [01m[K/home/loye/Desktop/Projects/ROS-100-Days-Coding-Challenge/Week 6/2. Actions/ros2_ws/src/action_pkg/src/move_action_client.cpp:38:80:[m[K [01;31m[Kerror: [m[Kinvalid use of non-static member function ‘[01m[Kvoid MoveActionClient::goal_response_callback(std::shared_future<std::shared_ptr<rclcpp_action::ClientGoalHandle<action_pkg::action::Move> > >)[m[K’
[9.061s]    38 | send_goal_options.goal_response_callback = std::bind([01;31m[KMoveActionClient::goal_response_callback[m[K, this,_1);
[9.062s]       |                                                      [01;31m[K~~~~~~~~~~~~~~~~~~^~~~~~~~~~~~~~~~~~~~~~[m[K
[9.062s] 
[9.062s] [01m[K/home/loye/Desktop/Projects/ROS-100-Days-Coding-Challenge/Week 6/2. Actions/ros2_ws/src/action_pkg/src/move_action_client.cpp:46:10:[m[K [01;36m[Knote: [m[Kdeclared here
[9.062s]    46 |     void [01;36m[Kgoal_response_callback[m[K(std::shared_future<GoalHandleMove::SharedPtr> future)
[9.062s]       |          [01;36m[K^~~~~~~~~~~~~~~~~~~~~~[m[K
[9.062s] [01m[K/home/loye/Desktop/Projects/ROS-100-Days-Coding-Challenge/Week 6/2. Actions/ros2_ws/src/action_pkg/src/move_action_client.cpp:39:75:[m[K [01;31m[Kerror: [m[Kinvalid use of non-static member function ‘[01m[Kvoid MoveActionClient::feedback_callback(rclcpp_action::ClientGoalHandle<action_pkg::action::Move>::SharedPtr, std::shared_ptr<const action_pkg::action::Move_Feedback_<std::allocator<void> > >)[m[K’
[9.063s]    39 |      send_goal_options.feedback_callback = std::bind([01;31m[KMoveActionClient::feedback_callback[m[K, this,_1,_2);
[9.063s]       |                                                      [01;31m[K~~~~~~~~~~~~~~~~~~^~~~~~~~~~~~~~~~~[m[K
[9.063s] 
[9.063s] [01m[K/home/loye/Desktop/Projects/ROS-100-Days-Coding-Challenge/Week 6/2. Actions/ros2_ws/src/action_pkg/src/move_action_client.cpp:55:10:[m[K [01;36m[Knote: [m[Kdeclared here
[9.063s]    55 |     void [01;36m[Kfeedback_callback[m[K(GoalHandleMove::SharedPtr, const std::shared_ptr<const Move::Feedback> feedback)
[9.064s]       |          [01;36m[K^~~~~~~~~~~~~~~~~[m[K
[9.064s] [01m[K/home/loye/Desktop/Projects/ROS-100-Days-Coding-Challenge/Week 6/2. Actions/ros2_ws/src/action_pkg/src/move_action_client.cpp:40:73:[m[K [01;31m[Kerror: [m[Kinvalid use of non-static member function ‘[01m[Kvoid MoveActionClient::result_callback(const WrappedResult&)[m[K’
[9.064s]    40 |        send_goal_options.result_callback = std::bind([01;31m[KMoveActionClient::result_callback[m[K, this,_1);
[9.064s]       |                                                      [01;31m[K~~~~~~~~~~~~~~~~~~^~~~~~~~~~~~~~~[m[K
[9.064s] 
[9.064s] [01m[K/home/loye/Desktop/Projects/ROS-100-Days-Coding-Challenge/Week 6/2. Actions/ros2_ws/src/action_pkg/src/move_action_client.cpp:60:10:[m[K [01;36m[Knote: [m[Kdeclared here
[9.065s]    60 |     void [01;36m[Kresult_callback[m[K(const GoalHandleMove::WrappedResult &result)
[9.065s]       |          [01;36m[K^~~~~~~~~~~~~~~[m[K
[10.884s] In file included from [01m[K/usr/include/x86_64-linux-gnu/c++/10/bits/c++allocator.h:33[m[K,
[10.884s]                  from [01m[K/usr/include/c++/10/bits/allocator.h:46[m[K,
[10.884s]                  from [01m[K/usr/include/c++/10/memory:64[m[K,
[10.885s]                  from [01m[K/opt/ros/foxy/include/rclcpp/rclcpp.hpp:144[m[K,
[10.885s]                  from [01m[K/home/loye/Desktop/Projects/ROS-100-Days-Coding-Challenge/Week 6/2. Actions/ros2_ws/src/action_pkg/src/move_action_client.cpp:1[m[K:
[10.885s] /usr/include/c++/10/ext/new_allocator.h: In instantiation of ‘[01m[Kvoid __gnu_cxx::new_allocator<_Tp>::construct(_Up*, _Args&& ...) [with _Up = MoveActionClient; _Args = {}; _Tp = MoveActionClient][m[K’:
[10.886s] [01m[K/usr/include/c++/10/bits/alloc_traits.h:512:17:[m[K   required from ‘[01m[Kstatic void std::allocator_traits<std::allocator<_Tp1> >::construct(std::allocator_traits<std::allocator<_Tp1> >::allocator_type&, _Up*, _Args&& ...) [with _Up = MoveActionClient; _Args = {}; _Tp = MoveActionClient; std::allocator_traits<std::allocator<_Tp1> >::allocator_type = std::allocator<MoveActionClient>][m[K’
[10.886s] [01m[K/usr/include/c++/10/bits/shared_ptr_base.h:551:39:[m[K   required from ‘[01m[Kstd::_Sp_counted_ptr_inplace<_Tp, _Alloc, _Lp>::_Sp_counted_ptr_inplace(_Alloc, _Args&& ...) [with _Args = {}; _Tp = MoveActionClient; _Alloc = std::allocator<MoveActionClient>; __gnu_cxx::_Lock_policy _Lp = __gnu_cxx::_S_atomic][m[K’
[10.886s] [01m[K/usr/include/c++/10/bits/shared_ptr_base.h:682:16:[m[K   required from ‘[01m[Kstd::__shared_count<_Lp>::__shared_count(_Tp*&, std::_Sp_alloc_shared_tag<_Alloc>, _Args&& ...) [with _Tp = MoveActionClient; _Alloc = std::allocator<MoveActionClient>; _Args = {}; __gnu_cxx::_Lock_policy _Lp = __gnu_cxx::_S_atomic][m[K’
[10.887s] [01m[K/usr/include/c++/10/bits/shared_ptr_base.h:1371:71:[m[K   required from ‘[01m[Kstd::__shared_ptr<_Tp, _Lp>::__shared_ptr(std::_Sp_alloc_shared_tag<_Tp>, _Args&& ...) [with _Alloc = std::allocator<MoveActionClient>; _Args = {}; _Tp = MoveActionClient; __gnu_cxx::_Lock_policy _Lp = __gnu_cxx::_S_atomic][m[K’
[10.887s] [01m[K/usr/include/c++/10/bits/shared_ptr.h:408:59:[m[K   required from ‘[01m[Kstd::shared_ptr<_Tp>::shared_ptr(std::_Sp_alloc_shared_tag<_Tp>, _Args&& ...) [with _Alloc = std::allocator<MoveActionClient>; _Args = {}; _Tp = MoveActionClient][m[K’
[10.887s] [01m[K/usr/include/c++/10/bits/shared_ptr.h:859:14:[m[K   required from ‘[01m[Kstd::shared_ptr<_Tp> std::allocate_shared(const _Alloc&, _Args&& ...) [with _Tp = MoveActionClient; _Alloc = std::allocator<MoveActionClient>; _Args = {}][m[K’
[10.887s] [01m[K/usr/include/c++/10/bits/shared_ptr.h:875:39:[m[K   required from ‘[01m[Kstd::shared_ptr<_Tp> std::make_shared(_Args&& ...) [with _Tp = MoveActionClient; _Args = {}][m[K’
[10.888s] [01m[K/home/loye/Desktop/Projects/ROS-100-Days-Coding-Challenge/Week 6/2. Actions/ros2_ws/src/action_pkg/src/move_action_client.cpp:86:53:[m[K   required from here
[10.888s] [01m[K/usr/include/c++/10/ext/new_allocator.h:150:4:[m[K [01;31m[Kerror: [m[Kno matching function for call to ‘[01m[KMoveActionClient::MoveActionClient()[m[K’
[10.888s]   150 |  { [01;31m[K::new((void *)__p) _Up(std::forward<_Args>(__args)...)[m[K; }
[10.888s]       |    [01;31m[K^~~~~~~~~~~~~~~~~~~~~~~~~~~~~~~~~~~~~~~~~~~~~~~~~~~~~~[m[K
[10.889s] [01m[K/home/loye/Desktop/Projects/ROS-100-Days-Coding-Challenge/Week 6/2. Actions/ros2_ws/src/action_pkg/src/move_action_client.cpp:14:14:[m[K [01;36m[Knote: [m[Kcandidate: ‘[01m[KMoveActionClient::MoveActionClient(const rclcpp::NodeOptions&)[m[K’
[10.889s]    14 |     explicit [01;36m[KMoveActionClient[m[K(const rclcpp::NodeOptions &options) : Node("move_action_client", options)
[10.890s]       |              [01;36m[K^~~~~~~~~~~~~~~~[m[K
[10.890s] [01m[K/home/loye/Desktop/Projects/ROS-100-Days-Coding-Challenge/Week 6/2. Actions/ros2_ws/src/action_pkg/src/move_action_client.cpp:14:14:[m[K [01;36m[Knote: [m[K  candidate expects 1 argument, 0 provided
[11.254s] make[2]: *** [CMakeFiles/move_action_client.dir/build.make:63: CMakeFiles/move_action_client.dir/src/move_action_client.cpp.o] Error 1
[11.254s] make[1]: *** [CMakeFiles/Makefile2:125: CMakeFiles/move_action_client.dir/all] Error 2
[11.255s] make[1]: *** Waiting for unfinished jobs....
[15.141s] [ 97%] [32m[1mLinking CXX executable move_action_server[0m
[15.754s] [ 97%] Built target move_action_server
[15.758s] make: *** [Makefile:141: all] Error 2
[15.762s] Invoked command in '/home/loye/Desktop/Projects/ROS-100-Days-Coding-Challenge/Week 6/2. Actions/ros2_ws/build/action_pkg' returned '2': CMAKE_PREFIX_PATH=${CMAKE_PREFIX_PATH}:/home/loye/turtlebot3_ws/install/turtlebot3_teleop:/home/loye/turtlebot3_ws/install/turtlebot3_example:/opt/ros/foxy /usr/bin/cmake --build /home/loye/Desktop/Projects/ROS-100-Days-Coding-Challenge/Week 6/2. Actions/ros2_ws/build/action_pkg -- -j4 -l4
