[0.037s] Invoking command in '/home/loye/Desktop/Projects/ROS-100-Days-Coding-Challenge/Week 6/1. ROS Launch/ros2_ws/build/turtle_controller': CMAKE_PREFIX_PATH=/opt/ros/foxy /usr/bin/cmake --build /home/loye/Desktop/Projects/ROS-100-Days-Coding-Challenge/Week 6/1. ROS Launch/ros2_ws/build/turtle_controller -- -j4 -l4
[0.137s] -- Found ament_cmake: 0.9.9 (/opt/ros/foxy/share/ament_cmake/cmake)
[0.208s] -- Using PYTHON_EXECUTABLE: /usr/bin/python3
[0.682s] -- Found rclcpp: 2.4.1 (/opt/ros/foxy/share/rclcpp/cmake)
[0.811s] -- Using all available rosidl_typesupport_c: rosidl_typesupport_fastrtps_c;rosidl_typesupport_introspection_c
[0.825s] -- Found rosidl_adapter: 1.2.1 (/opt/ros/foxy/share/rosidl_adapter/cmake)
[1.257s] -- Using all available rosidl_typesupport_cpp: rosidl_typesupport_fastrtps_cpp;rosidl_typesupport_introspection_cpp
[1.475s] -- Found rmw_implementation_cmake: 1.0.3 (/opt/ros/foxy/share/rmw_implementation_cmake/cmake)
[1.480s] -- Using RMW implementation 'rmw_fastrtps_cpp' as default
[2.205s] -- Found turtlesim: 1.2.5 (/opt/ros/foxy/share/turtlesim/cmake)
[2.756s] -- Found geometry_msgs: 2.0.5 (/opt/ros/foxy/share/geometry_msgs/cmake)
[3.159s] -- Configuring done
[3.207s] -- Generating done
[3.221s] -- Build files have been written to: /home/loye/Desktop/Projects/ROS-100-Days-Coding-Challenge/Week 6/1. ROS Launch/ros2_ws/build/turtle_controller
[3.366s] [100%] Built target avoid_wall
[3.408s] Invoked command in '/home/loye/Desktop/Projects/ROS-100-Days-Coding-Challenge/Week 6/1. ROS Launch/ros2_ws/build/turtle_controller' returned '0': CMAKE_PREFIX_PATH=/opt/ros/foxy /usr/bin/cmake --build /home/loye/Desktop/Projects/ROS-100-Days-Coding-Challenge/Week 6/1. ROS Launch/ros2_ws/build/turtle_controller -- -j4 -l4
[3.508s] Invoking command in '/home/loye/Desktop/Projects/ROS-100-Days-Coding-Challenge/Week 6/1. ROS Launch/ros2_ws/build/turtle_controller': CMAKE_PREFIX_PATH=/opt/ros/foxy /usr/bin/cmake --install /home/loye/Desktop/Projects/ROS-100-Days-Coding-Challenge/Week 6/1. ROS Launch/ros2_ws/build/turtle_controller
[3.530s] -- Install configuration: ""
[3.531s] -- Up-to-date: /home/loye/Desktop/Projects/ROS-100-Days-Coding-Challenge/Week 6/1. ROS Launch/ros2_ws/install/turtle_controller/lib/turtle_controller/avoid_wall
[3.532s] -- Installing: /home/loye/Desktop/Projects/ROS-100-Days-Coding-Challenge/Week 6/1. ROS Launch/ros2_ws/install/turtle_controller/share/turtle_controller/environment/pythonpath.sh
[3.533s] -- Installing: /home/loye/Desktop/Projects/ROS-100-Days-Coding-Challenge/Week 6/1. ROS Launch/ros2_ws/install/turtle_controller/share/turtle_controller/environment/pythonpath.dsv
[3.533s] -- Installing: /home/loye/Desktop/Projects/ROS-100-Days-Coding-Challenge/Week 6/1. ROS Launch/ros2_ws/install/turtle_controller/lib/python3.8/site-packages/turtle_controller
[3.534s] -- Installing: /home/loye/Desktop/Projects/ROS-100-Days-Coding-Challenge/Week 6/1. ROS Launch/ros2_ws/install/turtle_controller/lib/python3.8/site-packages/turtle_controller/module_to_import.py
[3.534s] -- Installing: /home/loye/Desktop/Projects/ROS-100-Days-Coding-Challenge/Week 6/1. ROS Launch/ros2_ws/install/turtle_controller/lib/python3.8/site-packages/turtle_controller/__init__.py
[3.610s] Listing '/home/loye/Desktop/Projects/ROS-100-Days-Coding-Challenge/Week 6/1. ROS Launch/ros2_ws/install/turtle_controller/lib/python3.8/site-packages/turtle_controller'...
[3.611s] Compiling '/home/loye/Desktop/Projects/ROS-100-Days-Coding-Challenge/Week 6/1. ROS Launch/ros2_ws/install/turtle_controller/lib/python3.8/site-packages/turtle_controller/__init__.py'...
[3.611s] Compiling '/home/loye/Desktop/Projects/ROS-100-Days-Coding-Challenge/Week 6/1. ROS Launch/ros2_ws/install/turtle_controller/lib/python3.8/site-packages/turtle_controller/module_to_import.py'...
[3.620s] CMake Error at cmake_install.cmake:81 (file):
[3.621s]   file INSTALL cannot find
[3.621s]   "/home/loye/Desktop/Projects/ROS-100-Days-Coding-Challenge/Week 6/1.  ROS
[3.621s]   Launch/ros2_ws/src/turtle_controller/srcipts/move_linear.py": No such file
[3.621s]   or directory.
[3.621s] 
[3.622s] 
[3.629s] Invoked command in '/home/loye/Desktop/Projects/ROS-100-Days-Coding-Challenge/Week 6/1. ROS Launch/ros2_ws/build/turtle_controller' returned '1': CMAKE_PREFIX_PATH=/opt/ros/foxy /usr/bin/cmake --install /home/loye/Desktop/Projects/ROS-100-Days-Coding-Challenge/Week 6/1. ROS Launch/ros2_ws/build/turtle_controller
