[1.870s] Invoking command in '/home/loye/Desktop/Projects/ROS-100-Days-Coding-Challenge/Week 8/ros2_ws/build/ros2_path_planning': PYTHONPATH=/home/loye/Desktop/Projects/ROS-100-Days-Coding-Challenge/Week 8/ros2_ws/install/ros2_path_planning/lib/python3.8/site-packages:${PYTHONPATH} /usr/bin/python3 setup.py develop --prefix /home/loye/Desktop/Projects/ROS-100-Days-Coding-Challenge/Week 8/ros2_ws/install/ros2_path_planning --uninstall --editable --build-directory /home/loye/Desktop/Projects/ROS-100-Days-Coding-Challenge/Week 8/ros2_ws/build/ros2_path_planning/build
[2.487s] running develop
[2.893s] Invoked command in '/home/loye/Desktop/Projects/ROS-100-Days-Coding-Challenge/Week 8/ros2_ws/build/ros2_path_planning' returned '0': PYTHONPATH=/home/loye/Desktop/Projects/ROS-100-Days-Coding-Challenge/Week 8/ros2_ws/install/ros2_path_planning/lib/python3.8/site-packages:${PYTHONPATH} /usr/bin/python3 setup.py develop --prefix /home/loye/Desktop/Projects/ROS-100-Days-Coding-Challenge/Week 8/ros2_ws/install/ros2_path_planning --uninstall --editable --build-directory /home/loye/Desktop/Projects/ROS-100-Days-Coding-Challenge/Week 8/ros2_ws/build/ros2_path_planning/build
[2.899s] Invoking command in '/home/loye/Desktop/Projects/ROS-100-Days-Coding-Challenge/Week 8/ros2_ws/src/ros2_path_planning': PYTHONPATH=/home/loye/Desktop/Projects/ROS-100-Days-Coding-Challenge/Week 8/ros2_ws/install/ros2_path_planning/lib/python3.8/site-packages:${PYTHONPATH} /usr/bin/python3 setup.py egg_info --egg-base ../../build/ros2_path_planning build --build-base /home/loye/Desktop/Projects/ROS-100-Days-Coding-Challenge/Week 8/ros2_ws/build/ros2_path_planning/build install --prefix /home/loye/Desktop/Projects/ROS-100-Days-Coding-Challenge/Week 8/ros2_ws/install/ros2_path_planning --record /home/loye/Desktop/Projects/ROS-100-Days-Coding-Challenge/Week 8/ros2_ws/build/ros2_path_planning/install.log --single-version-externally-managed
[3.454s] running egg_info
[3.455s] writing ../../build/ros2_path_planning/ros2_path_planning.egg-info/PKG-INFO
[3.456s] writing dependency_links to ../../build/ros2_path_planning/ros2_path_planning.egg-info/dependency_links.txt
[3.456s] writing entry points to ../../build/ros2_path_planning/ros2_path_planning.egg-info/entry_points.txt
[3.457s] writing requirements to ../../build/ros2_path_planning/ros2_path_planning.egg-info/requires.txt
[3.457s] writing top-level names to ../../build/ros2_path_planning/ros2_path_planning.egg-info/top_level.txt
[3.557s] reading manifest file '../../build/ros2_path_planning/ros2_path_planning.egg-info/SOURCES.txt'
[3.559s] writing manifest file '../../build/ros2_path_planning/ros2_path_planning.egg-info/SOURCES.txt'
[3.559s] running build
[3.564s] running build_py
[3.564s] running install
[3.565s] running install_lib
[3.565s] running install_data
[3.566s] copying urdf/maze_bot.urdf -> /home/loye/Desktop/Projects/ROS-100-Days-Coding-Challenge/Week 8/ros2_ws/install/ros2_path_planning/share/ros2_path_planning/urdf
[3.569s] running install_egg_info
[3.570s] removing '/home/loye/Desktop/Projects/ROS-100-Days-Coding-Challenge/Week 8/ros2_ws/install/ros2_path_planning/lib/python3.8/site-packages/ros2_path_planning-0.0.0-py3.8.egg-info' (and everything under it)
[3.570s] Copying ../../build/ros2_path_planning/ros2_path_planning.egg-info to /home/loye/Desktop/Projects/ROS-100-Days-Coding-Challenge/Week 8/ros2_ws/install/ros2_path_planning/lib/python3.8/site-packages/ros2_path_planning-0.0.0-py3.8.egg-info
[3.572s] running install_scripts
[3.613s] writing list of installed files to '/home/loye/Desktop/Projects/ROS-100-Days-Coding-Challenge/Week 8/ros2_ws/build/ros2_path_planning/install.log'
[3.658s] Invoked command in '/home/loye/Desktop/Projects/ROS-100-Days-Coding-Challenge/Week 8/ros2_ws/src/ros2_path_planning' returned '0': PYTHONPATH=/home/loye/Desktop/Projects/ROS-100-Days-Coding-Challenge/Week 8/ros2_ws/install/ros2_path_planning/lib/python3.8/site-packages:${PYTHONPATH} /usr/bin/python3 setup.py egg_info --egg-base ../../build/ros2_path_planning build --build-base /home/loye/Desktop/Projects/ROS-100-Days-Coding-Challenge/Week 8/ros2_ws/build/ros2_path_planning/build install --prefix /home/loye/Desktop/Projects/ROS-100-Days-Coding-Challenge/Week 8/ros2_ws/install/ros2_path_planning --record /home/loye/Desktop/Projects/ROS-100-Days-Coding-Challenge/Week 8/ros2_ws/build/ros2_path_planning/install.log --single-version-externally-managed
