[0.063s] Invoking command in '/home/loye/Desktop/Projects/ROS-100-Days-Coding-Challenge/Week 5/4. LED indicator/ros2_ws/build/led_indicator': AMENT_PREFIX_PATH=/home/loye/Desktop/Projects/ROS-100-Days-Coding-Challenge/Week 5/4. LED indicator/ros2_ws/install/battery_interface:${AMENT_PREFIX_PATH} CMAKE_PREFIX_PATH=/home/loye/Desktop/Projects/ROS-100-Days-Coding-Challenge/Week 5/4. LED indicator/ros2_ws/install/battery_interface:/opt/ros/foxy LD_LIBRARY_PATH=/home/loye/Desktop/Projects/ROS-100-Days-Coding-Challenge/Week 5/4. LED indicator/ros2_ws/install/battery_interface/lib:${LD_LIBRARY_PATH} PYTHONPATH=/home/loye/Desktop/Projects/ROS-100-Days-Coding-Challenge/Week 5/4. LED indicator/ros2_ws/install/battery_interface/lib/python3.8/site-packages:${PYTHONPATH} /usr/bin/cmake --build /home/loye/Desktop/Projects/ROS-100-Days-Coding-Challenge/Week 5/4. LED indicator/ros2_ws/build/led_indicator -- -j4 -l4
[0.242s] [35m[1mScanning dependencies of target battery_node[0m
[0.245s] [35m[1mScanning dependencies of target led_node[0m
[0.393s] [ 25%] [32mBuilding CXX object CMakeFiles/led_node.dir/src/led_node.cpp.o[0m
[0.410s] [ 50%] [32mBuilding CXX object CMakeFiles/battery_node.dir/src/battery_node.cpp.o[0m
[4.388s] [01m[K/home/loye/Desktop/Projects/ROS-100-Days-Coding-Challenge/Week 5/4. LED indicator/ros2_ws/src/led_indicator/src/battery_node.cpp:[m[K In member function ‘[01m[Kvoid Battery::setLED(battery_interface::srv::SetLed::Request, battery_interface::srv::SetLed::Response)[m[K’:
[4.396s] [01m[K/home/loye/Desktop/Projects/ROS-100-Days-Coding-Challenge/Week 5/4. LED indicator/ros2_ws/src/led_indicator/src/battery_node.cpp:57:61:[m[K [01;35m[Kwarning: [m[Kcomparison of integer expressions of different signedness: ‘[01m[Kconst _battery_state_type[m[K’ {aka ‘[01m[Kconst long int[m[K’} and ‘[01m[Ksize_t[m[K’ {aka ‘[01m[Klong unsigned int[m[K’} [[01;35m[K]8;;https://gcc.gnu.org/onlinedocs/gcc/Warning-Options.html#index-Wsign-compare-Wsign-compare]8;;[m[K]
[4.397s]    57 |         if (battery_percent == 100 && [01;35m[Krequest.battery_state == battery_percent[m[K){
[4.398s]       |                                       [01;35m[K~~~~~~~~~~~~~~~~~~~~~~^~~~~~~~~~~~~~~~~~[m[K
[4.399s] [01m[K/home/loye/Desktop/Projects/ROS-100-Days-Coding-Challenge/Week 5/4. LED indicator/ros2_ws/src/led_indicator/src/battery_node.cpp:60:34:[m[K [01;31m[Kerror: [m[Kno match for ‘[01m[Koperator=[m[K’ (operand types are ‘[01m[Kconst _led_state_type[m[K’ {aka ‘[01m[Kconst std::vector<long int, std::allocator<long int> >[m[K’} and ‘[01m[Kint [3][m[K’)
[4.399s]    60 |             response.led_state = [01;31m[Kfull[m[K;
[4.400s]       |                                  [01;31m[K^~~~[m[K
[4.400s] In file included from [01m[K/usr/include/c++/10/vector:72[m[K,
[4.401s]                  from [01m[K/opt/ros/foxy/include/rclcpp/executor.hpp:27[m[K,
[4.401s]                  from [01m[K/opt/ros/foxy/include/rclcpp/executors/multi_threaded_executor.hpp:26[m[K,
[4.402s]                  from [01m[K/opt/ros/foxy/include/rclcpp/executors.hpp:21[m[K,
[4.402s]                  from [01m[K/opt/ros/foxy/include/rclcpp/rclcpp.hpp:146[m[K,
[4.403s]                  from [01m[K/home/loye/Desktop/Projects/ROS-100-Days-Coding-Challenge/Week 5/4. LED indicator/ros2_ws/src/led_indicator/src/battery_node.cpp:1[m[K:
[4.403s] [01m[K/usr/include/c++/10/bits/vector.tcc:198:5:[m[K [01;36m[Knote: [m[Kcandidate: ‘[01m[Kstd::vector<_Tp, _Alloc>& std::vector<_Tp, _Alloc>::operator=(const std::vector<_Tp, _Alloc>&) [with _Tp = long int; _Alloc = std::allocator<long int>][m[K’
[4.404s]   198 |     [01;36m[Kvector<_Tp, _Alloc>[m[K::
[4.404s]       |     [01;36m[K^~~~~~~~~~~~~~~~~~~[m[K
[4.409s] [01m[K/usr/include/c++/10/bits/vector.tcc:199:42:[m[K [01;36m[Knote: [m[K  no known conversion for argument 1 from ‘[01m[Kint [3][m[K’ to ‘[01m[Kconst std::vector<long int, std::allocator<long int> >&[m[K’
[4.410s]   199 |     operator=([01;36m[Kconst vector<_Tp, _Alloc>& __x[m[K)
[4.411s]       |               [01;36m[K~~~~~~~~~~~~~~~~~~~~~~~~~~~^~~[m[K
[4.411s] In file included from [01m[K/usr/include/c++/10/vector:67[m[K,
[4.412s]                  from [01m[K/opt/ros/foxy/include/rclcpp/executor.hpp:27[m[K,
[4.413s]                  from [01m[K/opt/ros/foxy/include/rclcpp/executors/multi_threaded_executor.hpp:26[m[K,
[4.413s]                  from [01m[K/opt/ros/foxy/include/rclcpp/executors.hpp:21[m[K,
[4.414s]                  from [01m[K/opt/ros/foxy/include/rclcpp/rclcpp.hpp:146[m[K,
[4.414s]                  from [01m[K/home/loye/Desktop/Projects/ROS-100-Days-Coding-Challenge/Week 5/4. LED indicator/ros2_ws/src/led_indicator/src/battery_node.cpp:1[m[K:
[4.415s] [01m[K/usr/include/c++/10/bits/stl_vector.h:709:7:[m[K [01;36m[Knote: [m[Kcandidate: ‘[01m[Kstd::vector<_Tp, _Alloc>& std::vector<_Tp, _Alloc>::operator=(std::vector<_Tp, _Alloc>&&) [with _Tp = long int; _Alloc = std::allocator<long int>][m[K’
[4.417s]   709 |       [01;36m[Koperator[m[K=(vector&& __x) noexcept(_Alloc_traits::_S_nothrow_move())
[4.417s]       |       [01;36m[K^~~~~~~~[m[K
[4.417s] [01m[K/usr/include/c++/10/bits/stl_vector.h:709:26:[m[K [01;36m[Knote: [m[K  no known conversion for argument 1 from ‘[01m[Kint [3][m[K’ to ‘[01m[Kstd::vector<long int, std::allocator<long int> >&&[m[K’
[4.417s]   709 |       operator=([01;36m[Kvector&& __x[m[K) noexcept(_Alloc_traits::_S_nothrow_move())
[4.418s]       |                 [01;36m[K~~~~~~~~~^~~[m[K
[4.418s] [01m[K/usr/include/c++/10/bits/stl_vector.h:730:7:[m[K [01;36m[Knote: [m[Kcandidate: ‘[01m[Kstd::vector<_Tp, _Alloc>& std::vector<_Tp, _Alloc>::operator=(std::initializer_list<_Tp>) [with _Tp = long int; _Alloc = std::allocator<long int>][m[K’
[4.418s]   730 |       [01;36m[Koperator[m[K=(initializer_list<value_type> __l)
[4.418s]       |       [01;36m[K^~~~~~~~[m[K
[4.419s] [01m[K/usr/include/c++/10/bits/stl_vector.h:730:46:[m[K [01;36m[Knote: [m[K  no known conversion for argument 1 from ‘[01m[Kint [3][m[K’ to ‘[01m[Kstd::initializer_list<long int>[m[K’
[4.419s]   730 |       operator=([01;36m[Kinitializer_list<value_type> __l[m[K)
[4.419s]       |                 [01;36m[K~~~~~~~~~~~~~~~~~~~~~~~~~~~~~^~~[m[K
[4.930s] In file included from [01m[K/opt/ros/foxy/include/rclcpp/node_impl.hpp:40[m[K,
[4.931s]                  from [01m[K/opt/ros/foxy/include/rclcpp/node.hpp:1224[m[K,
[4.931s]                  from [01m[K/opt/ros/foxy/include/rclcpp/executors/single_threaded_executor.hpp:28[m[K,
[4.932s]                  from [01m[K/opt/ros/foxy/include/rclcpp/executors.hpp:22[m[K,
[4.932s]                  from [01m[K/opt/ros/foxy/include/rclcpp/rclcpp.hpp:146[m[K,
[4.932s]                  from [01m[K/home/loye/Desktop/Projects/ROS-100-Days-Coding-Challenge/Week 5/4. LED indicator/ros2_ws/src/led_indicator/src/battery_node.cpp:1[m[K:
[4.932s] /opt/ros/foxy/include/rclcpp/create_service.hpp: In instantiation of ‘[01m[Ktypename rclcpp::Service<ServiceT>::SharedPtr rclcpp::create_service(std::shared_ptr<rclcpp::node_interfaces::NodeBaseInterface>, std::shared_ptr<rclcpp::node_interfaces::NodeServicesInterface>, const string&, CallbackT&&, const rmw_qos_profile_t&, rclcpp::CallbackGroup::SharedPtr) [with ServiceT = battery_interface::srv::SetLed; CallbackT = std::_Bind<void (Battery::*(Battery*, std::_Placeholder<1>, std::_Placeholder<2>))(battery_interface::srv::SetLed_Request_<std::allocator<void> >, battery_interface::srv::SetLed_Response_<std::allocator<void> >)>; typename rclcpp::Service<ServiceT>::SharedPtr = std::shared_ptr<rclcpp::Service<battery_interface::srv::SetLed> >; std::string = std::__cxx11::basic_string<char>; rmw_qos_profile_t = rmw_qos_profile_t; rclcpp::CallbackGroup::SharedPtr = std::shared_ptr<rclcpp::CallbackGroup>][m[K’:
[4.933s] [01m[K/opt/ros/foxy/include/rclcpp/node_impl.hpp:146:53:[m[K   required from ‘[01m[Ktypename rclcpp::Service<ServiceT>::SharedPtr rclcpp::Node::create_service(const string&, CallbackT&&, const rmw_qos_profile_t&, rclcpp::CallbackGroup::SharedPtr) [with ServiceT = battery_interface::srv::SetLed; CallbackT = std::_Bind<void (Battery::*(Battery*, std::_Placeholder<1>, std::_Placeholder<2>))(battery_interface::srv::SetLed_Request_<std::allocator<void> >, battery_interface::srv::SetLed_Response_<std::allocator<void> >)>; typename rclcpp::Service<ServiceT>::SharedPtr = std::shared_ptr<rclcpp::Service<battery_interface::srv::SetLed> >; std::string = std::__cxx11::basic_string<char>; rmw_qos_profile_t = rmw_qos_profile_t; rclcpp::CallbackGroup::SharedPtr = std::shared_ptr<rclcpp::CallbackGroup>][m[K’
[4.933s] [01m[K/home/loye/Desktop/Projects/ROS-100-Days-Coding-Challenge/Week 5/4. LED indicator/ros2_ws/src/led_indicator/src/battery_node.cpp:16:124:[m[K   required from here
[4.933s] [01m[K/opt/ros/foxy/include/rclcpp/create_service.hpp:43:27:[m[K [01;31m[Kerror: [m[Kno matching function for call to ‘[01m[Krclcpp::AnyServiceCallback<battery_interface::srv::SetLed>::set(std::_Bind<void (Battery::*(Battery*, std::_Placeholder<1>, std::_Placeholder<2>))(battery_interface::srv::SetLed_Request_<std::allocator<void> >, battery_interface::srv::SetLed_Response_<std::allocator<void> >)>)[m[K’
[4.933s]    43 |   [01;31m[Kany_service_callback.set(std::forward<CallbackT>(callback))[m[K;
[4.934s]       |   [01;31m[K~~~~~~~~~~~~~~~~~~~~~~~~^~~~~~~~~~~~~~~~~~~~~~~~~~~~~~~~~~~[m[K
[4.934s] In file included from [01m[K/opt/ros/foxy/include/rclcpp/service.hpp:28[m[K,
[4.934s]                  from [01m[K/opt/ros/foxy/include/rclcpp/callback_group.hpp:25[m[K,
[4.934s]                  from [01m[K/opt/ros/foxy/include/rclcpp/any_executable.hpp:20[m[K,
[4.934s]                  from [01m[K/opt/ros/foxy/include/rclcpp/memory_strategy.hpp:24[m[K,
[4.935s]                  from [01m[K/opt/ros/foxy/include/rclcpp/memory_strategies.hpp:18[m[K,
[4.935s]                  from [01m[K/opt/ros/foxy/include/rclcpp/executor_options.hpp:20[m[K,
[4.935s]                  from [01m[K/opt/ros/foxy/include/rclcpp/executor.hpp:33[m[K,
[4.935s]                  from [01m[K/opt/ros/foxy/include/rclcpp/executors/multi_threaded_executor.hpp:26[m[K,
[4.935s]                  from [01m[K/opt/ros/foxy/include/rclcpp/executors.hpp:21[m[K,
[4.936s]                  from [01m[K/opt/ros/foxy/include/rclcpp/rclcpp.hpp:146[m[K,
[4.936s]                  from [01m[K/home/loye/Desktop/Projects/ROS-100-Days-Coding-Challenge/Week 5/4. LED indicator/ros2_ws/src/led_indicator/src/battery_node.cpp:1[m[K:
[4.936s] [01m[K/opt/ros/foxy/include/rclcpp/any_service_callback.hpp:67:8:[m[K [01;36m[Knote: [m[Kcandidate: ‘[01m[Ktemplate<class CallbackT, typename std::enable_if<rclcpp::function_traits::same_arguments<CallbackT, std::function<void(std::shared_ptr<battery_interface::srv::SetLed_Request_<std::allocator<void> > >, std::shared_ptr<battery_interface::srv::SetLed_Response_<std::allocator<void> > >)> >::value, void>::type* <anonymous> > void rclcpp::AnyServiceCallback<ServiceT>::set(CallbackT) [with CallbackT = CallbackT; typename std::enable_if<rclcpp::function_traits::same_arguments<CallbackT, std::function<void(std::shared_ptr<typename ServiceT::Request>, std::shared_ptr<typename ServiceT::Response>)> >::value>::type* <anonymous> = <anonymous>; ServiceT = battery_interface::srv::SetLed][m[K’
[4.938s]    67 |   void [01;36m[Kset[m[K(CallbackT callback)
[4.938s]       |        [01;36m[K^~~[m[K
[4.939s] [01m[K/opt/ros/foxy/include/rclcpp/any_service_callback.hpp:67:8:[m[K [01;36m[Knote: [m[K  template argument deduction/substitution failed:
[4.939s] [01m[K/opt/ros/foxy/include/rclcpp/any_service_callback.hpp:65:17:[m[K [01;31m[Kerror: [m[Kno type named ‘[01m[Ktype[m[K’ in ‘[01m[Kstruct std::enable_if<false, void>[m[K’
[4.939s]    65 |     >::type * = [01;31m[Knullptr[m[K
[4.939s]       |                 [01;31m[K^~~~~~~[m[K
[4.940s] [01m[K/opt/ros/foxy/include/rclcpp/any_service_callback.hpp:81:8:[m[K [01;36m[Knote: [m[Kcandidate: ‘[01m[Ktemplate<class CallbackT, typename std::enable_if<rclcpp::function_traits::same_arguments<CallbackT, std::function<void(std::shared_ptr<rmw_request_id_t>, std::shared_ptr<battery_interface::srv::SetLed_Request_<std::allocator<void> > >, std::shared_ptr<battery_interface::srv::SetLed_Response_<std::allocator<void> > >)> >::value, void>::type* <anonymous> > void rclcpp::AnyServiceCallback<ServiceT>::set(CallbackT) [with CallbackT = CallbackT; typename std::enable_if<rclcpp::function_traits::same_arguments<CallbackT, std::function<void(std::shared_ptr<rmw_request_id_t>, std::shared_ptr<typename ServiceT::Request>, std::shared_ptr<typename ServiceT::Response>)> >::value>::type* <anonymous> = <anonymous>; ServiceT = battery_interface::srv::SetLed][m[K’
[4.940s]    81 |   void [01;36m[Kset[m[K(CallbackT callback)
[4.940s]       |        [01;36m[K^~~[m[K
[4.942s] [01m[K/opt/ros/foxy/include/rclcpp/any_service_callback.hpp:81:8:[m[K [01;36m[Knote: [m[K  template argument deduction/substitution failed:
[4.943s] [01m[K/opt/ros/foxy/include/rclcpp/any_service_callback.hpp:79:17:[m[K [01;31m[Kerror: [m[Kno type named ‘[01m[Ktype[m[K’ in ‘[01m[Kstruct std::enable_if<false, void>[m[K’
[4.943s]    79 |     >::type * = [01;31m[Knullptr[m[K
[4.943s]       |                 [01;31m[K^~~~~~~[m[K
[7.198s] make[2]: *** [CMakeFiles/battery_node.dir/build.make:63: CMakeFiles/battery_node.dir/src/battery_node.cpp.o] Error 1
[7.199s] make[1]: *** [CMakeFiles/Makefile2:107: CMakeFiles/battery_node.dir/all] Error 2
[7.199s] make[1]: *** Waiting for unfinished jobs....
[13.919s] [ 75%] [32m[1mLinking CXX executable led_node[0m
[14.769s] [ 75%] Built target led_node
[14.776s] make: *** [Makefile:141: all] Error 2
[14.778s] Invoked command in '/home/loye/Desktop/Projects/ROS-100-Days-Coding-Challenge/Week 5/4. LED indicator/ros2_ws/build/led_indicator' returned '2': AMENT_PREFIX_PATH=/home/loye/Desktop/Projects/ROS-100-Days-Coding-Challenge/Week 5/4. LED indicator/ros2_ws/install/battery_interface:${AMENT_PREFIX_PATH} CMAKE_PREFIX_PATH=/home/loye/Desktop/Projects/ROS-100-Days-Coding-Challenge/Week 5/4. LED indicator/ros2_ws/install/battery_interface:/opt/ros/foxy LD_LIBRARY_PATH=/home/loye/Desktop/Projects/ROS-100-Days-Coding-Challenge/Week 5/4. LED indicator/ros2_ws/install/battery_interface/lib:${LD_LIBRARY_PATH} PYTHONPATH=/home/loye/Desktop/Projects/ROS-100-Days-Coding-Challenge/Week 5/4. LED indicator/ros2_ws/install/battery_interface/lib/python3.8/site-packages:${PYTHONPATH} /usr/bin/cmake --build /home/loye/Desktop/Projects/ROS-100-Days-Coding-Challenge/Week 5/4. LED indicator/ros2_ws/build/led_indicator -- -j4 -l4
