[0.038s] Invoking command in '/home/loye/Desktop/Projects/ROS-100-Days-Coding-Challenge/Week 5/1. Service/ros2_ws/build/pkg_cpp_py': CMAKE_PREFIX_PATH=/opt/ros/foxy /usr/bin/cmake --build /home/loye/Desktop/Projects/ROS-100-Days-Coding-Challenge/Week 5/1. Service/ros2_ws/build/pkg_cpp_py -- -j4 -l4
[0.190s] [35m[1mScanning dependencies of target add_two_ints_oop_client[0m
[0.248s] [ 50%] Built target add_two_ints_client
[0.248s] [ 50%] Built target add_two_ints_server
[0.259s] [ 75%] Built target add_two_ints_oop_server
[0.334s] [ 87%] [32mBuilding CXX object CMakeFiles/add_two_ints_oop_client.dir/src/add_two_ints_oop_client.cpp.o[0m
[6.545s] [100%] [32m[1mLinking CXX executable add_two_ints_oop_client[0m
[6.971s] [100%] Built target add_two_ints_oop_client
[7.004s] Invoked command in '/home/loye/Desktop/Projects/ROS-100-Days-Coding-Challenge/Week 5/1. Service/ros2_ws/build/pkg_cpp_py' returned '0': CMAKE_PREFIX_PATH=/opt/ros/foxy /usr/bin/cmake --build /home/loye/Desktop/Projects/ROS-100-Days-Coding-Challenge/Week 5/1. Service/ros2_ws/build/pkg_cpp_py -- -j4 -l4
[7.111s] Invoking command in '/home/loye/Desktop/Projects/ROS-100-Days-Coding-Challenge/Week 5/1. Service/ros2_ws/build/pkg_cpp_py': CMAKE_PREFIX_PATH=/opt/ros/foxy /usr/bin/cmake --install /home/loye/Desktop/Projects/ROS-100-Days-Coding-Challenge/Week 5/1. Service/ros2_ws/build/pkg_cpp_py
[7.131s] -- Install configuration: ""
[7.132s] -- Up-to-date: /home/loye/Desktop/Projects/ROS-100-Days-Coding-Challenge/Week 5/1. Service/ros2_ws/install/pkg_cpp_py/share/pkg_cpp_py/environment/pythonpath.sh
[7.132s] -- Up-to-date: /home/loye/Desktop/Projects/ROS-100-Days-Coding-Challenge/Week 5/1. Service/ros2_ws/install/pkg_cpp_py/share/pkg_cpp_py/environment/pythonpath.dsv
[7.133s] -- Up-to-date: /home/loye/Desktop/Projects/ROS-100-Days-Coding-Challenge/Week 5/1. Service/ros2_ws/install/pkg_cpp_py/lib/python3.8/site-packages/pkg_cpp_py
[7.133s] -- Up-to-date: /home/loye/Desktop/Projects/ROS-100-Days-Coding-Challenge/Week 5/1. Service/ros2_ws/install/pkg_cpp_py/lib/python3.8/site-packages/pkg_cpp_py/module_to_import.py
[7.134s] -- Up-to-date: /home/loye/Desktop/Projects/ROS-100-Days-Coding-Challenge/Week 5/1. Service/ros2_ws/install/pkg_cpp_py/lib/python3.8/site-packages/pkg_cpp_py/__init__.py
[7.202s] Listing '/home/loye/Desktop/Projects/ROS-100-Days-Coding-Challenge/Week 5/1. Service/ros2_ws/install/pkg_cpp_py/lib/python3.8/site-packages/pkg_cpp_py'...
[7.212s] -- Up-to-date: /home/loye/Desktop/Projects/ROS-100-Days-Coding-Challenge/Week 5/1. Service/ros2_ws/install/pkg_cpp_py/lib/pkg_cpp_py/add_two_ints_server.py
[7.212s] -- Up-to-date: /home/loye/Desktop/Projects/ROS-100-Days-Coding-Challenge/Week 5/1. Service/ros2_ws/install/pkg_cpp_py/lib/pkg_cpp_py/add_two_ints_client.py
[7.213s] -- Up-to-date: /home/loye/Desktop/Projects/ROS-100-Days-Coding-Challenge/Week 5/1. Service/ros2_ws/install/pkg_cpp_py/lib/pkg_cpp_py/add_two_ints_server
[7.214s] -- Up-to-date: /home/loye/Desktop/Projects/ROS-100-Days-Coding-Challenge/Week 5/1. Service/ros2_ws/install/pkg_cpp_py/lib/pkg_cpp_py/add_two_ints_oop_server
[7.215s] -- Up-to-date: /home/loye/Desktop/Projects/ROS-100-Days-Coding-Challenge/Week 5/1. Service/ros2_ws/install/pkg_cpp_py/lib/pkg_cpp_py/add_two_ints_client
[7.216s] -- Installing: /home/loye/Desktop/Projects/ROS-100-Days-Coding-Challenge/Week 5/1. Service/ros2_ws/install/pkg_cpp_py/lib/pkg_cpp_py/add_two_ints_oop_client
[7.219s] -- Set runtime path of "/home/loye/Desktop/Projects/ROS-100-Days-Coding-Challenge/Week 5/1. Service/ros2_ws/install/pkg_cpp_py/lib/pkg_cpp_py/add_two_ints_oop_client" to ""
[7.219s] -- Up-to-date: /home/loye/Desktop/Projects/ROS-100-Days-Coding-Challenge/Week 5/1. Service/ros2_ws/install/pkg_cpp_py/share/ament_index/resource_index/package_run_dependencies/pkg_cpp_py
[7.220s] -- Up-to-date: /home/loye/Desktop/Projects/ROS-100-Days-Coding-Challenge/Week 5/1. Service/ros2_ws/install/pkg_cpp_py/share/ament_index/resource_index/parent_prefix_path/pkg_cpp_py
[7.220s] -- Up-to-date: /home/loye/Desktop/Projects/ROS-100-Days-Coding-Challenge/Week 5/1. Service/ros2_ws/install/pkg_cpp_py/share/pkg_cpp_py/environment/ament_prefix_path.sh
[7.220s] -- Up-to-date: /home/loye/Desktop/Projects/ROS-100-Days-Coding-Challenge/Week 5/1. Service/ros2_ws/install/pkg_cpp_py/share/pkg_cpp_py/environment/ament_prefix_path.dsv
[7.221s] -- Up-to-date: /home/loye/Desktop/Projects/ROS-100-Days-Coding-Challenge/Week 5/1. Service/ros2_ws/install/pkg_cpp_py/share/pkg_cpp_py/environment/path.sh
[7.221s] -- Up-to-date: /home/loye/Desktop/Projects/ROS-100-Days-Coding-Challenge/Week 5/1. Service/ros2_ws/install/pkg_cpp_py/share/pkg_cpp_py/environment/path.dsv
[7.221s] -- Up-to-date: /home/loye/Desktop/Projects/ROS-100-Days-Coding-Challenge/Week 5/1. Service/ros2_ws/install/pkg_cpp_py/share/pkg_cpp_py/local_setup.bash
[7.222s] -- Up-to-date: /home/loye/Desktop/Projects/ROS-100-Days-Coding-Challenge/Week 5/1. Service/ros2_ws/install/pkg_cpp_py/share/pkg_cpp_py/local_setup.sh
[7.222s] -- Up-to-date: /home/loye/Desktop/Projects/ROS-100-Days-Coding-Challenge/Week 5/1. Service/ros2_ws/install/pkg_cpp_py/share/pkg_cpp_py/local_setup.zsh
[7.222s] -- Up-to-date: /home/loye/Desktop/Projects/ROS-100-Days-Coding-Challenge/Week 5/1. Service/ros2_ws/install/pkg_cpp_py/share/pkg_cpp_py/local_setup.dsv
[7.222s] -- Installing: /home/loye/Desktop/Projects/ROS-100-Days-Coding-Challenge/Week 5/1. Service/ros2_ws/install/pkg_cpp_py/share/pkg_cpp_py/package.dsv
[7.223s] -- Up-to-date: /home/loye/Desktop/Projects/ROS-100-Days-Coding-Challenge/Week 5/1. Service/ros2_ws/install/pkg_cpp_py/share/ament_index/resource_index/packages/pkg_cpp_py
[7.223s] -- Up-to-date: /home/loye/Desktop/Projects/ROS-100-Days-Coding-Challenge/Week 5/1. Service/ros2_ws/install/pkg_cpp_py/share/pkg_cpp_py/cmake/pkg_cpp_pyConfig.cmake
[7.223s] -- Up-to-date: /home/loye/Desktop/Projects/ROS-100-Days-Coding-Challenge/Week 5/1. Service/ros2_ws/install/pkg_cpp_py/share/pkg_cpp_py/cmake/pkg_cpp_pyConfig-version.cmake
[7.223s] -- Up-to-date: /home/loye/Desktop/Projects/ROS-100-Days-Coding-Challenge/Week 5/1. Service/ros2_ws/install/pkg_cpp_py/share/pkg_cpp_py/package.xml
[7.227s] Invoked command in '/home/loye/Desktop/Projects/ROS-100-Days-Coding-Challenge/Week 5/1. Service/ros2_ws/build/pkg_cpp_py' returned '0': CMAKE_PREFIX_PATH=/opt/ros/foxy /usr/bin/cmake --install /home/loye/Desktop/Projects/ROS-100-Days-Coding-Challenge/Week 5/1. Service/ros2_ws/build/pkg_cpp_py
