[0.387s] DEBUG:colcon:Command line arguments: ['/usr/bin/colcon', 'build', '--packages-select', 'led_indicator']
[0.387s] DEBUG:colcon:Parsed command line arguments: Namespace(allow_overriding=[], ament_cmake_args=None, base_paths=['.'], build_base='build', catkin_cmake_args=None, catkin_skip_building_tests=False, cmake_args=None, cmake_clean_cache=False, cmake_clean_first=False, cmake_force_configure=False, cmake_target=None, cmake_target_skip_unavailable=False, continue_on_error=False, event_handlers=None, executor='parallel', ignore_user_meta=False, install_base='install', log_base=None, log_level=None, main=<bound method BuildVerb.main of <colcon_core.verb.build.BuildVerb object at 0x7f22d457a670>>, merge_install=False, metas=['./colcon.meta'], packages_above=None, packages_above_and_dependencies=None, packages_above_depth=None, packages_end=None, packages_ignore=None, packages_ignore_regex=None, packages_select=['led_indicator'], packages_select_build_failed=False, packages_select_by_dep=None, packages_select_regex=None, packages_select_test_failures=False, packages_skip=None, packages_skip_build_finished=False, packages_skip_by_dep=None, packages_skip_regex=None, packages_skip_test_passed=False, packages_skip_up_to=None, packages_start=None, packages_up_to=None, packages_up_to_regex=None, parallel_workers=4, paths=None, symlink_install=False, test_result_base=None, verb_extension=<colcon_core.verb.build.BuildVerb object at 0x7f22d457a670>, verb_name='build', verb_parser=<colcon_defaults.argument_parser.defaults.DefaultArgumentsDecorator object at 0x7f22d457abb0>)
[0.447s] Level 1:colcon.colcon_core.package_discovery:discover_packages(colcon_meta) check parameters
[0.447s] Level 1:colcon.colcon_core.package_discovery:discover_packages(recursive) check parameters
[0.447s] Level 1:colcon.colcon_core.package_discovery:discover_packages(ignore) check parameters
[0.447s] Level 1:colcon.colcon_core.package_discovery:discover_packages(path) check parameters
[0.447s] Level 1:colcon.colcon_core.package_discovery:discover_packages(colcon_meta) discover
[0.448s] Level 1:colcon.colcon_core.package_discovery:discover_packages(recursive) discover
[0.448s] INFO:colcon.colcon_core.package_discovery:Crawling recursively for packages in '/home/loye/Desktop/Projects/ROS-100-Days-Coding-Challenge/Week 5/4. LED indicator/ros2_ws'
[0.448s] Level 1:colcon.colcon_core.package_identification:_identify(.) by extensions ['ignore', 'ignore_ament_install']
[0.448s] Level 1:colcon.colcon_core.package_identification:_identify(.) by extension 'ignore'
[0.449s] Level 1:colcon.colcon_core.package_identification:_identify(.) by extension 'ignore_ament_install'
[0.449s] Level 1:colcon.colcon_core.package_identification:_identify(.) by extensions ['colcon_pkg']
[0.449s] Level 1:colcon.colcon_core.package_identification:_identify(.) by extension 'colcon_pkg'
[0.449s] Level 1:colcon.colcon_core.package_identification:_identify(.) by extensions ['colcon_meta']
[0.449s] Level 1:colcon.colcon_core.package_identification:_identify(.) by extension 'colcon_meta'
[0.449s] Level 1:colcon.colcon_core.package_identification:_identify(.) by extensions ['ros']
[0.449s] Level 1:colcon.colcon_core.package_identification:_identify(.) by extension 'ros'
[0.480s] Level 1:colcon.colcon_core.package_identification:_identify(.) by extensions ['cmake', 'python']
[0.480s] Level 1:colcon.colcon_core.package_identification:_identify(.) by extension 'cmake'
[0.481s] Level 1:colcon.colcon_core.package_identification:_identify(.) by extension 'python'
[0.481s] Level 1:colcon.colcon_core.package_identification:_identify(.) by extensions ['python_setup_py']
[0.481s] Level 1:colcon.colcon_core.package_identification:_identify(.) by extension 'python_setup_py'
[0.481s] Level 1:colcon.colcon_core.package_identification:_identify(build) by extensions ['ignore', 'ignore_ament_install']
[0.481s] Level 1:colcon.colcon_core.package_identification:_identify(build) by extension 'ignore'
[0.481s] Level 1:colcon.colcon_core.package_identification:_identify(build) ignored
[0.482s] Level 1:colcon.colcon_core.package_identification:_identify(install) by extensions ['ignore', 'ignore_ament_install']
[0.482s] Level 1:colcon.colcon_core.package_identification:_identify(install) by extension 'ignore'
[0.482s] Level 1:colcon.colcon_core.package_identification:_identify(install) ignored
[0.482s] Level 1:colcon.colcon_core.package_identification:_identify(log) by extensions ['ignore', 'ignore_ament_install']
[0.482s] Level 1:colcon.colcon_core.package_identification:_identify(log) by extension 'ignore'
[0.482s] Level 1:colcon.colcon_core.package_identification:_identify(log) ignored
[0.483s] Level 1:colcon.colcon_core.package_identification:_identify(src) by extensions ['ignore', 'ignore_ament_install']
[0.483s] Level 1:colcon.colcon_core.package_identification:_identify(src) by extension 'ignore'
[0.483s] Level 1:colcon.colcon_core.package_identification:_identify(src) by extension 'ignore_ament_install'
[0.483s] Level 1:colcon.colcon_core.package_identification:_identify(src) by extensions ['colcon_pkg']
[0.483s] Level 1:colcon.colcon_core.package_identification:_identify(src) by extension 'colcon_pkg'
[0.483s] Level 1:colcon.colcon_core.package_identification:_identify(src) by extensions ['colcon_meta']
[0.483s] Level 1:colcon.colcon_core.package_identification:_identify(src) by extension 'colcon_meta'
[0.484s] Level 1:colcon.colcon_core.package_identification:_identify(src) by extensions ['ros']
[0.484s] Level 1:colcon.colcon_core.package_identification:_identify(src) by extension 'ros'
[0.484s] Level 1:colcon.colcon_core.package_identification:_identify(src) by extensions ['cmake', 'python']
[0.484s] Level 1:colcon.colcon_core.package_identification:_identify(src) by extension 'cmake'
[0.484s] Level 1:colcon.colcon_core.package_identification:_identify(src) by extension 'python'
[0.484s] Level 1:colcon.colcon_core.package_identification:_identify(src) by extensions ['python_setup_py']
[0.484s] Level 1:colcon.colcon_core.package_identification:_identify(src) by extension 'python_setup_py'
[0.485s] Level 1:colcon.colcon_core.package_identification:_identify(src/battery_interface) by extensions ['ignore', 'ignore_ament_install']
[0.485s] Level 1:colcon.colcon_core.package_identification:_identify(src/battery_interface) by extension 'ignore'
[0.485s] Level 1:colcon.colcon_core.package_identification:_identify(src/battery_interface) by extension 'ignore_ament_install'
[0.485s] Level 1:colcon.colcon_core.package_identification:_identify(src/battery_interface) by extensions ['colcon_pkg']
[0.485s] Level 1:colcon.colcon_core.package_identification:_identify(src/battery_interface) by extension 'colcon_pkg'
[0.485s] Level 1:colcon.colcon_core.package_identification:_identify(src/battery_interface) by extensions ['colcon_meta']
[0.485s] Level 1:colcon.colcon_core.package_identification:_identify(src/battery_interface) by extension 'colcon_meta'
[0.485s] Level 1:colcon.colcon_core.package_identification:_identify(src/battery_interface) by extensions ['ros']
[0.485s] Level 1:colcon.colcon_core.package_identification:_identify(src/battery_interface) by extension 'ros'
[0.491s] DEBUG:colcon.colcon_core.package_identification:Package 'src/battery_interface' with type 'ros.ament_cmake' and name 'battery_interface'
[0.491s] Level 1:colcon.colcon_core.package_identification:_identify(src/led_indicator) by extensions ['ignore', 'ignore_ament_install']
[0.491s] Level 1:colcon.colcon_core.package_identification:_identify(src/led_indicator) by extension 'ignore'
[0.491s] Level 1:colcon.colcon_core.package_identification:_identify(src/led_indicator) by extension 'ignore_ament_install'
[0.491s] Level 1:colcon.colcon_core.package_identification:_identify(src/led_indicator) by extensions ['colcon_pkg']
[0.491s] Level 1:colcon.colcon_core.package_identification:_identify(src/led_indicator) by extension 'colcon_pkg'
[0.492s] Level 1:colcon.colcon_core.package_identification:_identify(src/led_indicator) by extensions ['colcon_meta']
[0.492s] Level 1:colcon.colcon_core.package_identification:_identify(src/led_indicator) by extension 'colcon_meta'
[0.492s] Level 1:colcon.colcon_core.package_identification:_identify(src/led_indicator) by extensions ['ros']
[0.492s] Level 1:colcon.colcon_core.package_identification:_identify(src/led_indicator) by extension 'ros'
[0.494s] DEBUG:colcon.colcon_core.package_identification:Package 'src/led_indicator' with type 'ros.ament_cmake' and name 'led_indicator'
[0.494s] Level 1:colcon.colcon_core.package_discovery:discover_packages(recursive) using defaults
[0.494s] Level 1:colcon.colcon_core.package_discovery:discover_packages(ignore) discover
[0.494s] Level 1:colcon.colcon_core.package_discovery:discover_packages(ignore) using defaults
[0.494s] Level 1:colcon.colcon_core.package_discovery:discover_packages(path) discover
[0.494s] Level 1:colcon.colcon_core.package_discovery:discover_packages(path) using defaults
[0.564s] INFO:colcon.colcon_core.package_selection:Skipping not selected package 'battery_interface' in 'src/battery_interface'
[0.565s] Level 1:colcon.colcon_core.package_discovery:discover_packages(prefix_path) check parameters
[0.565s] Level 1:colcon.colcon_core.package_discovery:discover_packages(prefix_path) discover
[0.571s] DEBUG:colcon.colcon_installed_package_information.package_discovery:Found 2 installed packages in /home/loye/Desktop/Projects/ROS-100-Days-Coding-Challenge/Week 5/4. LED indicator/ros2_ws/install
[0.577s] DEBUG:colcon.colcon_installed_package_information.package_discovery:Found 263 installed packages in /opt/ros/foxy
[0.582s] Level 1:colcon.colcon_core.package_discovery:discover_packages(prefix_path) using defaults
[0.778s] Level 5:colcon.colcon_core.verb:set package 'led_indicator' build argument 'cmake_args' from command line to 'None'
[0.778s] Level 5:colcon.colcon_core.verb:set package 'led_indicator' build argument 'cmake_target' from command line to 'None'
[0.778s] Level 5:colcon.colcon_core.verb:set package 'led_indicator' build argument 'cmake_target_skip_unavailable' from command line to 'False'
[0.778s] Level 5:colcon.colcon_core.verb:set package 'led_indicator' build argument 'cmake_clean_cache' from command line to 'False'
[0.779s] Level 5:colcon.colcon_core.verb:set package 'led_indicator' build argument 'cmake_clean_first' from command line to 'False'
[0.779s] Level 5:colcon.colcon_core.verb:set package 'led_indicator' build argument 'cmake_force_configure' from command line to 'False'
[0.779s] Level 5:colcon.colcon_core.verb:set package 'led_indicator' build argument 'ament_cmake_args' from command line to 'None'
[0.779s] Level 5:colcon.colcon_core.verb:set package 'led_indicator' build argument 'catkin_cmake_args' from command line to 'None'
[0.779s] Level 5:colcon.colcon_core.verb:set package 'led_indicator' build argument 'catkin_skip_building_tests' from command line to 'False'
[0.779s] DEBUG:colcon.colcon_core.verb:Building package 'led_indicator' with the following arguments: {'ament_cmake_args': None, 'build_base': '/home/loye/Desktop/Projects/ROS-100-Days-Coding-Challenge/Week 5/4. LED indicator/ros2_ws/build/led_indicator', 'catkin_cmake_args': None, 'catkin_skip_building_tests': False, 'cmake_args': None, 'cmake_clean_cache': False, 'cmake_clean_first': False, 'cmake_force_configure': False, 'cmake_target': None, 'cmake_target_skip_unavailable': False, 'install_base': '/home/loye/Desktop/Projects/ROS-100-Days-Coding-Challenge/Week 5/4. LED indicator/ros2_ws/install/led_indicator', 'merge_install': False, 'path': '/home/loye/Desktop/Projects/ROS-100-Days-Coding-Challenge/Week 5/4. LED indicator/ros2_ws/src/led_indicator', 'symlink_install': False, 'test_result_base': None}
[0.782s] INFO:colcon.colcon_core.executor:Executing jobs using 'parallel' executor
[0.796s] DEBUG:colcon.colcon_parallel_executor.executor.parallel:run_until_complete
[0.796s] INFO:colcon.colcon_ros.task.ament_cmake.build:Building ROS package in '/home/loye/Desktop/Projects/ROS-100-Days-Coding-Challenge/Week 5/4. LED indicator/ros2_ws/src/led_indicator' with build type 'ament_cmake'
[0.797s] INFO:colcon.colcon_cmake.task.cmake.build:Building CMake package in '/home/loye/Desktop/Projects/ROS-100-Days-Coding-Challenge/Week 5/4. LED indicator/ros2_ws/src/led_indicator'
[0.808s] INFO:colcon.colcon_core.plugin_system:Skipping extension 'colcon_core.shell.bat': Not used on non-Windows systems
[0.809s] INFO:colcon.colcon_core.shell:Skip shell extension 'powershell' for command environment: Not usable outside of PowerShell
[0.810s] DEBUG:colcon.colcon_core.shell:Skip shell extension 'dsv' for command environment
[0.869s] DEBUG:colcon.colcon_core.event_handler.log_command:Invoking command in '/home/loye/Desktop/Projects/ROS-100-Days-Coding-Challenge/Week 5/4. LED indicator/ros2_ws/build/led_indicator': AMENT_PREFIX_PATH=/home/loye/Desktop/Projects/ROS-100-Days-Coding-Challenge/Week 5/4. LED indicator/ros2_ws/install/battery_interface:${AMENT_PREFIX_PATH} CMAKE_PREFIX_PATH=/home/loye/Desktop/Projects/ROS-100-Days-Coding-Challenge/Week 5/4. LED indicator/ros2_ws/install/battery_interface:/opt/ros/foxy LD_LIBRARY_PATH=/home/loye/Desktop/Projects/ROS-100-Days-Coding-Challenge/Week 5/4. LED indicator/ros2_ws/install/battery_interface/lib:${LD_LIBRARY_PATH} PYTHONPATH=/home/loye/Desktop/Projects/ROS-100-Days-Coding-Challenge/Week 5/4. LED indicator/ros2_ws/install/battery_interface/lib/python3.8/site-packages:${PYTHONPATH} /usr/bin/cmake --build /home/loye/Desktop/Projects/ROS-100-Days-Coding-Challenge/Week 5/4. LED indicator/ros2_ws/build/led_indicator -- -j4 -l4
[8.872s] DEBUG:colcon.colcon_core.event_handler.log_command:Invoked command in '/home/loye/Desktop/Projects/ROS-100-Days-Coding-Challenge/Week 5/4. LED indicator/ros2_ws/build/led_indicator' returned '0': AMENT_PREFIX_PATH=/home/loye/Desktop/Projects/ROS-100-Days-Coding-Challenge/Week 5/4. LED indicator/ros2_ws/install/battery_interface:${AMENT_PREFIX_PATH} CMAKE_PREFIX_PATH=/home/loye/Desktop/Projects/ROS-100-Days-Coding-Challenge/Week 5/4. LED indicator/ros2_ws/install/battery_interface:/opt/ros/foxy LD_LIBRARY_PATH=/home/loye/Desktop/Projects/ROS-100-Days-Coding-Challenge/Week 5/4. LED indicator/ros2_ws/install/battery_interface/lib:${LD_LIBRARY_PATH} PYTHONPATH=/home/loye/Desktop/Projects/ROS-100-Days-Coding-Challenge/Week 5/4. LED indicator/ros2_ws/install/battery_interface/lib/python3.8/site-packages:${PYTHONPATH} /usr/bin/cmake --build /home/loye/Desktop/Projects/ROS-100-Days-Coding-Challenge/Week 5/4. LED indicator/ros2_ws/build/led_indicator -- -j4 -l4
[8.958s] DEBUG:colcon.colcon_core.event_handler.log_command:Invoking command in '/home/loye/Desktop/Projects/ROS-100-Days-Coding-Challenge/Week 5/4. LED indicator/ros2_ws/build/led_indicator': AMENT_PREFIX_PATH=/home/loye/Desktop/Projects/ROS-100-Days-Coding-Challenge/Week 5/4. LED indicator/ros2_ws/install/battery_interface:${AMENT_PREFIX_PATH} CMAKE_PREFIX_PATH=/home/loye/Desktop/Projects/ROS-100-Days-Coding-Challenge/Week 5/4. LED indicator/ros2_ws/install/battery_interface:/opt/ros/foxy LD_LIBRARY_PATH=/home/loye/Desktop/Projects/ROS-100-Days-Coding-Challenge/Week 5/4. LED indicator/ros2_ws/install/battery_interface/lib:${LD_LIBRARY_PATH} PYTHONPATH=/home/loye/Desktop/Projects/ROS-100-Days-Coding-Challenge/Week 5/4. LED indicator/ros2_ws/install/battery_interface/lib/python3.8/site-packages:${PYTHONPATH} /usr/bin/cmake --install /home/loye/Desktop/Projects/ROS-100-Days-Coding-Challenge/Week 5/4. LED indicator/ros2_ws/build/led_indicator
[8.990s] Level 1:colcon.colcon_core.environment:create_environment_scripts_only(led_indicator)
[8.995s] DEBUG:colcon.colcon_core.event_handler.log_command:Invoked command in '/home/loye/Desktop/Projects/ROS-100-Days-Coding-Challenge/Week 5/4. LED indicator/ros2_ws/build/led_indicator' returned '0': AMENT_PREFIX_PATH=/home/loye/Desktop/Projects/ROS-100-Days-Coding-Challenge/Week 5/4. LED indicator/ros2_ws/install/battery_interface:${AMENT_PREFIX_PATH} CMAKE_PREFIX_PATH=/home/loye/Desktop/Projects/ROS-100-Days-Coding-Challenge/Week 5/4. LED indicator/ros2_ws/install/battery_interface:/opt/ros/foxy LD_LIBRARY_PATH=/home/loye/Desktop/Projects/ROS-100-Days-Coding-Challenge/Week 5/4. LED indicator/ros2_ws/install/battery_interface/lib:${LD_LIBRARY_PATH} PYTHONPATH=/home/loye/Desktop/Projects/ROS-100-Days-Coding-Challenge/Week 5/4. LED indicator/ros2_ws/install/battery_interface/lib/python3.8/site-packages:${PYTHONPATH} /usr/bin/cmake --install /home/loye/Desktop/Projects/ROS-100-Days-Coding-Challenge/Week 5/4. LED indicator/ros2_ws/build/led_indicator
[9.006s] Level 1:colcon.colcon_core.environment:checking '/home/loye/Desktop/Projects/ROS-100-Days-Coding-Challenge/Week 5/4. LED indicator/ros2_ws/install/led_indicator' for CMake module files
[9.010s] Level 1:colcon.colcon_core.environment:checking '/home/loye/Desktop/Projects/ROS-100-Days-Coding-Challenge/Week 5/4. LED indicator/ros2_ws/install/led_indicator' for CMake config files
[9.010s] Level 1:colcon.colcon_core.shell:create_environment_hook('led_indicator', 'cmake_prefix_path')
[9.014s] INFO:colcon.colcon_core.shell:Creating environment hook '/home/loye/Desktop/Projects/ROS-100-Days-Coding-Challenge/Week 5/4. LED indicator/ros2_ws/install/led_indicator/share/led_indicator/hook/cmake_prefix_path.ps1'
[9.016s] INFO:colcon.colcon_core.shell:Creating environment descriptor '/home/loye/Desktop/Projects/ROS-100-Days-Coding-Challenge/Week 5/4. LED indicator/ros2_ws/install/led_indicator/share/led_indicator/hook/cmake_prefix_path.dsv'
[9.018s] INFO:colcon.colcon_core.shell:Creating environment hook '/home/loye/Desktop/Projects/ROS-100-Days-Coding-Challenge/Week 5/4. LED indicator/ros2_ws/install/led_indicator/share/led_indicator/hook/cmake_prefix_path.sh'
[9.021s] Level 1:colcon.colcon_core.environment:checking '/home/loye/Desktop/Projects/ROS-100-Days-Coding-Challenge/Week 5/4. LED indicator/ros2_ws/install/led_indicator/lib'
[9.021s] Level 1:colcon.colcon_core.environment:checking '/home/loye/Desktop/Projects/ROS-100-Days-Coding-Challenge/Week 5/4. LED indicator/ros2_ws/install/led_indicator/bin'
[9.021s] Level 1:colcon.colcon_core.environment:checking '/home/loye/Desktop/Projects/ROS-100-Days-Coding-Challenge/Week 5/4. LED indicator/ros2_ws/install/led_indicator/lib/pkgconfig/led_indicator.pc'
[9.022s] Level 1:colcon.colcon_core.environment:checking '/home/loye/Desktop/Projects/ROS-100-Days-Coding-Challenge/Week 5/4. LED indicator/ros2_ws/install/led_indicator/lib/python3.8/site-packages'
[9.022s] Level 1:colcon.colcon_core.environment:checking '/home/loye/Desktop/Projects/ROS-100-Days-Coding-Challenge/Week 5/4. LED indicator/ros2_ws/install/led_indicator/bin'
[9.026s] INFO:colcon.colcon_core.shell:Creating package script '/home/loye/Desktop/Projects/ROS-100-Days-Coding-Challenge/Week 5/4. LED indicator/ros2_ws/install/led_indicator/share/led_indicator/package.ps1'
[9.028s] INFO:colcon.colcon_core.shell:Creating package descriptor '/home/loye/Desktop/Projects/ROS-100-Days-Coding-Challenge/Week 5/4. LED indicator/ros2_ws/install/led_indicator/share/led_indicator/package.dsv'
[9.029s] INFO:colcon.colcon_core.shell:Creating package script '/home/loye/Desktop/Projects/ROS-100-Days-Coding-Challenge/Week 5/4. LED indicator/ros2_ws/install/led_indicator/share/led_indicator/package.sh'
[9.031s] INFO:colcon.colcon_core.shell:Creating package script '/home/loye/Desktop/Projects/ROS-100-Days-Coding-Challenge/Week 5/4. LED indicator/ros2_ws/install/led_indicator/share/led_indicator/package.bash'
[9.033s] INFO:colcon.colcon_core.shell:Creating package script '/home/loye/Desktop/Projects/ROS-100-Days-Coding-Challenge/Week 5/4. LED indicator/ros2_ws/install/led_indicator/share/led_indicator/package.zsh'
[9.035s] Level 1:colcon.colcon_core.environment:create_file_with_runtime_dependencies(/home/loye/Desktop/Projects/ROS-100-Days-Coding-Challenge/Week 5/4. LED indicator/ros2_ws/install/led_indicator/share/colcon-core/packages/led_indicator)
[9.104s] Level 1:colcon.colcon_core.environment:create_environment_scripts_only(led_indicator)
[9.110s] Level 1:colcon.colcon_core.environment:checking '/home/loye/Desktop/Projects/ROS-100-Days-Coding-Challenge/Week 5/4. LED indicator/ros2_ws/install/led_indicator' for CMake module files
[9.112s] Level 1:colcon.colcon_core.environment:checking '/home/loye/Desktop/Projects/ROS-100-Days-Coding-Challenge/Week 5/4. LED indicator/ros2_ws/install/led_indicator' for CMake config files
[9.113s] Level 1:colcon.colcon_core.shell:create_environment_hook('led_indicator', 'cmake_prefix_path')
[9.116s] INFO:colcon.colcon_core.shell:Creating environment hook '/home/loye/Desktop/Projects/ROS-100-Days-Coding-Challenge/Week 5/4. LED indicator/ros2_ws/install/led_indicator/share/led_indicator/hook/cmake_prefix_path.ps1'
[9.118s] INFO:colcon.colcon_core.shell:Creating environment descriptor '/home/loye/Desktop/Projects/ROS-100-Days-Coding-Challenge/Week 5/4. LED indicator/ros2_ws/install/led_indicator/share/led_indicator/hook/cmake_prefix_path.dsv'
[9.119s] INFO:colcon.colcon_core.shell:Creating environment hook '/home/loye/Desktop/Projects/ROS-100-Days-Coding-Challenge/Week 5/4. LED indicator/ros2_ws/install/led_indicator/share/led_indicator/hook/cmake_prefix_path.sh'
[9.120s] Level 1:colcon.colcon_core.environment:checking '/home/loye/Desktop/Projects/ROS-100-Days-Coding-Challenge/Week 5/4. LED indicator/ros2_ws/install/led_indicator/lib'
[9.121s] Level 1:colcon.colcon_core.environment:checking '/home/loye/Desktop/Projects/ROS-100-Days-Coding-Challenge/Week 5/4. LED indicator/ros2_ws/install/led_indicator/bin'
[9.121s] Level 1:colcon.colcon_core.environment:checking '/home/loye/Desktop/Projects/ROS-100-Days-Coding-Challenge/Week 5/4. LED indicator/ros2_ws/install/led_indicator/lib/pkgconfig/led_indicator.pc'
[9.122s] Level 1:colcon.colcon_core.environment:checking '/home/loye/Desktop/Projects/ROS-100-Days-Coding-Challenge/Week 5/4. LED indicator/ros2_ws/install/led_indicator/lib/python3.8/site-packages'
[9.122s] Level 1:colcon.colcon_core.environment:checking '/home/loye/Desktop/Projects/ROS-100-Days-Coding-Challenge/Week 5/4. LED indicator/ros2_ws/install/led_indicator/bin'
[9.126s] INFO:colcon.colcon_core.shell:Creating package script '/home/loye/Desktop/Projects/ROS-100-Days-Coding-Challenge/Week 5/4. LED indicator/ros2_ws/install/led_indicator/share/led_indicator/package.ps1'
[9.127s] INFO:colcon.colcon_core.shell:Creating package descriptor '/home/loye/Desktop/Projects/ROS-100-Days-Coding-Challenge/Week 5/4. LED indicator/ros2_ws/install/led_indicator/share/led_indicator/package.dsv'
[9.129s] INFO:colcon.colcon_core.shell:Creating package script '/home/loye/Desktop/Projects/ROS-100-Days-Coding-Challenge/Week 5/4. LED indicator/ros2_ws/install/led_indicator/share/led_indicator/package.sh'
[9.130s] INFO:colcon.colcon_core.shell:Creating package script '/home/loye/Desktop/Projects/ROS-100-Days-Coding-Challenge/Week 5/4. LED indicator/ros2_ws/install/led_indicator/share/led_indicator/package.bash'
[9.131s] INFO:colcon.colcon_core.shell:Creating package script '/home/loye/Desktop/Projects/ROS-100-Days-Coding-Challenge/Week 5/4. LED indicator/ros2_ws/install/led_indicator/share/led_indicator/package.zsh'
[9.132s] Level 1:colcon.colcon_core.environment:create_file_with_runtime_dependencies(/home/loye/Desktop/Projects/ROS-100-Days-Coding-Challenge/Week 5/4. LED indicator/ros2_ws/install/led_indicator/share/colcon-core/packages/led_indicator)
[9.133s] DEBUG:colcon.colcon_parallel_executor.executor.parallel:closing loop
[9.134s] DEBUG:colcon.colcon_parallel_executor.executor.parallel:loop closed
[9.134s] DEBUG:colcon.colcon_parallel_executor.executor.parallel:run_until_complete finished with '0'
[9.134s] DEBUG:colcon.colcon_core.event_reactor:joining thread
[9.148s] INFO:colcon.colcon_core.plugin_system:Skipping extension 'colcon_notification.desktop_notification.terminal_notifier': Not used on non-Darwin systems
[9.149s] INFO:colcon.colcon_core.plugin_system:Skipping extension 'colcon_notification.desktop_notification.win32': Not used on non-Windows systems
[9.149s] INFO:colcon.colcon_notification.desktop_notification:Sending desktop notification using 'notify2'
[9.215s] DEBUG:colcon.colcon_core.event_reactor:joined thread
[9.219s] INFO:colcon.colcon_core.shell:Creating prefix script '/home/loye/Desktop/Projects/ROS-100-Days-Coding-Challenge/Week 5/4. LED indicator/ros2_ws/install/local_setup.ps1'
[9.222s] INFO:colcon.colcon_core.shell:Creating prefix util module '/home/loye/Desktop/Projects/ROS-100-Days-Coding-Challenge/Week 5/4. LED indicator/ros2_ws/install/_local_setup_util_ps1.py'
[9.227s] INFO:colcon.colcon_core.shell:Creating prefix chain script '/home/loye/Desktop/Projects/ROS-100-Days-Coding-Challenge/Week 5/4. LED indicator/ros2_ws/install/setup.ps1'
[9.237s] INFO:colcon.colcon_core.shell:Creating prefix script '/home/loye/Desktop/Projects/ROS-100-Days-Coding-Challenge/Week 5/4. LED indicator/ros2_ws/install/local_setup.sh'
[9.239s] INFO:colcon.colcon_core.shell:Creating prefix util module '/home/loye/Desktop/Projects/ROS-100-Days-Coding-Challenge/Week 5/4. LED indicator/ros2_ws/install/_local_setup_util_sh.py'
[9.240s] INFO:colcon.colcon_core.shell:Creating prefix chain script '/home/loye/Desktop/Projects/ROS-100-Days-Coding-Challenge/Week 5/4. LED indicator/ros2_ws/install/setup.sh'
[9.245s] INFO:colcon.colcon_core.shell:Creating prefix script '/home/loye/Desktop/Projects/ROS-100-Days-Coding-Challenge/Week 5/4. LED indicator/ros2_ws/install/local_setup.bash'
[9.246s] INFO:colcon.colcon_core.shell:Creating prefix chain script '/home/loye/Desktop/Projects/ROS-100-Days-Coding-Challenge/Week 5/4. LED indicator/ros2_ws/install/setup.bash'
[9.250s] INFO:colcon.colcon_core.shell:Creating prefix script '/home/loye/Desktop/Projects/ROS-100-Days-Coding-Challenge/Week 5/4. LED indicator/ros2_ws/install/local_setup.zsh'
[9.251s] INFO:colcon.colcon_core.shell:Creating prefix chain script '/home/loye/Desktop/Projects/ROS-100-Days-Coding-Challenge/Week 5/4. LED indicator/ros2_ws/install/setup.zsh'
