[2.067s] Invoking command in '/home/loye/Desktop/Projects/ROS-100-Days-Coding-Challenge/Week 7/1. Model/ros2_ws/build/urdf_tutorial_r2d2': PYTHONPATH=/home/loye/Desktop/Projects/ROS-100-Days-Coding-Challenge/Week 7/1. Model/ros2_ws/install/urdf_tutorial_r2d2/lib/python3.8/site-packages:${PYTHONPATH} /usr/bin/python3 setup.py develop --prefix /home/loye/Desktop/Projects/ROS-100-Days-Coding-Challenge/Week 7/1. Model/ros2_ws/install/urdf_tutorial_r2d2 --editable --build-directory /home/loye/Desktop/Projects/ROS-100-Days-Coding-Challenge/Week 7/1. Model/ros2_ws/build/urdf_tutorial_r2d2/build --no-deps install_data --install-dir /home/loye/Desktop/Projects/ROS-100-Days-Coding-Challenge/Week 7/1. Model/ros2_ws/install/urdf_tutorial_r2d2
[2.693s] running develop
[3.063s] running egg_info
[3.063s] creating urdf_tutorial_r2d2.egg-info
[3.063s] writing urdf_tutorial_r2d2.egg-info/PKG-INFO
[3.064s] writing dependency_links to urdf_tutorial_r2d2.egg-info/dependency_links.txt
[3.064s] writing entry points to urdf_tutorial_r2d2.egg-info/entry_points.txt
[3.064s] writing requirements to urdf_tutorial_r2d2.egg-info/requires.txt
[3.064s] writing top-level names to urdf_tutorial_r2d2.egg-info/top_level.txt
[3.067s] writing manifest file 'urdf_tutorial_r2d2.egg-info/SOURCES.txt'
[3.162s] reading manifest file 'urdf_tutorial_r2d2.egg-info/SOURCES.txt'
[3.164s] writing manifest file 'urdf_tutorial_r2d2.egg-info/SOURCES.txt'
[3.267s] running build_ext
[3.268s] Creating /home/loye/Desktop/Projects/ROS-100-Days-Coding-Challenge/Week 7/1. Model/ros2_ws/install/urdf_tutorial_r2d2/lib/python3.8/site-packages/site.py
[3.274s] Creating /home/loye/Desktop/Projects/ROS-100-Days-Coding-Challenge/Week 7/1. Model/ros2_ws/install/urdf_tutorial_r2d2/lib/python3.8/site-packages/urdf-tutorial-r2d2.egg-link (link to .)
[3.275s] Installing state_publisher script to /home/loye/Desktop/Projects/ROS-100-Days-Coding-Challenge/Week 7/1. Model/ros2_ws/install/urdf_tutorial_r2d2/lib/urdf_tutorial_r2d2
[3.275s] 
[3.276s] Installed /home/loye/Desktop/Projects/ROS-100-Days-Coding-Challenge/Week 7/1. Model/ros2_ws/build/urdf_tutorial_r2d2
[3.276s] running install_data
[3.276s] creating /home/loye/Desktop/Projects/ROS-100-Days-Coding-Challenge/Week 7/1. Model/ros2_ws/install/urdf_tutorial_r2d2/share/ament_index
[3.276s] creating /home/loye/Desktop/Projects/ROS-100-Days-Coding-Challenge/Week 7/1. Model/ros2_ws/install/urdf_tutorial_r2d2/share/ament_index/resource_index
[3.277s] creating /home/loye/Desktop/Projects/ROS-100-Days-Coding-Challenge/Week 7/1. Model/ros2_ws/install/urdf_tutorial_r2d2/share/ament_index/resource_index/packages
[3.277s] copying resource/urdf_tutorial_r2d2 -> /home/loye/Desktop/Projects/ROS-100-Days-Coding-Challenge/Week 7/1. Model/ros2_ws/install/urdf_tutorial_r2d2/share/ament_index/resource_index/packages
[3.277s] copying package.xml -> /home/loye/Desktop/Projects/ROS-100-Days-Coding-Challenge/Week 7/1. Model/ros2_ws/install/urdf_tutorial_r2d2/share/urdf_tutorial_r2d2
[3.277s] copying launch/demo.launch.py -> /home/loye/Desktop/Projects/ROS-100-Days-Coding-Challenge/Week 7/1. Model/ros2_ws/install/urdf_tutorial_r2d2/share/urdf_tutorial_r2d2
[3.277s] copying urdf/r2d2.urdf.xml -> /home/loye/Desktop/Projects/ROS-100-Days-Coding-Challenge/Week 7/1. Model/ros2_ws/install/urdf_tutorial_r2d2/share/urdf_tutorial_r2d2
[3.278s] copying urdf/r2d2.rviz -> /home/loye/Desktop/Projects/ROS-100-Days-Coding-Challenge/Week 7/1. Model/ros2_ws/install/urdf_tutorial_r2d2/share/urdf_tutorial_r2d2
[3.338s] Invoked command in '/home/loye/Desktop/Projects/ROS-100-Days-Coding-Challenge/Week 7/1. Model/ros2_ws/build/urdf_tutorial_r2d2' returned '0': PYTHONPATH=/home/loye/Desktop/Projects/ROS-100-Days-Coding-Challenge/Week 7/1. Model/ros2_ws/install/urdf_tutorial_r2d2/lib/python3.8/site-packages:${PYTHONPATH} /usr/bin/python3 setup.py develop --prefix /home/loye/Desktop/Projects/ROS-100-Days-Coding-Challenge/Week 7/1. Model/ros2_ws/install/urdf_tutorial_r2d2 --editable --build-directory /home/loye/Desktop/Projects/ROS-100-Days-Coding-Challenge/Week 7/1. Model/ros2_ws/build/urdf_tutorial_r2d2/build --no-deps install_data --install-dir /home/loye/Desktop/Projects/ROS-100-Days-Coding-Challenge/Week 7/1. Model/ros2_ws/install/urdf_tutorial_r2d2
