-- Found ament_cmake: 0.9.9 (/opt/ros/foxy/share/ament_cmake/cmake)
-- Found PythonInterp: /usr/bin/python3 (found suitable version "3.8.10", minimum required is "3") 
-- Using PYTHON_EXECUTABLE: /usr/bin/python3
-- Found rosidl_default_generators: 1.0.1 (/opt/ros/foxy/share/rosidl_default_generators/cmake)
-- Using all available rosidl_typesupport_c: rosidl_typesupport_fastrtps_c;rosidl_typesupport_introspection_c
-- Found rosidl_adapter: 1.2.1 (/opt/ros/foxy/share/rosidl_adapter/cmake)
-- Using all available rosidl_typesupport_cpp: rosidl_typesupport_fastrtps_cpp;rosidl_typesupport_introspection_cpp
-- Found PythonInterp: /usr/bin/python3 (found version "3.8.10") 
-- Found ament_cmake_ros: 0.9.2 (/opt/ros/foxy/share/ament_cmake_ros/cmake)
-- Using all available rosidl_typesupport_c: rosidl_typesupport_fastrtps_c;rosidl_typesupport_introspection_c
-- Using all available rosidl_typesupport_cpp: rosidl_typesupport_fastrtps_cpp;rosidl_typesupport_introspection_cpp
-- Found PythonInterp: /usr/bin/python3 (found suitable version "3.8.10", minimum required is "3.5") 
-- Found python_cmake_module: 0.8.1 (/opt/ros/foxy/share/python_cmake_module/cmake)
-- Using PYTHON_EXECUTABLE: /usr/bin/python3
-- Using PYTHON_INCLUDE_DIRS: /usr/include/python3.8
-- Using PYTHON_LIBRARIES: /usr/lib/x86_64-linux-gnu/libpython3.8.so
-- Configuring done
-- Generating done
-- Build files have been written to: /home/loye/Desktop/Projects/ROS-100-Days-Coding-Challenge/Week 5/3. Custom Interface/ros2_ws/build/custom_interfaces
[  1%] [34m[1mGenerating C code for ROS interfaces[0m
[35m[1mScanning dependencies of target custom_interfaces__cpp[0m
[  3%] [34m[1mGenerating C++ code for ROS interfaces[0m
[  3%] Built target custom_interfaces__cpp
[  5%] [34m[1mGenerating C++ type support dispatch for ROS interfaces[0m
[  7%] [34m[1mGenerating C++ introspection for ROS interfaces[0m
[  9%] [34m[1mGenerating C++ type support for eProsima Fast-RTPS[0m
[35m[1mScanning dependencies of target custom_interfaces__rosidl_generator_c[0m
[ 10%] [32mBuilding C object CMakeFiles/custom_interfaces__rosidl_generator_c.dir/rosidl_generator_c/custom_interfaces/msg/detail/hardware_status__functions.c.o[0m
[ 12%] [32mBuilding C object CMakeFiles/custom_interfaces__rosidl_generator_c.dir/rosidl_generator_c/custom_interfaces/msg/detail/battery_state__functions.c.o[0m
[ 14%] [32mBuilding C object CMakeFiles/custom_interfaces__rosidl_generator_c.dir/rosidl_generator_c/custom_interfaces/srv/detail/compute_rectangle_area__functions.c.o[0m
[ 16%] [32mBuilding C object CMakeFiles/custom_interfaces__rosidl_generator_c.dir/rosidl_generator_c/custom_interfaces/srv/detail/set_led__functions.c.o[0m
[35m[1mScanning dependencies of target custom_interfaces__rosidl_typesupport_cpp[0m
[ 18%] [32m[1mLinking C shared library libcustom_interfaces__rosidl_generator_c.so[0m
[ 20%] [32mBuilding CXX object CMakeFiles/custom_interfaces__rosidl_typesupport_cpp.dir/rosidl_typesupport_cpp/custom_interfaces/msg/hardware_status__type_support.cpp.o[0m
[ 20%] Built target custom_interfaces__rosidl_generator_c
[ 21%] [32mBuilding CXX object CMakeFiles/custom_interfaces__rosidl_typesupport_cpp.dir/rosidl_typesupport_cpp/custom_interfaces/msg/battery_state__type_support.cpp.o[0m
[35m[1mScanning dependencies of target custom_interfaces__rosidl_typesupport_introspection_cpp[0m
[35m[1mScanning dependencies of target custom_interfaces__rosidl_typesupport_fastrtps_cpp[0m
[ 23%] [32mBuilding CXX object CMakeFiles/custom_interfaces__rosidl_typesupport_introspection_cpp.dir/rosidl_typesupport_introspection_cpp/custom_interfaces/msg/detail/hardware_status__type_support.cpp.o[0m
[ 25%] [32mBuilding CXX object CMakeFiles/custom_interfaces__rosidl_typesupport_fastrtps_cpp.dir/rosidl_typesupport_fastrtps_cpp/custom_interfaces/msg/detail/dds_fastrtps/hardware_status__type_support.cpp.o[0m
[ 27%] [32mBuilding CXX object CMakeFiles/custom_interfaces__rosidl_typesupport_cpp.dir/rosidl_typesupport_cpp/custom_interfaces/srv/compute_rectangle_area__type_support.cpp.o[0m
[ 29%] [32mBuilding CXX object CMakeFiles/custom_interfaces__rosidl_typesupport_cpp.dir/rosidl_typesupport_cpp/custom_interfaces/srv/set_led__type_support.cpp.o[0m
[ 30%] [32mBuilding CXX object CMakeFiles/custom_interfaces__rosidl_typesupport_introspection_cpp.dir/rosidl_typesupport_introspection_cpp/custom_interfaces/msg/detail/battery_state__type_support.cpp.o[0m
[ 32%] [32mBuilding CXX object CMakeFiles/custom_interfaces__rosidl_typesupport_introspection_cpp.dir/rosidl_typesupport_introspection_cpp/custom_interfaces/srv/detail/compute_rectangle_area__type_support.cpp.o[0m
[ 34%] [32m[1mLinking CXX shared library libcustom_interfaces__rosidl_typesupport_cpp.so[0m
[ 36%] [32mBuilding CXX object CMakeFiles/custom_interfaces__rosidl_typesupport_fastrtps_cpp.dir/rosidl_typesupport_fastrtps_cpp/custom_interfaces/msg/detail/dds_fastrtps/battery_state__type_support.cpp.o[0m
[ 38%] [32mBuilding CXX object CMakeFiles/custom_interfaces__rosidl_typesupport_introspection_cpp.dir/rosidl_typesupport_introspection_cpp/custom_interfaces/srv/detail/set_led__type_support.cpp.o[0m
[ 38%] Built target custom_interfaces__rosidl_typesupport_cpp
[ 40%] [34m[1mGenerating C type support dispatch for ROS interfaces[0m
[ 41%] [32mBuilding CXX object CMakeFiles/custom_interfaces__rosidl_typesupport_fastrtps_cpp.dir/rosidl_typesupport_fastrtps_cpp/custom_interfaces/srv/detail/dds_fastrtps/compute_rectangle_area__type_support.cpp.o[0m
[ 43%] [32m[1mLinking CXX shared library libcustom_interfaces__rosidl_typesupport_introspection_cpp.so[0m
[ 43%] Built target custom_interfaces__rosidl_typesupport_introspection_cpp
[ 45%] [34m[1mGenerating C introspection for ROS interfaces[0m
[ 47%] [32mBuilding CXX object CMakeFiles/custom_interfaces__rosidl_typesupport_fastrtps_cpp.dir/rosidl_typesupport_fastrtps_cpp/custom_interfaces/srv/detail/dds_fastrtps/set_led__type_support.cpp.o[0m
[35m[1mScanning dependencies of target custom_interfaces__rosidl_typesupport_c[0m
[ 49%] [32mBuilding CXX object CMakeFiles/custom_interfaces__rosidl_typesupport_c.dir/rosidl_typesupport_c/custom_interfaces/msg/hardware_status__type_support.cpp.o[0m
[ 50%] [32mBuilding CXX object CMakeFiles/custom_interfaces__rosidl_typesupport_c.dir/rosidl_typesupport_c/custom_interfaces/msg/battery_state__type_support.cpp.o[0m
[ 52%] [32mBuilding CXX object CMakeFiles/custom_interfaces__rosidl_typesupport_c.dir/rosidl_typesupport_c/custom_interfaces/srv/compute_rectangle_area__type_support.cpp.o[0m
[ 54%] [32mBuilding CXX object CMakeFiles/custom_interfaces__rosidl_typesupport_c.dir/rosidl_typesupport_c/custom_interfaces/srv/set_led__type_support.cpp.o[0m
[ 56%] [32m[1mLinking CXX shared library libcustom_interfaces__rosidl_typesupport_c.so[0m
[ 56%] Built target custom_interfaces__rosidl_typesupport_c
[ 58%] [32m[1mLinking CXX shared library libcustom_interfaces__rosidl_typesupport_fastrtps_cpp.so[0m
[35m[1mScanning dependencies of target custom_interfaces__rosidl_typesupport_introspection_c[0m
[ 60%] [32mBuilding C object CMakeFiles/custom_interfaces__rosidl_typesupport_introspection_c.dir/rosidl_typesupport_introspection_c/custom_interfaces/msg/detail/battery_state__type_support.c.o[0m
[ 61%] [32mBuilding C object CMakeFiles/custom_interfaces__rosidl_typesupport_introspection_c.dir/rosidl_typesupport_introspection_c/custom_interfaces/msg/detail/hardware_status__type_support.c.o[0m
[ 63%] [32mBuilding C object CMakeFiles/custom_interfaces__rosidl_typesupport_introspection_c.dir/rosidl_typesupport_introspection_c/custom_interfaces/srv/detail/compute_rectangle_area__type_support.c.o[0m
[ 63%] Built target custom_interfaces__rosidl_typesupport_fastrtps_cpp
[ 65%] [32mBuilding C object CMakeFiles/custom_interfaces__rosidl_typesupport_introspection_c.dir/rosidl_typesupport_introspection_c/custom_interfaces/srv/detail/set_led__type_support.c.o[0m
[ 67%] [34m[1mGenerating C type support for eProsima Fast-RTPS[0m
[ 69%] [32m[1mLinking C shared library libcustom_interfaces__rosidl_typesupport_introspection_c.so[0m
[ 69%] Built target custom_interfaces__rosidl_typesupport_introspection_c
[35m[1mScanning dependencies of target custom_interfaces__rosidl_typesupport_fastrtps_c[0m
[ 70%] [32mBuilding CXX object CMakeFiles/custom_interfaces__rosidl_typesupport_fastrtps_c.dir/rosidl_typesupport_fastrtps_c/custom_interfaces/msg/detail/battery_state__type_support_c.cpp.o[0m
[ 72%] [32mBuilding CXX object CMakeFiles/custom_interfaces__rosidl_typesupport_fastrtps_c.dir/rosidl_typesupport_fastrtps_c/custom_interfaces/msg/detail/hardware_status__type_support_c.cpp.o[0m
[ 74%] [32mBuilding CXX object CMakeFiles/custom_interfaces__rosidl_typesupport_fastrtps_c.dir/rosidl_typesupport_fastrtps_c/custom_interfaces/srv/detail/compute_rectangle_area__type_support_c.cpp.o[0m
[ 76%] [32mBuilding CXX object CMakeFiles/custom_interfaces__rosidl_typesupport_fastrtps_c.dir/rosidl_typesupport_fastrtps_c/custom_interfaces/srv/detail/set_led__type_support_c.cpp.o[0m
[ 78%] [32m[1mLinking CXX shared library libcustom_interfaces__rosidl_typesupport_fastrtps_c.so[0m
[ 78%] Built target custom_interfaces__rosidl_typesupport_fastrtps_c
[ 78%] Built target custom_interfaces
[35m[1mScanning dependencies of target custom_interfaces__py[0m
[ 80%] [34m[1mGenerating Python code for ROS interfaces[0m
[ 80%] Built target custom_interfaces__py
[35m[1mScanning dependencies of target custom_interfaces__python[0m
[ 81%] [32mBuilding C object CMakeFiles/custom_interfaces__python.dir/rosidl_generator_py/custom_interfaces/msg/_battery_state_s.c.o[0m
[ 83%] [32mBuilding C object CMakeFiles/custom_interfaces__python.dir/rosidl_generator_py/custom_interfaces/msg/_hardware_status_s.c.o[0m
[ 85%] [32mBuilding C object CMakeFiles/custom_interfaces__python.dir/rosidl_generator_py/custom_interfaces/srv/_compute_rectangle_area_s.c.o[0m
[ 87%] [32mBuilding C object CMakeFiles/custom_interfaces__python.dir/rosidl_generator_py/custom_interfaces/srv/_set_led_s.c.o[0m
[ 89%] [32m[1mLinking C shared library rosidl_generator_py/custom_interfaces/libcustom_interfaces__python.so[0m
[ 89%] Built target custom_interfaces__python
[35m[1mScanning dependencies of target custom_interfaces__rosidl_typesupport_fastrtps_c__pyext[0m
[35m[1mScanning dependencies of target custom_interfaces__rosidl_typesupport_introspection_c__pyext[0m
[35m[1mScanning dependencies of target custom_interfaces__rosidl_typesupport_c__pyext[0m
[ 90%] [32mBuilding C object CMakeFiles/custom_interfaces__rosidl_typesupport_fastrtps_c__pyext.dir/rosidl_generator_py/custom_interfaces/_custom_interfaces_s.ep.rosidl_typesupport_fastrtps_c.c.o[0m
[ 92%] [32mBuilding C object CMakeFiles/custom_interfaces__rosidl_typesupport_c__pyext.dir/rosidl_generator_py/custom_interfaces/_custom_interfaces_s.ep.rosidl_typesupport_c.c.o[0m
[ 94%] [32mBuilding C object CMakeFiles/custom_interfaces__rosidl_typesupport_introspection_c__pyext.dir/rosidl_generator_py/custom_interfaces/_custom_interfaces_s.ep.rosidl_typesupport_introspection_c.c.o[0m
[ 96%] [32m[1mLinking CXX shared library rosidl_generator_py/custom_interfaces/custom_interfaces_s__rosidl_typesupport_fastrtps_c.cpython-38-x86_64-linux-gnu.so[0m
[ 98%] [32m[1mLinking C shared library rosidl_generator_py/custom_interfaces/custom_interfaces_s__rosidl_typesupport_c.cpython-38-x86_64-linux-gnu.so[0m
[100%] [32m[1mLinking C shared library rosidl_generator_py/custom_interfaces/custom_interfaces_s__rosidl_typesupport_introspection_c.cpython-38-x86_64-linux-gnu.so[0m
[100%] Built target custom_interfaces__rosidl_typesupport_c__pyext
[100%] Built target custom_interfaces__rosidl_typesupport_introspection_c__pyext
[100%] Built target custom_interfaces__rosidl_typesupport_fastrtps_c__pyext
-- Install configuration: ""
-- Installing: /home/loye/Desktop/Projects/ROS-100-Days-Coding-Challenge/Week 5/3. Custom Interface/ros2_ws/install/custom_interfaces/share/ament_index/resource_index/rosidl_interfaces/custom_interfaces
-- Up-to-date: /home/loye/Desktop/Projects/ROS-100-Days-Coding-Challenge/Week 5/3. Custom Interface/ros2_ws/install/custom_interfaces/include/custom_interfaces
-- Up-to-date: /home/loye/Desktop/Projects/ROS-100-Days-Coding-Challenge/Week 5/3. Custom Interface/ros2_ws/install/custom_interfaces/include/custom_interfaces/srv
-- Installing: /home/loye/Desktop/Projects/ROS-100-Days-Coding-Challenge/Week 5/3. Custom Interface/ros2_ws/install/custom_interfaces/include/custom_interfaces/srv/compute_rectangle_area.h
-- Up-to-date: /home/loye/Desktop/Projects/ROS-100-Days-Coding-Challenge/Week 5/3. Custom Interface/ros2_ws/install/custom_interfaces/include/custom_interfaces/srv/detail
-- Installing: /home/loye/Desktop/Projects/ROS-100-Days-Coding-Challenge/Week 5/3. Custom Interface/ros2_ws/install/custom_interfaces/include/custom_interfaces/srv/detail/compute_rectangle_area__functions.h
-- Installing: /home/loye/Desktop/Projects/ROS-100-Days-Coding-Challenge/Week 5/3. Custom Interface/ros2_ws/install/custom_interfaces/include/custom_interfaces/srv/detail/set_led__type_support.h
-- Installing: /home/loye/Desktop/Projects/ROS-100-Days-Coding-Challenge/Week 5/3. Custom Interface/ros2_ws/install/custom_interfaces/include/custom_interfaces/srv/detail/set_led__functions.h
-- Installing: /home/loye/Desktop/Projects/ROS-100-Days-Coding-Challenge/Week 5/3. Custom Interface/ros2_ws/install/custom_interfaces/include/custom_interfaces/srv/detail/set_led__functions.c
-- Installing: /home/loye/Desktop/Projects/ROS-100-Days-Coding-Challenge/Week 5/3. Custom Interface/ros2_ws/install/custom_interfaces/include/custom_interfaces/srv/detail/compute_rectangle_area__struct.h
-- Installing: /home/loye/Desktop/Projects/ROS-100-Days-Coding-Challenge/Week 5/3. Custom Interface/ros2_ws/install/custom_interfaces/include/custom_interfaces/srv/detail/compute_rectangle_area__type_support.h
-- Installing: /home/loye/Desktop/Projects/ROS-100-Days-Coding-Challenge/Week 5/3. Custom Interface/ros2_ws/install/custom_interfaces/include/custom_interfaces/srv/detail/set_led__struct.h
-- Installing: /home/loye/Desktop/Projects/ROS-100-Days-Coding-Challenge/Week 5/3. Custom Interface/ros2_ws/install/custom_interfaces/include/custom_interfaces/srv/detail/compute_rectangle_area__functions.c
-- Installing: /home/loye/Desktop/Projects/ROS-100-Days-Coding-Challenge/Week 5/3. Custom Interface/ros2_ws/install/custom_interfaces/include/custom_interfaces/srv/set_led.h
-- Up-to-date: /home/loye/Desktop/Projects/ROS-100-Days-Coding-Challenge/Week 5/3. Custom Interface/ros2_ws/install/custom_interfaces/include/custom_interfaces/msg
-- Up-to-date: /home/loye/Desktop/Projects/ROS-100-Days-Coding-Challenge/Week 5/3. Custom Interface/ros2_ws/install/custom_interfaces/include/custom_interfaces/msg/rosidl_generator_c__visibility_control.h
-- Installing: /home/loye/Desktop/Projects/ROS-100-Days-Coding-Challenge/Week 5/3. Custom Interface/ros2_ws/install/custom_interfaces/include/custom_interfaces/msg/hardware_status.h
-- Installing: /home/loye/Desktop/Projects/ROS-100-Days-Coding-Challenge/Week 5/3. Custom Interface/ros2_ws/install/custom_interfaces/include/custom_interfaces/msg/battery_state.h
-- Up-to-date: /home/loye/Desktop/Projects/ROS-100-Days-Coding-Challenge/Week 5/3. Custom Interface/ros2_ws/install/custom_interfaces/include/custom_interfaces/msg/detail
-- Installing: /home/loye/Desktop/Projects/ROS-100-Days-Coding-Challenge/Week 5/3. Custom Interface/ros2_ws/install/custom_interfaces/include/custom_interfaces/msg/detail/hardware_status__struct.h
-- Installing: /home/loye/Desktop/Projects/ROS-100-Days-Coding-Challenge/Week 5/3. Custom Interface/ros2_ws/install/custom_interfaces/include/custom_interfaces/msg/detail/battery_state__type_support.h
-- Installing: /home/loye/Desktop/Projects/ROS-100-Days-Coding-Challenge/Week 5/3. Custom Interface/ros2_ws/install/custom_interfaces/include/custom_interfaces/msg/detail/hardware_status__type_support.h
-- Installing: /home/loye/Desktop/Projects/ROS-100-Days-Coding-Challenge/Week 5/3. Custom Interface/ros2_ws/install/custom_interfaces/include/custom_interfaces/msg/detail/battery_state__functions.c
-- Installing: /home/loye/Desktop/Projects/ROS-100-Days-Coding-Challenge/Week 5/3. Custom Interface/ros2_ws/install/custom_interfaces/include/custom_interfaces/msg/detail/battery_state__struct.h
-- Installing: /home/loye/Desktop/Projects/ROS-100-Days-Coding-Challenge/Week 5/3. Custom Interface/ros2_ws/install/custom_interfaces/include/custom_interfaces/msg/detail/battery_state__functions.h
-- Installing: /home/loye/Desktop/Projects/ROS-100-Days-Coding-Challenge/Week 5/3. Custom Interface/ros2_ws/install/custom_interfaces/include/custom_interfaces/msg/detail/hardware_status__functions.c
-- Installing: /home/loye/Desktop/Projects/ROS-100-Days-Coding-Challenge/Week 5/3. Custom Interface/ros2_ws/install/custom_interfaces/include/custom_interfaces/msg/detail/hardware_status__functions.h
-- Up-to-date: /home/loye/Desktop/Projects/ROS-100-Days-Coding-Challenge/Week 5/3. Custom Interface/ros2_ws/install/custom_interfaces/share/custom_interfaces/environment/library_path.sh
-- Installing: /home/loye/Desktop/Projects/ROS-100-Days-Coding-Challenge/Week 5/3. Custom Interface/ros2_ws/install/custom_interfaces/share/custom_interfaces/environment/library_path.dsv
-- Installing: /home/loye/Desktop/Projects/ROS-100-Days-Coding-Challenge/Week 5/3. Custom Interface/ros2_ws/install/custom_interfaces/lib/libcustom_interfaces__rosidl_generator_c.so
-- Set runtime path of "/home/loye/Desktop/Projects/ROS-100-Days-Coding-Challenge/Week 5/3. Custom Interface/ros2_ws/install/custom_interfaces/lib/libcustom_interfaces__rosidl_generator_c.so" to ""
-- Up-to-date: /home/loye/Desktop/Projects/ROS-100-Days-Coding-Challenge/Week 5/3. Custom Interface/ros2_ws/install/custom_interfaces/include/custom_interfaces
-- Up-to-date: /home/loye/Desktop/Projects/ROS-100-Days-Coding-Challenge/Week 5/3. Custom Interface/ros2_ws/install/custom_interfaces/include/custom_interfaces/srv
-- Up-to-date: /home/loye/Desktop/Projects/ROS-100-Days-Coding-Challenge/Week 5/3. Custom Interface/ros2_ws/install/custom_interfaces/include/custom_interfaces/srv/detail
-- Installing: /home/loye/Desktop/Projects/ROS-100-Days-Coding-Challenge/Week 5/3. Custom Interface/ros2_ws/install/custom_interfaces/include/custom_interfaces/srv/detail/set_led__rosidl_typesupport_fastrtps_c.h
-- Installing: /home/loye/Desktop/Projects/ROS-100-Days-Coding-Challenge/Week 5/3. Custom Interface/ros2_ws/install/custom_interfaces/include/custom_interfaces/srv/detail/compute_rectangle_area__rosidl_typesupport_fastrtps_c.h
-- Up-to-date: /home/loye/Desktop/Projects/ROS-100-Days-Coding-Challenge/Week 5/3. Custom Interface/ros2_ws/install/custom_interfaces/include/custom_interfaces/msg
-- Up-to-date: /home/loye/Desktop/Projects/ROS-100-Days-Coding-Challenge/Week 5/3. Custom Interface/ros2_ws/install/custom_interfaces/include/custom_interfaces/msg/detail
-- Installing: /home/loye/Desktop/Projects/ROS-100-Days-Coding-Challenge/Week 5/3. Custom Interface/ros2_ws/install/custom_interfaces/include/custom_interfaces/msg/detail/hardware_status__rosidl_typesupport_fastrtps_c.h
-- Installing: /home/loye/Desktop/Projects/ROS-100-Days-Coding-Challenge/Week 5/3. Custom Interface/ros2_ws/install/custom_interfaces/include/custom_interfaces/msg/detail/battery_state__rosidl_typesupport_fastrtps_c.h
-- Up-to-date: /home/loye/Desktop/Projects/ROS-100-Days-Coding-Challenge/Week 5/3. Custom Interface/ros2_ws/install/custom_interfaces/include/custom_interfaces/msg/rosidl_typesupport_fastrtps_c__visibility_control.h
-- Installing: /home/loye/Desktop/Projects/ROS-100-Days-Coding-Challenge/Week 5/3. Custom Interface/ros2_ws/install/custom_interfaces/lib/libcustom_interfaces__rosidl_typesupport_fastrtps_c.so
-- Set runtime path of "/home/loye/Desktop/Projects/ROS-100-Days-Coding-Challenge/Week 5/3. Custom Interface/ros2_ws/install/custom_interfaces/lib/libcustom_interfaces__rosidl_typesupport_fastrtps_c.so" to ""
-- Up-to-date: /home/loye/Desktop/Projects/ROS-100-Days-Coding-Challenge/Week 5/3. Custom Interface/ros2_ws/install/custom_interfaces/include/custom_interfaces
-- Up-to-date: /home/loye/Desktop/Projects/ROS-100-Days-Coding-Challenge/Week 5/3. Custom Interface/ros2_ws/install/custom_interfaces/include/custom_interfaces/srv
-- Up-to-date: /home/loye/Desktop/Projects/ROS-100-Days-Coding-Challenge/Week 5/3. Custom Interface/ros2_ws/install/custom_interfaces/include/custom_interfaces/srv/detail
-- Up-to-date: /home/loye/Desktop/Projects/ROS-100-Days-Coding-Challenge/Week 5/3. Custom Interface/ros2_ws/install/custom_interfaces/include/custom_interfaces/srv/detail/dds_fastrtps
-- Installing: /home/loye/Desktop/Projects/ROS-100-Days-Coding-Challenge/Week 5/3. Custom Interface/ros2_ws/install/custom_interfaces/include/custom_interfaces/srv/detail/set_led__rosidl_typesupport_fastrtps_cpp.hpp
-- Installing: /home/loye/Desktop/Projects/ROS-100-Days-Coding-Challenge/Week 5/3. Custom Interface/ros2_ws/install/custom_interfaces/include/custom_interfaces/srv/detail/compute_rectangle_area__rosidl_typesupport_fastrtps_cpp.hpp
-- Up-to-date: /home/loye/Desktop/Projects/ROS-100-Days-Coding-Challenge/Week 5/3. Custom Interface/ros2_ws/install/custom_interfaces/include/custom_interfaces/msg
-- Up-to-date: /home/loye/Desktop/Projects/ROS-100-Days-Coding-Challenge/Week 5/3. Custom Interface/ros2_ws/install/custom_interfaces/include/custom_interfaces/msg/rosidl_typesupport_fastrtps_cpp__visibility_control.h
-- Up-to-date: /home/loye/Desktop/Projects/ROS-100-Days-Coding-Challenge/Week 5/3. Custom Interface/ros2_ws/install/custom_interfaces/include/custom_interfaces/msg/detail
-- Up-to-date: /home/loye/Desktop/Projects/ROS-100-Days-Coding-Challenge/Week 5/3. Custom Interface/ros2_ws/install/custom_interfaces/include/custom_interfaces/msg/detail/dds_fastrtps
-- Installing: /home/loye/Desktop/Projects/ROS-100-Days-Coding-Challenge/Week 5/3. Custom Interface/ros2_ws/install/custom_interfaces/include/custom_interfaces/msg/detail/battery_state__rosidl_typesupport_fastrtps_cpp.hpp
-- Installing: /home/loye/Desktop/Projects/ROS-100-Days-Coding-Challenge/Week 5/3. Custom Interface/ros2_ws/install/custom_interfaces/include/custom_interfaces/msg/detail/hardware_status__rosidl_typesupport_fastrtps_cpp.hpp
-- Installing: /home/loye/Desktop/Projects/ROS-100-Days-Coding-Challenge/Week 5/3. Custom Interface/ros2_ws/install/custom_interfaces/lib/libcustom_interfaces__rosidl_typesupport_fastrtps_cpp.so
-- Set runtime path of "/home/loye/Desktop/Projects/ROS-100-Days-Coding-Challenge/Week 5/3. Custom Interface/ros2_ws/install/custom_interfaces/lib/libcustom_interfaces__rosidl_typesupport_fastrtps_cpp.so" to ""
-- Up-to-date: /home/loye/Desktop/Projects/ROS-100-Days-Coding-Challenge/Week 5/3. Custom Interface/ros2_ws/install/custom_interfaces/include/custom_interfaces
-- Up-to-date: /home/loye/Desktop/Projects/ROS-100-Days-Coding-Challenge/Week 5/3. Custom Interface/ros2_ws/install/custom_interfaces/include/custom_interfaces/srv
-- Up-to-date: /home/loye/Desktop/Projects/ROS-100-Days-Coding-Challenge/Week 5/3. Custom Interface/ros2_ws/install/custom_interfaces/include/custom_interfaces/srv/detail
-- Installing: /home/loye/Desktop/Projects/ROS-100-Days-Coding-Challenge/Week 5/3. Custom Interface/ros2_ws/install/custom_interfaces/include/custom_interfaces/srv/detail/set_led__type_support.c
-- Installing: /home/loye/Desktop/Projects/ROS-100-Days-Coding-Challenge/Week 5/3. Custom Interface/ros2_ws/install/custom_interfaces/include/custom_interfaces/srv/detail/compute_rectangle_area__type_support.c
-- Installing: /home/loye/Desktop/Projects/ROS-100-Days-Coding-Challenge/Week 5/3. Custom Interface/ros2_ws/install/custom_interfaces/include/custom_interfaces/srv/detail/compute_rectangle_area__rosidl_typesupport_introspection_c.h
-- Installing: /home/loye/Desktop/Projects/ROS-100-Days-Coding-Challenge/Week 5/3. Custom Interface/ros2_ws/install/custom_interfaces/include/custom_interfaces/srv/detail/set_led__rosidl_typesupport_introspection_c.h
-- Up-to-date: /home/loye/Desktop/Projects/ROS-100-Days-Coding-Challenge/Week 5/3. Custom Interface/ros2_ws/install/custom_interfaces/include/custom_interfaces/msg
-- Up-to-date: /home/loye/Desktop/Projects/ROS-100-Days-Coding-Challenge/Week 5/3. Custom Interface/ros2_ws/install/custom_interfaces/include/custom_interfaces/msg/rosidl_typesupport_introspection_c__visibility_control.h
-- Up-to-date: /home/loye/Desktop/Projects/ROS-100-Days-Coding-Challenge/Week 5/3. Custom Interface/ros2_ws/install/custom_interfaces/include/custom_interfaces/msg/detail
-- Installing: /home/loye/Desktop/Projects/ROS-100-Days-Coding-Challenge/Week 5/3. Custom Interface/ros2_ws/install/custom_interfaces/include/custom_interfaces/msg/detail/battery_state__type_support.c
-- Installing: /home/loye/Desktop/Projects/ROS-100-Days-Coding-Challenge/Week 5/3. Custom Interface/ros2_ws/install/custom_interfaces/include/custom_interfaces/msg/detail/hardware_status__rosidl_typesupport_introspection_c.h
-- Installing: /home/loye/Desktop/Projects/ROS-100-Days-Coding-Challenge/Week 5/3. Custom Interface/ros2_ws/install/custom_interfaces/include/custom_interfaces/msg/detail/hardware_status__type_support.c
-- Installing: /home/loye/Desktop/Projects/ROS-100-Days-Coding-Challenge/Week 5/3. Custom Interface/ros2_ws/install/custom_interfaces/include/custom_interfaces/msg/detail/battery_state__rosidl_typesupport_introspection_c.h
-- Installing: /home/loye/Desktop/Projects/ROS-100-Days-Coding-Challenge/Week 5/3. Custom Interface/ros2_ws/install/custom_interfaces/lib/libcustom_interfaces__rosidl_typesupport_introspection_c.so
-- Set runtime path of "/home/loye/Desktop/Projects/ROS-100-Days-Coding-Challenge/Week 5/3. Custom Interface/ros2_ws/install/custom_interfaces/lib/libcustom_interfaces__rosidl_typesupport_introspection_c.so" to ""
-- Installing: /home/loye/Desktop/Projects/ROS-100-Days-Coding-Challenge/Week 5/3. Custom Interface/ros2_ws/install/custom_interfaces/lib/libcustom_interfaces__rosidl_typesupport_c.so
-- Set runtime path of "/home/loye/Desktop/Projects/ROS-100-Days-Coding-Challenge/Week 5/3. Custom Interface/ros2_ws/install/custom_interfaces/lib/libcustom_interfaces__rosidl_typesupport_c.so" to ""
-- Up-to-date: /home/loye/Desktop/Projects/ROS-100-Days-Coding-Challenge/Week 5/3. Custom Interface/ros2_ws/install/custom_interfaces/include/custom_interfaces
-- Up-to-date: /home/loye/Desktop/Projects/ROS-100-Days-Coding-Challenge/Week 5/3. Custom Interface/ros2_ws/install/custom_interfaces/include/custom_interfaces/srv
-- Installing: /home/loye/Desktop/Projects/ROS-100-Days-Coding-Challenge/Week 5/3. Custom Interface/ros2_ws/install/custom_interfaces/include/custom_interfaces/srv/compute_rectangle_area.hpp
-- Installing: /home/loye/Desktop/Projects/ROS-100-Days-Coding-Challenge/Week 5/3. Custom Interface/ros2_ws/install/custom_interfaces/include/custom_interfaces/srv/set_led.hpp
-- Up-to-date: /home/loye/Desktop/Projects/ROS-100-Days-Coding-Challenge/Week 5/3. Custom Interface/ros2_ws/install/custom_interfaces/include/custom_interfaces/srv/detail
-- Installing: /home/loye/Desktop/Projects/ROS-100-Days-Coding-Challenge/Week 5/3. Custom Interface/ros2_ws/install/custom_interfaces/include/custom_interfaces/srv/detail/set_led__traits.hpp
-- Installing: /home/loye/Desktop/Projects/ROS-100-Days-Coding-Challenge/Week 5/3. Custom Interface/ros2_ws/install/custom_interfaces/include/custom_interfaces/srv/detail/compute_rectangle_area__struct.hpp
-- Installing: /home/loye/Desktop/Projects/ROS-100-Days-Coding-Challenge/Week 5/3. Custom Interface/ros2_ws/install/custom_interfaces/include/custom_interfaces/srv/detail/set_led__struct.hpp
-- Installing: /home/loye/Desktop/Projects/ROS-100-Days-Coding-Challenge/Week 5/3. Custom Interface/ros2_ws/install/custom_interfaces/include/custom_interfaces/srv/detail/set_led__builder.hpp
-- Installing: /home/loye/Desktop/Projects/ROS-100-Days-Coding-Challenge/Week 5/3. Custom Interface/ros2_ws/install/custom_interfaces/include/custom_interfaces/srv/detail/compute_rectangle_area__traits.hpp
-- Installing: /home/loye/Desktop/Projects/ROS-100-Days-Coding-Challenge/Week 5/3. Custom Interface/ros2_ws/install/custom_interfaces/include/custom_interfaces/srv/detail/compute_rectangle_area__builder.hpp
-- Up-to-date: /home/loye/Desktop/Projects/ROS-100-Days-Coding-Challenge/Week 5/3. Custom Interface/ros2_ws/install/custom_interfaces/include/custom_interfaces/msg
-- Installing: /home/loye/Desktop/Projects/ROS-100-Days-Coding-Challenge/Week 5/3. Custom Interface/ros2_ws/install/custom_interfaces/include/custom_interfaces/msg/battery_state.hpp
-- Installing: /home/loye/Desktop/Projects/ROS-100-Days-Coding-Challenge/Week 5/3. Custom Interface/ros2_ws/install/custom_interfaces/include/custom_interfaces/msg/hardware_status.hpp
-- Up-to-date: /home/loye/Desktop/Projects/ROS-100-Days-Coding-Challenge/Week 5/3. Custom Interface/ros2_ws/install/custom_interfaces/include/custom_interfaces/msg/detail
-- Installing: /home/loye/Desktop/Projects/ROS-100-Days-Coding-Challenge/Week 5/3. Custom Interface/ros2_ws/install/custom_interfaces/include/custom_interfaces/msg/detail/hardware_status__traits.hpp
-- Installing: /home/loye/Desktop/Projects/ROS-100-Days-Coding-Challenge/Week 5/3. Custom Interface/ros2_ws/install/custom_interfaces/include/custom_interfaces/msg/detail/hardware_status__struct.hpp
-- Installing: /home/loye/Desktop/Projects/ROS-100-Days-Coding-Challenge/Week 5/3. Custom Interface/ros2_ws/install/custom_interfaces/include/custom_interfaces/msg/detail/battery_state__traits.hpp
-- Installing: /home/loye/Desktop/Projects/ROS-100-Days-Coding-Challenge/Week 5/3. Custom Interface/ros2_ws/install/custom_interfaces/include/custom_interfaces/msg/detail/battery_state__struct.hpp
-- Installing: /home/loye/Desktop/Projects/ROS-100-Days-Coding-Challenge/Week 5/3. Custom Interface/ros2_ws/install/custom_interfaces/include/custom_interfaces/msg/detail/battery_state__builder.hpp
-- Installing: /home/loye/Desktop/Projects/ROS-100-Days-Coding-Challenge/Week 5/3. Custom Interface/ros2_ws/install/custom_interfaces/include/custom_interfaces/msg/detail/hardware_status__builder.hpp
-- Up-to-date: /home/loye/Desktop/Projects/ROS-100-Days-Coding-Challenge/Week 5/3. Custom Interface/ros2_ws/install/custom_interfaces/include/custom_interfaces
-- Up-to-date: /home/loye/Desktop/Projects/ROS-100-Days-Coding-Challenge/Week 5/3. Custom Interface/ros2_ws/install/custom_interfaces/include/custom_interfaces/srv
-- Up-to-date: /home/loye/Desktop/Projects/ROS-100-Days-Coding-Challenge/Week 5/3. Custom Interface/ros2_ws/install/custom_interfaces/include/custom_interfaces/srv/detail
-- Installing: /home/loye/Desktop/Projects/ROS-100-Days-Coding-Challenge/Week 5/3. Custom Interface/ros2_ws/install/custom_interfaces/include/custom_interfaces/srv/detail/compute_rectangle_area__type_support.cpp
-- Installing: /home/loye/Desktop/Projects/ROS-100-Days-Coding-Challenge/Week 5/3. Custom Interface/ros2_ws/install/custom_interfaces/include/custom_interfaces/srv/detail/set_led__rosidl_typesupport_introspection_cpp.hpp
-- Installing: /home/loye/Desktop/Projects/ROS-100-Days-Coding-Challenge/Week 5/3. Custom Interface/ros2_ws/install/custom_interfaces/include/custom_interfaces/srv/detail/set_led__type_support.cpp
-- Installing: /home/loye/Desktop/Projects/ROS-100-Days-Coding-Challenge/Week 5/3. Custom Interface/ros2_ws/install/custom_interfaces/include/custom_interfaces/srv/detail/compute_rectangle_area__rosidl_typesupport_introspection_cpp.hpp
-- Up-to-date: /home/loye/Desktop/Projects/ROS-100-Days-Coding-Challenge/Week 5/3. Custom Interface/ros2_ws/install/custom_interfaces/include/custom_interfaces/msg
-- Up-to-date: /home/loye/Desktop/Projects/ROS-100-Days-Coding-Challenge/Week 5/3. Custom Interface/ros2_ws/install/custom_interfaces/include/custom_interfaces/msg/detail
-- Installing: /home/loye/Desktop/Projects/ROS-100-Days-Coding-Challenge/Week 5/3. Custom Interface/ros2_ws/install/custom_interfaces/include/custom_interfaces/msg/detail/battery_state__type_support.cpp
-- Installing: /home/loye/Desktop/Projects/ROS-100-Days-Coding-Challenge/Week 5/3. Custom Interface/ros2_ws/install/custom_interfaces/include/custom_interfaces/msg/detail/battery_state__rosidl_typesupport_introspection_cpp.hpp
-- Installing: /home/loye/Desktop/Projects/ROS-100-Days-Coding-Challenge/Week 5/3. Custom Interface/ros2_ws/install/custom_interfaces/include/custom_interfaces/msg/detail/hardware_status__rosidl_typesupport_introspection_cpp.hpp
-- Installing: /home/loye/Desktop/Projects/ROS-100-Days-Coding-Challenge/Week 5/3. Custom Interface/ros2_ws/install/custom_interfaces/include/custom_interfaces/msg/detail/hardware_status__type_support.cpp
-- Installing: /home/loye/Desktop/Projects/ROS-100-Days-Coding-Challenge/Week 5/3. Custom Interface/ros2_ws/install/custom_interfaces/lib/libcustom_interfaces__rosidl_typesupport_introspection_cpp.so
-- Set runtime path of "/home/loye/Desktop/Projects/ROS-100-Days-Coding-Challenge/Week 5/3. Custom Interface/ros2_ws/install/custom_interfaces/lib/libcustom_interfaces__rosidl_typesupport_introspection_cpp.so" to ""
-- Installing: /home/loye/Desktop/Projects/ROS-100-Days-Coding-Challenge/Week 5/3. Custom Interface/ros2_ws/install/custom_interfaces/lib/libcustom_interfaces__rosidl_typesupport_cpp.so
-- Set runtime path of "/home/loye/Desktop/Projects/ROS-100-Days-Coding-Challenge/Week 5/3. Custom Interface/ros2_ws/install/custom_interfaces/lib/libcustom_interfaces__rosidl_typesupport_cpp.so" to ""
-- Up-to-date: /home/loye/Desktop/Projects/ROS-100-Days-Coding-Challenge/Week 5/3. Custom Interface/ros2_ws/install/custom_interfaces/share/custom_interfaces/environment/pythonpath.sh
-- Installing: /home/loye/Desktop/Projects/ROS-100-Days-Coding-Challenge/Week 5/3. Custom Interface/ros2_ws/install/custom_interfaces/share/custom_interfaces/environment/pythonpath.dsv
-- Installing: /home/loye/Desktop/Projects/ROS-100-Days-Coding-Challenge/Week 5/3. Custom Interface/ros2_ws/install/custom_interfaces/lib/python3.8/site-packages/custom_interfaces/__init__.py
Compiling '/home/loye/Desktop/Projects/ROS-100-Days-Coding-Challenge/Week 5/3. Custom Interface/ros2_ws/install/custom_interfaces/lib/python3.8/site-packages/custom_interfaces/__init__.py'...
-- Up-to-date: /home/loye/Desktop/Projects/ROS-100-Days-Coding-Challenge/Week 5/3. Custom Interface/ros2_ws/install/custom_interfaces/lib/python3.8/site-packages/custom_interfaces/msg
-- Installing: /home/loye/Desktop/Projects/ROS-100-Days-Coding-Challenge/Week 5/3. Custom Interface/ros2_ws/install/custom_interfaces/lib/python3.8/site-packages/custom_interfaces/msg/_battery_state.py
-- Installing: /home/loye/Desktop/Projects/ROS-100-Days-Coding-Challenge/Week 5/3. Custom Interface/ros2_ws/install/custom_interfaces/lib/python3.8/site-packages/custom_interfaces/msg/_battery_state_s.c
-- Installing: /home/loye/Desktop/Projects/ROS-100-Days-Coding-Challenge/Week 5/3. Custom Interface/ros2_ws/install/custom_interfaces/lib/python3.8/site-packages/custom_interfaces/msg/_hardware_status_s.c
-- Installing: /home/loye/Desktop/Projects/ROS-100-Days-Coding-Challenge/Week 5/3. Custom Interface/ros2_ws/install/custom_interfaces/lib/python3.8/site-packages/custom_interfaces/msg/_hardware_status.py
-- Installing: /home/loye/Desktop/Projects/ROS-100-Days-Coding-Challenge/Week 5/3. Custom Interface/ros2_ws/install/custom_interfaces/lib/python3.8/site-packages/custom_interfaces/msg/__init__.py
-- Up-to-date: /home/loye/Desktop/Projects/ROS-100-Days-Coding-Challenge/Week 5/3. Custom Interface/ros2_ws/install/custom_interfaces/lib/python3.8/site-packages/custom_interfaces/srv
-- Installing: /home/loye/Desktop/Projects/ROS-100-Days-Coding-Challenge/Week 5/3. Custom Interface/ros2_ws/install/custom_interfaces/lib/python3.8/site-packages/custom_interfaces/srv/_set_led_s.c
-- Installing: /home/loye/Desktop/Projects/ROS-100-Days-Coding-Challenge/Week 5/3. Custom Interface/ros2_ws/install/custom_interfaces/lib/python3.8/site-packages/custom_interfaces/srv/_compute_rectangle_area_s.c
-- Installing: /home/loye/Desktop/Projects/ROS-100-Days-Coding-Challenge/Week 5/3. Custom Interface/ros2_ws/install/custom_interfaces/lib/python3.8/site-packages/custom_interfaces/srv/__init__.py
-- Installing: /home/loye/Desktop/Projects/ROS-100-Days-Coding-Challenge/Week 5/3. Custom Interface/ros2_ws/install/custom_interfaces/lib/python3.8/site-packages/custom_interfaces/srv/_set_led.py
-- Installing: /home/loye/Desktop/Projects/ROS-100-Days-Coding-Challenge/Week 5/3. Custom Interface/ros2_ws/install/custom_interfaces/lib/python3.8/site-packages/custom_interfaces/srv/_compute_rectangle_area.py
-- Installing: /home/loye/Desktop/Projects/ROS-100-Days-Coding-Challenge/Week 5/3. Custom Interface/ros2_ws/install/custom_interfaces/lib/python3.8/site-packages/custom_interfaces/custom_interfaces_s__rosidl_typesupport_fastrtps_c.cpython-38-x86_64-linux-gnu.so
-- Set runtime path of "/home/loye/Desktop/Projects/ROS-100-Days-Coding-Challenge/Week 5/3. Custom Interface/ros2_ws/install/custom_interfaces/lib/python3.8/site-packages/custom_interfaces/custom_interfaces_s__rosidl_typesupport_fastrtps_c.cpython-38-x86_64-linux-gnu.so" to ""
-- Installing: /home/loye/Desktop/Projects/ROS-100-Days-Coding-Challenge/Week 5/3. Custom Interface/ros2_ws/install/custom_interfaces/lib/python3.8/site-packages/custom_interfaces/custom_interfaces_s__rosidl_typesupport_introspection_c.cpython-38-x86_64-linux-gnu.so
-- Set runtime path of "/home/loye/Desktop/Projects/ROS-100-Days-Coding-Challenge/Week 5/3. Custom Interface/ros2_ws/install/custom_interfaces/lib/python3.8/site-packages/custom_interfaces/custom_interfaces_s__rosidl_typesupport_introspection_c.cpython-38-x86_64-linux-gnu.so" to ""
-- Installing: /home/loye/Desktop/Projects/ROS-100-Days-Coding-Challenge/Week 5/3. Custom Interface/ros2_ws/install/custom_interfaces/lib/python3.8/site-packages/custom_interfaces/custom_interfaces_s__rosidl_typesupport_c.cpython-38-x86_64-linux-gnu.so
-- Set runtime path of "/home/loye/Desktop/Projects/ROS-100-Days-Coding-Challenge/Week 5/3. Custom Interface/ros2_ws/install/custom_interfaces/lib/python3.8/site-packages/custom_interfaces/custom_interfaces_s__rosidl_typesupport_c.cpython-38-x86_64-linux-gnu.so" to ""
-- Installing: /home/loye/Desktop/Projects/ROS-100-Days-Coding-Challenge/Week 5/3. Custom Interface/ros2_ws/install/custom_interfaces/lib/libcustom_interfaces__python.so
-- Set runtime path of "/home/loye/Desktop/Projects/ROS-100-Days-Coding-Challenge/Week 5/3. Custom Interface/ros2_ws/install/custom_interfaces/lib/libcustom_interfaces__python.so" to ""
-- Up-to-date: /home/loye/Desktop/Projects/ROS-100-Days-Coding-Challenge/Week 5/3. Custom Interface/ros2_ws/install/custom_interfaces/share/custom_interfaces/msg/HardwareStatus.idl
-- Installing: /home/loye/Desktop/Projects/ROS-100-Days-Coding-Challenge/Week 5/3. Custom Interface/ros2_ws/install/custom_interfaces/share/custom_interfaces/msg/BatteryState.idl
-- Up-to-date: /home/loye/Desktop/Projects/ROS-100-Days-Coding-Challenge/Week 5/3. Custom Interface/ros2_ws/install/custom_interfaces/share/custom_interfaces/srv/ComputeRectangleArea.idl
-- Installing: /home/loye/Desktop/Projects/ROS-100-Days-Coding-Challenge/Week 5/3. Custom Interface/ros2_ws/install/custom_interfaces/share/custom_interfaces/srv/SetLed.idl
-- Up-to-date: /home/loye/Desktop/Projects/ROS-100-Days-Coding-Challenge/Week 5/3. Custom Interface/ros2_ws/install/custom_interfaces/share/custom_interfaces/msg/HardwareStatus.msg
-- Installing: /home/loye/Desktop/Projects/ROS-100-Days-Coding-Challenge/Week 5/3. Custom Interface/ros2_ws/install/custom_interfaces/share/custom_interfaces/msg/BatteryState.msg
-- Up-to-date: /home/loye/Desktop/Projects/ROS-100-Days-Coding-Challenge/Week 5/3. Custom Interface/ros2_ws/install/custom_interfaces/share/custom_interfaces/srv/ComputeRectangleArea.srv
-- Up-to-date: /home/loye/Desktop/Projects/ROS-100-Days-Coding-Challenge/Week 5/3. Custom Interface/ros2_ws/install/custom_interfaces/share/custom_interfaces/srv/ComputeRectangleArea_Request.msg
-- Up-to-date: /home/loye/Desktop/Projects/ROS-100-Days-Coding-Challenge/Week 5/3. Custom Interface/ros2_ws/install/custom_interfaces/share/custom_interfaces/srv/ComputeRectangleArea_Response.msg
-- Installing: /home/loye/Desktop/Projects/ROS-100-Days-Coding-Challenge/Week 5/3. Custom Interface/ros2_ws/install/custom_interfaces/share/custom_interfaces/srv/SetLed.srv
-- Installing: /home/loye/Desktop/Projects/ROS-100-Days-Coding-Challenge/Week 5/3. Custom Interface/ros2_ws/install/custom_interfaces/share/custom_interfaces/srv/SetLed_Request.msg
-- Installing: /home/loye/Desktop/Projects/ROS-100-Days-Coding-Challenge/Week 5/3. Custom Interface/ros2_ws/install/custom_interfaces/share/custom_interfaces/srv/SetLed_Response.msg
-- Up-to-date: /home/loye/Desktop/Projects/ROS-100-Days-Coding-Challenge/Week 5/3. Custom Interface/ros2_ws/install/custom_interfaces/share/ament_index/resource_index/package_run_dependencies/custom_interfaces
-- Installing: /home/loye/Desktop/Projects/ROS-100-Days-Coding-Challenge/Week 5/3. Custom Interface/ros2_ws/install/custom_interfaces/share/ament_index/resource_index/parent_prefix_path/custom_interfaces
-- Up-to-date: /home/loye/Desktop/Projects/ROS-100-Days-Coding-Challenge/Week 5/3. Custom Interface/ros2_ws/install/custom_interfaces/share/custom_interfaces/environment/ament_prefix_path.sh
-- Installing: /home/loye/Desktop/Projects/ROS-100-Days-Coding-Challenge/Week 5/3. Custom Interface/ros2_ws/install/custom_interfaces/share/custom_interfaces/environment/ament_prefix_path.dsv
-- Up-to-date: /home/loye/Desktop/Projects/ROS-100-Days-Coding-Challenge/Week 5/3. Custom Interface/ros2_ws/install/custom_interfaces/share/custom_interfaces/environment/path.sh
-- Installing: /home/loye/Desktop/Projects/ROS-100-Days-Coding-Challenge/Week 5/3. Custom Interface/ros2_ws/install/custom_interfaces/share/custom_interfaces/environment/path.dsv
-- Up-to-date: /home/loye/Desktop/Projects/ROS-100-Days-Coding-Challenge/Week 5/3. Custom Interface/ros2_ws/install/custom_interfaces/share/custom_interfaces/local_setup.bash
-- Up-to-date: /home/loye/Desktop/Projects/ROS-100-Days-Coding-Challenge/Week 5/3. Custom Interface/ros2_ws/install/custom_interfaces/share/custom_interfaces/local_setup.sh
-- Up-to-date: /home/loye/Desktop/Projects/ROS-100-Days-Coding-Challenge/Week 5/3. Custom Interface/ros2_ws/install/custom_interfaces/share/custom_interfaces/local_setup.zsh
-- Installing: /home/loye/Desktop/Projects/ROS-100-Days-Coding-Challenge/Week 5/3. Custom Interface/ros2_ws/install/custom_interfaces/share/custom_interfaces/local_setup.dsv
-- Installing: /home/loye/Desktop/Projects/ROS-100-Days-Coding-Challenge/Week 5/3. Custom Interface/ros2_ws/install/custom_interfaces/share/custom_interfaces/package.dsv
-- Up-to-date: /home/loye/Desktop/Projects/ROS-100-Days-Coding-Challenge/Week 5/3. Custom Interface/ros2_ws/install/custom_interfaces/share/ament_index/resource_index/packages/custom_interfaces
-- Up-to-date: /home/loye/Desktop/Projects/ROS-100-Days-Coding-Challenge/Week 5/3. Custom Interface/ros2_ws/install/custom_interfaces/share/custom_interfaces/cmake/custom_interfaces__rosidl_generator_cExport.cmake
-- Installing: /home/loye/Desktop/Projects/ROS-100-Days-Coding-Challenge/Week 5/3. Custom Interface/ros2_ws/install/custom_interfaces/share/custom_interfaces/cmake/custom_interfaces__rosidl_generator_cExport-noconfig.cmake
-- Up-to-date: /home/loye/Desktop/Projects/ROS-100-Days-Coding-Challenge/Week 5/3. Custom Interface/ros2_ws/install/custom_interfaces/share/custom_interfaces/cmake/custom_interfaces__rosidl_typesupport_introspection_cExport.cmake
-- Installing: /home/loye/Desktop/Projects/ROS-100-Days-Coding-Challenge/Week 5/3. Custom Interface/ros2_ws/install/custom_interfaces/share/custom_interfaces/cmake/custom_interfaces__rosidl_typesupport_introspection_cExport-noconfig.cmake
-- Up-to-date: /home/loye/Desktop/Projects/ROS-100-Days-Coding-Challenge/Week 5/3. Custom Interface/ros2_ws/install/custom_interfaces/share/custom_interfaces/cmake/custom_interfaces__rosidl_typesupport_cExport.cmake
-- Installing: /home/loye/Desktop/Projects/ROS-100-Days-Coding-Challenge/Week 5/3. Custom Interface/ros2_ws/install/custom_interfaces/share/custom_interfaces/cmake/custom_interfaces__rosidl_typesupport_cExport-noconfig.cmake
-- Up-to-date: /home/loye/Desktop/Projects/ROS-100-Days-Coding-Challenge/Week 5/3. Custom Interface/ros2_ws/install/custom_interfaces/share/custom_interfaces/cmake/custom_interfaces__rosidl_generator_cppExport.cmake
-- Up-to-date: /home/loye/Desktop/Projects/ROS-100-Days-Coding-Challenge/Week 5/3. Custom Interface/ros2_ws/install/custom_interfaces/share/custom_interfaces/cmake/custom_interfaces__rosidl_typesupport_introspection_cppExport.cmake
-- Installing: /home/loye/Desktop/Projects/ROS-100-Days-Coding-Challenge/Week 5/3. Custom Interface/ros2_ws/install/custom_interfaces/share/custom_interfaces/cmake/custom_interfaces__rosidl_typesupport_introspection_cppExport-noconfig.cmake
-- Up-to-date: /home/loye/Desktop/Projects/ROS-100-Days-Coding-Challenge/Week 5/3. Custom Interface/ros2_ws/install/custom_interfaces/share/custom_interfaces/cmake/custom_interfaces__rosidl_typesupport_cppExport.cmake
-- Installing: /home/loye/Desktop/Projects/ROS-100-Days-Coding-Challenge/Week 5/3. Custom Interface/ros2_ws/install/custom_interfaces/share/custom_interfaces/cmake/custom_interfaces__rosidl_typesupport_cppExport-noconfig.cmake
-- Installing: /home/loye/Desktop/Projects/ROS-100-Days-Coding-Challenge/Week 5/3. Custom Interface/ros2_ws/install/custom_interfaces/share/custom_interfaces/cmake/rosidl_cmake-extras.cmake
-- Up-to-date: /home/loye/Desktop/Projects/ROS-100-Days-Coding-Challenge/Week 5/3. Custom Interface/ros2_ws/install/custom_interfaces/share/custom_interfaces/cmake/ament_cmake_export_dependencies-extras.cmake
-- Up-to-date: /home/loye/Desktop/Projects/ROS-100-Days-Coding-Challenge/Week 5/3. Custom Interface/ros2_ws/install/custom_interfaces/share/custom_interfaces/cmake/ament_cmake_export_libraries-extras.cmake
-- Up-to-date: /home/loye/Desktop/Projects/ROS-100-Days-Coding-Challenge/Week 5/3. Custom Interface/ros2_ws/install/custom_interfaces/share/custom_interfaces/cmake/ament_cmake_export_targets-extras.cmake
-- Up-to-date: /home/loye/Desktop/Projects/ROS-100-Days-Coding-Challenge/Week 5/3. Custom Interface/ros2_ws/install/custom_interfaces/share/custom_interfaces/cmake/ament_cmake_export_include_directories-extras.cmake
-- Up-to-date: /home/loye/Desktop/Projects/ROS-100-Days-Coding-Challenge/Week 5/3. Custom Interface/ros2_ws/install/custom_interfaces/share/custom_interfaces/cmake/rosidl_cmake_export_typesupport_libraries-extras.cmake
-- Up-to-date: /home/loye/Desktop/Projects/ROS-100-Days-Coding-Challenge/Week 5/3. Custom Interface/ros2_ws/install/custom_interfaces/share/custom_interfaces/cmake/rosidl_cmake_export_typesupport_targets-extras.cmake
-- Up-to-date: /home/loye/Desktop/Projects/ROS-100-Days-Coding-Challenge/Week 5/3. Custom Interface/ros2_ws/install/custom_interfaces/share/custom_interfaces/cmake/custom_interfacesConfig.cmake
-- Up-to-date: /home/loye/Desktop/Projects/ROS-100-Days-Coding-Challenge/Week 5/3. Custom Interface/ros2_ws/install/custom_interfaces/share/custom_interfaces/cmake/custom_interfacesConfig-version.cmake
-- Up-to-date: /home/loye/Desktop/Projects/ROS-100-Days-Coding-Challenge/Week 5/3. Custom Interface/ros2_ws/install/custom_interfaces/share/custom_interfaces/package.xml
