[0.412s] DEBUG:colcon:Command line arguments: ['/usr/bin/colcon', 'build']
[0.412s] DEBUG:colcon:Parsed command line arguments: Namespace(allow_overriding=[], ament_cmake_args=None, base_paths=['.'], build_base='build', catkin_cmake_args=None, catkin_skip_building_tests=False, cmake_args=None, cmake_clean_cache=False, cmake_clean_first=False, cmake_force_configure=False, cmake_target=None, cmake_target_skip_unavailable=False, continue_on_error=False, event_handlers=None, executor='parallel', ignore_user_meta=False, install_base='install', log_base=None, log_level=None, main=<bound method BuildVerb.main of <colcon_core.verb.build.BuildVerb object at 0x7f1e69638790>>, merge_install=False, metas=['./colcon.meta'], packages_above=None, packages_above_and_dependencies=None, packages_above_depth=None, packages_end=None, packages_ignore=None, packages_ignore_regex=None, packages_select=None, packages_select_build_failed=False, packages_select_by_dep=None, packages_select_regex=None, packages_select_test_failures=False, packages_skip=None, packages_skip_build_finished=False, packages_skip_by_dep=None, packages_skip_regex=None, packages_skip_test_passed=False, packages_skip_up_to=None, packages_start=None, packages_up_to=None, packages_up_to_regex=None, parallel_workers=4, paths=None, symlink_install=False, test_result_base=None, verb_extension=<colcon_core.verb.build.BuildVerb object at 0x7f1e69638790>, verb_name='build', verb_parser=<colcon_defaults.argument_parser.defaults.DefaultArgumentsDecorator object at 0x7f1e69638d00>)
[0.481s] Level 1:colcon.colcon_core.package_discovery:discover_packages(colcon_meta) check parameters
[0.481s] Level 1:colcon.colcon_core.package_discovery:discover_packages(recursive) check parameters
[0.482s] Level 1:colcon.colcon_core.package_discovery:discover_packages(ignore) check parameters
[0.482s] Level 1:colcon.colcon_core.package_discovery:discover_packages(path) check parameters
[0.482s] Level 1:colcon.colcon_core.package_discovery:discover_packages(colcon_meta) discover
[0.483s] Level 1:colcon.colcon_core.package_discovery:discover_packages(recursive) discover
[0.483s] INFO:colcon.colcon_core.package_discovery:Crawling recursively for packages in '/home/loye/Desktop/Projects/ROS-100-Days-Coding-Challenge/Week 6/4. Catch Me/ros2_ws'
[0.483s] Level 1:colcon.colcon_core.package_identification:_identify(.) by extensions ['ignore', 'ignore_ament_install']
[0.483s] Level 1:colcon.colcon_core.package_identification:_identify(.) by extension 'ignore'
[0.484s] Level 1:colcon.colcon_core.package_identification:_identify(.) by extension 'ignore_ament_install'
[0.484s] Level 1:colcon.colcon_core.package_identification:_identify(.) by extensions ['colcon_pkg']
[0.484s] Level 1:colcon.colcon_core.package_identification:_identify(.) by extension 'colcon_pkg'
[0.484s] Level 1:colcon.colcon_core.package_identification:_identify(.) by extensions ['colcon_meta']
[0.484s] Level 1:colcon.colcon_core.package_identification:_identify(.) by extension 'colcon_meta'
[0.485s] Level 1:colcon.colcon_core.package_identification:_identify(.) by extensions ['ros']
[0.485s] Level 1:colcon.colcon_core.package_identification:_identify(.) by extension 'ros'
[0.517s] Level 1:colcon.colcon_core.package_identification:_identify(.) by extensions ['cmake', 'python']
[0.517s] Level 1:colcon.colcon_core.package_identification:_identify(.) by extension 'cmake'
[0.517s] Level 1:colcon.colcon_core.package_identification:_identify(.) by extension 'python'
[0.517s] Level 1:colcon.colcon_core.package_identification:_identify(.) by extensions ['python_setup_py']
[0.517s] Level 1:colcon.colcon_core.package_identification:_identify(.) by extension 'python_setup_py'
[0.518s] Level 1:colcon.colcon_core.package_identification:_identify(build) by extensions ['ignore', 'ignore_ament_install']
[0.518s] Level 1:colcon.colcon_core.package_identification:_identify(build) by extension 'ignore'
[0.518s] Level 1:colcon.colcon_core.package_identification:_identify(build) ignored
[0.518s] Level 1:colcon.colcon_core.package_identification:_identify(install) by extensions ['ignore', 'ignore_ament_install']
[0.518s] Level 1:colcon.colcon_core.package_identification:_identify(install) by extension 'ignore'
[0.519s] Level 1:colcon.colcon_core.package_identification:_identify(install) ignored
[0.519s] Level 1:colcon.colcon_core.package_identification:_identify(log) by extensions ['ignore', 'ignore_ament_install']
[0.519s] Level 1:colcon.colcon_core.package_identification:_identify(log) by extension 'ignore'
[0.519s] Level 1:colcon.colcon_core.package_identification:_identify(log) ignored
[0.519s] Level 1:colcon.colcon_core.package_identification:_identify(src) by extensions ['ignore', 'ignore_ament_install']
[0.520s] Level 1:colcon.colcon_core.package_identification:_identify(src) by extension 'ignore'
[0.520s] Level 1:colcon.colcon_core.package_identification:_identify(src) by extension 'ignore_ament_install'
[0.520s] Level 1:colcon.colcon_core.package_identification:_identify(src) by extensions ['colcon_pkg']
[0.520s] Level 1:colcon.colcon_core.package_identification:_identify(src) by extension 'colcon_pkg'
[0.520s] Level 1:colcon.colcon_core.package_identification:_identify(src) by extensions ['colcon_meta']
[0.520s] Level 1:colcon.colcon_core.package_identification:_identify(src) by extension 'colcon_meta'
[0.520s] Level 1:colcon.colcon_core.package_identification:_identify(src) by extensions ['ros']
[0.520s] Level 1:colcon.colcon_core.package_identification:_identify(src) by extension 'ros'
[0.521s] Level 1:colcon.colcon_core.package_identification:_identify(src) by extensions ['cmake', 'python']
[0.521s] Level 1:colcon.colcon_core.package_identification:_identify(src) by extension 'cmake'
[0.521s] Level 1:colcon.colcon_core.package_identification:_identify(src) by extension 'python'
[0.521s] Level 1:colcon.colcon_core.package_identification:_identify(src) by extensions ['python_setup_py']
[0.521s] Level 1:colcon.colcon_core.package_identification:_identify(src) by extension 'python_setup_py'
[0.522s] Level 1:colcon.colcon_core.package_identification:_identify(src/catch_turtle) by extensions ['ignore', 'ignore_ament_install']
[0.522s] Level 1:colcon.colcon_core.package_identification:_identify(src/catch_turtle) by extension 'ignore'
[0.522s] Level 1:colcon.colcon_core.package_identification:_identify(src/catch_turtle) by extension 'ignore_ament_install'
[0.522s] Level 1:colcon.colcon_core.package_identification:_identify(src/catch_turtle) by extensions ['colcon_pkg']
[0.522s] Level 1:colcon.colcon_core.package_identification:_identify(src/catch_turtle) by extension 'colcon_pkg'
[0.522s] Level 1:colcon.colcon_core.package_identification:_identify(src/catch_turtle) by extensions ['colcon_meta']
[0.522s] Level 1:colcon.colcon_core.package_identification:_identify(src/catch_turtle) by extension 'colcon_meta'
[0.523s] Level 1:colcon.colcon_core.package_identification:_identify(src/catch_turtle) by extensions ['ros']
[0.523s] Level 1:colcon.colcon_core.package_identification:_identify(src/catch_turtle) by extension 'ros'
[0.529s] DEBUG:colcon.colcon_core.package_identification:Package 'src/catch_turtle' with type 'ros.ament_cmake' and name 'catch_turtle'
[0.529s] Level 1:colcon.colcon_core.package_discovery:discover_packages(recursive) using defaults
[0.529s] Level 1:colcon.colcon_core.package_discovery:discover_packages(ignore) discover
[0.529s] Level 1:colcon.colcon_core.package_discovery:discover_packages(ignore) using defaults
[0.529s] Level 1:colcon.colcon_core.package_discovery:discover_packages(path) discover
[0.530s] Level 1:colcon.colcon_core.package_discovery:discover_packages(path) using defaults
[0.598s] Level 1:colcon.colcon_core.package_discovery:discover_packages(prefix_path) check parameters
[0.598s] Level 1:colcon.colcon_core.package_discovery:discover_packages(prefix_path) discover
[0.604s] DEBUG:colcon.colcon_installed_package_information.package_discovery:Found 1 installed packages in /home/loye/Desktop/Projects/ROS-100-Days-Coding-Challenge/Week 6/4. Catch Me/ros2_ws/install
[0.609s] DEBUG:colcon.colcon_installed_package_information.package_discovery:Found 263 installed packages in /opt/ros/foxy
[0.614s] Level 1:colcon.colcon_core.package_discovery:discover_packages(prefix_path) using defaults
[0.805s] Level 5:colcon.colcon_core.verb:set package 'catch_turtle' build argument 'cmake_args' from command line to 'None'
[0.805s] Level 5:colcon.colcon_core.verb:set package 'catch_turtle' build argument 'cmake_target' from command line to 'None'
[0.805s] Level 5:colcon.colcon_core.verb:set package 'catch_turtle' build argument 'cmake_target_skip_unavailable' from command line to 'False'
[0.805s] Level 5:colcon.colcon_core.verb:set package 'catch_turtle' build argument 'cmake_clean_cache' from command line to 'False'
[0.806s] Level 5:colcon.colcon_core.verb:set package 'catch_turtle' build argument 'cmake_clean_first' from command line to 'False'
[0.806s] Level 5:colcon.colcon_core.verb:set package 'catch_turtle' build argument 'cmake_force_configure' from command line to 'False'
[0.806s] Level 5:colcon.colcon_core.verb:set package 'catch_turtle' build argument 'ament_cmake_args' from command line to 'None'
[0.806s] Level 5:colcon.colcon_core.verb:set package 'catch_turtle' build argument 'catkin_cmake_args' from command line to 'None'
[0.806s] Level 5:colcon.colcon_core.verb:set package 'catch_turtle' build argument 'catkin_skip_building_tests' from command line to 'False'
[0.806s] DEBUG:colcon.colcon_core.verb:Building package 'catch_turtle' with the following arguments: {'ament_cmake_args': None, 'build_base': '/home/loye/Desktop/Projects/ROS-100-Days-Coding-Challenge/Week 6/4. Catch Me/ros2_ws/build/catch_turtle', 'catkin_cmake_args': None, 'catkin_skip_building_tests': False, 'cmake_args': None, 'cmake_clean_cache': False, 'cmake_clean_first': False, 'cmake_force_configure': False, 'cmake_target': None, 'cmake_target_skip_unavailable': False, 'install_base': '/home/loye/Desktop/Projects/ROS-100-Days-Coding-Challenge/Week 6/4. Catch Me/ros2_ws/install/catch_turtle', 'merge_install': False, 'path': '/home/loye/Desktop/Projects/ROS-100-Days-Coding-Challenge/Week 6/4. Catch Me/ros2_ws/src/catch_turtle', 'symlink_install': False, 'test_result_base': None}
[0.808s] INFO:colcon.colcon_core.executor:Executing jobs using 'parallel' executor
[0.819s] DEBUG:colcon.colcon_parallel_executor.executor.parallel:run_until_complete
[0.820s] INFO:colcon.colcon_ros.task.ament_cmake.build:Building ROS package in '/home/loye/Desktop/Projects/ROS-100-Days-Coding-Challenge/Week 6/4. Catch Me/ros2_ws/src/catch_turtle' with build type 'ament_cmake'
[0.820s] INFO:colcon.colcon_cmake.task.cmake.build:Building CMake package in '/home/loye/Desktop/Projects/ROS-100-Days-Coding-Challenge/Week 6/4. Catch Me/ros2_ws/src/catch_turtle'
[0.829s] INFO:colcon.colcon_core.plugin_system:Skipping extension 'colcon_core.shell.bat': Not used on non-Windows systems
[0.829s] INFO:colcon.colcon_core.shell:Skip shell extension 'powershell' for command environment: Not usable outside of PowerShell
[0.829s] DEBUG:colcon.colcon_core.shell:Skip shell extension 'dsv' for command environment
[0.860s] DEBUG:colcon.colcon_core.event_handler.log_command:Invoking command in '/home/loye/Desktop/Projects/ROS-100-Days-Coding-Challenge/Week 6/4. Catch Me/ros2_ws/build/catch_turtle': CMAKE_PREFIX_PATH=/opt/ros/foxy /usr/bin/cmake --build /home/loye/Desktop/Projects/ROS-100-Days-Coding-Challenge/Week 6/4. Catch Me/ros2_ws/build/catch_turtle -- -j4 -l4
[0.983s] DEBUG:colcon.colcon_core.event_handler.log_command:Invoked command in '/home/loye/Desktop/Projects/ROS-100-Days-Coding-Challenge/Week 6/4. Catch Me/ros2_ws/build/catch_turtle' returned '0': CMAKE_PREFIX_PATH=/opt/ros/foxy /usr/bin/cmake --build /home/loye/Desktop/Projects/ROS-100-Days-Coding-Challenge/Week 6/4. Catch Me/ros2_ws/build/catch_turtle -- -j4 -l4
[1.052s] DEBUG:colcon.colcon_core.event_handler.log_command:Invoking command in '/home/loye/Desktop/Projects/ROS-100-Days-Coding-Challenge/Week 6/4. Catch Me/ros2_ws/build/catch_turtle': CMAKE_PREFIX_PATH=/opt/ros/foxy /usr/bin/cmake --install /home/loye/Desktop/Projects/ROS-100-Days-Coding-Challenge/Week 6/4. Catch Me/ros2_ws/build/catch_turtle
[1.161s] Level 1:colcon.colcon_core.environment:create_environment_scripts_only(catch_turtle)
[1.166s] DEBUG:colcon.colcon_core.event_handler.log_command:Invoked command in '/home/loye/Desktop/Projects/ROS-100-Days-Coding-Challenge/Week 6/4. Catch Me/ros2_ws/build/catch_turtle' returned '0': CMAKE_PREFIX_PATH=/opt/ros/foxy /usr/bin/cmake --install /home/loye/Desktop/Projects/ROS-100-Days-Coding-Challenge/Week 6/4. Catch Me/ros2_ws/build/catch_turtle
[1.175s] Level 1:colcon.colcon_core.environment:checking '/home/loye/Desktop/Projects/ROS-100-Days-Coding-Challenge/Week 6/4. Catch Me/ros2_ws/install/catch_turtle' for CMake module files
[1.176s] Level 1:colcon.colcon_core.environment:checking '/home/loye/Desktop/Projects/ROS-100-Days-Coding-Challenge/Week 6/4. Catch Me/ros2_ws/install/catch_turtle' for CMake config files
[1.177s] Level 1:colcon.colcon_core.shell:create_environment_hook('catch_turtle', 'cmake_prefix_path')
[1.181s] INFO:colcon.colcon_core.shell:Creating environment hook '/home/loye/Desktop/Projects/ROS-100-Days-Coding-Challenge/Week 6/4. Catch Me/ros2_ws/install/catch_turtle/share/catch_turtle/hook/cmake_prefix_path.ps1'
[1.182s] INFO:colcon.colcon_core.shell:Creating environment descriptor '/home/loye/Desktop/Projects/ROS-100-Days-Coding-Challenge/Week 6/4. Catch Me/ros2_ws/install/catch_turtle/share/catch_turtle/hook/cmake_prefix_path.dsv'
[1.183s] INFO:colcon.colcon_core.shell:Creating environment hook '/home/loye/Desktop/Projects/ROS-100-Days-Coding-Challenge/Week 6/4. Catch Me/ros2_ws/install/catch_turtle/share/catch_turtle/hook/cmake_prefix_path.sh'
[1.185s] Level 1:colcon.colcon_core.environment:checking '/home/loye/Desktop/Projects/ROS-100-Days-Coding-Challenge/Week 6/4. Catch Me/ros2_ws/install/catch_turtle/lib'
[1.185s] Level 1:colcon.colcon_core.environment:checking '/home/loye/Desktop/Projects/ROS-100-Days-Coding-Challenge/Week 6/4. Catch Me/ros2_ws/install/catch_turtle/bin'
[1.185s] Level 1:colcon.colcon_core.environment:checking '/home/loye/Desktop/Projects/ROS-100-Days-Coding-Challenge/Week 6/4. Catch Me/ros2_ws/install/catch_turtle/lib/pkgconfig/catch_turtle.pc'
[1.186s] Level 1:colcon.colcon_core.environment:checking '/home/loye/Desktop/Projects/ROS-100-Days-Coding-Challenge/Week 6/4. Catch Me/ros2_ws/install/catch_turtle/lib/python3.8/site-packages'
[1.186s] Level 1:colcon.colcon_core.shell:create_environment_hook('catch_turtle', 'pythonpath')
[1.190s] INFO:colcon.colcon_core.shell:Creating environment hook '/home/loye/Desktop/Projects/ROS-100-Days-Coding-Challenge/Week 6/4. Catch Me/ros2_ws/install/catch_turtle/share/catch_turtle/hook/pythonpath.ps1'
[1.191s] INFO:colcon.colcon_core.shell:Creating environment descriptor '/home/loye/Desktop/Projects/ROS-100-Days-Coding-Challenge/Week 6/4. Catch Me/ros2_ws/install/catch_turtle/share/catch_turtle/hook/pythonpath.dsv'
[1.191s] INFO:colcon.colcon_core.shell:Creating environment hook '/home/loye/Desktop/Projects/ROS-100-Days-Coding-Challenge/Week 6/4. Catch Me/ros2_ws/install/catch_turtle/share/catch_turtle/hook/pythonpath.sh'
[1.192s] Level 1:colcon.colcon_core.environment:checking '/home/loye/Desktop/Projects/ROS-100-Days-Coding-Challenge/Week 6/4. Catch Me/ros2_ws/install/catch_turtle/bin'
[1.196s] INFO:colcon.colcon_core.shell:Creating package script '/home/loye/Desktop/Projects/ROS-100-Days-Coding-Challenge/Week 6/4. Catch Me/ros2_ws/install/catch_turtle/share/catch_turtle/package.ps1'
[1.198s] INFO:colcon.colcon_core.shell:Creating package descriptor '/home/loye/Desktop/Projects/ROS-100-Days-Coding-Challenge/Week 6/4. Catch Me/ros2_ws/install/catch_turtle/share/catch_turtle/package.dsv'
[1.200s] INFO:colcon.colcon_core.shell:Creating package script '/home/loye/Desktop/Projects/ROS-100-Days-Coding-Challenge/Week 6/4. Catch Me/ros2_ws/install/catch_turtle/share/catch_turtle/package.sh'
[1.201s] INFO:colcon.colcon_core.shell:Creating package script '/home/loye/Desktop/Projects/ROS-100-Days-Coding-Challenge/Week 6/4. Catch Me/ros2_ws/install/catch_turtle/share/catch_turtle/package.bash'
[1.203s] INFO:colcon.colcon_core.shell:Creating package script '/home/loye/Desktop/Projects/ROS-100-Days-Coding-Challenge/Week 6/4. Catch Me/ros2_ws/install/catch_turtle/share/catch_turtle/package.zsh'
[1.205s] Level 1:colcon.colcon_core.environment:create_file_with_runtime_dependencies(/home/loye/Desktop/Projects/ROS-100-Days-Coding-Challenge/Week 6/4. Catch Me/ros2_ws/install/catch_turtle/share/colcon-core/packages/catch_turtle)
[1.255s] Level 1:colcon.colcon_core.environment:create_environment_scripts_only(catch_turtle)
[1.261s] Level 1:colcon.colcon_core.environment:checking '/home/loye/Desktop/Projects/ROS-100-Days-Coding-Challenge/Week 6/4. Catch Me/ros2_ws/install/catch_turtle' for CMake module files
[1.262s] Level 1:colcon.colcon_core.environment:checking '/home/loye/Desktop/Projects/ROS-100-Days-Coding-Challenge/Week 6/4. Catch Me/ros2_ws/install/catch_turtle' for CMake config files
[1.263s] Level 1:colcon.colcon_core.shell:create_environment_hook('catch_turtle', 'cmake_prefix_path')
[1.267s] INFO:colcon.colcon_core.shell:Creating environment hook '/home/loye/Desktop/Projects/ROS-100-Days-Coding-Challenge/Week 6/4. Catch Me/ros2_ws/install/catch_turtle/share/catch_turtle/hook/cmake_prefix_path.ps1'
[1.268s] INFO:colcon.colcon_core.shell:Creating environment descriptor '/home/loye/Desktop/Projects/ROS-100-Days-Coding-Challenge/Week 6/4. Catch Me/ros2_ws/install/catch_turtle/share/catch_turtle/hook/cmake_prefix_path.dsv'
[1.268s] INFO:colcon.colcon_core.shell:Creating environment hook '/home/loye/Desktop/Projects/ROS-100-Days-Coding-Challenge/Week 6/4. Catch Me/ros2_ws/install/catch_turtle/share/catch_turtle/hook/cmake_prefix_path.sh'
[1.270s] Level 1:colcon.colcon_core.environment:checking '/home/loye/Desktop/Projects/ROS-100-Days-Coding-Challenge/Week 6/4. Catch Me/ros2_ws/install/catch_turtle/lib'
[1.270s] Level 1:colcon.colcon_core.environment:checking '/home/loye/Desktop/Projects/ROS-100-Days-Coding-Challenge/Week 6/4. Catch Me/ros2_ws/install/catch_turtle/bin'
[1.270s] Level 1:colcon.colcon_core.environment:checking '/home/loye/Desktop/Projects/ROS-100-Days-Coding-Challenge/Week 6/4. Catch Me/ros2_ws/install/catch_turtle/lib/pkgconfig/catch_turtle.pc'
[1.271s] Level 1:colcon.colcon_core.environment:checking '/home/loye/Desktop/Projects/ROS-100-Days-Coding-Challenge/Week 6/4. Catch Me/ros2_ws/install/catch_turtle/lib/python3.8/site-packages'
[1.271s] Level 1:colcon.colcon_core.shell:create_environment_hook('catch_turtle', 'pythonpath')
[1.275s] INFO:colcon.colcon_core.shell:Creating environment hook '/home/loye/Desktop/Projects/ROS-100-Days-Coding-Challenge/Week 6/4. Catch Me/ros2_ws/install/catch_turtle/share/catch_turtle/hook/pythonpath.ps1'
[1.275s] INFO:colcon.colcon_core.shell:Creating environment descriptor '/home/loye/Desktop/Projects/ROS-100-Days-Coding-Challenge/Week 6/4. Catch Me/ros2_ws/install/catch_turtle/share/catch_turtle/hook/pythonpath.dsv'
[1.276s] INFO:colcon.colcon_core.shell:Creating environment hook '/home/loye/Desktop/Projects/ROS-100-Days-Coding-Challenge/Week 6/4. Catch Me/ros2_ws/install/catch_turtle/share/catch_turtle/hook/pythonpath.sh'
[1.277s] Level 1:colcon.colcon_core.environment:checking '/home/loye/Desktop/Projects/ROS-100-Days-Coding-Challenge/Week 6/4. Catch Me/ros2_ws/install/catch_turtle/bin'
[1.281s] INFO:colcon.colcon_core.shell:Creating package script '/home/loye/Desktop/Projects/ROS-100-Days-Coding-Challenge/Week 6/4. Catch Me/ros2_ws/install/catch_turtle/share/catch_turtle/package.ps1'
[1.282s] INFO:colcon.colcon_core.shell:Creating package descriptor '/home/loye/Desktop/Projects/ROS-100-Days-Coding-Challenge/Week 6/4. Catch Me/ros2_ws/install/catch_turtle/share/catch_turtle/package.dsv'
[1.283s] INFO:colcon.colcon_core.shell:Creating package script '/home/loye/Desktop/Projects/ROS-100-Days-Coding-Challenge/Week 6/4. Catch Me/ros2_ws/install/catch_turtle/share/catch_turtle/package.sh'
[1.284s] INFO:colcon.colcon_core.shell:Creating package script '/home/loye/Desktop/Projects/ROS-100-Days-Coding-Challenge/Week 6/4. Catch Me/ros2_ws/install/catch_turtle/share/catch_turtle/package.bash'
[1.285s] INFO:colcon.colcon_core.shell:Creating package script '/home/loye/Desktop/Projects/ROS-100-Days-Coding-Challenge/Week 6/4. Catch Me/ros2_ws/install/catch_turtle/share/catch_turtle/package.zsh'
[1.286s] Level 1:colcon.colcon_core.environment:create_file_with_runtime_dependencies(/home/loye/Desktop/Projects/ROS-100-Days-Coding-Challenge/Week 6/4. Catch Me/ros2_ws/install/catch_turtle/share/colcon-core/packages/catch_turtle)
[1.286s] DEBUG:colcon.colcon_parallel_executor.executor.parallel:closing loop
[1.287s] DEBUG:colcon.colcon_parallel_executor.executor.parallel:loop closed
[1.288s] DEBUG:colcon.colcon_parallel_executor.executor.parallel:run_until_complete finished with '0'
[1.288s] DEBUG:colcon.colcon_core.event_reactor:joining thread
[1.302s] INFO:colcon.colcon_core.plugin_system:Skipping extension 'colcon_notification.desktop_notification.terminal_notifier': Not used on non-Darwin systems
[1.302s] INFO:colcon.colcon_core.plugin_system:Skipping extension 'colcon_notification.desktop_notification.win32': Not used on non-Windows systems
[1.302s] INFO:colcon.colcon_notification.desktop_notification:Sending desktop notification using 'notify2'
[1.341s] DEBUG:colcon.colcon_core.event_reactor:joined thread
[1.345s] INFO:colcon.colcon_core.shell:Creating prefix script '/home/loye/Desktop/Projects/ROS-100-Days-Coding-Challenge/Week 6/4. Catch Me/ros2_ws/install/local_setup.ps1'
[1.348s] INFO:colcon.colcon_core.shell:Creating prefix util module '/home/loye/Desktop/Projects/ROS-100-Days-Coding-Challenge/Week 6/4. Catch Me/ros2_ws/install/_local_setup_util_ps1.py'
[1.352s] INFO:colcon.colcon_core.shell:Creating prefix chain script '/home/loye/Desktop/Projects/ROS-100-Days-Coding-Challenge/Week 6/4. Catch Me/ros2_ws/install/setup.ps1'
[1.355s] INFO:colcon.colcon_core.shell:Creating prefix script '/home/loye/Desktop/Projects/ROS-100-Days-Coding-Challenge/Week 6/4. Catch Me/ros2_ws/install/local_setup.sh'
[1.357s] INFO:colcon.colcon_core.shell:Creating prefix util module '/home/loye/Desktop/Projects/ROS-100-Days-Coding-Challenge/Week 6/4. Catch Me/ros2_ws/install/_local_setup_util_sh.py'
[1.358s] INFO:colcon.colcon_core.shell:Creating prefix chain script '/home/loye/Desktop/Projects/ROS-100-Days-Coding-Challenge/Week 6/4. Catch Me/ros2_ws/install/setup.sh'
[1.361s] INFO:colcon.colcon_core.shell:Creating prefix script '/home/loye/Desktop/Projects/ROS-100-Days-Coding-Challenge/Week 6/4. Catch Me/ros2_ws/install/local_setup.bash'
[1.363s] INFO:colcon.colcon_core.shell:Creating prefix chain script '/home/loye/Desktop/Projects/ROS-100-Days-Coding-Challenge/Week 6/4. Catch Me/ros2_ws/install/setup.bash'
[1.366s] INFO:colcon.colcon_core.shell:Creating prefix script '/home/loye/Desktop/Projects/ROS-100-Days-Coding-Challenge/Week 6/4. Catch Me/ros2_ws/install/local_setup.zsh'
[1.368s] INFO:colcon.colcon_core.shell:Creating prefix chain script '/home/loye/Desktop/Projects/ROS-100-Days-Coding-Challenge/Week 6/4. Catch Me/ros2_ws/install/setup.zsh'
