[0.390s] DEBUG:colcon:Command line arguments: ['/usr/bin/colcon', 'build', '--packages-select', 'pkg_cpp_py']
[0.390s] DEBUG:colcon:Parsed command line arguments: Namespace(allow_overriding=[], ament_cmake_args=None, base_paths=['.'], build_base='build', catkin_cmake_args=None, catkin_skip_building_tests=False, cmake_args=None, cmake_clean_cache=False, cmake_clean_first=False, cmake_force_configure=False, cmake_target=None, cmake_target_skip_unavailable=False, continue_on_error=False, event_handlers=None, executor='parallel', ignore_user_meta=False, install_base='install', log_base=None, log_level=None, main=<bound method BuildVerb.main of <colcon_core.verb.build.BuildVerb object at 0x7f82129e86a0>>, merge_install=False, metas=['./colcon.meta'], packages_above=None, packages_above_and_dependencies=None, packages_above_depth=None, packages_end=None, packages_ignore=None, packages_ignore_regex=None, packages_select=['pkg_cpp_py'], packages_select_build_failed=False, packages_select_by_dep=None, packages_select_regex=None, packages_select_test_failures=False, packages_skip=None, packages_skip_build_finished=False, packages_skip_by_dep=None, packages_skip_regex=None, packages_skip_test_passed=False, packages_skip_up_to=None, packages_start=None, packages_up_to=None, packages_up_to_regex=None, parallel_workers=4, paths=None, symlink_install=False, test_result_base=None, verb_extension=<colcon_core.verb.build.BuildVerb object at 0x7f82129e86a0>, verb_name='build', verb_parser=<colcon_defaults.argument_parser.defaults.DefaultArgumentsDecorator object at 0x7f82129e8be0>)
[0.449s] Level 1:colcon.colcon_core.package_discovery:discover_packages(colcon_meta) check parameters
[0.449s] Level 1:colcon.colcon_core.package_discovery:discover_packages(recursive) check parameters
[0.450s] Level 1:colcon.colcon_core.package_discovery:discover_packages(ignore) check parameters
[0.450s] Level 1:colcon.colcon_core.package_discovery:discover_packages(path) check parameters
[0.450s] Level 1:colcon.colcon_core.package_discovery:discover_packages(colcon_meta) discover
[0.450s] Level 1:colcon.colcon_core.package_discovery:discover_packages(recursive) discover
[0.450s] INFO:colcon.colcon_core.package_discovery:Crawling recursively for packages in '/home/loye/Desktop/Projects/ROS-100-Days-Coding-Challenge/Week 3/04. Topics/ros2_ws'
[0.450s] Level 1:colcon.colcon_core.package_identification:_identify(.) by extensions ['ignore', 'ignore_ament_install']
[0.451s] Level 1:colcon.colcon_core.package_identification:_identify(.) by extension 'ignore'
[0.451s] Level 1:colcon.colcon_core.package_identification:_identify(.) by extension 'ignore_ament_install'
[0.451s] Level 1:colcon.colcon_core.package_identification:_identify(.) by extensions ['colcon_pkg']
[0.451s] Level 1:colcon.colcon_core.package_identification:_identify(.) by extension 'colcon_pkg'
[0.451s] Level 1:colcon.colcon_core.package_identification:_identify(.) by extensions ['colcon_meta']
[0.451s] Level 1:colcon.colcon_core.package_identification:_identify(.) by extension 'colcon_meta'
[0.451s] Level 1:colcon.colcon_core.package_identification:_identify(.) by extensions ['ros']
[0.451s] Level 1:colcon.colcon_core.package_identification:_identify(.) by extension 'ros'
[0.481s] Level 1:colcon.colcon_core.package_identification:_identify(.) by extensions ['cmake', 'python']
[0.481s] Level 1:colcon.colcon_core.package_identification:_identify(.) by extension 'cmake'
[0.481s] Level 1:colcon.colcon_core.package_identification:_identify(.) by extension 'python'
[0.481s] Level 1:colcon.colcon_core.package_identification:_identify(.) by extensions ['python_setup_py']
[0.481s] Level 1:colcon.colcon_core.package_identification:_identify(.) by extension 'python_setup_py'
[0.481s] Level 1:colcon.colcon_core.package_identification:_identify(build) by extensions ['ignore', 'ignore_ament_install']
[0.482s] Level 1:colcon.colcon_core.package_identification:_identify(build) by extension 'ignore'
[0.482s] Level 1:colcon.colcon_core.package_identification:_identify(build) ignored
[0.482s] Level 1:colcon.colcon_core.package_identification:_identify(install) by extensions ['ignore', 'ignore_ament_install']
[0.482s] Level 1:colcon.colcon_core.package_identification:_identify(install) by extension 'ignore'
[0.482s] Level 1:colcon.colcon_core.package_identification:_identify(install) ignored
[0.483s] Level 1:colcon.colcon_core.package_identification:_identify(log) by extensions ['ignore', 'ignore_ament_install']
[0.483s] Level 1:colcon.colcon_core.package_identification:_identify(log) by extension 'ignore'
[0.483s] Level 1:colcon.colcon_core.package_identification:_identify(log) ignored
[0.483s] Level 1:colcon.colcon_core.package_identification:_identify(src) by extensions ['ignore', 'ignore_ament_install']
[0.483s] Level 1:colcon.colcon_core.package_identification:_identify(src) by extension 'ignore'
[0.484s] Level 1:colcon.colcon_core.package_identification:_identify(src) by extension 'ignore_ament_install'
[0.484s] Level 1:colcon.colcon_core.package_identification:_identify(src) by extensions ['colcon_pkg']
[0.484s] Level 1:colcon.colcon_core.package_identification:_identify(src) by extension 'colcon_pkg'
[0.484s] Level 1:colcon.colcon_core.package_identification:_identify(src) by extensions ['colcon_meta']
[0.484s] Level 1:colcon.colcon_core.package_identification:_identify(src) by extension 'colcon_meta'
[0.484s] Level 1:colcon.colcon_core.package_identification:_identify(src) by extensions ['ros']
[0.484s] Level 1:colcon.colcon_core.package_identification:_identify(src) by extension 'ros'
[0.484s] Level 1:colcon.colcon_core.package_identification:_identify(src) by extensions ['cmake', 'python']
[0.485s] Level 1:colcon.colcon_core.package_identification:_identify(src) by extension 'cmake'
[0.485s] Level 1:colcon.colcon_core.package_identification:_identify(src) by extension 'python'
[0.485s] Level 1:colcon.colcon_core.package_identification:_identify(src) by extensions ['python_setup_py']
[0.485s] Level 1:colcon.colcon_core.package_identification:_identify(src) by extension 'python_setup_py'
[0.485s] Level 1:colcon.colcon_core.package_identification:_identify(src/pkg_cpp) by extensions ['ignore', 'ignore_ament_install']
[0.485s] Level 1:colcon.colcon_core.package_identification:_identify(src/pkg_cpp) by extension 'ignore'
[0.486s] Level 1:colcon.colcon_core.package_identification:_identify(src/pkg_cpp) by extension 'ignore_ament_install'
[0.486s] Level 1:colcon.colcon_core.package_identification:_identify(src/pkg_cpp) by extensions ['colcon_pkg']
[0.486s] Level 1:colcon.colcon_core.package_identification:_identify(src/pkg_cpp) by extension 'colcon_pkg'
[0.486s] Level 1:colcon.colcon_core.package_identification:_identify(src/pkg_cpp) by extensions ['colcon_meta']
[0.486s] Level 1:colcon.colcon_core.package_identification:_identify(src/pkg_cpp) by extension 'colcon_meta'
[0.486s] Level 1:colcon.colcon_core.package_identification:_identify(src/pkg_cpp) by extensions ['ros']
[0.486s] Level 1:colcon.colcon_core.package_identification:_identify(src/pkg_cpp) by extension 'ros'
[0.492s] DEBUG:colcon.colcon_core.package_identification:Package 'src/pkg_cpp' with type 'ros.ament_cmake' and name 'pkg_cpp'
[0.493s] Level 1:colcon.colcon_core.package_identification:_identify(src/pkg_cpp_py) by extensions ['ignore', 'ignore_ament_install']
[0.493s] Level 1:colcon.colcon_core.package_identification:_identify(src/pkg_cpp_py) by extension 'ignore'
[0.493s] Level 1:colcon.colcon_core.package_identification:_identify(src/pkg_cpp_py) by extension 'ignore_ament_install'
[0.493s] Level 1:colcon.colcon_core.package_identification:_identify(src/pkg_cpp_py) by extensions ['colcon_pkg']
[0.493s] Level 1:colcon.colcon_core.package_identification:_identify(src/pkg_cpp_py) by extension 'colcon_pkg'
[0.493s] Level 1:colcon.colcon_core.package_identification:_identify(src/pkg_cpp_py) by extensions ['colcon_meta']
[0.493s] Level 1:colcon.colcon_core.package_identification:_identify(src/pkg_cpp_py) by extension 'colcon_meta'
[0.494s] Level 1:colcon.colcon_core.package_identification:_identify(src/pkg_cpp_py) by extensions ['ros']
[0.494s] Level 1:colcon.colcon_core.package_identification:_identify(src/pkg_cpp_py) by extension 'ros'
[0.495s] DEBUG:colcon.colcon_core.package_identification:Package 'src/pkg_cpp_py' with type 'ros.ament_cmake' and name 'pkg_cpp_py'
[0.496s] Level 1:colcon.colcon_core.package_identification:_identify(src/pkg_py) by extensions ['ignore', 'ignore_ament_install']
[0.496s] Level 1:colcon.colcon_core.package_identification:_identify(src/pkg_py) by extension 'ignore'
[0.496s] Level 1:colcon.colcon_core.package_identification:_identify(src/pkg_py) by extension 'ignore_ament_install'
[0.496s] Level 1:colcon.colcon_core.package_identification:_identify(src/pkg_py) by extensions ['colcon_pkg']
[0.496s] Level 1:colcon.colcon_core.package_identification:_identify(src/pkg_py) by extension 'colcon_pkg'
[0.496s] Level 1:colcon.colcon_core.package_identification:_identify(src/pkg_py) by extensions ['colcon_meta']
[0.496s] Level 1:colcon.colcon_core.package_identification:_identify(src/pkg_py) by extension 'colcon_meta'
[0.496s] Level 1:colcon.colcon_core.package_identification:_identify(src/pkg_py) by extensions ['ros']
[0.496s] Level 1:colcon.colcon_core.package_identification:_identify(src/pkg_py) by extension 'ros'
[0.498s] DEBUG:colcon.colcon_core.package_identification:Package 'src/pkg_py' with type 'ros.ament_python' and name 'pkg_py'
[0.498s] Level 1:colcon.colcon_core.package_discovery:discover_packages(recursive) using defaults
[0.498s] Level 1:colcon.colcon_core.package_discovery:discover_packages(ignore) discover
[0.498s] Level 1:colcon.colcon_core.package_discovery:discover_packages(ignore) using defaults
[0.499s] Level 1:colcon.colcon_core.package_discovery:discover_packages(path) discover
[0.499s] Level 1:colcon.colcon_core.package_discovery:discover_packages(path) using defaults
[0.576s] INFO:colcon.colcon_core.package_selection:Skipping not selected package 'pkg_cpp' in 'src/pkg_cpp'
[0.576s] INFO:colcon.colcon_core.package_selection:Skipping not selected package 'pkg_py' in 'src/pkg_py'
[0.578s] Level 1:colcon.colcon_core.package_discovery:discover_packages(prefix_path) check parameters
[0.578s] Level 1:colcon.colcon_core.package_discovery:discover_packages(prefix_path) discover
[0.584s] DEBUG:colcon.colcon_installed_package_information.package_discovery:Found 3 installed packages in /home/loye/Desktop/Projects/ROS-100-Days-Coding-Challenge/Week 3/04. Topics/ros2_ws/install
[0.590s] DEBUG:colcon.colcon_installed_package_information.package_discovery:Found 263 installed packages in /opt/ros/foxy
[0.595s] Level 1:colcon.colcon_core.package_discovery:discover_packages(prefix_path) using defaults
[0.796s] Level 5:colcon.colcon_core.verb:set package 'pkg_cpp_py' build argument 'cmake_args' from command line to 'None'
[0.796s] Level 5:colcon.colcon_core.verb:set package 'pkg_cpp_py' build argument 'cmake_target' from command line to 'None'
[0.796s] Level 5:colcon.colcon_core.verb:set package 'pkg_cpp_py' build argument 'cmake_target_skip_unavailable' from command line to 'False'
[0.796s] Level 5:colcon.colcon_core.verb:set package 'pkg_cpp_py' build argument 'cmake_clean_cache' from command line to 'False'
[0.796s] Level 5:colcon.colcon_core.verb:set package 'pkg_cpp_py' build argument 'cmake_clean_first' from command line to 'False'
[0.796s] Level 5:colcon.colcon_core.verb:set package 'pkg_cpp_py' build argument 'cmake_force_configure' from command line to 'False'
[0.797s] Level 5:colcon.colcon_core.verb:set package 'pkg_cpp_py' build argument 'ament_cmake_args' from command line to 'None'
[0.797s] Level 5:colcon.colcon_core.verb:set package 'pkg_cpp_py' build argument 'catkin_cmake_args' from command line to 'None'
[0.797s] Level 5:colcon.colcon_core.verb:set package 'pkg_cpp_py' build argument 'catkin_skip_building_tests' from command line to 'False'
[0.797s] DEBUG:colcon.colcon_core.verb:Building package 'pkg_cpp_py' with the following arguments: {'ament_cmake_args': None, 'build_base': '/home/loye/Desktop/Projects/ROS-100-Days-Coding-Challenge/Week 3/04. Topics/ros2_ws/build/pkg_cpp_py', 'catkin_cmake_args': None, 'catkin_skip_building_tests': False, 'cmake_args': None, 'cmake_clean_cache': False, 'cmake_clean_first': False, 'cmake_force_configure': False, 'cmake_target': None, 'cmake_target_skip_unavailable': False, 'install_base': '/home/loye/Desktop/Projects/ROS-100-Days-Coding-Challenge/Week 3/04. Topics/ros2_ws/install/pkg_cpp_py', 'merge_install': False, 'path': '/home/loye/Desktop/Projects/ROS-100-Days-Coding-Challenge/Week 3/04. Topics/ros2_ws/src/pkg_cpp_py', 'symlink_install': False, 'test_result_base': None}
[0.799s] INFO:colcon.colcon_core.executor:Executing jobs using 'parallel' executor
[0.811s] DEBUG:colcon.colcon_parallel_executor.executor.parallel:run_until_complete
[0.811s] INFO:colcon.colcon_ros.task.ament_cmake.build:Building ROS package in '/home/loye/Desktop/Projects/ROS-100-Days-Coding-Challenge/Week 3/04. Topics/ros2_ws/src/pkg_cpp_py' with build type 'ament_cmake'
[0.812s] INFO:colcon.colcon_cmake.task.cmake.build:Building CMake package in '/home/loye/Desktop/Projects/ROS-100-Days-Coding-Challenge/Week 3/04. Topics/ros2_ws/src/pkg_cpp_py'
[0.823s] INFO:colcon.colcon_core.plugin_system:Skipping extension 'colcon_core.shell.bat': Not used on non-Windows systems
[0.824s] INFO:colcon.colcon_core.shell:Skip shell extension 'powershell' for command environment: Not usable outside of PowerShell
[0.824s] DEBUG:colcon.colcon_core.shell:Skip shell extension 'dsv' for command environment
[0.862s] DEBUG:colcon.colcon_core.event_handler.log_command:Invoking command in '/home/loye/Desktop/Projects/ROS-100-Days-Coding-Challenge/Week 3/04. Topics/ros2_ws/build/pkg_cpp_py': CMAKE_PREFIX_PATH=${CMAKE_PREFIX_PATH}:/home/loye/Desktop/Projects/ROS-100-Days-Coding-Challenge/Week 3/04. Topics/ros2_ws/install/pkg_py:/opt/ros/foxy /usr/bin/cmake --build /home/loye/Desktop/Projects/ROS-100-Days-Coding-Challenge/Week 3/04. Topics/ros2_ws/build/pkg_cpp_py -- -j4 -l4
[0.991s] DEBUG:colcon.colcon_core.event_handler.log_command:Invoked command in '/home/loye/Desktop/Projects/ROS-100-Days-Coding-Challenge/Week 3/04. Topics/ros2_ws/build/pkg_cpp_py' returned '0': CMAKE_PREFIX_PATH=${CMAKE_PREFIX_PATH}:/home/loye/Desktop/Projects/ROS-100-Days-Coding-Challenge/Week 3/04. Topics/ros2_ws/install/pkg_py:/opt/ros/foxy /usr/bin/cmake --build /home/loye/Desktop/Projects/ROS-100-Days-Coding-Challenge/Week 3/04. Topics/ros2_ws/build/pkg_cpp_py -- -j4 -l4
[1.078s] DEBUG:colcon.colcon_core.event_handler.log_command:Invoking command in '/home/loye/Desktop/Projects/ROS-100-Days-Coding-Challenge/Week 3/04. Topics/ros2_ws/build/pkg_cpp_py': CMAKE_PREFIX_PATH=${CMAKE_PREFIX_PATH}:/home/loye/Desktop/Projects/ROS-100-Days-Coding-Challenge/Week 3/04. Topics/ros2_ws/install/pkg_py:/opt/ros/foxy /usr/bin/cmake --install /home/loye/Desktop/Projects/ROS-100-Days-Coding-Challenge/Week 3/04. Topics/ros2_ws/build/pkg_cpp_py
[1.212s] Level 1:colcon.colcon_core.environment:create_environment_scripts_only(pkg_cpp_py)
[1.214s] DEBUG:colcon.colcon_core.event_handler.log_command:Invoked command in '/home/loye/Desktop/Projects/ROS-100-Days-Coding-Challenge/Week 3/04. Topics/ros2_ws/build/pkg_cpp_py' returned '0': CMAKE_PREFIX_PATH=${CMAKE_PREFIX_PATH}:/home/loye/Desktop/Projects/ROS-100-Days-Coding-Challenge/Week 3/04. Topics/ros2_ws/install/pkg_py:/opt/ros/foxy /usr/bin/cmake --install /home/loye/Desktop/Projects/ROS-100-Days-Coding-Challenge/Week 3/04. Topics/ros2_ws/build/pkg_cpp_py
[1.227s] Level 1:colcon.colcon_core.environment:checking '/home/loye/Desktop/Projects/ROS-100-Days-Coding-Challenge/Week 3/04. Topics/ros2_ws/install/pkg_cpp_py' for CMake module files
[1.229s] Level 1:colcon.colcon_core.environment:checking '/home/loye/Desktop/Projects/ROS-100-Days-Coding-Challenge/Week 3/04. Topics/ros2_ws/install/pkg_cpp_py' for CMake config files
[1.230s] Level 1:colcon.colcon_core.shell:create_environment_hook('pkg_cpp_py', 'cmake_prefix_path')
[1.235s] INFO:colcon.colcon_core.shell:Creating environment hook '/home/loye/Desktop/Projects/ROS-100-Days-Coding-Challenge/Week 3/04. Topics/ros2_ws/install/pkg_cpp_py/share/pkg_cpp_py/hook/cmake_prefix_path.ps1'
[1.238s] INFO:colcon.colcon_core.shell:Creating environment descriptor '/home/loye/Desktop/Projects/ROS-100-Days-Coding-Challenge/Week 3/04. Topics/ros2_ws/install/pkg_cpp_py/share/pkg_cpp_py/hook/cmake_prefix_path.dsv'
[1.239s] INFO:colcon.colcon_core.shell:Creating environment hook '/home/loye/Desktop/Projects/ROS-100-Days-Coding-Challenge/Week 3/04. Topics/ros2_ws/install/pkg_cpp_py/share/pkg_cpp_py/hook/cmake_prefix_path.sh'
[1.241s] Level 1:colcon.colcon_core.environment:checking '/home/loye/Desktop/Projects/ROS-100-Days-Coding-Challenge/Week 3/04. Topics/ros2_ws/install/pkg_cpp_py/lib'
[1.242s] Level 1:colcon.colcon_core.environment:checking '/home/loye/Desktop/Projects/ROS-100-Days-Coding-Challenge/Week 3/04. Topics/ros2_ws/install/pkg_cpp_py/bin'
[1.242s] Level 1:colcon.colcon_core.environment:checking '/home/loye/Desktop/Projects/ROS-100-Days-Coding-Challenge/Week 3/04. Topics/ros2_ws/install/pkg_cpp_py/lib/pkgconfig/pkg_cpp_py.pc'
[1.243s] Level 1:colcon.colcon_core.environment:checking '/home/loye/Desktop/Projects/ROS-100-Days-Coding-Challenge/Week 3/04. Topics/ros2_ws/install/pkg_cpp_py/lib/python3.8/site-packages'
[1.243s] Level 1:colcon.colcon_core.shell:create_environment_hook('pkg_cpp_py', 'pythonpath')
[1.247s] INFO:colcon.colcon_core.shell:Creating environment hook '/home/loye/Desktop/Projects/ROS-100-Days-Coding-Challenge/Week 3/04. Topics/ros2_ws/install/pkg_cpp_py/share/pkg_cpp_py/hook/pythonpath.ps1'
[1.248s] INFO:colcon.colcon_core.shell:Creating environment descriptor '/home/loye/Desktop/Projects/ROS-100-Days-Coding-Challenge/Week 3/04. Topics/ros2_ws/install/pkg_cpp_py/share/pkg_cpp_py/hook/pythonpath.dsv'
[1.249s] INFO:colcon.colcon_core.shell:Creating environment hook '/home/loye/Desktop/Projects/ROS-100-Days-Coding-Challenge/Week 3/04. Topics/ros2_ws/install/pkg_cpp_py/share/pkg_cpp_py/hook/pythonpath.sh'
[1.251s] Level 1:colcon.colcon_core.environment:checking '/home/loye/Desktop/Projects/ROS-100-Days-Coding-Challenge/Week 3/04. Topics/ros2_ws/install/pkg_cpp_py/bin'
[1.257s] INFO:colcon.colcon_core.shell:Creating package script '/home/loye/Desktop/Projects/ROS-100-Days-Coding-Challenge/Week 3/04. Topics/ros2_ws/install/pkg_cpp_py/share/pkg_cpp_py/package.ps1'
[1.260s] INFO:colcon.colcon_core.shell:Creating package descriptor '/home/loye/Desktop/Projects/ROS-100-Days-Coding-Challenge/Week 3/04. Topics/ros2_ws/install/pkg_cpp_py/share/pkg_cpp_py/package.dsv'
[1.261s] INFO:colcon.colcon_core.shell:Creating package script '/home/loye/Desktop/Projects/ROS-100-Days-Coding-Challenge/Week 3/04. Topics/ros2_ws/install/pkg_cpp_py/share/pkg_cpp_py/package.sh'
[1.264s] INFO:colcon.colcon_core.shell:Creating package script '/home/loye/Desktop/Projects/ROS-100-Days-Coding-Challenge/Week 3/04. Topics/ros2_ws/install/pkg_cpp_py/share/pkg_cpp_py/package.bash'
[1.265s] INFO:colcon.colcon_core.shell:Creating package script '/home/loye/Desktop/Projects/ROS-100-Days-Coding-Challenge/Week 3/04. Topics/ros2_ws/install/pkg_cpp_py/share/pkg_cpp_py/package.zsh'
[1.267s] Level 1:colcon.colcon_core.environment:create_file_with_runtime_dependencies(/home/loye/Desktop/Projects/ROS-100-Days-Coding-Challenge/Week 3/04. Topics/ros2_ws/install/pkg_cpp_py/share/colcon-core/packages/pkg_cpp_py)
[1.325s] Level 1:colcon.colcon_core.environment:create_environment_scripts_only(pkg_cpp_py)
[1.331s] Level 1:colcon.colcon_core.environment:checking '/home/loye/Desktop/Projects/ROS-100-Days-Coding-Challenge/Week 3/04. Topics/ros2_ws/install/pkg_cpp_py' for CMake module files
[1.333s] Level 1:colcon.colcon_core.environment:checking '/home/loye/Desktop/Projects/ROS-100-Days-Coding-Challenge/Week 3/04. Topics/ros2_ws/install/pkg_cpp_py' for CMake config files
[1.334s] Level 1:colcon.colcon_core.shell:create_environment_hook('pkg_cpp_py', 'cmake_prefix_path')
[1.341s] INFO:colcon.colcon_core.shell:Creating environment hook '/home/loye/Desktop/Projects/ROS-100-Days-Coding-Challenge/Week 3/04. Topics/ros2_ws/install/pkg_cpp_py/share/pkg_cpp_py/hook/cmake_prefix_path.ps1'
[1.342s] INFO:colcon.colcon_core.shell:Creating environment descriptor '/home/loye/Desktop/Projects/ROS-100-Days-Coding-Challenge/Week 3/04. Topics/ros2_ws/install/pkg_cpp_py/share/pkg_cpp_py/hook/cmake_prefix_path.dsv'
[1.343s] INFO:colcon.colcon_core.shell:Creating environment hook '/home/loye/Desktop/Projects/ROS-100-Days-Coding-Challenge/Week 3/04. Topics/ros2_ws/install/pkg_cpp_py/share/pkg_cpp_py/hook/cmake_prefix_path.sh'
[1.344s] Level 1:colcon.colcon_core.environment:checking '/home/loye/Desktop/Projects/ROS-100-Days-Coding-Challenge/Week 3/04. Topics/ros2_ws/install/pkg_cpp_py/lib'
[1.344s] Level 1:colcon.colcon_core.environment:checking '/home/loye/Desktop/Projects/ROS-100-Days-Coding-Challenge/Week 3/04. Topics/ros2_ws/install/pkg_cpp_py/bin'
[1.345s] Level 1:colcon.colcon_core.environment:checking '/home/loye/Desktop/Projects/ROS-100-Days-Coding-Challenge/Week 3/04. Topics/ros2_ws/install/pkg_cpp_py/lib/pkgconfig/pkg_cpp_py.pc'
[1.345s] Level 1:colcon.colcon_core.environment:checking '/home/loye/Desktop/Projects/ROS-100-Days-Coding-Challenge/Week 3/04. Topics/ros2_ws/install/pkg_cpp_py/lib/python3.8/site-packages'
[1.346s] Level 1:colcon.colcon_core.shell:create_environment_hook('pkg_cpp_py', 'pythonpath')
[1.349s] INFO:colcon.colcon_core.shell:Creating environment hook '/home/loye/Desktop/Projects/ROS-100-Days-Coding-Challenge/Week 3/04. Topics/ros2_ws/install/pkg_cpp_py/share/pkg_cpp_py/hook/pythonpath.ps1'
[1.350s] INFO:colcon.colcon_core.shell:Creating environment descriptor '/home/loye/Desktop/Projects/ROS-100-Days-Coding-Challenge/Week 3/04. Topics/ros2_ws/install/pkg_cpp_py/share/pkg_cpp_py/hook/pythonpath.dsv'
[1.351s] INFO:colcon.colcon_core.shell:Creating environment hook '/home/loye/Desktop/Projects/ROS-100-Days-Coding-Challenge/Week 3/04. Topics/ros2_ws/install/pkg_cpp_py/share/pkg_cpp_py/hook/pythonpath.sh'
[1.353s] Level 1:colcon.colcon_core.environment:checking '/home/loye/Desktop/Projects/ROS-100-Days-Coding-Challenge/Week 3/04. Topics/ros2_ws/install/pkg_cpp_py/bin'
[1.357s] INFO:colcon.colcon_core.shell:Creating package script '/home/loye/Desktop/Projects/ROS-100-Days-Coding-Challenge/Week 3/04. Topics/ros2_ws/install/pkg_cpp_py/share/pkg_cpp_py/package.ps1'
[1.358s] INFO:colcon.colcon_core.shell:Creating package descriptor '/home/loye/Desktop/Projects/ROS-100-Days-Coding-Challenge/Week 3/04. Topics/ros2_ws/install/pkg_cpp_py/share/pkg_cpp_py/package.dsv'
[1.359s] INFO:colcon.colcon_core.shell:Creating package script '/home/loye/Desktop/Projects/ROS-100-Days-Coding-Challenge/Week 3/04. Topics/ros2_ws/install/pkg_cpp_py/share/pkg_cpp_py/package.sh'
[1.361s] INFO:colcon.colcon_core.shell:Creating package script '/home/loye/Desktop/Projects/ROS-100-Days-Coding-Challenge/Week 3/04. Topics/ros2_ws/install/pkg_cpp_py/share/pkg_cpp_py/package.bash'
[1.362s] INFO:colcon.colcon_core.shell:Creating package script '/home/loye/Desktop/Projects/ROS-100-Days-Coding-Challenge/Week 3/04. Topics/ros2_ws/install/pkg_cpp_py/share/pkg_cpp_py/package.zsh'
[1.363s] Level 1:colcon.colcon_core.environment:create_file_with_runtime_dependencies(/home/loye/Desktop/Projects/ROS-100-Days-Coding-Challenge/Week 3/04. Topics/ros2_ws/install/pkg_cpp_py/share/colcon-core/packages/pkg_cpp_py)
[1.363s] DEBUG:colcon.colcon_parallel_executor.executor.parallel:closing loop
[1.364s] DEBUG:colcon.colcon_parallel_executor.executor.parallel:loop closed
[1.365s] DEBUG:colcon.colcon_parallel_executor.executor.parallel:run_until_complete finished with '0'
[1.365s] DEBUG:colcon.colcon_core.event_reactor:joining thread
[1.381s] INFO:colcon.colcon_core.plugin_system:Skipping extension 'colcon_notification.desktop_notification.terminal_notifier': Not used on non-Darwin systems
[1.381s] INFO:colcon.colcon_core.plugin_system:Skipping extension 'colcon_notification.desktop_notification.win32': Not used on non-Windows systems
[1.381s] INFO:colcon.colcon_notification.desktop_notification:Sending desktop notification using 'notify2'
[1.432s] DEBUG:colcon.colcon_core.event_reactor:joined thread
[1.437s] INFO:colcon.colcon_core.shell:Creating prefix script '/home/loye/Desktop/Projects/ROS-100-Days-Coding-Challenge/Week 3/04. Topics/ros2_ws/install/local_setup.ps1'
[1.440s] INFO:colcon.colcon_core.shell:Creating prefix util module '/home/loye/Desktop/Projects/ROS-100-Days-Coding-Challenge/Week 3/04. Topics/ros2_ws/install/_local_setup_util_ps1.py'
[1.446s] INFO:colcon.colcon_core.shell:Creating prefix chain script '/home/loye/Desktop/Projects/ROS-100-Days-Coding-Challenge/Week 3/04. Topics/ros2_ws/install/setup.ps1'
[1.451s] INFO:colcon.colcon_core.shell:Creating prefix script '/home/loye/Desktop/Projects/ROS-100-Days-Coding-Challenge/Week 3/04. Topics/ros2_ws/install/local_setup.sh'
[1.453s] INFO:colcon.colcon_core.shell:Creating prefix util module '/home/loye/Desktop/Projects/ROS-100-Days-Coding-Challenge/Week 3/04. Topics/ros2_ws/install/_local_setup_util_sh.py'
[1.455s] INFO:colcon.colcon_core.shell:Creating prefix chain script '/home/loye/Desktop/Projects/ROS-100-Days-Coding-Challenge/Week 3/04. Topics/ros2_ws/install/setup.sh'
[1.460s] INFO:colcon.colcon_core.shell:Creating prefix script '/home/loye/Desktop/Projects/ROS-100-Days-Coding-Challenge/Week 3/04. Topics/ros2_ws/install/local_setup.bash'
[1.462s] INFO:colcon.colcon_core.shell:Creating prefix chain script '/home/loye/Desktop/Projects/ROS-100-Days-Coding-Challenge/Week 3/04. Topics/ros2_ws/install/setup.bash'
[1.468s] INFO:colcon.colcon_core.shell:Creating prefix script '/home/loye/Desktop/Projects/ROS-100-Days-Coding-Challenge/Week 3/04. Topics/ros2_ws/install/local_setup.zsh'
[1.470s] INFO:colcon.colcon_core.shell:Creating prefix chain script '/home/loye/Desktop/Projects/ROS-100-Days-Coding-Challenge/Week 3/04. Topics/ros2_ws/install/setup.zsh'
