[0.050s] Invoking command in '/home/loye/Desktop/Projects/ROS-100-Days-Coding-Challenge/Week 5/4. LED indicator/ros2_ws/build/led_indicator': AMENT_PREFIX_PATH=/home/loye/Desktop/Projects/ROS-100-Days-Coding-Challenge/Week 5/4. LED indicator/ros2_ws/install/battery_interface:${AMENT_PREFIX_PATH} CMAKE_PREFIX_PATH=/home/loye/Desktop/Projects/ROS-100-Days-Coding-Challenge/Week 5/4. LED indicator/ros2_ws/install/battery_interface:/opt/ros/foxy LD_LIBRARY_PATH=/home/loye/Desktop/Projects/ROS-100-Days-Coding-Challenge/Week 5/4. LED indicator/ros2_ws/install/battery_interface/lib:${LD_LIBRARY_PATH} PYTHONPATH=/home/loye/Desktop/Projects/ROS-100-Days-Coding-Challenge/Week 5/4. LED indicator/ros2_ws/install/battery_interface/lib/python3.8/site-packages:${PYTHONPATH} /usr/bin/cmake --build /home/loye/Desktop/Projects/ROS-100-Days-Coding-Challenge/Week 5/4. LED indicator/ros2_ws/build/led_indicator -- -j4 -l4
[0.220s] [35m[1mScanning dependencies of target led_node[0m
[0.275s] [ 50%] Built target battery_node
[0.324s] [ 75%] [32mBuilding CXX object CMakeFiles/led_node.dir/src/led_node.cpp.o[0m
[11.534s] [100%] [32m[1mLinking CXX executable led_node[0m
[12.369s] [100%] Built target led_node
[12.398s] Invoked command in '/home/loye/Desktop/Projects/ROS-100-Days-Coding-Challenge/Week 5/4. LED indicator/ros2_ws/build/led_indicator' returned '0': AMENT_PREFIX_PATH=/home/loye/Desktop/Projects/ROS-100-Days-Coding-Challenge/Week 5/4. LED indicator/ros2_ws/install/battery_interface:${AMENT_PREFIX_PATH} CMAKE_PREFIX_PATH=/home/loye/Desktop/Projects/ROS-100-Days-Coding-Challenge/Week 5/4. LED indicator/ros2_ws/install/battery_interface:/opt/ros/foxy LD_LIBRARY_PATH=/home/loye/Desktop/Projects/ROS-100-Days-Coding-Challenge/Week 5/4. LED indicator/ros2_ws/install/battery_interface/lib:${LD_LIBRARY_PATH} PYTHONPATH=/home/loye/Desktop/Projects/ROS-100-Days-Coding-Challenge/Week 5/4. LED indicator/ros2_ws/install/battery_interface/lib/python3.8/site-packages:${PYTHONPATH} /usr/bin/cmake --build /home/loye/Desktop/Projects/ROS-100-Days-Coding-Challenge/Week 5/4. LED indicator/ros2_ws/build/led_indicator -- -j4 -l4
[12.493s] Invoking command in '/home/loye/Desktop/Projects/ROS-100-Days-Coding-Challenge/Week 5/4. LED indicator/ros2_ws/build/led_indicator': AMENT_PREFIX_PATH=/home/loye/Desktop/Projects/ROS-100-Days-Coding-Challenge/Week 5/4. LED indicator/ros2_ws/install/battery_interface:${AMENT_PREFIX_PATH} CMAKE_PREFIX_PATH=/home/loye/Desktop/Projects/ROS-100-Days-Coding-Challenge/Week 5/4. LED indicator/ros2_ws/install/battery_interface:/opt/ros/foxy LD_LIBRARY_PATH=/home/loye/Desktop/Projects/ROS-100-Days-Coding-Challenge/Week 5/4. LED indicator/ros2_ws/install/battery_interface/lib:${LD_LIBRARY_PATH} PYTHONPATH=/home/loye/Desktop/Projects/ROS-100-Days-Coding-Challenge/Week 5/4. LED indicator/ros2_ws/install/battery_interface/lib/python3.8/site-packages:${PYTHONPATH} /usr/bin/cmake --install /home/loye/Desktop/Projects/ROS-100-Days-Coding-Challenge/Week 5/4. LED indicator/ros2_ws/build/led_indicator
[12.515s] -- Install configuration: ""
[12.519s] -- Up-to-date: /home/loye/Desktop/Projects/ROS-100-Days-Coding-Challenge/Week 5/4. LED indicator/ros2_ws/install/led_indicator/lib/led_indicator/battery_node
[12.520s] -- Installing: /home/loye/Desktop/Projects/ROS-100-Days-Coding-Challenge/Week 5/4. LED indicator/ros2_ws/install/led_indicator/lib/led_indicator/led_node
[12.546s] -- Set runtime path of "/home/loye/Desktop/Projects/ROS-100-Days-Coding-Challenge/Week 5/4. LED indicator/ros2_ws/install/led_indicator/lib/led_indicator/led_node" to ""
[12.546s] -- Up-to-date: /home/loye/Desktop/Projects/ROS-100-Days-Coding-Challenge/Week 5/4. LED indicator/ros2_ws/install/led_indicator/share/ament_index/resource_index/package_run_dependencies/led_indicator
[12.547s] -- Up-to-date: /home/loye/Desktop/Projects/ROS-100-Days-Coding-Challenge/Week 5/4. LED indicator/ros2_ws/install/led_indicator/share/ament_index/resource_index/parent_prefix_path/led_indicator
[12.547s] -- Up-to-date: /home/loye/Desktop/Projects/ROS-100-Days-Coding-Challenge/Week 5/4. LED indicator/ros2_ws/install/led_indicator/share/led_indicator/environment/ament_prefix_path.sh
[12.548s] -- Installing: /home/loye/Desktop/Projects/ROS-100-Days-Coding-Challenge/Week 5/4. LED indicator/ros2_ws/install/led_indicator/share/led_indicator/environment/ament_prefix_path.dsv
[12.549s] -- Up-to-date: /home/loye/Desktop/Projects/ROS-100-Days-Coding-Challenge/Week 5/4. LED indicator/ros2_ws/install/led_indicator/share/led_indicator/environment/path.sh
[12.550s] -- Installing: /home/loye/Desktop/Projects/ROS-100-Days-Coding-Challenge/Week 5/4. LED indicator/ros2_ws/install/led_indicator/share/led_indicator/environment/path.dsv
[12.551s] -- Up-to-date: /home/loye/Desktop/Projects/ROS-100-Days-Coding-Challenge/Week 5/4. LED indicator/ros2_ws/install/led_indicator/share/led_indicator/local_setup.bash
[12.552s] -- Up-to-date: /home/loye/Desktop/Projects/ROS-100-Days-Coding-Challenge/Week 5/4. LED indicator/ros2_ws/install/led_indicator/share/led_indicator/local_setup.sh
[12.552s] -- Up-to-date: /home/loye/Desktop/Projects/ROS-100-Days-Coding-Challenge/Week 5/4. LED indicator/ros2_ws/install/led_indicator/share/led_indicator/local_setup.zsh
[12.553s] -- Installing: /home/loye/Desktop/Projects/ROS-100-Days-Coding-Challenge/Week 5/4. LED indicator/ros2_ws/install/led_indicator/share/led_indicator/local_setup.dsv
[12.554s] -- Installing: /home/loye/Desktop/Projects/ROS-100-Days-Coding-Challenge/Week 5/4. LED indicator/ros2_ws/install/led_indicator/share/led_indicator/package.dsv
[12.555s] -- Up-to-date: /home/loye/Desktop/Projects/ROS-100-Days-Coding-Challenge/Week 5/4. LED indicator/ros2_ws/install/led_indicator/share/ament_index/resource_index/packages/led_indicator
[12.556s] -- Up-to-date: /home/loye/Desktop/Projects/ROS-100-Days-Coding-Challenge/Week 5/4. LED indicator/ros2_ws/install/led_indicator/share/led_indicator/cmake/led_indicatorConfig.cmake
[12.556s] -- Up-to-date: /home/loye/Desktop/Projects/ROS-100-Days-Coding-Challenge/Week 5/4. LED indicator/ros2_ws/install/led_indicator/share/led_indicator/cmake/led_indicatorConfig-version.cmake
[12.556s] -- Up-to-date: /home/loye/Desktop/Projects/ROS-100-Days-Coding-Challenge/Week 5/4. LED indicator/ros2_ws/install/led_indicator/share/led_indicator/package.xml
[12.564s] Invoked command in '/home/loye/Desktop/Projects/ROS-100-Days-Coding-Challenge/Week 5/4. LED indicator/ros2_ws/build/led_indicator' returned '0': AMENT_PREFIX_PATH=/home/loye/Desktop/Projects/ROS-100-Days-Coding-Challenge/Week 5/4. LED indicator/ros2_ws/install/battery_interface:${AMENT_PREFIX_PATH} CMAKE_PREFIX_PATH=/home/loye/Desktop/Projects/ROS-100-Days-Coding-Challenge/Week 5/4. LED indicator/ros2_ws/install/battery_interface:/opt/ros/foxy LD_LIBRARY_PATH=/home/loye/Desktop/Projects/ROS-100-Days-Coding-Challenge/Week 5/4. LED indicator/ros2_ws/install/battery_interface/lib:${LD_LIBRARY_PATH} PYTHONPATH=/home/loye/Desktop/Projects/ROS-100-Days-Coding-Challenge/Week 5/4. LED indicator/ros2_ws/install/battery_interface/lib/python3.8/site-packages:${PYTHONPATH} /usr/bin/cmake --install /home/loye/Desktop/Projects/ROS-100-Days-Coding-Challenge/Week 5/4. LED indicator/ros2_ws/build/led_indicator
