[0.397s] DEBUG:colcon:Command line arguments: ['/usr/bin/colcon', 'build']
[0.397s] DEBUG:colcon:Parsed command line arguments: Namespace(allow_overriding=[], ament_cmake_args=None, base_paths=['.'], build_base='build', catkin_cmake_args=None, catkin_skip_building_tests=False, cmake_args=None, cmake_clean_cache=False, cmake_clean_first=False, cmake_force_configure=False, cmake_target=None, cmake_target_skip_unavailable=False, continue_on_error=False, event_handlers=None, executor='parallel', ignore_user_meta=False, install_base='install', log_base=None, log_level=None, main=<bound method BuildVerb.main of <colcon_core.verb.build.BuildVerb object at 0x7fb6096017c0>>, merge_install=False, metas=['./colcon.meta'], packages_above=None, packages_above_and_dependencies=None, packages_above_depth=None, packages_end=None, packages_ignore=None, packages_ignore_regex=None, packages_select=None, packages_select_build_failed=False, packages_select_by_dep=None, packages_select_regex=None, packages_select_test_failures=False, packages_skip=None, packages_skip_build_finished=False, packages_skip_by_dep=None, packages_skip_regex=None, packages_skip_test_passed=False, packages_skip_up_to=None, packages_start=None, packages_up_to=None, packages_up_to_regex=None, parallel_workers=4, paths=None, symlink_install=False, test_result_base=None, verb_extension=<colcon_core.verb.build.BuildVerb object at 0x7fb6096017c0>, verb_name='build', verb_parser=<colcon_defaults.argument_parser.defaults.DefaultArgumentsDecorator object at 0x7fb609601d30>)
[0.457s] Level 1:colcon.colcon_core.package_discovery:discover_packages(colcon_meta) check parameters
[0.457s] Level 1:colcon.colcon_core.package_discovery:discover_packages(recursive) check parameters
[0.457s] Level 1:colcon.colcon_core.package_discovery:discover_packages(ignore) check parameters
[0.457s] Level 1:colcon.colcon_core.package_discovery:discover_packages(path) check parameters
[0.457s] Level 1:colcon.colcon_core.package_discovery:discover_packages(colcon_meta) discover
[0.458s] Level 1:colcon.colcon_core.package_discovery:discover_packages(recursive) discover
[0.458s] INFO:colcon.colcon_core.package_discovery:Crawling recursively for packages in '/home/loye/Desktop/Projects/ROS-100-Days-Coding-Challenge/Week 6/2. Actions/ros2_ws'
[0.458s] Level 1:colcon.colcon_core.package_identification:_identify(.) by extensions ['ignore', 'ignore_ament_install']
[0.458s] Level 1:colcon.colcon_core.package_identification:_identify(.) by extension 'ignore'
[0.458s] Level 1:colcon.colcon_core.package_identification:_identify(.) by extension 'ignore_ament_install'
[0.458s] Level 1:colcon.colcon_core.package_identification:_identify(.) by extensions ['colcon_pkg']
[0.458s] Level 1:colcon.colcon_core.package_identification:_identify(.) by extension 'colcon_pkg'
[0.459s] Level 1:colcon.colcon_core.package_identification:_identify(.) by extensions ['colcon_meta']
[0.459s] Level 1:colcon.colcon_core.package_identification:_identify(.) by extension 'colcon_meta'
[0.459s] Level 1:colcon.colcon_core.package_identification:_identify(.) by extensions ['ros']
[0.459s] Level 1:colcon.colcon_core.package_identification:_identify(.) by extension 'ros'
[0.486s] Level 1:colcon.colcon_core.package_identification:_identify(.) by extensions ['cmake', 'python']
[0.486s] Level 1:colcon.colcon_core.package_identification:_identify(.) by extension 'cmake'
[0.487s] Level 1:colcon.colcon_core.package_identification:_identify(.) by extension 'python'
[0.487s] Level 1:colcon.colcon_core.package_identification:_identify(.) by extensions ['python_setup_py']
[0.487s] Level 1:colcon.colcon_core.package_identification:_identify(.) by extension 'python_setup_py'
[0.487s] Level 1:colcon.colcon_core.package_identification:_identify(build) by extensions ['ignore', 'ignore_ament_install']
[0.487s] Level 1:colcon.colcon_core.package_identification:_identify(build) by extension 'ignore'
[0.487s] Level 1:colcon.colcon_core.package_identification:_identify(build) ignored
[0.488s] Level 1:colcon.colcon_core.package_identification:_identify(install) by extensions ['ignore', 'ignore_ament_install']
[0.488s] Level 1:colcon.colcon_core.package_identification:_identify(install) by extension 'ignore'
[0.488s] Level 1:colcon.colcon_core.package_identification:_identify(install) ignored
[0.488s] Level 1:colcon.colcon_core.package_identification:_identify(log) by extensions ['ignore', 'ignore_ament_install']
[0.488s] Level 1:colcon.colcon_core.package_identification:_identify(log) by extension 'ignore'
[0.488s] Level 1:colcon.colcon_core.package_identification:_identify(log) ignored
[0.489s] Level 1:colcon.colcon_core.package_identification:_identify(src) by extensions ['ignore', 'ignore_ament_install']
[0.489s] Level 1:colcon.colcon_core.package_identification:_identify(src) by extension 'ignore'
[0.489s] Level 1:colcon.colcon_core.package_identification:_identify(src) by extension 'ignore_ament_install'
[0.489s] Level 1:colcon.colcon_core.package_identification:_identify(src) by extensions ['colcon_pkg']
[0.489s] Level 1:colcon.colcon_core.package_identification:_identify(src) by extension 'colcon_pkg'
[0.489s] Level 1:colcon.colcon_core.package_identification:_identify(src) by extensions ['colcon_meta']
[0.489s] Level 1:colcon.colcon_core.package_identification:_identify(src) by extension 'colcon_meta'
[0.489s] Level 1:colcon.colcon_core.package_identification:_identify(src) by extensions ['ros']
[0.489s] Level 1:colcon.colcon_core.package_identification:_identify(src) by extension 'ros'
[0.490s] Level 1:colcon.colcon_core.package_identification:_identify(src) by extensions ['cmake', 'python']
[0.490s] Level 1:colcon.colcon_core.package_identification:_identify(src) by extension 'cmake'
[0.490s] Level 1:colcon.colcon_core.package_identification:_identify(src) by extension 'python'
[0.490s] Level 1:colcon.colcon_core.package_identification:_identify(src) by extensions ['python_setup_py']
[0.490s] Level 1:colcon.colcon_core.package_identification:_identify(src) by extension 'python_setup_py'
[0.490s] Level 1:colcon.colcon_core.package_identification:_identify(src/action_pkg) by extensions ['ignore', 'ignore_ament_install']
[0.490s] Level 1:colcon.colcon_core.package_identification:_identify(src/action_pkg) by extension 'ignore'
[0.491s] Level 1:colcon.colcon_core.package_identification:_identify(src/action_pkg) by extension 'ignore_ament_install'
[0.491s] Level 1:colcon.colcon_core.package_identification:_identify(src/action_pkg) by extensions ['colcon_pkg']
[0.491s] Level 1:colcon.colcon_core.package_identification:_identify(src/action_pkg) by extension 'colcon_pkg'
[0.491s] Level 1:colcon.colcon_core.package_identification:_identify(src/action_pkg) by extensions ['colcon_meta']
[0.491s] Level 1:colcon.colcon_core.package_identification:_identify(src/action_pkg) by extension 'colcon_meta'
[0.491s] Level 1:colcon.colcon_core.package_identification:_identify(src/action_pkg) by extensions ['ros']
[0.491s] Level 1:colcon.colcon_core.package_identification:_identify(src/action_pkg) by extension 'ros'
[0.499s] DEBUG:colcon.colcon_core.package_identification:Package 'src/action_pkg' with type 'ros.ament_cmake' and name 'action_pkg'
[0.499s] Level 1:colcon.colcon_core.package_discovery:discover_packages(recursive) using defaults
[0.499s] Level 1:colcon.colcon_core.package_discovery:discover_packages(ignore) discover
[0.499s] Level 1:colcon.colcon_core.package_discovery:discover_packages(ignore) using defaults
[0.499s] Level 1:colcon.colcon_core.package_discovery:discover_packages(path) discover
[0.499s] Level 1:colcon.colcon_core.package_discovery:discover_packages(path) using defaults
[0.566s] Level 1:colcon.colcon_core.package_discovery:discover_packages(prefix_path) check parameters
[0.566s] Level 1:colcon.colcon_core.package_discovery:discover_packages(prefix_path) discover
[0.574s] DEBUG:colcon.colcon_installed_package_information.package_discovery:Found 15 installed packages in /home/loye/turtlebot3_ws/install
[0.581s] DEBUG:colcon.colcon_installed_package_information.package_discovery:Found 309 installed packages in /opt/ros/foxy
[0.588s] Level 1:colcon.colcon_core.package_discovery:discover_packages(prefix_path) using defaults
[0.779s] Level 5:colcon.colcon_core.verb:set package 'action_pkg' build argument 'cmake_args' from command line to 'None'
[0.779s] Level 5:colcon.colcon_core.verb:set package 'action_pkg' build argument 'cmake_target' from command line to 'None'
[0.779s] Level 5:colcon.colcon_core.verb:set package 'action_pkg' build argument 'cmake_target_skip_unavailable' from command line to 'False'
[0.779s] Level 5:colcon.colcon_core.verb:set package 'action_pkg' build argument 'cmake_clean_cache' from command line to 'False'
[0.779s] Level 5:colcon.colcon_core.verb:set package 'action_pkg' build argument 'cmake_clean_first' from command line to 'False'
[0.779s] Level 5:colcon.colcon_core.verb:set package 'action_pkg' build argument 'cmake_force_configure' from command line to 'False'
[0.779s] Level 5:colcon.colcon_core.verb:set package 'action_pkg' build argument 'ament_cmake_args' from command line to 'None'
[0.779s] Level 5:colcon.colcon_core.verb:set package 'action_pkg' build argument 'catkin_cmake_args' from command line to 'None'
[0.779s] Level 5:colcon.colcon_core.verb:set package 'action_pkg' build argument 'catkin_skip_building_tests' from command line to 'False'
[0.779s] DEBUG:colcon.colcon_core.verb:Building package 'action_pkg' with the following arguments: {'ament_cmake_args': None, 'build_base': '/home/loye/Desktop/Projects/ROS-100-Days-Coding-Challenge/Week 6/2. Actions/ros2_ws/build/action_pkg', 'catkin_cmake_args': None, 'catkin_skip_building_tests': False, 'cmake_args': None, 'cmake_clean_cache': False, 'cmake_clean_first': False, 'cmake_force_configure': False, 'cmake_target': None, 'cmake_target_skip_unavailable': False, 'install_base': '/home/loye/Desktop/Projects/ROS-100-Days-Coding-Challenge/Week 6/2. Actions/ros2_ws/install/action_pkg', 'merge_install': False, 'path': '/home/loye/Desktop/Projects/ROS-100-Days-Coding-Challenge/Week 6/2. Actions/ros2_ws/src/action_pkg', 'symlink_install': False, 'test_result_base': None}
[0.781s] INFO:colcon.colcon_core.executor:Executing jobs using 'parallel' executor
[0.792s] DEBUG:colcon.colcon_parallel_executor.executor.parallel:run_until_complete
[0.792s] INFO:colcon.colcon_ros.task.ament_cmake.build:Building ROS package in '/home/loye/Desktop/Projects/ROS-100-Days-Coding-Challenge/Week 6/2. Actions/ros2_ws/src/action_pkg' with build type 'ament_cmake'
[0.793s] INFO:colcon.colcon_cmake.task.cmake.build:Building CMake package in '/home/loye/Desktop/Projects/ROS-100-Days-Coding-Challenge/Week 6/2. Actions/ros2_ws/src/action_pkg'
[0.802s] INFO:colcon.colcon_core.plugin_system:Skipping extension 'colcon_core.shell.bat': Not used on non-Windows systems
[0.803s] INFO:colcon.colcon_core.shell:Skip shell extension 'powershell' for command environment: Not usable outside of PowerShell
[0.803s] DEBUG:colcon.colcon_core.shell:Skip shell extension 'dsv' for command environment
[0.836s] DEBUG:colcon.colcon_core.event_handler.log_command:Invoking command in '/home/loye/Desktop/Projects/ROS-100-Days-Coding-Challenge/Week 6/2. Actions/ros2_ws/build/action_pkg': CMAKE_PREFIX_PATH=${CMAKE_PREFIX_PATH}:/home/loye/turtlebot3_ws/install/turtlebot3_teleop:/home/loye/turtlebot3_ws/install/turtlebot3_example:/opt/ros/foxy /usr/bin/cmake /home/loye/Desktop/Projects/ROS-100-Days-Coding-Challenge/Week 6/2. Actions/ros2_ws/src/action_pkg -DCMAKE_INSTALL_PREFIX=/home/loye/Desktop/Projects/ROS-100-Days-Coding-Challenge/Week 6/2. Actions/ros2_ws/install/action_pkg
[5.176s] DEBUG:colcon.colcon_core.event_handler.log_command:Invoked command in '/home/loye/Desktop/Projects/ROS-100-Days-Coding-Challenge/Week 6/2. Actions/ros2_ws/build/action_pkg' returned '0': CMAKE_PREFIX_PATH=${CMAKE_PREFIX_PATH}:/home/loye/turtlebot3_ws/install/turtlebot3_teleop:/home/loye/turtlebot3_ws/install/turtlebot3_example:/opt/ros/foxy /usr/bin/cmake /home/loye/Desktop/Projects/ROS-100-Days-Coding-Challenge/Week 6/2. Actions/ros2_ws/src/action_pkg -DCMAKE_INSTALL_PREFIX=/home/loye/Desktop/Projects/ROS-100-Days-Coding-Challenge/Week 6/2. Actions/ros2_ws/install/action_pkg
[5.184s] DEBUG:colcon.colcon_core.event_handler.log_command:Invoking command in '/home/loye/Desktop/Projects/ROS-100-Days-Coding-Challenge/Week 6/2. Actions/ros2_ws/build/action_pkg': CMAKE_PREFIX_PATH=${CMAKE_PREFIX_PATH}:/home/loye/turtlebot3_ws/install/turtlebot3_teleop:/home/loye/turtlebot3_ws/install/turtlebot3_example:/opt/ros/foxy /usr/bin/cmake --build /home/loye/Desktop/Projects/ROS-100-Days-Coding-Challenge/Week 6/2. Actions/ros2_ws/build/action_pkg -- -j4 -l4
[17.263s] DEBUG:colcon.colcon_core.event_handler.log_command:Invoked command in '/home/loye/Desktop/Projects/ROS-100-Days-Coding-Challenge/Week 6/2. Actions/ros2_ws/build/action_pkg' returned '0': CMAKE_PREFIX_PATH=${CMAKE_PREFIX_PATH}:/home/loye/turtlebot3_ws/install/turtlebot3_teleop:/home/loye/turtlebot3_ws/install/turtlebot3_example:/opt/ros/foxy /usr/bin/cmake --build /home/loye/Desktop/Projects/ROS-100-Days-Coding-Challenge/Week 6/2. Actions/ros2_ws/build/action_pkg -- -j4 -l4
[17.430s] DEBUG:colcon.colcon_core.event_handler.log_command:Invoking command in '/home/loye/Desktop/Projects/ROS-100-Days-Coding-Challenge/Week 6/2. Actions/ros2_ws/build/action_pkg': CMAKE_PREFIX_PATH=${CMAKE_PREFIX_PATH}:/home/loye/turtlebot3_ws/install/turtlebot3_teleop:/home/loye/turtlebot3_ws/install/turtlebot3_example:/opt/ros/foxy /usr/bin/cmake --install /home/loye/Desktop/Projects/ROS-100-Days-Coding-Challenge/Week 6/2. Actions/ros2_ws/build/action_pkg
[17.644s] Level 1:colcon.colcon_core.environment:create_environment_scripts_only(action_pkg)
[17.649s] DEBUG:colcon.colcon_core.event_handler.log_command:Invoked command in '/home/loye/Desktop/Projects/ROS-100-Days-Coding-Challenge/Week 6/2. Actions/ros2_ws/build/action_pkg' returned '0': CMAKE_PREFIX_PATH=${CMAKE_PREFIX_PATH}:/home/loye/turtlebot3_ws/install/turtlebot3_teleop:/home/loye/turtlebot3_ws/install/turtlebot3_example:/opt/ros/foxy /usr/bin/cmake --install /home/loye/Desktop/Projects/ROS-100-Days-Coding-Challenge/Week 6/2. Actions/ros2_ws/build/action_pkg
[17.660s] Level 1:colcon.colcon_core.environment:checking '/home/loye/Desktop/Projects/ROS-100-Days-Coding-Challenge/Week 6/2. Actions/ros2_ws/install/action_pkg' for CMake module files
[17.661s] Level 1:colcon.colcon_core.environment:checking '/home/loye/Desktop/Projects/ROS-100-Days-Coding-Challenge/Week 6/2. Actions/ros2_ws/install/action_pkg' for CMake config files
[17.663s] Level 1:colcon.colcon_core.shell:create_environment_hook('action_pkg', 'cmake_prefix_path')
[17.668s] INFO:colcon.colcon_core.shell:Creating environment hook '/home/loye/Desktop/Projects/ROS-100-Days-Coding-Challenge/Week 6/2. Actions/ros2_ws/install/action_pkg/share/action_pkg/hook/cmake_prefix_path.ps1'
[17.672s] INFO:colcon.colcon_core.shell:Creating environment descriptor '/home/loye/Desktop/Projects/ROS-100-Days-Coding-Challenge/Week 6/2. Actions/ros2_ws/install/action_pkg/share/action_pkg/hook/cmake_prefix_path.dsv'
[17.673s] INFO:colcon.colcon_core.shell:Creating environment hook '/home/loye/Desktop/Projects/ROS-100-Days-Coding-Challenge/Week 6/2. Actions/ros2_ws/install/action_pkg/share/action_pkg/hook/cmake_prefix_path.sh'
[17.675s] Level 1:colcon.colcon_core.environment:checking '/home/loye/Desktop/Projects/ROS-100-Days-Coding-Challenge/Week 6/2. Actions/ros2_ws/install/action_pkg/lib'
[17.675s] Level 1:colcon.colcon_core.shell:create_environment_hook('action_pkg', 'ld_library_path_lib')
[17.680s] INFO:colcon.colcon_core.shell:Creating environment hook '/home/loye/Desktop/Projects/ROS-100-Days-Coding-Challenge/Week 6/2. Actions/ros2_ws/install/action_pkg/share/action_pkg/hook/ld_library_path_lib.ps1'
[17.680s] INFO:colcon.colcon_core.shell:Creating environment descriptor '/home/loye/Desktop/Projects/ROS-100-Days-Coding-Challenge/Week 6/2. Actions/ros2_ws/install/action_pkg/share/action_pkg/hook/ld_library_path_lib.dsv'
[17.681s] INFO:colcon.colcon_core.shell:Creating environment hook '/home/loye/Desktop/Projects/ROS-100-Days-Coding-Challenge/Week 6/2. Actions/ros2_ws/install/action_pkg/share/action_pkg/hook/ld_library_path_lib.sh'
[17.682s] Level 1:colcon.colcon_core.environment:checking '/home/loye/Desktop/Projects/ROS-100-Days-Coding-Challenge/Week 6/2. Actions/ros2_ws/install/action_pkg/bin'
[17.682s] Level 1:colcon.colcon_core.environment:checking '/home/loye/Desktop/Projects/ROS-100-Days-Coding-Challenge/Week 6/2. Actions/ros2_ws/install/action_pkg/lib/pkgconfig/action_pkg.pc'
[17.683s] Level 1:colcon.colcon_core.environment:checking '/home/loye/Desktop/Projects/ROS-100-Days-Coding-Challenge/Week 6/2. Actions/ros2_ws/install/action_pkg/lib/python3.8/site-packages'
[17.683s] Level 1:colcon.colcon_core.shell:create_environment_hook('action_pkg', 'pythonpath')
[17.687s] INFO:colcon.colcon_core.shell:Creating environment hook '/home/loye/Desktop/Projects/ROS-100-Days-Coding-Challenge/Week 6/2. Actions/ros2_ws/install/action_pkg/share/action_pkg/hook/pythonpath.ps1'
[17.688s] INFO:colcon.colcon_core.shell:Creating environment descriptor '/home/loye/Desktop/Projects/ROS-100-Days-Coding-Challenge/Week 6/2. Actions/ros2_ws/install/action_pkg/share/action_pkg/hook/pythonpath.dsv'
[17.688s] INFO:colcon.colcon_core.shell:Creating environment hook '/home/loye/Desktop/Projects/ROS-100-Days-Coding-Challenge/Week 6/2. Actions/ros2_ws/install/action_pkg/share/action_pkg/hook/pythonpath.sh'
[17.689s] Level 1:colcon.colcon_core.environment:checking '/home/loye/Desktop/Projects/ROS-100-Days-Coding-Challenge/Week 6/2. Actions/ros2_ws/install/action_pkg/bin'
[17.694s] INFO:colcon.colcon_core.shell:Creating package script '/home/loye/Desktop/Projects/ROS-100-Days-Coding-Challenge/Week 6/2. Actions/ros2_ws/install/action_pkg/share/action_pkg/package.ps1'
[17.698s] INFO:colcon.colcon_core.shell:Creating package descriptor '/home/loye/Desktop/Projects/ROS-100-Days-Coding-Challenge/Week 6/2. Actions/ros2_ws/install/action_pkg/share/action_pkg/package.dsv'
[17.699s] INFO:colcon.colcon_core.shell:Creating package script '/home/loye/Desktop/Projects/ROS-100-Days-Coding-Challenge/Week 6/2. Actions/ros2_ws/install/action_pkg/share/action_pkg/package.sh'
[17.702s] INFO:colcon.colcon_core.shell:Creating package script '/home/loye/Desktop/Projects/ROS-100-Days-Coding-Challenge/Week 6/2. Actions/ros2_ws/install/action_pkg/share/action_pkg/package.bash'
[17.703s] INFO:colcon.colcon_core.shell:Creating package script '/home/loye/Desktop/Projects/ROS-100-Days-Coding-Challenge/Week 6/2. Actions/ros2_ws/install/action_pkg/share/action_pkg/package.zsh'
[17.705s] Level 1:colcon.colcon_core.environment:create_file_with_runtime_dependencies(/home/loye/Desktop/Projects/ROS-100-Days-Coding-Challenge/Week 6/2. Actions/ros2_ws/install/action_pkg/share/colcon-core/packages/action_pkg)
[17.835s] Level 1:colcon.colcon_core.environment:create_environment_scripts_only(action_pkg)
[17.841s] Level 1:colcon.colcon_core.environment:checking '/home/loye/Desktop/Projects/ROS-100-Days-Coding-Challenge/Week 6/2. Actions/ros2_ws/install/action_pkg' for CMake module files
[17.843s] Level 1:colcon.colcon_core.environment:checking '/home/loye/Desktop/Projects/ROS-100-Days-Coding-Challenge/Week 6/2. Actions/ros2_ws/install/action_pkg' for CMake config files
[17.844s] Level 1:colcon.colcon_core.shell:create_environment_hook('action_pkg', 'cmake_prefix_path')
[17.848s] INFO:colcon.colcon_core.shell:Creating environment hook '/home/loye/Desktop/Projects/ROS-100-Days-Coding-Challenge/Week 6/2. Actions/ros2_ws/install/action_pkg/share/action_pkg/hook/cmake_prefix_path.ps1'
[17.849s] INFO:colcon.colcon_core.shell:Creating environment descriptor '/home/loye/Desktop/Projects/ROS-100-Days-Coding-Challenge/Week 6/2. Actions/ros2_ws/install/action_pkg/share/action_pkg/hook/cmake_prefix_path.dsv'
[17.850s] INFO:colcon.colcon_core.shell:Creating environment hook '/home/loye/Desktop/Projects/ROS-100-Days-Coding-Challenge/Week 6/2. Actions/ros2_ws/install/action_pkg/share/action_pkg/hook/cmake_prefix_path.sh'
[17.851s] Level 1:colcon.colcon_core.environment:checking '/home/loye/Desktop/Projects/ROS-100-Days-Coding-Challenge/Week 6/2. Actions/ros2_ws/install/action_pkg/lib'
[17.851s] Level 1:colcon.colcon_core.shell:create_environment_hook('action_pkg', 'ld_library_path_lib')
[17.855s] INFO:colcon.colcon_core.shell:Creating environment hook '/home/loye/Desktop/Projects/ROS-100-Days-Coding-Challenge/Week 6/2. Actions/ros2_ws/install/action_pkg/share/action_pkg/hook/ld_library_path_lib.ps1'
[17.856s] INFO:colcon.colcon_core.shell:Creating environment descriptor '/home/loye/Desktop/Projects/ROS-100-Days-Coding-Challenge/Week 6/2. Actions/ros2_ws/install/action_pkg/share/action_pkg/hook/ld_library_path_lib.dsv'
[17.857s] INFO:colcon.colcon_core.shell:Creating environment hook '/home/loye/Desktop/Projects/ROS-100-Days-Coding-Challenge/Week 6/2. Actions/ros2_ws/install/action_pkg/share/action_pkg/hook/ld_library_path_lib.sh'
[17.858s] Level 1:colcon.colcon_core.environment:checking '/home/loye/Desktop/Projects/ROS-100-Days-Coding-Challenge/Week 6/2. Actions/ros2_ws/install/action_pkg/bin'
[17.858s] Level 1:colcon.colcon_core.environment:checking '/home/loye/Desktop/Projects/ROS-100-Days-Coding-Challenge/Week 6/2. Actions/ros2_ws/install/action_pkg/lib/pkgconfig/action_pkg.pc'
[17.858s] Level 1:colcon.colcon_core.environment:checking '/home/loye/Desktop/Projects/ROS-100-Days-Coding-Challenge/Week 6/2. Actions/ros2_ws/install/action_pkg/lib/python3.8/site-packages'
[17.859s] Level 1:colcon.colcon_core.shell:create_environment_hook('action_pkg', 'pythonpath')
[17.863s] INFO:colcon.colcon_core.shell:Creating environment hook '/home/loye/Desktop/Projects/ROS-100-Days-Coding-Challenge/Week 6/2. Actions/ros2_ws/install/action_pkg/share/action_pkg/hook/pythonpath.ps1'
[17.864s] INFO:colcon.colcon_core.shell:Creating environment descriptor '/home/loye/Desktop/Projects/ROS-100-Days-Coding-Challenge/Week 6/2. Actions/ros2_ws/install/action_pkg/share/action_pkg/hook/pythonpath.dsv'
[17.865s] INFO:colcon.colcon_core.shell:Creating environment hook '/home/loye/Desktop/Projects/ROS-100-Days-Coding-Challenge/Week 6/2. Actions/ros2_ws/install/action_pkg/share/action_pkg/hook/pythonpath.sh'
[17.866s] Level 1:colcon.colcon_core.environment:checking '/home/loye/Desktop/Projects/ROS-100-Days-Coding-Challenge/Week 6/2. Actions/ros2_ws/install/action_pkg/bin'
[17.870s] INFO:colcon.colcon_core.shell:Creating package script '/home/loye/Desktop/Projects/ROS-100-Days-Coding-Challenge/Week 6/2. Actions/ros2_ws/install/action_pkg/share/action_pkg/package.ps1'
[17.872s] INFO:colcon.colcon_core.shell:Creating package descriptor '/home/loye/Desktop/Projects/ROS-100-Days-Coding-Challenge/Week 6/2. Actions/ros2_ws/install/action_pkg/share/action_pkg/package.dsv'
[17.873s] INFO:colcon.colcon_core.shell:Creating package script '/home/loye/Desktop/Projects/ROS-100-Days-Coding-Challenge/Week 6/2. Actions/ros2_ws/install/action_pkg/share/action_pkg/package.sh'
[17.874s] INFO:colcon.colcon_core.shell:Creating package script '/home/loye/Desktop/Projects/ROS-100-Days-Coding-Challenge/Week 6/2. Actions/ros2_ws/install/action_pkg/share/action_pkg/package.bash'
[17.875s] INFO:colcon.colcon_core.shell:Creating package script '/home/loye/Desktop/Projects/ROS-100-Days-Coding-Challenge/Week 6/2. Actions/ros2_ws/install/action_pkg/share/action_pkg/package.zsh'
[17.876s] Level 1:colcon.colcon_core.environment:create_file_with_runtime_dependencies(/home/loye/Desktop/Projects/ROS-100-Days-Coding-Challenge/Week 6/2. Actions/ros2_ws/install/action_pkg/share/colcon-core/packages/action_pkg)
[17.876s] DEBUG:colcon.colcon_parallel_executor.executor.parallel:closing loop
[17.877s] DEBUG:colcon.colcon_parallel_executor.executor.parallel:loop closed
[17.877s] DEBUG:colcon.colcon_parallel_executor.executor.parallel:run_until_complete finished with '0'
[17.878s] DEBUG:colcon.colcon_core.event_reactor:joining thread
[17.891s] INFO:colcon.colcon_core.plugin_system:Skipping extension 'colcon_notification.desktop_notification.terminal_notifier': Not used on non-Darwin systems
[17.891s] INFO:colcon.colcon_core.plugin_system:Skipping extension 'colcon_notification.desktop_notification.win32': Not used on non-Windows systems
[17.892s] INFO:colcon.colcon_notification.desktop_notification:Sending desktop notification using 'notify2'
[17.935s] DEBUG:colcon.colcon_core.event_reactor:joined thread
[17.939s] INFO:colcon.colcon_core.shell:Creating prefix script '/home/loye/Desktop/Projects/ROS-100-Days-Coding-Challenge/Week 6/2. Actions/ros2_ws/install/local_setup.ps1'
[17.942s] INFO:colcon.colcon_core.shell:Creating prefix util module '/home/loye/Desktop/Projects/ROS-100-Days-Coding-Challenge/Week 6/2. Actions/ros2_ws/install/_local_setup_util_ps1.py'
[17.947s] INFO:colcon.colcon_core.shell:Creating prefix chain script '/home/loye/Desktop/Projects/ROS-100-Days-Coding-Challenge/Week 6/2. Actions/ros2_ws/install/setup.ps1'
[17.970s] INFO:colcon.colcon_core.shell:Creating prefix script '/home/loye/Desktop/Projects/ROS-100-Days-Coding-Challenge/Week 6/2. Actions/ros2_ws/install/local_setup.sh'
[17.972s] INFO:colcon.colcon_core.shell:Creating prefix util module '/home/loye/Desktop/Projects/ROS-100-Days-Coding-Challenge/Week 6/2. Actions/ros2_ws/install/_local_setup_util_sh.py'
[17.973s] INFO:colcon.colcon_core.shell:Creating prefix chain script '/home/loye/Desktop/Projects/ROS-100-Days-Coding-Challenge/Week 6/2. Actions/ros2_ws/install/setup.sh'
[17.979s] INFO:colcon.colcon_core.shell:Creating prefix script '/home/loye/Desktop/Projects/ROS-100-Days-Coding-Challenge/Week 6/2. Actions/ros2_ws/install/local_setup.bash'
[17.980s] INFO:colcon.colcon_core.shell:Creating prefix chain script '/home/loye/Desktop/Projects/ROS-100-Days-Coding-Challenge/Week 6/2. Actions/ros2_ws/install/setup.bash'
[17.985s] INFO:colcon.colcon_core.shell:Creating prefix script '/home/loye/Desktop/Projects/ROS-100-Days-Coding-Challenge/Week 6/2. Actions/ros2_ws/install/local_setup.zsh'
[17.987s] INFO:colcon.colcon_core.shell:Creating prefix chain script '/home/loye/Desktop/Projects/ROS-100-Days-Coding-Challenge/Week 6/2. Actions/ros2_ws/install/setup.zsh'
