[0.042s] Invoking command in '/home/loye/Desktop/Projects/ROS-100-Days-Coding-Challenge/Week 3/04. Topics/ros2_ws/build/pkg_cpp_py': CMAKE_PREFIX_PATH=${CMAKE_PREFIX_PATH}:/home/loye/Desktop/Projects/ROS-100-Days-Coding-Challenge/Week 3/04. Topics/ros2_ws/install/pkg_py:/opt/ros/foxy /usr/bin/cmake /home/loye/Desktop/Projects/ROS-100-Days-Coding-Challenge/Week 3/04. Topics/ros2_ws/src/pkg_cpp_py -DCMAKE_INSTALL_PREFIX=/home/loye/Desktop/Projects/ROS-100-Days-Coding-Challenge/Week 3/04. Topics/ros2_ws/install/pkg_cpp_py
[0.242s] -- The C compiler identification is GNU 10.3.0
[0.508s] -- The CXX compiler identification is GNU 10.3.0
[0.525s] -- Check for working C compiler: /usr/bin/cc
[0.734s] -- Check for working C compiler: /usr/bin/cc -- works
[0.738s] -- Detecting C compiler ABI info
[0.956s] -- Detecting C compiler ABI info - done
[1.017s] -- Detecting C compile features
[1.019s] -- Detecting C compile features - done
[1.031s] -- Check for working CXX compiler: /usr/bin/c++
[1.284s] -- Check for working CXX compiler: /usr/bin/c++ -- works
[1.289s] -- Detecting CXX compiler ABI info
[1.539s] -- Detecting CXX compiler ABI info - done
[1.600s] -- Detecting CXX compile features
[1.602s] -- Detecting CXX compile features - done
[1.616s] -- Found ament_cmake: 0.9.9 (/opt/ros/foxy/share/ament_cmake/cmake)
[1.698s] -- Found PythonInterp: /usr/bin/python3 (found suitable version "3.8.10", minimum required is "3") 
[1.698s] -- Using PYTHON_EXECUTABLE: /usr/bin/python3
[2.255s] -- Found rclpy: 1.0.8 (/opt/ros/foxy/share/rclpy/cmake)
[2.260s] -- Found rclcpp: 2.4.1 (/opt/ros/foxy/share/rclcpp/cmake)
[2.430s] -- Using all available rosidl_typesupport_c: rosidl_typesupport_fastrtps_c;rosidl_typesupport_introspection_c
[2.456s] -- Found rosidl_adapter: 1.2.1 (/opt/ros/foxy/share/rosidl_adapter/cmake)
[2.698s] -- Found OpenSSL: /usr/lib/x86_64-linux-gnu/libcrypto.so (found version "1.1.1f")  
[2.806s] -- Found FastRTPS: /opt/ros/foxy/include  
[3.110s] -- Using all available rosidl_typesupport_cpp: rosidl_typesupport_fastrtps_cpp;rosidl_typesupport_introspection_cpp
[3.357s] -- Found rmw_implementation_cmake: 1.0.3 (/opt/ros/foxy/share/rmw_implementation_cmake/cmake)
[3.363s] -- Using RMW implementation 'rmw_fastrtps_cpp' as default
[3.367s] -- Looking for pthread.h
[3.566s] -- Looking for pthread.h - found
[3.567s] -- Performing Test CMAKE_HAVE_LIBC_PTHREAD
[3.780s] -- Performing Test CMAKE_HAVE_LIBC_PTHREAD - Failed
[3.781s] -- Looking for pthread_create in pthreads
[3.961s] -- Looking for pthread_create in pthreads - not found
[3.961s] -- Looking for pthread_create in pthread
[4.176s] -- Looking for pthread_create in pthread - found
[4.177s] -- Found Threads: TRUE  
[4.963s] -- Found example_interfaces: 0.9.1 (/opt/ros/foxy/share/example_interfaces/cmake)
[5.635s] CMake Error at CMakeLists.txt:38 (install):
[5.635s]   install TARGETS given target "transitor_radio" which does not exist.
[5.636s] 
[5.636s] 
[5.805s] -- Configuring incomplete, errors occurred!
[5.805s] See also "/home/loye/Desktop/Projects/ROS-100-Days-Coding-Challenge/Week 3/04. Topics/ros2_ws/build/pkg_cpp_py/CMakeFiles/CMakeOutput.log".
[5.806s] See also "/home/loye/Desktop/Projects/ROS-100-Days-Coding-Challenge/Week 3/04. Topics/ros2_ws/build/pkg_cpp_py/CMakeFiles/CMakeError.log".
[5.825s] Invoked command in '/home/loye/Desktop/Projects/ROS-100-Days-Coding-Challenge/Week 3/04. Topics/ros2_ws/build/pkg_cpp_py' returned '1': CMAKE_PREFIX_PATH=${CMAKE_PREFIX_PATH}:/home/loye/Desktop/Projects/ROS-100-Days-Coding-Challenge/Week 3/04. Topics/ros2_ws/install/pkg_py:/opt/ros/foxy /usr/bin/cmake /home/loye/Desktop/Projects/ROS-100-Days-Coding-Challenge/Week 3/04. Topics/ros2_ws/src/pkg_cpp_py -DCMAKE_INSTALL_PREFIX=/home/loye/Desktop/Projects/ROS-100-Days-Coding-Challenge/Week 3/04. Topics/ros2_ws/install/pkg_cpp_py
