[0.040s] Invoking command in '/home/loye/Desktop/Projects/ROS-100-Days-Coding-Challenge/Week 5/1. Service/ros2_ws/build/pkg_cpp_py': CMAKE_PREFIX_PATH=/opt/ros/foxy /usr/bin/cmake --build /home/loye/Desktop/Projects/ROS-100-Days-Coding-Challenge/Week 5/1. Service/ros2_ws/build/pkg_cpp_py -- -j4 -l4
[0.199s] [35m[1mScanning dependencies of target add_two_ints_oop_client[0m
[0.232s] [ 25%] Built target add_two_ints_client
[0.250s] [ 50%] Built target add_two_ints_oop_server
[0.254s] [ 75%] Built target add_two_ints_server
[0.304s] [ 87%] [32mBuilding CXX object CMakeFiles/add_two_ints_oop_client.dir/src/add_two_ints_oop_client.cpp.o[0m
[6.259s] [100%] [32m[1mLinking CXX executable add_two_ints_oop_client[0m
[6.703s] [100%] Built target add_two_ints_oop_client
[6.733s] Invoked command in '/home/loye/Desktop/Projects/ROS-100-Days-Coding-Challenge/Week 5/1. Service/ros2_ws/build/pkg_cpp_py' returned '0': CMAKE_PREFIX_PATH=/opt/ros/foxy /usr/bin/cmake --build /home/loye/Desktop/Projects/ROS-100-Days-Coding-Challenge/Week 5/1. Service/ros2_ws/build/pkg_cpp_py -- -j4 -l4
[6.841s] Invoking command in '/home/loye/Desktop/Projects/ROS-100-Days-Coding-Challenge/Week 5/1. Service/ros2_ws/build/pkg_cpp_py': CMAKE_PREFIX_PATH=/opt/ros/foxy /usr/bin/cmake --install /home/loye/Desktop/Projects/ROS-100-Days-Coding-Challenge/Week 5/1. Service/ros2_ws/build/pkg_cpp_py
[6.861s] -- Install configuration: ""
[6.862s] -- Up-to-date: /home/loye/Desktop/Projects/ROS-100-Days-Coding-Challenge/Week 5/1. Service/ros2_ws/install/pkg_cpp_py/share/pkg_cpp_py/environment/pythonpath.sh
[6.863s] -- Up-to-date: /home/loye/Desktop/Projects/ROS-100-Days-Coding-Challenge/Week 5/1. Service/ros2_ws/install/pkg_cpp_py/share/pkg_cpp_py/environment/pythonpath.dsv
[6.863s] -- Up-to-date: /home/loye/Desktop/Projects/ROS-100-Days-Coding-Challenge/Week 5/1. Service/ros2_ws/install/pkg_cpp_py/lib/python3.8/site-packages/pkg_cpp_py
[6.864s] -- Up-to-date: /home/loye/Desktop/Projects/ROS-100-Days-Coding-Challenge/Week 5/1. Service/ros2_ws/install/pkg_cpp_py/lib/python3.8/site-packages/pkg_cpp_py/module_to_import.py
[6.864s] -- Up-to-date: /home/loye/Desktop/Projects/ROS-100-Days-Coding-Challenge/Week 5/1. Service/ros2_ws/install/pkg_cpp_py/lib/python3.8/site-packages/pkg_cpp_py/__init__.py
[6.933s] Listing '/home/loye/Desktop/Projects/ROS-100-Days-Coding-Challenge/Week 5/1. Service/ros2_ws/install/pkg_cpp_py/lib/python3.8/site-packages/pkg_cpp_py'...
[6.942s] -- Up-to-date: /home/loye/Desktop/Projects/ROS-100-Days-Coding-Challenge/Week 5/1. Service/ros2_ws/install/pkg_cpp_py/lib/pkg_cpp_py/add_two_ints_server.py
[6.943s] -- Up-to-date: /home/loye/Desktop/Projects/ROS-100-Days-Coding-Challenge/Week 5/1. Service/ros2_ws/install/pkg_cpp_py/lib/pkg_cpp_py/add_two_ints_client.py
[6.944s] -- Up-to-date: /home/loye/Desktop/Projects/ROS-100-Days-Coding-Challenge/Week 5/1. Service/ros2_ws/install/pkg_cpp_py/lib/pkg_cpp_py/add_two_ints_server
[6.945s] -- Up-to-date: /home/loye/Desktop/Projects/ROS-100-Days-Coding-Challenge/Week 5/1. Service/ros2_ws/install/pkg_cpp_py/lib/pkg_cpp_py/add_two_ints_oop_server
[6.947s] -- Up-to-date: /home/loye/Desktop/Projects/ROS-100-Days-Coding-Challenge/Week 5/1. Service/ros2_ws/install/pkg_cpp_py/lib/pkg_cpp_py/add_two_ints_client
[6.949s] -- Installing: /home/loye/Desktop/Projects/ROS-100-Days-Coding-Challenge/Week 5/1. Service/ros2_ws/install/pkg_cpp_py/lib/pkg_cpp_py/add_two_ints_oop_client
[6.951s] -- Set runtime path of "/home/loye/Desktop/Projects/ROS-100-Days-Coding-Challenge/Week 5/1. Service/ros2_ws/install/pkg_cpp_py/lib/pkg_cpp_py/add_two_ints_oop_client" to ""
[6.952s] -- Up-to-date: /home/loye/Desktop/Projects/ROS-100-Days-Coding-Challenge/Week 5/1. Service/ros2_ws/install/pkg_cpp_py/share/ament_index/resource_index/package_run_dependencies/pkg_cpp_py
[6.952s] -- Up-to-date: /home/loye/Desktop/Projects/ROS-100-Days-Coding-Challenge/Week 5/1. Service/ros2_ws/install/pkg_cpp_py/share/ament_index/resource_index/parent_prefix_path/pkg_cpp_py
[6.953s] -- Up-to-date: /home/loye/Desktop/Projects/ROS-100-Days-Coding-Challenge/Week 5/1. Service/ros2_ws/install/pkg_cpp_py/share/pkg_cpp_py/environment/ament_prefix_path.sh
[6.953s] -- Up-to-date: /home/loye/Desktop/Projects/ROS-100-Days-Coding-Challenge/Week 5/1. Service/ros2_ws/install/pkg_cpp_py/share/pkg_cpp_py/environment/ament_prefix_path.dsv
[6.954s] -- Up-to-date: /home/loye/Desktop/Projects/ROS-100-Days-Coding-Challenge/Week 5/1. Service/ros2_ws/install/pkg_cpp_py/share/pkg_cpp_py/environment/path.sh
[6.954s] -- Up-to-date: /home/loye/Desktop/Projects/ROS-100-Days-Coding-Challenge/Week 5/1. Service/ros2_ws/install/pkg_cpp_py/share/pkg_cpp_py/environment/path.dsv
[6.955s] -- Up-to-date: /home/loye/Desktop/Projects/ROS-100-Days-Coding-Challenge/Week 5/1. Service/ros2_ws/install/pkg_cpp_py/share/pkg_cpp_py/local_setup.bash
[6.955s] -- Up-to-date: /home/loye/Desktop/Projects/ROS-100-Days-Coding-Challenge/Week 5/1. Service/ros2_ws/install/pkg_cpp_py/share/pkg_cpp_py/local_setup.sh
[6.956s] -- Up-to-date: /home/loye/Desktop/Projects/ROS-100-Days-Coding-Challenge/Week 5/1. Service/ros2_ws/install/pkg_cpp_py/share/pkg_cpp_py/local_setup.zsh
[6.957s] -- Up-to-date: /home/loye/Desktop/Projects/ROS-100-Days-Coding-Challenge/Week 5/1. Service/ros2_ws/install/pkg_cpp_py/share/pkg_cpp_py/local_setup.dsv
[6.957s] -- Installing: /home/loye/Desktop/Projects/ROS-100-Days-Coding-Challenge/Week 5/1. Service/ros2_ws/install/pkg_cpp_py/share/pkg_cpp_py/package.dsv
[6.958s] -- Up-to-date: /home/loye/Desktop/Projects/ROS-100-Days-Coding-Challenge/Week 5/1. Service/ros2_ws/install/pkg_cpp_py/share/ament_index/resource_index/packages/pkg_cpp_py
[6.958s] -- Up-to-date: /home/loye/Desktop/Projects/ROS-100-Days-Coding-Challenge/Week 5/1. Service/ros2_ws/install/pkg_cpp_py/share/pkg_cpp_py/cmake/pkg_cpp_pyConfig.cmake
[6.959s] -- Up-to-date: /home/loye/Desktop/Projects/ROS-100-Days-Coding-Challenge/Week 5/1. Service/ros2_ws/install/pkg_cpp_py/share/pkg_cpp_py/cmake/pkg_cpp_pyConfig-version.cmake
[6.959s] -- Up-to-date: /home/loye/Desktop/Projects/ROS-100-Days-Coding-Challenge/Week 5/1. Service/ros2_ws/install/pkg_cpp_py/share/pkg_cpp_py/package.xml
[6.968s] Invoked command in '/home/loye/Desktop/Projects/ROS-100-Days-Coding-Challenge/Week 5/1. Service/ros2_ws/build/pkg_cpp_py' returned '0': CMAKE_PREFIX_PATH=/opt/ros/foxy /usr/bin/cmake --install /home/loye/Desktop/Projects/ROS-100-Days-Coding-Challenge/Week 5/1. Service/ros2_ws/build/pkg_cpp_py
