[0.049s] Invoking command in '/home/loye/Desktop/Projects/ROS-100-Days-Coding-Challenge/Week 6/3. Motion type/ros2_ws/build/motion_types': CMAKE_PREFIX_PATH=${CMAKE_PREFIX_PATH}:/home/loye/turtlebot3_ws/install/turtlebot3_teleop:/home/loye/turtlebot3_ws/install/turtlebot3_example:/opt/ros/foxy /usr/bin/cmake --build /home/loye/Desktop/Projects/ROS-100-Days-Coding-Challenge/Week 6/3. Motion type/ros2_ws/build/motion_types -- -j4 -l4
[0.363s] [ 25%] Built target spiral
[0.412s] [ 50%] Built target goto_goal
[0.415s] [ 75%] Built target rotation
[0.439s] [100%] Built target linear
[0.476s] Invoked command in '/home/loye/Desktop/Projects/ROS-100-Days-Coding-Challenge/Week 6/3. Motion type/ros2_ws/build/motion_types' returned '0': CMAKE_PREFIX_PATH=${CMAKE_PREFIX_PATH}:/home/loye/turtlebot3_ws/install/turtlebot3_teleop:/home/loye/turtlebot3_ws/install/turtlebot3_example:/opt/ros/foxy /usr/bin/cmake --build /home/loye/Desktop/Projects/ROS-100-Days-Coding-Challenge/Week 6/3. Motion type/ros2_ws/build/motion_types -- -j4 -l4
[0.611s] Invoking command in '/home/loye/Desktop/Projects/ROS-100-Days-Coding-Challenge/Week 6/3. Motion type/ros2_ws/build/motion_types': CMAKE_PREFIX_PATH=${CMAKE_PREFIX_PATH}:/home/loye/turtlebot3_ws/install/turtlebot3_teleop:/home/loye/turtlebot3_ws/install/turtlebot3_example:/opt/ros/foxy /usr/bin/cmake --install /home/loye/Desktop/Projects/ROS-100-Days-Coding-Challenge/Week 6/3. Motion type/ros2_ws/build/motion_types
[0.635s] -- Install configuration: ""
[0.636s] -- Up-to-date: /home/loye/Desktop/Projects/ROS-100-Days-Coding-Challenge/Week 6/3. Motion type/ros2_ws/install/motion_types/lib/motion_types/linear
[0.637s] -- Up-to-date: /home/loye/Desktop/Projects/ROS-100-Days-Coding-Challenge/Week 6/3. Motion type/ros2_ws/install/motion_types/lib/motion_types/rotation
[0.639s] -- Up-to-date: /home/loye/Desktop/Projects/ROS-100-Days-Coding-Challenge/Week 6/3. Motion type/ros2_ws/install/motion_types/lib/motion_types/spiral
[0.641s] -- Up-to-date: /home/loye/Desktop/Projects/ROS-100-Days-Coding-Challenge/Week 6/3. Motion type/ros2_ws/install/motion_types/lib/motion_types/goto_goal
[0.642s] -- Up-to-date: /home/loye/Desktop/Projects/ROS-100-Days-Coding-Challenge/Week 6/3. Motion type/ros2_ws/install/motion_types/share/motion_types/environment/pythonpath.sh
[0.650s] -- Up-to-date: /home/loye/Desktop/Projects/ROS-100-Days-Coding-Challenge/Week 6/3. Motion type/ros2_ws/install/motion_types/share/motion_types/environment/pythonpath.dsv
[0.653s] -- Up-to-date: /home/loye/Desktop/Projects/ROS-100-Days-Coding-Challenge/Week 6/3. Motion type/ros2_ws/install/motion_types/lib/python3.8/site-packages/motion_types
[0.653s] -- Up-to-date: /home/loye/Desktop/Projects/ROS-100-Days-Coding-Challenge/Week 6/3. Motion type/ros2_ws/install/motion_types/lib/python3.8/site-packages/motion_types/module_to_import.py
[0.654s] -- Up-to-date: /home/loye/Desktop/Projects/ROS-100-Days-Coding-Challenge/Week 6/3. Motion type/ros2_ws/install/motion_types/lib/python3.8/site-packages/motion_types/__init__.py
[0.723s] Listing '/home/loye/Desktop/Projects/ROS-100-Days-Coding-Challenge/Week 6/3. Motion type/ros2_ws/install/motion_types/lib/python3.8/site-packages/motion_types'...
[0.736s] -- Up-to-date: /home/loye/Desktop/Projects/ROS-100-Days-Coding-Challenge/Week 6/3. Motion type/ros2_ws/install/motion_types/lib/motion_types/linear.py
[0.736s] -- Up-to-date: /home/loye/Desktop/Projects/ROS-100-Days-Coding-Challenge/Week 6/3. Motion type/ros2_ws/install/motion_types/lib/motion_types/rotation.py
[0.736s] -- Up-to-date: /home/loye/Desktop/Projects/ROS-100-Days-Coding-Challenge/Week 6/3. Motion type/ros2_ws/install/motion_types/lib/motion_types/spiral.py
[0.736s] -- Installing: /home/loye/Desktop/Projects/ROS-100-Days-Coding-Challenge/Week 6/3. Motion type/ros2_ws/install/motion_types/lib/motion_types/goto_goal.py
[0.737s] -- Up-to-date: /home/loye/Desktop/Projects/ROS-100-Days-Coding-Challenge/Week 6/3. Motion type/ros2_ws/install/motion_types/share/ament_index/resource_index/package_run_dependencies/motion_types
[0.737s] -- Up-to-date: /home/loye/Desktop/Projects/ROS-100-Days-Coding-Challenge/Week 6/3. Motion type/ros2_ws/install/motion_types/share/ament_index/resource_index/parent_prefix_path/motion_types
[0.737s] -- Up-to-date: /home/loye/Desktop/Projects/ROS-100-Days-Coding-Challenge/Week 6/3. Motion type/ros2_ws/install/motion_types/share/motion_types/environment/ament_prefix_path.sh
[0.738s] -- Up-to-date: /home/loye/Desktop/Projects/ROS-100-Days-Coding-Challenge/Week 6/3. Motion type/ros2_ws/install/motion_types/share/motion_types/environment/ament_prefix_path.dsv
[0.738s] -- Up-to-date: /home/loye/Desktop/Projects/ROS-100-Days-Coding-Challenge/Week 6/3. Motion type/ros2_ws/install/motion_types/share/motion_types/environment/path.sh
[0.739s] -- Up-to-date: /home/loye/Desktop/Projects/ROS-100-Days-Coding-Challenge/Week 6/3. Motion type/ros2_ws/install/motion_types/share/motion_types/environment/path.dsv
[0.739s] -- Up-to-date: /home/loye/Desktop/Projects/ROS-100-Days-Coding-Challenge/Week 6/3. Motion type/ros2_ws/install/motion_types/share/motion_types/local_setup.bash
[0.739s] -- Up-to-date: /home/loye/Desktop/Projects/ROS-100-Days-Coding-Challenge/Week 6/3. Motion type/ros2_ws/install/motion_types/share/motion_types/local_setup.sh
[0.739s] -- Up-to-date: /home/loye/Desktop/Projects/ROS-100-Days-Coding-Challenge/Week 6/3. Motion type/ros2_ws/install/motion_types/share/motion_types/local_setup.zsh
[0.740s] -- Up-to-date: /home/loye/Desktop/Projects/ROS-100-Days-Coding-Challenge/Week 6/3. Motion type/ros2_ws/install/motion_types/share/motion_types/local_setup.dsv
[0.740s] -- Installing: /home/loye/Desktop/Projects/ROS-100-Days-Coding-Challenge/Week 6/3. Motion type/ros2_ws/install/motion_types/share/motion_types/package.dsv
[0.740s] -- Up-to-date: /home/loye/Desktop/Projects/ROS-100-Days-Coding-Challenge/Week 6/3. Motion type/ros2_ws/install/motion_types/share/ament_index/resource_index/packages/motion_types
[0.747s] -- Up-to-date: /home/loye/Desktop/Projects/ROS-100-Days-Coding-Challenge/Week 6/3. Motion type/ros2_ws/install/motion_types/share/motion_types/cmake/motion_typesConfig.cmake
[0.748s] -- Up-to-date: /home/loye/Desktop/Projects/ROS-100-Days-Coding-Challenge/Week 6/3. Motion type/ros2_ws/install/motion_types/share/motion_types/cmake/motion_typesConfig-version.cmake
[0.748s] -- Up-to-date: /home/loye/Desktop/Projects/ROS-100-Days-Coding-Challenge/Week 6/3. Motion type/ros2_ws/install/motion_types/share/motion_types/package.xml
[0.750s] Invoked command in '/home/loye/Desktop/Projects/ROS-100-Days-Coding-Challenge/Week 6/3. Motion type/ros2_ws/build/motion_types' returned '0': CMAKE_PREFIX_PATH=${CMAKE_PREFIX_PATH}:/home/loye/turtlebot3_ws/install/turtlebot3_teleop:/home/loye/turtlebot3_ws/install/turtlebot3_example:/opt/ros/foxy /usr/bin/cmake --install /home/loye/Desktop/Projects/ROS-100-Days-Coding-Challenge/Week 6/3. Motion type/ros2_ws/build/motion_types
