[0.039s] Invoking command in '/home/loye/Desktop/Projects/ROS-100-Days-Coding-Challenge/Week 5/4. LED indicator/ros2_ws/build/led_indicator': CMAKE_PREFIX_PATH=/opt/ros/foxy /usr/bin/cmake /home/loye/Desktop/Projects/ROS-100-Days-Coding-Challenge/Week 5/4. LED indicator/ros2_ws/src/led_indicator -DCMAKE_INSTALL_PREFIX=/home/loye/Desktop/Projects/ROS-100-Days-Coding-Challenge/Week 5/4. LED indicator/ros2_ws/install/led_indicator
[0.083s] -- Found ament_cmake: 0.9.9 (/opt/ros/foxy/share/ament_cmake/cmake)
[0.170s] -- Using PYTHON_EXECUTABLE: /usr/bin/python3
[0.653s] -- Found rclcpp: 2.4.1 (/opt/ros/foxy/share/rclcpp/cmake)
[0.793s] -- Using all available rosidl_typesupport_c: rosidl_typesupport_fastrtps_c;rosidl_typesupport_introspection_c
[0.807s] -- Found rosidl_adapter: 1.2.1 (/opt/ros/foxy/share/rosidl_adapter/cmake)
[1.236s] -- Using all available rosidl_typesupport_cpp: rosidl_typesupport_fastrtps_cpp;rosidl_typesupport_introspection_cpp
[1.455s] -- Found rmw_implementation_cmake: 1.0.3 (/opt/ros/foxy/share/rmw_implementation_cmake/cmake)
[1.461s] -- Using RMW implementation 'rmw_fastrtps_cpp' as default
[2.244s] CMake Error at CMakeLists.txt:16 (find_package):
[2.244s]   By not providing "Findcustom_interfaces.cmake" in CMAKE_MODULE_PATH this
[2.245s]   project has asked CMake to find a package configuration file provided by
[2.245s]   "custom_interfaces", but CMake did not find one.
[2.246s] 
[2.246s]   Could not find a package configuration file provided by "custom_interfaces"
[2.247s]   with any of the following names:
[2.247s] 
[2.247s]     custom_interfacesConfig.cmake
[2.248s]     custom_interfaces-config.cmake
[2.248s] 
[2.249s]   Add the installation prefix of "custom_interfaces" to CMAKE_PREFIX_PATH or
[2.249s]   set "custom_interfaces_DIR" to a directory containing one of the above
[2.249s]   files.  If "custom_interfaces" provides a separate development package or
[2.250s]   SDK, be sure it has been installed.
[2.250s] 
[2.251s] 
[2.254s] -- Configuring incomplete, errors occurred!
[2.255s] See also "/home/loye/Desktop/Projects/ROS-100-Days-Coding-Challenge/Week 5/4. LED indicator/ros2_ws/build/led_indicator/CMakeFiles/CMakeOutput.log".
[2.255s] See also "/home/loye/Desktop/Projects/ROS-100-Days-Coding-Challenge/Week 5/4. LED indicator/ros2_ws/build/led_indicator/CMakeFiles/CMakeError.log".
[2.272s] Invoked command in '/home/loye/Desktop/Projects/ROS-100-Days-Coding-Challenge/Week 5/4. LED indicator/ros2_ws/build/led_indicator' returned '1': CMAKE_PREFIX_PATH=/opt/ros/foxy /usr/bin/cmake /home/loye/Desktop/Projects/ROS-100-Days-Coding-Challenge/Week 5/4. LED indicator/ros2_ws/src/led_indicator -DCMAKE_INSTALL_PREFIX=/home/loye/Desktop/Projects/ROS-100-Days-Coding-Challenge/Week 5/4. LED indicator/ros2_ws/install/led_indicator
