[0.032s] Invoking command in '/home/loye/Desktop/Projects/ROS-100-Days-Coding-Challenge/Week 3/06. Turtle Pub & Sub/ros2_ws/build/pkg_cpp_py': CMAKE_PREFIX_PATH=/opt/ros/foxy /usr/bin/cmake --build /home/loye/Desktop/Projects/ROS-100-Days-Coding-Challenge/Week 3/06. Turtle Pub & Sub/ros2_ws/build/pkg_cpp_py -- -j4 -l4
[0.148s] [35m[1mScanning dependencies of target turtle_controller[0m
[0.240s] [ 33%] Built target draw_circle
[0.249s] [ 66%] Built target talker
[0.297s] [ 83%] [32mBuilding CXX object CMakeFiles/turtle_controller.dir/src/turtle_controller.cpp.o[0m
[11.758s] [100%] [32m[1mLinking CXX executable turtle_controller[0m
[12.552s] [100%] Built target turtle_controller
[12.579s] Invoked command in '/home/loye/Desktop/Projects/ROS-100-Days-Coding-Challenge/Week 3/06. Turtle Pub & Sub/ros2_ws/build/pkg_cpp_py' returned '0': CMAKE_PREFIX_PATH=/opt/ros/foxy /usr/bin/cmake --build /home/loye/Desktop/Projects/ROS-100-Days-Coding-Challenge/Week 3/06. Turtle Pub & Sub/ros2_ws/build/pkg_cpp_py -- -j4 -l4
[12.663s] Invoking command in '/home/loye/Desktop/Projects/ROS-100-Days-Coding-Challenge/Week 3/06. Turtle Pub & Sub/ros2_ws/build/pkg_cpp_py': CMAKE_PREFIX_PATH=/opt/ros/foxy /usr/bin/cmake --install /home/loye/Desktop/Projects/ROS-100-Days-Coding-Challenge/Week 3/06. Turtle Pub & Sub/ros2_ws/build/pkg_cpp_py
[12.686s] -- Install configuration: ""
[12.687s] -- Up-to-date: /home/loye/Desktop/Projects/ROS-100-Days-Coding-Challenge/Week 3/06. Turtle Pub & Sub/ros2_ws/install/pkg_cpp_py/lib/pkg_cpp_py/talker
[12.688s] -- Up-to-date: /home/loye/Desktop/Projects/ROS-100-Days-Coding-Challenge/Week 3/06. Turtle Pub & Sub/ros2_ws/install/pkg_cpp_py/lib/pkg_cpp_py/draw_circle
[12.689s] -- Installing: /home/loye/Desktop/Projects/ROS-100-Days-Coding-Challenge/Week 3/06. Turtle Pub & Sub/ros2_ws/install/pkg_cpp_py/lib/pkg_cpp_py/turtle_controller
[12.695s] -- Set runtime path of "/home/loye/Desktop/Projects/ROS-100-Days-Coding-Challenge/Week 3/06. Turtle Pub & Sub/ros2_ws/install/pkg_cpp_py/lib/pkg_cpp_py/turtle_controller" to ""
[12.695s] -- Up-to-date: /home/loye/Desktop/Projects/ROS-100-Days-Coding-Challenge/Week 3/06. Turtle Pub & Sub/ros2_ws/install/pkg_cpp_py/share/pkg_cpp_py/environment/pythonpath.sh
[12.696s] -- Up-to-date: /home/loye/Desktop/Projects/ROS-100-Days-Coding-Challenge/Week 3/06. Turtle Pub & Sub/ros2_ws/install/pkg_cpp_py/share/pkg_cpp_py/environment/pythonpath.dsv
[12.696s] -- Up-to-date: /home/loye/Desktop/Projects/ROS-100-Days-Coding-Challenge/Week 3/06. Turtle Pub & Sub/ros2_ws/install/pkg_cpp_py/lib/python3.8/site-packages/pkg_cpp_py
[12.696s] -- Up-to-date: /home/loye/Desktop/Projects/ROS-100-Days-Coding-Challenge/Week 3/06. Turtle Pub & Sub/ros2_ws/install/pkg_cpp_py/lib/python3.8/site-packages/pkg_cpp_py/module_to_import.py
[12.696s] -- Up-to-date: /home/loye/Desktop/Projects/ROS-100-Days-Coding-Challenge/Week 3/06. Turtle Pub & Sub/ros2_ws/install/pkg_cpp_py/lib/python3.8/site-packages/pkg_cpp_py/__init__.py
[12.759s] Listing '/home/loye/Desktop/Projects/ROS-100-Days-Coding-Challenge/Week 3/06. Turtle Pub & Sub/ros2_ws/install/pkg_cpp_py/lib/python3.8/site-packages/pkg_cpp_py'...
[12.768s] -- Up-to-date: /home/loye/Desktop/Projects/ROS-100-Days-Coding-Challenge/Week 3/06. Turtle Pub & Sub/ros2_ws/install/pkg_cpp_py/lib/pkg_cpp_py/talker.py
[12.768s] -- Up-to-date: /home/loye/Desktop/Projects/ROS-100-Days-Coding-Challenge/Week 3/06. Turtle Pub & Sub/ros2_ws/install/pkg_cpp_py/share/ament_index/resource_index/package_run_dependencies/pkg_cpp_py
[12.768s] -- Up-to-date: /home/loye/Desktop/Projects/ROS-100-Days-Coding-Challenge/Week 3/06. Turtle Pub & Sub/ros2_ws/install/pkg_cpp_py/share/ament_index/resource_index/parent_prefix_path/pkg_cpp_py
[12.769s] -- Up-to-date: /home/loye/Desktop/Projects/ROS-100-Days-Coding-Challenge/Week 3/06. Turtle Pub & Sub/ros2_ws/install/pkg_cpp_py/share/pkg_cpp_py/environment/ament_prefix_path.sh
[12.769s] -- Up-to-date: /home/loye/Desktop/Projects/ROS-100-Days-Coding-Challenge/Week 3/06. Turtle Pub & Sub/ros2_ws/install/pkg_cpp_py/share/pkg_cpp_py/environment/ament_prefix_path.dsv
[12.770s] -- Up-to-date: /home/loye/Desktop/Projects/ROS-100-Days-Coding-Challenge/Week 3/06. Turtle Pub & Sub/ros2_ws/install/pkg_cpp_py/share/pkg_cpp_py/environment/path.sh
[12.770s] -- Up-to-date: /home/loye/Desktop/Projects/ROS-100-Days-Coding-Challenge/Week 3/06. Turtle Pub & Sub/ros2_ws/install/pkg_cpp_py/share/pkg_cpp_py/environment/path.dsv
[12.770s] -- Up-to-date: /home/loye/Desktop/Projects/ROS-100-Days-Coding-Challenge/Week 3/06. Turtle Pub & Sub/ros2_ws/install/pkg_cpp_py/share/pkg_cpp_py/local_setup.bash
[12.770s] -- Up-to-date: /home/loye/Desktop/Projects/ROS-100-Days-Coding-Challenge/Week 3/06. Turtle Pub & Sub/ros2_ws/install/pkg_cpp_py/share/pkg_cpp_py/local_setup.sh
[12.771s] -- Up-to-date: /home/loye/Desktop/Projects/ROS-100-Days-Coding-Challenge/Week 3/06. Turtle Pub & Sub/ros2_ws/install/pkg_cpp_py/share/pkg_cpp_py/local_setup.zsh
[12.771s] -- Up-to-date: /home/loye/Desktop/Projects/ROS-100-Days-Coding-Challenge/Week 3/06. Turtle Pub & Sub/ros2_ws/install/pkg_cpp_py/share/pkg_cpp_py/local_setup.dsv
[12.771s] -- Installing: /home/loye/Desktop/Projects/ROS-100-Days-Coding-Challenge/Week 3/06. Turtle Pub & Sub/ros2_ws/install/pkg_cpp_py/share/pkg_cpp_py/package.dsv
[12.771s] -- Up-to-date: /home/loye/Desktop/Projects/ROS-100-Days-Coding-Challenge/Week 3/06. Turtle Pub & Sub/ros2_ws/install/pkg_cpp_py/share/ament_index/resource_index/packages/pkg_cpp_py
[12.772s] -- Up-to-date: /home/loye/Desktop/Projects/ROS-100-Days-Coding-Challenge/Week 3/06. Turtle Pub & Sub/ros2_ws/install/pkg_cpp_py/share/pkg_cpp_py/cmake/pkg_cpp_pyConfig.cmake
[12.772s] -- Up-to-date: /home/loye/Desktop/Projects/ROS-100-Days-Coding-Challenge/Week 3/06. Turtle Pub & Sub/ros2_ws/install/pkg_cpp_py/share/pkg_cpp_py/cmake/pkg_cpp_pyConfig-version.cmake
[12.772s] -- Up-to-date: /home/loye/Desktop/Projects/ROS-100-Days-Coding-Challenge/Week 3/06. Turtle Pub & Sub/ros2_ws/install/pkg_cpp_py/share/pkg_cpp_py/package.xml
[12.779s] Invoked command in '/home/loye/Desktop/Projects/ROS-100-Days-Coding-Challenge/Week 3/06. Turtle Pub & Sub/ros2_ws/build/pkg_cpp_py' returned '0': CMAKE_PREFIX_PATH=/opt/ros/foxy /usr/bin/cmake --install /home/loye/Desktop/Projects/ROS-100-Days-Coding-Challenge/Week 3/06. Turtle Pub & Sub/ros2_ws/build/pkg_cpp_py
