[0.042s] Invoking command in '/home/loye/Desktop/Projects/ROS-100-Days-Coding-Challenge/Week 6/2. Actions/ros2_ws/build/action_pkg': CMAKE_PREFIX_PATH=${CMAKE_PREFIX_PATH}:/home/loye/turtlebot3_ws/install/turtlebot3_teleop:/home/loye/turtlebot3_ws/install/turtlebot3_example:/opt/ros/foxy /usr/bin/cmake --build /home/loye/Desktop/Projects/ROS-100-Days-Coding-Challenge/Week 6/2. Actions/ros2_ws/build/action_pkg -- -j4 -l4
[0.213s] [  3%] Built target action_pkg__cpp
[0.225s] [ 12%] Built target action_pkg__rosidl_generator_c
[0.297s] [ 22%] Built target action_pkg__rosidl_typesupport_introspection_cpp
[0.301s] [ 32%] Built target action_pkg__rosidl_typesupport_cpp
[0.304s] [ 41%] Built target action_pkg__rosidl_typesupport_c
[0.320s] [ 51%] Built target action_pkg__rosidl_typesupport_fastrtps_cpp
[0.366s] [ 61%] Built target action_pkg__rosidl_typesupport_introspection_c
[0.412s] [ 70%] Built target action_pkg__rosidl_typesupport_fastrtps_c
[0.460s] [ 70%] Built target action_pkg
[0.516s] [ 74%] Built target action_pkg__py
[0.598s] [ 80%] Built target action_pkg__python
[0.693s] [ 87%] Built target action_pkg__rosidl_typesupport_c__pyext
[0.727s] [ 93%] Built target action_pkg__rosidl_typesupport_fastrtps_c__pyext
[0.731s] [100%] Built target action_pkg__rosidl_typesupport_introspection_c__pyext
[0.763s] Invoked command in '/home/loye/Desktop/Projects/ROS-100-Days-Coding-Challenge/Week 6/2. Actions/ros2_ws/build/action_pkg' returned '0': CMAKE_PREFIX_PATH=${CMAKE_PREFIX_PATH}:/home/loye/turtlebot3_ws/install/turtlebot3_teleop:/home/loye/turtlebot3_ws/install/turtlebot3_example:/opt/ros/foxy /usr/bin/cmake --build /home/loye/Desktop/Projects/ROS-100-Days-Coding-Challenge/Week 6/2. Actions/ros2_ws/build/action_pkg -- -j4 -l4
[0.926s] Invoking command in '/home/loye/Desktop/Projects/ROS-100-Days-Coding-Challenge/Week 6/2. Actions/ros2_ws/build/action_pkg': CMAKE_PREFIX_PATH=${CMAKE_PREFIX_PATH}:/home/loye/turtlebot3_ws/install/turtlebot3_teleop:/home/loye/turtlebot3_ws/install/turtlebot3_example:/opt/ros/foxy /usr/bin/cmake --install /home/loye/Desktop/Projects/ROS-100-Days-Coding-Challenge/Week 6/2. Actions/ros2_ws/build/action_pkg
[0.957s] -- Install configuration: ""
[0.957s] -- Up-to-date: /home/loye/Desktop/Projects/ROS-100-Days-Coding-Challenge/Week 6/2. Actions/ros2_ws/install/action_pkg/share/ament_index/resource_index/rosidl_interfaces/action_pkg
[0.958s] -- Up-to-date: /home/loye/Desktop/Projects/ROS-100-Days-Coding-Challenge/Week 6/2. Actions/ros2_ws/install/action_pkg/include/action_pkg
[0.958s] -- Up-to-date: /home/loye/Desktop/Projects/ROS-100-Days-Coding-Challenge/Week 6/2. Actions/ros2_ws/install/action_pkg/include/action_pkg/action
[0.959s] -- Up-to-date: /home/loye/Desktop/Projects/ROS-100-Days-Coding-Challenge/Week 6/2. Actions/ros2_ws/install/action_pkg/include/action_pkg/action/move.h
[0.959s] -- Up-to-date: /home/loye/Desktop/Projects/ROS-100-Days-Coding-Challenge/Week 6/2. Actions/ros2_ws/install/action_pkg/include/action_pkg/action/detail
[0.960s] -- Up-to-date: /home/loye/Desktop/Projects/ROS-100-Days-Coding-Challenge/Week 6/2. Actions/ros2_ws/install/action_pkg/include/action_pkg/action/detail/move__type_support.h
[0.961s] -- Up-to-date: /home/loye/Desktop/Projects/ROS-100-Days-Coding-Challenge/Week 6/2. Actions/ros2_ws/install/action_pkg/include/action_pkg/action/detail/move__functions.c
[0.961s] -- Up-to-date: /home/loye/Desktop/Projects/ROS-100-Days-Coding-Challenge/Week 6/2. Actions/ros2_ws/install/action_pkg/include/action_pkg/action/detail/move__struct.h
[0.962s] -- Up-to-date: /home/loye/Desktop/Projects/ROS-100-Days-Coding-Challenge/Week 6/2. Actions/ros2_ws/install/action_pkg/include/action_pkg/action/detail/move__functions.h
[0.962s] -- Up-to-date: /home/loye/Desktop/Projects/ROS-100-Days-Coding-Challenge/Week 6/2. Actions/ros2_ws/install/action_pkg/include/action_pkg/msg
[0.963s] -- Up-to-date: /home/loye/Desktop/Projects/ROS-100-Days-Coding-Challenge/Week 6/2. Actions/ros2_ws/install/action_pkg/include/action_pkg/msg/rosidl_generator_c__visibility_control.h
[0.964s] -- Up-to-date: /home/loye/Desktop/Projects/ROS-100-Days-Coding-Challenge/Week 6/2. Actions/ros2_ws/install/action_pkg/share/action_pkg/environment/library_path.sh
[0.964s] -- Up-to-date: /home/loye/Desktop/Projects/ROS-100-Days-Coding-Challenge/Week 6/2. Actions/ros2_ws/install/action_pkg/share/action_pkg/environment/library_path.dsv
[0.965s] -- Up-to-date: /home/loye/Desktop/Projects/ROS-100-Days-Coding-Challenge/Week 6/2. Actions/ros2_ws/install/action_pkg/lib/libaction_pkg__rosidl_generator_c.so
[0.965s] -- Up-to-date: /home/loye/Desktop/Projects/ROS-100-Days-Coding-Challenge/Week 6/2. Actions/ros2_ws/install/action_pkg/include/action_pkg
[0.966s] -- Up-to-date: /home/loye/Desktop/Projects/ROS-100-Days-Coding-Challenge/Week 6/2. Actions/ros2_ws/install/action_pkg/include/action_pkg/action
[0.966s] -- Up-to-date: /home/loye/Desktop/Projects/ROS-100-Days-Coding-Challenge/Week 6/2. Actions/ros2_ws/install/action_pkg/include/action_pkg/action/detail
[0.967s] -- Up-to-date: /home/loye/Desktop/Projects/ROS-100-Days-Coding-Challenge/Week 6/2. Actions/ros2_ws/install/action_pkg/include/action_pkg/action/detail/move__rosidl_typesupport_fastrtps_c.h
[0.968s] -- Up-to-date: /home/loye/Desktop/Projects/ROS-100-Days-Coding-Challenge/Week 6/2. Actions/ros2_ws/install/action_pkg/include/action_pkg/msg
[0.969s] -- Up-to-date: /home/loye/Desktop/Projects/ROS-100-Days-Coding-Challenge/Week 6/2. Actions/ros2_ws/install/action_pkg/include/action_pkg/msg/rosidl_typesupport_fastrtps_c__visibility_control.h
[0.969s] -- Up-to-date: /home/loye/Desktop/Projects/ROS-100-Days-Coding-Challenge/Week 6/2. Actions/ros2_ws/install/action_pkg/lib/libaction_pkg__rosidl_typesupport_fastrtps_c.so
[0.970s] -- Up-to-date: /home/loye/Desktop/Projects/ROS-100-Days-Coding-Challenge/Week 6/2. Actions/ros2_ws/install/action_pkg/include/action_pkg
[0.970s] -- Up-to-date: /home/loye/Desktop/Projects/ROS-100-Days-Coding-Challenge/Week 6/2. Actions/ros2_ws/install/action_pkg/include/action_pkg/action
[0.971s] -- Up-to-date: /home/loye/Desktop/Projects/ROS-100-Days-Coding-Challenge/Week 6/2. Actions/ros2_ws/install/action_pkg/include/action_pkg/action/detail
[0.971s] -- Up-to-date: /home/loye/Desktop/Projects/ROS-100-Days-Coding-Challenge/Week 6/2. Actions/ros2_ws/install/action_pkg/include/action_pkg/action/detail/dds_fastrtps
[0.972s] -- Up-to-date: /home/loye/Desktop/Projects/ROS-100-Days-Coding-Challenge/Week 6/2. Actions/ros2_ws/install/action_pkg/include/action_pkg/action/detail/move__rosidl_typesupport_fastrtps_cpp.hpp
[0.972s] -- Up-to-date: /home/loye/Desktop/Projects/ROS-100-Days-Coding-Challenge/Week 6/2. Actions/ros2_ws/install/action_pkg/include/action_pkg/msg
[0.973s] -- Up-to-date: /home/loye/Desktop/Projects/ROS-100-Days-Coding-Challenge/Week 6/2. Actions/ros2_ws/install/action_pkg/include/action_pkg/msg/rosidl_typesupport_fastrtps_cpp__visibility_control.h
[0.973s] -- Up-to-date: /home/loye/Desktop/Projects/ROS-100-Days-Coding-Challenge/Week 6/2. Actions/ros2_ws/install/action_pkg/lib/libaction_pkg__rosidl_typesupport_fastrtps_cpp.so
[0.974s] -- Up-to-date: /home/loye/Desktop/Projects/ROS-100-Days-Coding-Challenge/Week 6/2. Actions/ros2_ws/install/action_pkg/include/action_pkg
[0.974s] -- Up-to-date: /home/loye/Desktop/Projects/ROS-100-Days-Coding-Challenge/Week 6/2. Actions/ros2_ws/install/action_pkg/include/action_pkg/action
[0.974s] -- Up-to-date: /home/loye/Desktop/Projects/ROS-100-Days-Coding-Challenge/Week 6/2. Actions/ros2_ws/install/action_pkg/include/action_pkg/action/detail
[0.975s] -- Up-to-date: /home/loye/Desktop/Projects/ROS-100-Days-Coding-Challenge/Week 6/2. Actions/ros2_ws/install/action_pkg/include/action_pkg/action/detail/move__type_support.c
[0.975s] -- Up-to-date: /home/loye/Desktop/Projects/ROS-100-Days-Coding-Challenge/Week 6/2. Actions/ros2_ws/install/action_pkg/include/action_pkg/action/detail/move__rosidl_typesupport_introspection_c.h
[0.975s] -- Up-to-date: /home/loye/Desktop/Projects/ROS-100-Days-Coding-Challenge/Week 6/2. Actions/ros2_ws/install/action_pkg/include/action_pkg/msg
[0.976s] -- Up-to-date: /home/loye/Desktop/Projects/ROS-100-Days-Coding-Challenge/Week 6/2. Actions/ros2_ws/install/action_pkg/include/action_pkg/msg/rosidl_typesupport_introspection_c__visibility_control.h
[0.976s] -- Up-to-date: /home/loye/Desktop/Projects/ROS-100-Days-Coding-Challenge/Week 6/2. Actions/ros2_ws/install/action_pkg/lib/libaction_pkg__rosidl_typesupport_introspection_c.so
[0.977s] -- Up-to-date: /home/loye/Desktop/Projects/ROS-100-Days-Coding-Challenge/Week 6/2. Actions/ros2_ws/install/action_pkg/lib/libaction_pkg__rosidl_typesupport_c.so
[0.977s] -- Up-to-date: /home/loye/Desktop/Projects/ROS-100-Days-Coding-Challenge/Week 6/2. Actions/ros2_ws/install/action_pkg/include/action_pkg
[0.977s] -- Up-to-date: /home/loye/Desktop/Projects/ROS-100-Days-Coding-Challenge/Week 6/2. Actions/ros2_ws/install/action_pkg/include/action_pkg/action
[0.978s] -- Up-to-date: /home/loye/Desktop/Projects/ROS-100-Days-Coding-Challenge/Week 6/2. Actions/ros2_ws/install/action_pkg/include/action_pkg/action/move.hpp
[0.978s] -- Up-to-date: /home/loye/Desktop/Projects/ROS-100-Days-Coding-Challenge/Week 6/2. Actions/ros2_ws/install/action_pkg/include/action_pkg/action/detail
[0.978s] -- Up-to-date: /home/loye/Desktop/Projects/ROS-100-Days-Coding-Challenge/Week 6/2. Actions/ros2_ws/install/action_pkg/include/action_pkg/action/detail/move__struct.hpp
[0.979s] -- Up-to-date: /home/loye/Desktop/Projects/ROS-100-Days-Coding-Challenge/Week 6/2. Actions/ros2_ws/install/action_pkg/include/action_pkg/action/detail/move__traits.hpp
[0.979s] -- Up-to-date: /home/loye/Desktop/Projects/ROS-100-Days-Coding-Challenge/Week 6/2. Actions/ros2_ws/install/action_pkg/include/action_pkg/action/detail/move__builder.hpp
[0.979s] -- Up-to-date: /home/loye/Desktop/Projects/ROS-100-Days-Coding-Challenge/Week 6/2. Actions/ros2_ws/install/action_pkg/include/action_pkg
[0.980s] -- Up-to-date: /home/loye/Desktop/Projects/ROS-100-Days-Coding-Challenge/Week 6/2. Actions/ros2_ws/install/action_pkg/include/action_pkg/action
[0.980s] -- Up-to-date: /home/loye/Desktop/Projects/ROS-100-Days-Coding-Challenge/Week 6/2. Actions/ros2_ws/install/action_pkg/include/action_pkg/action/detail
[0.981s] -- Up-to-date: /home/loye/Desktop/Projects/ROS-100-Days-Coding-Challenge/Week 6/2. Actions/ros2_ws/install/action_pkg/include/action_pkg/action/detail/move__rosidl_typesupport_introspection_cpp.hpp
[0.981s] -- Up-to-date: /home/loye/Desktop/Projects/ROS-100-Days-Coding-Challenge/Week 6/2. Actions/ros2_ws/install/action_pkg/include/action_pkg/action/detail/move__type_support.cpp
[0.981s] -- Up-to-date: /home/loye/Desktop/Projects/ROS-100-Days-Coding-Challenge/Week 6/2. Actions/ros2_ws/install/action_pkg/lib/libaction_pkg__rosidl_typesupport_introspection_cpp.so
[0.982s] -- Up-to-date: /home/loye/Desktop/Projects/ROS-100-Days-Coding-Challenge/Week 6/2. Actions/ros2_ws/install/action_pkg/lib/libaction_pkg__rosidl_typesupport_cpp.so
[0.982s] -- Up-to-date: /home/loye/Desktop/Projects/ROS-100-Days-Coding-Challenge/Week 6/2. Actions/ros2_ws/install/action_pkg/share/action_pkg/environment/pythonpath.sh
[0.982s] -- Up-to-date: /home/loye/Desktop/Projects/ROS-100-Days-Coding-Challenge/Week 6/2. Actions/ros2_ws/install/action_pkg/share/action_pkg/environment/pythonpath.dsv
[0.983s] -- Installing: /home/loye/Desktop/Projects/ROS-100-Days-Coding-Challenge/Week 6/2. Actions/ros2_ws/install/action_pkg/lib/python3.8/site-packages/action_pkg/__init__.py
[1.072s] Compiling '/home/loye/Desktop/Projects/ROS-100-Days-Coding-Challenge/Week 6/2. Actions/ros2_ws/install/action_pkg/lib/python3.8/site-packages/action_pkg/__init__.py'...
[1.083s] -- Up-to-date: /home/loye/Desktop/Projects/ROS-100-Days-Coding-Challenge/Week 6/2. Actions/ros2_ws/install/action_pkg/lib/python3.8/site-packages/action_pkg/action
[1.084s] -- Up-to-date: /home/loye/Desktop/Projects/ROS-100-Days-Coding-Challenge/Week 6/2. Actions/ros2_ws/install/action_pkg/lib/python3.8/site-packages/action_pkg/action/_move_s.c
[1.084s] -- Up-to-date: /home/loye/Desktop/Projects/ROS-100-Days-Coding-Challenge/Week 6/2. Actions/ros2_ws/install/action_pkg/lib/python3.8/site-packages/action_pkg/action/__init__.py
[1.084s] -- Up-to-date: /home/loye/Desktop/Projects/ROS-100-Days-Coding-Challenge/Week 6/2. Actions/ros2_ws/install/action_pkg/lib/python3.8/site-packages/action_pkg/action/_move.py
[1.085s] -- Up-to-date: /home/loye/Desktop/Projects/ROS-100-Days-Coding-Challenge/Week 6/2. Actions/ros2_ws/install/action_pkg/lib/python3.8/site-packages/action_pkg/action_pkg_s__rosidl_typesupport_fastrtps_c.cpython-38-x86_64-linux-gnu.so
[1.086s] -- Up-to-date: /home/loye/Desktop/Projects/ROS-100-Days-Coding-Challenge/Week 6/2. Actions/ros2_ws/install/action_pkg/lib/python3.8/site-packages/action_pkg/action_pkg_s__rosidl_typesupport_introspection_c.cpython-38-x86_64-linux-gnu.so
[1.087s] -- Up-to-date: /home/loye/Desktop/Projects/ROS-100-Days-Coding-Challenge/Week 6/2. Actions/ros2_ws/install/action_pkg/lib/python3.8/site-packages/action_pkg/action_pkg_s__rosidl_typesupport_c.cpython-38-x86_64-linux-gnu.so
[1.089s] -- Up-to-date: /home/loye/Desktop/Projects/ROS-100-Days-Coding-Challenge/Week 6/2. Actions/ros2_ws/install/action_pkg/lib/libaction_pkg__python.so
[1.090s] -- Up-to-date: /home/loye/Desktop/Projects/ROS-100-Days-Coding-Challenge/Week 6/2. Actions/ros2_ws/install/action_pkg/share/action_pkg/action/Move.idl
[1.090s] -- Up-to-date: /home/loye/Desktop/Projects/ROS-100-Days-Coding-Challenge/Week 6/2. Actions/ros2_ws/install/action_pkg/share/action_pkg/action/Move.action
[1.091s] -- Up-to-date: /home/loye/Desktop/Projects/ROS-100-Days-Coding-Challenge/Week 6/2. Actions/ros2_ws/install/action_pkg/lib/python3.8/site-packages/action_pkg
[1.091s] -- Up-to-date: /home/loye/Desktop/Projects/ROS-100-Days-Coding-Challenge/Week 6/2. Actions/ros2_ws/install/action_pkg/lib/python3.8/site-packages/action_pkg/module_to_import.py
[1.091s] -- Installing: /home/loye/Desktop/Projects/ROS-100-Days-Coding-Challenge/Week 6/2. Actions/ros2_ws/install/action_pkg/lib/python3.8/site-packages/action_pkg/__init__.py
[1.180s] Listing '/home/loye/Desktop/Projects/ROS-100-Days-Coding-Challenge/Week 6/2. Actions/ros2_ws/install/action_pkg/lib/python3.8/site-packages/action_pkg'...
[1.180s] Compiling '/home/loye/Desktop/Projects/ROS-100-Days-Coding-Challenge/Week 6/2. Actions/ros2_ws/install/action_pkg/lib/python3.8/site-packages/action_pkg/__init__.py'...
[1.181s] Listing '/home/loye/Desktop/Projects/ROS-100-Days-Coding-Challenge/Week 6/2. Actions/ros2_ws/install/action_pkg/lib/python3.8/site-packages/action_pkg/action'...
[1.190s] -- Up-to-date: /home/loye/Desktop/Projects/ROS-100-Days-Coding-Challenge/Week 6/2. Actions/ros2_ws/install/action_pkg/lib/action_pkg/move_action.py
[1.190s] -- Installing: /home/loye/Desktop/Projects/ROS-100-Days-Coding-Challenge/Week 6/2. Actions/ros2_ws/install/action_pkg/lib/action_pkg/move_action_cli.py
[1.191s] -- Up-to-date: /home/loye/Desktop/Projects/ROS-100-Days-Coding-Challenge/Week 6/2. Actions/ros2_ws/install/action_pkg/share/ament_index/resource_index/package_run_dependencies/action_pkg
[1.191s] -- Up-to-date: /home/loye/Desktop/Projects/ROS-100-Days-Coding-Challenge/Week 6/2. Actions/ros2_ws/install/action_pkg/share/ament_index/resource_index/parent_prefix_path/action_pkg
[1.192s] -- Up-to-date: /home/loye/Desktop/Projects/ROS-100-Days-Coding-Challenge/Week 6/2. Actions/ros2_ws/install/action_pkg/share/action_pkg/environment/ament_prefix_path.sh
[1.192s] -- Up-to-date: /home/loye/Desktop/Projects/ROS-100-Days-Coding-Challenge/Week 6/2. Actions/ros2_ws/install/action_pkg/share/action_pkg/environment/ament_prefix_path.dsv
[1.192s] -- Up-to-date: /home/loye/Desktop/Projects/ROS-100-Days-Coding-Challenge/Week 6/2. Actions/ros2_ws/install/action_pkg/share/action_pkg/environment/path.sh
[1.193s] -- Up-to-date: /home/loye/Desktop/Projects/ROS-100-Days-Coding-Challenge/Week 6/2. Actions/ros2_ws/install/action_pkg/share/action_pkg/environment/path.dsv
[1.193s] -- Up-to-date: /home/loye/Desktop/Projects/ROS-100-Days-Coding-Challenge/Week 6/2. Actions/ros2_ws/install/action_pkg/share/action_pkg/local_setup.bash
[1.193s] -- Up-to-date: /home/loye/Desktop/Projects/ROS-100-Days-Coding-Challenge/Week 6/2. Actions/ros2_ws/install/action_pkg/share/action_pkg/local_setup.sh
[1.193s] -- Up-to-date: /home/loye/Desktop/Projects/ROS-100-Days-Coding-Challenge/Week 6/2. Actions/ros2_ws/install/action_pkg/share/action_pkg/local_setup.zsh
[1.194s] -- Up-to-date: /home/loye/Desktop/Projects/ROS-100-Days-Coding-Challenge/Week 6/2. Actions/ros2_ws/install/action_pkg/share/action_pkg/local_setup.dsv
[1.194s] -- Installing: /home/loye/Desktop/Projects/ROS-100-Days-Coding-Challenge/Week 6/2. Actions/ros2_ws/install/action_pkg/share/action_pkg/package.dsv
[1.194s] -- Up-to-date: /home/loye/Desktop/Projects/ROS-100-Days-Coding-Challenge/Week 6/2. Actions/ros2_ws/install/action_pkg/share/ament_index/resource_index/packages/action_pkg
[1.194s] -- Up-to-date: /home/loye/Desktop/Projects/ROS-100-Days-Coding-Challenge/Week 6/2. Actions/ros2_ws/install/action_pkg/share/action_pkg/cmake/action_pkg__rosidl_generator_cExport.cmake
[1.195s] -- Up-to-date: /home/loye/Desktop/Projects/ROS-100-Days-Coding-Challenge/Week 6/2. Actions/ros2_ws/install/action_pkg/share/action_pkg/cmake/action_pkg__rosidl_generator_cExport-noconfig.cmake
[1.195s] -- Up-to-date: /home/loye/Desktop/Projects/ROS-100-Days-Coding-Challenge/Week 6/2. Actions/ros2_ws/install/action_pkg/share/action_pkg/cmake/action_pkg__rosidl_typesupport_introspection_cExport.cmake
[1.195s] -- Up-to-date: /home/loye/Desktop/Projects/ROS-100-Days-Coding-Challenge/Week 6/2. Actions/ros2_ws/install/action_pkg/share/action_pkg/cmake/action_pkg__rosidl_typesupport_introspection_cExport-noconfig.cmake
[1.195s] -- Up-to-date: /home/loye/Desktop/Projects/ROS-100-Days-Coding-Challenge/Week 6/2. Actions/ros2_ws/install/action_pkg/share/action_pkg/cmake/action_pkg__rosidl_typesupport_cExport.cmake
[1.195s] -- Up-to-date: /home/loye/Desktop/Projects/ROS-100-Days-Coding-Challenge/Week 6/2. Actions/ros2_ws/install/action_pkg/share/action_pkg/cmake/action_pkg__rosidl_typesupport_cExport-noconfig.cmake
[1.196s] -- Up-to-date: /home/loye/Desktop/Projects/ROS-100-Days-Coding-Challenge/Week 6/2. Actions/ros2_ws/install/action_pkg/share/action_pkg/cmake/action_pkg__rosidl_generator_cppExport.cmake
[1.196s] -- Up-to-date: /home/loye/Desktop/Projects/ROS-100-Days-Coding-Challenge/Week 6/2. Actions/ros2_ws/install/action_pkg/share/action_pkg/cmake/action_pkg__rosidl_typesupport_introspection_cppExport.cmake
[1.197s] -- Up-to-date: /home/loye/Desktop/Projects/ROS-100-Days-Coding-Challenge/Week 6/2. Actions/ros2_ws/install/action_pkg/share/action_pkg/cmake/action_pkg__rosidl_typesupport_introspection_cppExport-noconfig.cmake
[1.197s] -- Up-to-date: /home/loye/Desktop/Projects/ROS-100-Days-Coding-Challenge/Week 6/2. Actions/ros2_ws/install/action_pkg/share/action_pkg/cmake/action_pkg__rosidl_typesupport_cppExport.cmake
[1.197s] -- Up-to-date: /home/loye/Desktop/Projects/ROS-100-Days-Coding-Challenge/Week 6/2. Actions/ros2_ws/install/action_pkg/share/action_pkg/cmake/action_pkg__rosidl_typesupport_cppExport-noconfig.cmake
[1.198s] -- Up-to-date: /home/loye/Desktop/Projects/ROS-100-Days-Coding-Challenge/Week 6/2. Actions/ros2_ws/install/action_pkg/share/action_pkg/cmake/rosidl_cmake-extras.cmake
[1.198s] -- Up-to-date: /home/loye/Desktop/Projects/ROS-100-Days-Coding-Challenge/Week 6/2. Actions/ros2_ws/install/action_pkg/share/action_pkg/cmake/ament_cmake_export_dependencies-extras.cmake
[1.199s] -- Up-to-date: /home/loye/Desktop/Projects/ROS-100-Days-Coding-Challenge/Week 6/2. Actions/ros2_ws/install/action_pkg/share/action_pkg/cmake/ament_cmake_export_libraries-extras.cmake
[1.199s] -- Up-to-date: /home/loye/Desktop/Projects/ROS-100-Days-Coding-Challenge/Week 6/2. Actions/ros2_ws/install/action_pkg/share/action_pkg/cmake/ament_cmake_export_targets-extras.cmake
[1.199s] -- Up-to-date: /home/loye/Desktop/Projects/ROS-100-Days-Coding-Challenge/Week 6/2. Actions/ros2_ws/install/action_pkg/share/action_pkg/cmake/ament_cmake_export_include_directories-extras.cmake
[1.199s] -- Up-to-date: /home/loye/Desktop/Projects/ROS-100-Days-Coding-Challenge/Week 6/2. Actions/ros2_ws/install/action_pkg/share/action_pkg/cmake/rosidl_cmake_export_typesupport_libraries-extras.cmake
[1.200s] -- Up-to-date: /home/loye/Desktop/Projects/ROS-100-Days-Coding-Challenge/Week 6/2. Actions/ros2_ws/install/action_pkg/share/action_pkg/cmake/rosidl_cmake_export_typesupport_targets-extras.cmake
[1.200s] -- Up-to-date: /home/loye/Desktop/Projects/ROS-100-Days-Coding-Challenge/Week 6/2. Actions/ros2_ws/install/action_pkg/share/action_pkg/cmake/action_pkgConfig.cmake
[1.200s] -- Up-to-date: /home/loye/Desktop/Projects/ROS-100-Days-Coding-Challenge/Week 6/2. Actions/ros2_ws/install/action_pkg/share/action_pkg/cmake/action_pkgConfig-version.cmake
[1.200s] -- Up-to-date: /home/loye/Desktop/Projects/ROS-100-Days-Coding-Challenge/Week 6/2. Actions/ros2_ws/install/action_pkg/share/action_pkg/package.xml
[1.207s] Invoked command in '/home/loye/Desktop/Projects/ROS-100-Days-Coding-Challenge/Week 6/2. Actions/ros2_ws/build/action_pkg' returned '0': CMAKE_PREFIX_PATH=${CMAKE_PREFIX_PATH}:/home/loye/turtlebot3_ws/install/turtlebot3_teleop:/home/loye/turtlebot3_ws/install/turtlebot3_example:/opt/ros/foxy /usr/bin/cmake --install /home/loye/Desktop/Projects/ROS-100-Days-Coding-Challenge/Week 6/2. Actions/ros2_ws/build/action_pkg
