[1.768s] Invoking command in '/home/loye/Desktop/Projects/ROS-100-Days-Coding-Challenge/Week 3/03. Nodes/ros2_ws/src/ros_py': PYTHONPATH=/home/loye/Desktop/Projects/ROS-100-Days-Coding-Challenge/Week 3/03. Nodes/ros2_ws/install/ros_py/lib/python3.8/site-packages:${PYTHONPATH} /usr/bin/python3 setup.py egg_info --egg-base ../../build/ros_py build --build-base /home/loye/Desktop/Projects/ROS-100-Days-Coding-Challenge/Week 3/03. Nodes/ros2_ws/build/ros_py/build install --prefix /home/loye/Desktop/Projects/ROS-100-Days-Coding-Challenge/Week 3/03. Nodes/ros2_ws/install/ros_py --record /home/loye/Desktop/Projects/ROS-100-Days-Coding-Challenge/Week 3/03. Nodes/ros2_ws/build/ros_py/install.log --single-version-externally-managed
[2.309s] running egg_info
[2.310s] writing ../../build/ros_py/ros_py.egg-info/PKG-INFO
[2.311s] writing dependency_links to ../../build/ros_py/ros_py.egg-info/dependency_links.txt
[2.311s] writing entry points to ../../build/ros_py/ros_py.egg-info/entry_points.txt
[2.312s] writing requirements to ../../build/ros_py/ros_py.egg-info/requires.txt
[2.312s] writing top-level names to ../../build/ros_py/ros_py.egg-info/top_level.txt
[2.413s] reading manifest file '../../build/ros_py/ros_py.egg-info/SOURCES.txt'
[2.416s] writing manifest file '../../build/ros_py/ros_py.egg-info/SOURCES.txt'
[2.416s] running build
[2.417s] running build_py
[2.417s] copying ros_py/oop_node.py -> /home/loye/Desktop/Projects/ROS-100-Days-Coding-Challenge/Week 3/03. Nodes/ros2_ws/build/ros_py/build/lib/ros_py
[2.417s] running install
[2.419s] running install_lib
[2.421s] copying /home/loye/Desktop/Projects/ROS-100-Days-Coding-Challenge/Week 3/03. Nodes/ros2_ws/build/ros_py/build/lib/ros_py/oop_node.py -> /home/loye/Desktop/Projects/ROS-100-Days-Coding-Challenge/Week 3/03. Nodes/ros2_ws/install/ros_py/lib/python3.8/site-packages/ros_py
[2.422s] byte-compiling /home/loye/Desktop/Projects/ROS-100-Days-Coding-Challenge/Week 3/03. Nodes/ros2_ws/install/ros_py/lib/python3.8/site-packages/ros_py/oop_node.py to oop_node.cpython-38.pyc
[2.427s] running install_data
[2.428s] running install_egg_info
[2.432s] removing '/home/loye/Desktop/Projects/ROS-100-Days-Coding-Challenge/Week 3/03. Nodes/ros2_ws/install/ros_py/lib/python3.8/site-packages/ros_py-0.0.0-py3.8.egg-info' (and everything under it)
[2.433s] Copying ../../build/ros_py/ros_py.egg-info to /home/loye/Desktop/Projects/ROS-100-Days-Coding-Challenge/Week 3/03. Nodes/ros2_ws/install/ros_py/lib/python3.8/site-packages/ros_py-0.0.0-py3.8.egg-info
[2.434s] running install_scripts
[2.475s] Installing py_node script to /home/loye/Desktop/Projects/ROS-100-Days-Coding-Challenge/Week 3/03. Nodes/ros2_ws/install/ros_py/lib/ros_py
[2.475s] Installing py_oop_node script to /home/loye/Desktop/Projects/ROS-100-Days-Coding-Challenge/Week 3/03. Nodes/ros2_ws/install/ros_py/lib/ros_py
[2.476s] writing list of installed files to '/home/loye/Desktop/Projects/ROS-100-Days-Coding-Challenge/Week 3/03. Nodes/ros2_ws/build/ros_py/install.log'
[2.528s] Invoked command in '/home/loye/Desktop/Projects/ROS-100-Days-Coding-Challenge/Week 3/03. Nodes/ros2_ws/src/ros_py' returned '0': PYTHONPATH=/home/loye/Desktop/Projects/ROS-100-Days-Coding-Challenge/Week 3/03. Nodes/ros2_ws/install/ros_py/lib/python3.8/site-packages:${PYTHONPATH} /usr/bin/python3 setup.py egg_info --egg-base ../../build/ros_py build --build-base /home/loye/Desktop/Projects/ROS-100-Days-Coding-Challenge/Week 3/03. Nodes/ros2_ws/build/ros_py/build install --prefix /home/loye/Desktop/Projects/ROS-100-Days-Coding-Challenge/Week 3/03. Nodes/ros2_ws/install/ros_py --record /home/loye/Desktop/Projects/ROS-100-Days-Coding-Challenge/Week 3/03. Nodes/ros2_ws/build/ros_py/install.log --single-version-externally-managed
